/home/fbr/Lab2/install/lab_navegation/lib/python3.10/site-packages/lab_navegation/ros2_pose_loader.py
/home/fbr/Lab2/install/lab_navegation/lib/python3.10/site-packages/lab_navegation/ros2_ki_linear.py
/home/fbr/Lab2/install/lab_navegation/lib/python3.10/site-packages/lab_navegation/__init__.py
/home/fbr/Lab2/install/lab_navegation/lib/python3.10/site-packages/lab_navegation/ros2_ki_angular.py
/home/fbr/Lab2/install/lab_navegation/lib/python3.10/site-packages/lab_navegation/Grafo.py
/home/fbr/Lab2/install/lab_navegation/lib/python3.10/site-packages/lab_navegation/ros2_dead_reckoning.py
/home/fbr/Lab2/install/lab_navegation/lib/python3.10/site-packages/lab_navegation/__pycache__/ros2_pose_loader.cpython-310.pyc
/home/fbr/Lab2/install/lab_navegation/lib/python3.10/site-packages/lab_navegation/__pycache__/ros2_ki_linear.cpython-310.pyc
/home/fbr/Lab2/install/lab_navegation/lib/python3.10/site-packages/lab_navegation/__pycache__/__init__.cpython-310.pyc
/home/fbr/Lab2/install/lab_navegation/lib/python3.10/site-packages/lab_navegation/__pycache__/ros2_ki_angular.cpython-310.pyc
/home/fbr/Lab2/install/lab_navegation/lib/python3.10/site-packages/lab_navegation/__pycache__/Grafo.cpython-310.pyc
/home/fbr/Lab2/install/lab_navegation/lib/python3.10/site-packages/lab_navegation/__pycache__/ros2_dead_reckoning.cpython-310.pyc
/home/fbr/Lab2/install/lab_navegation/share/ament_index/resource_index/packages/lab_navegation
/home/fbr/Lab2/install/lab_navegation/share/lab_navegation/package.xml
/home/fbr/Lab2/install/lab_navegation/share/lab_navegation/avanzar_y_rotar_ctrl.xml
/home/fbr/Lab2/install/lab_navegation/lib/python3.10/site-packages/lab_navegation-0.0.0-py3.10.egg-info/requires.txt
/home/fbr/Lab2/install/lab_navegation/lib/python3.10/site-packages/lab_navegation-0.0.0-py3.10.egg-info/top_level.txt
/home/fbr/Lab2/install/lab_navegation/lib/python3.10/site-packages/lab_navegation-0.0.0-py3.10.egg-info/dependency_links.txt
/home/fbr/Lab2/install/lab_navegation/lib/python3.10/site-packages/lab_navegation-0.0.0-py3.10.egg-info/zip-safe
/home/fbr/Lab2/install/lab_navegation/lib/python3.10/site-packages/lab_navegation-0.0.0-py3.10.egg-info/SOURCES.txt
/home/fbr/Lab2/install/lab_navegation/lib/python3.10/site-packages/lab_navegation-0.0.0-py3.10.egg-info/entry_points.txt
/home/fbr/Lab2/install/lab_navegation/lib/python3.10/site-packages/lab_navegation-0.0.0-py3.10.egg-info/PKG-INFO
/home/fbr/Lab2/install/lab_navegation/lib/lab_navegation/dead_reckoning
/home/fbr/Lab2/install/lab_navegation/lib/lab_navegation/pose_loader
