running egg_info
creating ../build/Lab2_Navegacion/lab_navegacion.egg-info
writing ../build/Lab2_Navegacion/lab_navegacion.egg-info/PKG-INFO
writing dependency_links to ../build/Lab2_Navegacion/lab_navegacion.egg-info/dependency_links.txt
writing entry points to ../build/Lab2_Navegacion/lab_navegacion.egg-info/entry_points.txt
writing requirements to ../build/Lab2_Navegacion/lab_navegacion.egg-info/requires.txt
writing top-level names to ../build/Lab2_Navegacion/lab_navegacion.egg-info/top_level.txt
writing manifest file '../build/Lab2_Navegacion/lab_navegacion.egg-info/SOURCES.txt'
reading manifest file '../build/Lab2_Navegacion/lab_navegacion.egg-info/SOURCES.txt'
writing manifest file '../build/Lab2_Navegacion/lab_navegacion.egg-info/SOURCES.txt'
running build
running build_py
creating /home/fbr/Lab2/src/build/Lab2_Navegacion/build/lib/lab_navegacion
copying lab_navegacion/ros2_pose_loader.py -> /home/fbr/Lab2/src/build/Lab2_Navegacion/build/lib/lab_navegacion
copying lab_navegacion/__init__.py -> /home/fbr/Lab2/src/build/Lab2_Navegacion/build/lib/lab_navegacion
copying lab_navegacion/Grafo.py -> /home/fbr/Lab2/src/build/Lab2_Navegacion/build/lib/lab_navegacion
copying lab_navegacion/ros2_dead_reckoning.py -> /home/fbr/Lab2/src/build/Lab2_Navegacion/build/lib/lab_navegacion
running install
running install_lib
creating /home/fbr/Lab2/src/install/Lab2_Navegacion/lib/python3.10/site-packages/lab_navegacion
copying /home/fbr/Lab2/src/build/Lab2_Navegacion/build/lib/lab_navegacion/ros2_pose_loader.py -> /home/fbr/Lab2/src/install/Lab2_Navegacion/lib/python3.10/site-packages/lab_navegacion
copying /home/fbr/Lab2/src/build/Lab2_Navegacion/build/lib/lab_navegacion/__init__.py -> /home/fbr/Lab2/src/install/Lab2_Navegacion/lib/python3.10/site-packages/lab_navegacion
copying /home/fbr/Lab2/src/build/Lab2_Navegacion/build/lib/lab_navegacion/Grafo.py -> /home/fbr/Lab2/src/install/Lab2_Navegacion/lib/python3.10/site-packages/lab_navegacion
copying /home/fbr/Lab2/src/build/Lab2_Navegacion/build/lib/lab_navegacion/ros2_dead_reckoning.py -> /home/fbr/Lab2/src/install/Lab2_Navegacion/lib/python3.10/site-packages/lab_navegacion
byte-compiling /home/fbr/Lab2/src/install/Lab2_Navegacion/lib/python3.10/site-packages/lab_navegacion/ros2_pose_loader.py to ros2_pose_loader.cpython-310.pyc
byte-compiling /home/fbr/Lab2/src/install/Lab2_Navegacion/lib/python3.10/site-packages/lab_navegacion/__init__.py to __init__.cpython-310.pyc
byte-compiling /home/fbr/Lab2/src/install/Lab2_Navegacion/lib/python3.10/site-packages/lab_navegacion/Grafo.py to Grafo.cpython-310.pyc
byte-compiling /home/fbr/Lab2/src/install/Lab2_Navegacion/lib/python3.10/site-packages/lab_navegacion/ros2_dead_reckoning.py to ros2_dead_reckoning.cpython-310.pyc
running install_data
