[2.416s] Invoking command in '/home/fbr/Lab2/src/lab_navegacion': PYTHONPATH=/home/fbr/Lab2/src/build/Lab2_Navegacion/prefix_override:/home/fbr/Lab2/src/install/Lab2_Navegacion/lib/python3.10/site-packages:${PYTHONPATH} /usr/bin/python3 -W ignore:setup.py install is deprecated setup.py egg_info --egg-base ../build/Lab2_Navegacion build --build-base /home/fbr/Lab2/src/build/Lab2_Navegacion/build install --record /home/fbr/Lab2/src/build/Lab2_Navegacion/install.log --single-version-externally-managed install_data
[3.191s] running egg_info
[3.194s] creating ../build/Lab2_Navegacion/lab_navegacion.egg-info
[3.194s] writing ../build/Lab2_Navegacion/lab_navegacion.egg-info/PKG-INFO
[3.195s] writing dependency_links to ../build/Lab2_Navegacion/lab_navegacion.egg-info/dependency_links.txt
[3.196s] writing entry points to ../build/Lab2_Navegacion/lab_navegacion.egg-info/entry_points.txt
[3.197s] writing requirements to ../build/Lab2_Navegacion/lab_navegacion.egg-info/requires.txt
[3.197s] writing top-level names to ../build/Lab2_Navegacion/lab_navegacion.egg-info/top_level.txt
[3.198s] writing manifest file '../build/Lab2_Navegacion/lab_navegacion.egg-info/SOURCES.txt'
[3.201s] reading manifest file '../build/Lab2_Navegacion/lab_navegacion.egg-info/SOURCES.txt'
[3.209s] writing manifest file '../build/Lab2_Navegacion/lab_navegacion.egg-info/SOURCES.txt'
[3.209s] running build
[3.210s] running build_py
[3.210s] creating /home/fbr/Lab2/src/build/Lab2_Navegacion/build/lib/lab_navegacion
[3.210s] copying lab_navegacion/ros2_pose_loader.py -> /home/fbr/Lab2/src/build/Lab2_Navegacion/build/lib/lab_navegacion
[3.210s] copying lab_navegacion/__init__.py -> /home/fbr/Lab2/src/build/Lab2_Navegacion/build/lib/lab_navegacion
[3.210s] copying lab_navegacion/Grafo.py -> /home/fbr/Lab2/src/build/Lab2_Navegacion/build/lib/lab_navegacion
[3.211s] copying lab_navegacion/ros2_dead_reckoning.py -> /home/fbr/Lab2/src/build/Lab2_Navegacion/build/lib/lab_navegacion
[3.211s] running install
[3.211s] running install_lib
[3.212s] creating /home/fbr/Lab2/src/install/Lab2_Navegacion/lib/python3.10/site-packages/lab_navegacion
[3.212s] copying /home/fbr/Lab2/src/build/Lab2_Navegacion/build/lib/lab_navegacion/ros2_pose_loader.py -> /home/fbr/Lab2/src/install/Lab2_Navegacion/lib/python3.10/site-packages/lab_navegacion
[3.213s] copying /home/fbr/Lab2/src/build/Lab2_Navegacion/build/lib/lab_navegacion/__init__.py -> /home/fbr/Lab2/src/install/Lab2_Navegacion/lib/python3.10/site-packages/lab_navegacion
[3.213s] copying /home/fbr/Lab2/src/build/Lab2_Navegacion/build/lib/lab_navegacion/Grafo.py -> /home/fbr/Lab2/src/install/Lab2_Navegacion/lib/python3.10/site-packages/lab_navegacion
[3.213s] copying /home/fbr/Lab2/src/build/Lab2_Navegacion/build/lib/lab_navegacion/ros2_dead_reckoning.py -> /home/fbr/Lab2/src/install/Lab2_Navegacion/lib/python3.10/site-packages/lab_navegacion
[3.215s] byte-compiling /home/fbr/Lab2/src/install/Lab2_Navegacion/lib/python3.10/site-packages/lab_navegacion/ros2_pose_loader.py to ros2_pose_loader.cpython-310.pyc
[3.218s] byte-compiling /home/fbr/Lab2/src/install/Lab2_Navegacion/lib/python3.10/site-packages/lab_navegacion/__init__.py to __init__.cpython-310.pyc
[3.219s] byte-compiling /home/fbr/Lab2/src/install/Lab2_Navegacion/lib/python3.10/site-packages/lab_navegacion/Grafo.py to Grafo.cpython-310.pyc
[3.222s] byte-compiling /home/fbr/Lab2/src/install/Lab2_Navegacion/lib/python3.10/site-packages/lab_navegacion/ros2_dead_reckoning.py to ros2_dead_reckoning.cpython-310.pyc
[3.227s] running install_data
[3.228s] error: can't copy 'resource/lab_navegacion': doesn't exist or not a regular file
[3.277s] Invoked command in '/home/fbr/Lab2/src/lab_navegacion' returned '1': PYTHONPATH=/home/fbr/Lab2/src/build/Lab2_Navegacion/prefix_override:/home/fbr/Lab2/src/install/Lab2_Navegacion/lib/python3.10/site-packages:${PYTHONPATH} /usr/bin/python3 -W ignore:setup.py install is deprecated setup.py egg_info --egg-base ../build/Lab2_Navegacion build --build-base /home/fbr/Lab2/src/build/Lab2_Navegacion/build install --record /home/fbr/Lab2/src/build/Lab2_Navegacion/install.log --single-version-externally-managed install_data
