[0.541s] DEBUG:colcon:Command line arguments: ['/usr/bin/colcon', 'build']
[0.541s] DEBUG:colcon:Parsed command line arguments: Namespace(log_base=None, log_level=None, verb_name='build', build_base='build', install_base='install', merge_install=False, symlink_install=False, test_result_base=None, continue_on_error=False, executor='parallel', parallel_workers=4, event_handlers=None, ignore_user_meta=False, metas=['./colcon.meta'], base_paths=['.'], packages_ignore=None, packages_ignore_regex=None, paths=None, packages_up_to=None, packages_up_to_regex=None, packages_above=None, packages_above_and_dependencies=None, packages_above_depth=None, packages_select_by_dep=None, packages_skip_by_dep=None, packages_skip_up_to=None, packages_select_build_failed=False, packages_skip_build_finished=False, packages_select_test_failures=False, packages_skip_test_passed=False, packages_select=None, packages_skip=None, packages_select_regex=None, packages_skip_regex=None, packages_start=None, packages_end=None, allow_overriding=[], cmake_args=None, cmake_target=None, cmake_target_skip_unavailable=False, cmake_clean_cache=False, cmake_clean_first=False, cmake_force_configure=False, ament_cmake_args=None, catkin_cmake_args=None, catkin_skip_building_tests=False, verb_parser=<colcon_defaults.argument_parser.defaults.DefaultArgumentsDecorator object at 0x7f65f8113040>, verb_extension=<colcon_core.verb.build.BuildVerb object at 0x7f65f8112b00>, main=<bound method BuildVerb.main of <colcon_core.verb.build.BuildVerb object at 0x7f65f8112b00>>)
[0.945s] Level 1:colcon.colcon_core.package_discovery:discover_packages(colcon_meta) check parameters
[0.945s] Level 1:colcon.colcon_core.package_discovery:discover_packages(recursive) check parameters
[0.945s] Level 1:colcon.colcon_core.package_discovery:discover_packages(ignore) check parameters
[0.946s] Level 1:colcon.colcon_core.package_discovery:discover_packages(path) check parameters
[0.946s] Level 1:colcon.colcon_core.package_discovery:discover_packages(colcon_meta) discover
[0.946s] Level 1:colcon.colcon_core.package_discovery:discover_packages(recursive) discover
[0.946s] INFO:colcon.colcon_core.package_discovery:Crawling recursively for packages in '/home/fbr/Lab2/src'
[0.946s] Level 1:colcon.colcon_core.package_identification:_identify(.) by extensions ['ignore', 'ignore_ament_install']
[0.946s] Level 1:colcon.colcon_core.package_identification:_identify(.) by extension 'ignore'
[0.946s] Level 1:colcon.colcon_core.package_identification:_identify(.) by extension 'ignore_ament_install'
[0.947s] Level 1:colcon.colcon_core.package_identification:_identify(.) by extensions ['colcon_pkg']
[0.947s] Level 1:colcon.colcon_core.package_identification:_identify(.) by extension 'colcon_pkg'
[0.947s] Level 1:colcon.colcon_core.package_identification:_identify(.) by extensions ['colcon_meta']
[0.947s] Level 1:colcon.colcon_core.package_identification:_identify(.) by extension 'colcon_meta'
[0.949s] Level 1:colcon.colcon_core.package_identification:_identify(.) by extensions ['ros']
[0.950s] Level 1:colcon.colcon_core.package_identification:_identify(.) by extension 'ros'
[0.980s] Level 1:colcon.colcon_core.package_identification:_identify(.) by extensions ['cmake', 'python']
[0.980s] Level 1:colcon.colcon_core.package_identification:_identify(.) by extension 'cmake'
[0.981s] Level 1:colcon.colcon_core.package_identification:_identify(.) by extension 'python'
[0.981s] Level 1:colcon.colcon_core.package_identification:_identify(.) by extensions ['python_setup_py']
[0.982s] Level 1:colcon.colcon_core.package_identification:_identify(.) by extension 'python_setup_py'
[0.982s] Level 1:colcon.colcon_core.package_identification:_identify(Lab2_Navegacion) by extensions ['ignore', 'ignore_ament_install']
[0.983s] Level 1:colcon.colcon_core.package_identification:_identify(Lab2_Navegacion) by extension 'ignore'
[0.984s] Level 1:colcon.colcon_core.package_identification:_identify(Lab2_Navegacion) by extension 'ignore_ament_install'
[0.985s] Level 1:colcon.colcon_core.package_identification:_identify(Lab2_Navegacion) by extensions ['colcon_pkg']
[0.985s] Level 1:colcon.colcon_core.package_identification:_identify(Lab2_Navegacion) by extension 'colcon_pkg'
[0.986s] Level 1:colcon.colcon_core.package_identification:_identify(Lab2_Navegacion) by extensions ['colcon_meta']
[0.986s] Level 1:colcon.colcon_core.package_identification:_identify(Lab2_Navegacion) by extension 'colcon_meta'
[0.986s] Level 1:colcon.colcon_core.package_identification:_identify(Lab2_Navegacion) by extensions ['ros']
[0.986s] Level 1:colcon.colcon_core.package_identification:_identify(Lab2_Navegacion) by extension 'ros'
[0.992s] DEBUG:colcon.colcon_core.package_identification:Package 'Lab2_Navegacion' with type 'ros.ament_python' and name 'Lab2_Navegacion'
[0.993s] Level 1:colcon.colcon_core.package_identification:_identify(build) by extensions ['ignore', 'ignore_ament_install']
[0.994s] Level 1:colcon.colcon_core.package_identification:_identify(build) by extension 'ignore'
[0.994s] Level 1:colcon.colcon_core.package_identification:_identify(build) ignored
[0.995s] Level 1:colcon.colcon_core.package_identification:_identify(cmd_vel_mux) by extensions ['ignore', 'ignore_ament_install']
[0.995s] Level 1:colcon.colcon_core.package_identification:_identify(cmd_vel_mux) by extension 'ignore'
[0.996s] Level 1:colcon.colcon_core.package_identification:_identify(cmd_vel_mux) by extension 'ignore_ament_install'
[0.996s] Level 1:colcon.colcon_core.package_identification:_identify(cmd_vel_mux) by extensions ['colcon_pkg']
[0.996s] Level 1:colcon.colcon_core.package_identification:_identify(cmd_vel_mux) by extension 'colcon_pkg'
[0.996s] Level 1:colcon.colcon_core.package_identification:_identify(cmd_vel_mux) by extensions ['colcon_meta']
[0.996s] Level 1:colcon.colcon_core.package_identification:_identify(cmd_vel_mux) by extension 'colcon_meta'
[0.997s] Level 1:colcon.colcon_core.package_identification:_identify(cmd_vel_mux) by extensions ['ros']
[0.997s] Level 1:colcon.colcon_core.package_identification:_identify(cmd_vel_mux) by extension 'ros'
[1.001s] DEBUG:colcon.colcon_core.package_identification:Package 'cmd_vel_mux' with type 'ros.ament_cmake' and name 'cmd_vel_mux'
[1.001s] Level 1:colcon.colcon_core.package_identification:_identify(install) by extensions ['ignore', 'ignore_ament_install']
[1.002s] Level 1:colcon.colcon_core.package_identification:_identify(install) by extension 'ignore'
[1.002s] Level 1:colcon.colcon_core.package_identification:_identify(install) ignored
[1.003s] Level 1:colcon.colcon_core.package_identification:_identify(log) by extensions ['ignore', 'ignore_ament_install']
[1.003s] Level 1:colcon.colcon_core.package_identification:_identify(log) by extension 'ignore'
[1.003s] Level 1:colcon.colcon_core.package_identification:_identify(log) ignored
[1.004s] Level 1:colcon.colcon_core.package_identification:_identify(very_simple_robot_simulator) by extensions ['ignore', 'ignore_ament_install']
[1.004s] Level 1:colcon.colcon_core.package_identification:_identify(very_simple_robot_simulator) by extension 'ignore'
[1.005s] Level 1:colcon.colcon_core.package_identification:_identify(very_simple_robot_simulator) by extension 'ignore_ament_install'
[1.005s] Level 1:colcon.colcon_core.package_identification:_identify(very_simple_robot_simulator) by extensions ['colcon_pkg']
[1.005s] Level 1:colcon.colcon_core.package_identification:_identify(very_simple_robot_simulator) by extension 'colcon_pkg'
[1.006s] Level 1:colcon.colcon_core.package_identification:_identify(very_simple_robot_simulator) by extensions ['colcon_meta']
[1.006s] Level 1:colcon.colcon_core.package_identification:_identify(very_simple_robot_simulator) by extension 'colcon_meta'
[1.006s] Level 1:colcon.colcon_core.package_identification:_identify(very_simple_robot_simulator) by extensions ['ros']
[1.006s] Level 1:colcon.colcon_core.package_identification:_identify(very_simple_robot_simulator) by extension 'ros'
[1.008s] DEBUG:colcon.colcon_core.package_identification:Package 'very_simple_robot_simulator' with type 'ros.ament_cmake' and name 'very_simple_robot_simulator'
[1.009s] Level 1:colcon.colcon_core.package_discovery:discover_packages(recursive) using defaults
[1.009s] Level 1:colcon.colcon_core.package_discovery:discover_packages(ignore) discover
[1.009s] Level 1:colcon.colcon_core.package_discovery:discover_packages(ignore) using defaults
[1.009s] Level 1:colcon.colcon_core.package_discovery:discover_packages(path) discover
[1.009s] Level 1:colcon.colcon_core.package_discovery:discover_packages(path) using defaults
[1.072s] Level 1:colcon.colcon_core.package_discovery:discover_packages(prefix_path) check parameters
[1.072s] Level 1:colcon.colcon_core.package_discovery:discover_packages(prefix_path) discover
[1.076s] DEBUG:colcon.colcon_installed_package_information.package_discovery:Found 1 installed packages in /home/fbr/ros2_ws/install
[1.077s] DEBUG:colcon.colcon_installed_package_information.package_discovery:Found 3 installed packages in /home/fbr/work1_ws/install
[1.079s] DEBUG:colcon.colcon_installed_package_information.package_discovery:Found 273 installed packages in /opt/ros/humble
[1.086s] Level 1:colcon.colcon_core.package_discovery:discover_packages(prefix_path) using defaults
[1.290s] Level 5:colcon.colcon_core.verb:set package 'Lab2_Navegacion' build argument 'cmake_args' from command line to 'None'
[1.291s] Level 5:colcon.colcon_core.verb:set package 'Lab2_Navegacion' build argument 'cmake_target' from command line to 'None'
[1.291s] Level 5:colcon.colcon_core.verb:set package 'Lab2_Navegacion' build argument 'cmake_target_skip_unavailable' from command line to 'False'
[1.291s] Level 5:colcon.colcon_core.verb:set package 'Lab2_Navegacion' build argument 'cmake_clean_cache' from command line to 'False'
[1.291s] Level 5:colcon.colcon_core.verb:set package 'Lab2_Navegacion' build argument 'cmake_clean_first' from command line to 'False'
[1.291s] Level 5:colcon.colcon_core.verb:set package 'Lab2_Navegacion' build argument 'cmake_force_configure' from command line to 'False'
[1.292s] Level 5:colcon.colcon_core.verb:set package 'Lab2_Navegacion' build argument 'ament_cmake_args' from command line to 'None'
[1.292s] Level 5:colcon.colcon_core.verb:set package 'Lab2_Navegacion' build argument 'catkin_cmake_args' from command line to 'None'
[1.292s] Level 5:colcon.colcon_core.verb:set package 'Lab2_Navegacion' build argument 'catkin_skip_building_tests' from command line to 'False'
[1.292s] DEBUG:colcon.colcon_core.verb:Building package 'Lab2_Navegacion' with the following arguments: {'ament_cmake_args': None, 'build_base': '/home/fbr/Lab2/src/build/Lab2_Navegacion', 'catkin_cmake_args': None, 'catkin_skip_building_tests': False, 'cmake_args': None, 'cmake_clean_cache': False, 'cmake_clean_first': False, 'cmake_force_configure': False, 'cmake_target': None, 'cmake_target_skip_unavailable': False, 'install_base': '/home/fbr/Lab2/src/install/Lab2_Navegacion', 'merge_install': False, 'path': '/home/fbr/Lab2/src/Lab2_Navegacion', 'symlink_install': False, 'test_result_base': None}
[1.294s] Level 5:colcon.colcon_core.verb:set package 'cmd_vel_mux' build argument 'cmake_args' from command line to 'None'
[1.295s] Level 5:colcon.colcon_core.verb:set package 'cmd_vel_mux' build argument 'cmake_target' from command line to 'None'
[1.295s] Level 5:colcon.colcon_core.verb:set package 'cmd_vel_mux' build argument 'cmake_target_skip_unavailable' from command line to 'False'
[1.295s] Level 5:colcon.colcon_core.verb:set package 'cmd_vel_mux' build argument 'cmake_clean_cache' from command line to 'False'
[1.295s] Level 5:colcon.colcon_core.verb:set package 'cmd_vel_mux' build argument 'cmake_clean_first' from command line to 'False'
[1.295s] Level 5:colcon.colcon_core.verb:set package 'cmd_vel_mux' build argument 'cmake_force_configure' from command line to 'False'
[1.295s] Level 5:colcon.colcon_core.verb:set package 'cmd_vel_mux' build argument 'ament_cmake_args' from command line to 'None'
[1.295s] Level 5:colcon.colcon_core.verb:set package 'cmd_vel_mux' build argument 'catkin_cmake_args' from command line to 'None'
[1.296s] Level 5:colcon.colcon_core.verb:set package 'cmd_vel_mux' build argument 'catkin_skip_building_tests' from command line to 'False'
[1.296s] DEBUG:colcon.colcon_core.verb:Building package 'cmd_vel_mux' with the following arguments: {'ament_cmake_args': None, 'build_base': '/home/fbr/Lab2/src/build/cmd_vel_mux', 'catkin_cmake_args': None, 'catkin_skip_building_tests': False, 'cmake_args': None, 'cmake_clean_cache': False, 'cmake_clean_first': False, 'cmake_force_configure': False, 'cmake_target': None, 'cmake_target_skip_unavailable': False, 'install_base': '/home/fbr/Lab2/src/install/cmd_vel_mux', 'merge_install': False, 'path': '/home/fbr/Lab2/src/cmd_vel_mux', 'symlink_install': False, 'test_result_base': None}
[1.308s] Level 5:colcon.colcon_core.verb:set package 'very_simple_robot_simulator' build argument 'cmake_args' from command line to 'None'
[1.308s] Level 5:colcon.colcon_core.verb:set package 'very_simple_robot_simulator' build argument 'cmake_target' from command line to 'None'
[1.308s] Level 5:colcon.colcon_core.verb:set package 'very_simple_robot_simulator' build argument 'cmake_target_skip_unavailable' from command line to 'False'
[1.308s] Level 5:colcon.colcon_core.verb:set package 'very_simple_robot_simulator' build argument 'cmake_clean_cache' from command line to 'False'
[1.309s] Level 5:colcon.colcon_core.verb:set package 'very_simple_robot_simulator' build argument 'cmake_clean_first' from command line to 'False'
[1.309s] Level 5:colcon.colcon_core.verb:set package 'very_simple_robot_simulator' build argument 'cmake_force_configure' from command line to 'False'
[1.309s] Level 5:colcon.colcon_core.verb:set package 'very_simple_robot_simulator' build argument 'ament_cmake_args' from command line to 'None'
[1.309s] Level 5:colcon.colcon_core.verb:set package 'very_simple_robot_simulator' build argument 'catkin_cmake_args' from command line to 'None'
[1.309s] Level 5:colcon.colcon_core.verb:set package 'very_simple_robot_simulator' build argument 'catkin_skip_building_tests' from command line to 'False'
[1.310s] DEBUG:colcon.colcon_core.verb:Building package 'very_simple_robot_simulator' with the following arguments: {'ament_cmake_args': None, 'build_base': '/home/fbr/Lab2/src/build/very_simple_robot_simulator', 'catkin_cmake_args': None, 'catkin_skip_building_tests': False, 'cmake_args': None, 'cmake_clean_cache': False, 'cmake_clean_first': False, 'cmake_force_configure': False, 'cmake_target': None, 'cmake_target_skip_unavailable': False, 'install_base': '/home/fbr/Lab2/src/install/very_simple_robot_simulator', 'merge_install': False, 'path': '/home/fbr/Lab2/src/very_simple_robot_simulator', 'symlink_install': False, 'test_result_base': None}
[1.310s] INFO:colcon.colcon_core.executor:Executing jobs using 'parallel' executor
[1.325s] DEBUG:colcon.colcon_parallel_executor.executor.parallel:run_until_complete
[1.327s] INFO:colcon.colcon_ros.task.ament_python.build:Building ROS package in '/home/fbr/Lab2/src/Lab2_Navegacion' with build type 'ament_python'
[1.327s] Level 1:colcon.colcon_core.shell:create_environment_hook('Lab2_Navegacion', 'ament_prefix_path')
[1.372s] INFO:colcon.colcon_core.plugin_system:Skipping extension 'colcon_core.shell.bat': Not used on non-Windows systems
[1.373s] INFO:colcon.colcon_core.shell:Creating environment hook '/home/fbr/Lab2/src/install/Lab2_Navegacion/share/Lab2_Navegacion/hook/ament_prefix_path.ps1'
[1.375s] INFO:colcon.colcon_core.shell:Creating environment descriptor '/home/fbr/Lab2/src/install/Lab2_Navegacion/share/Lab2_Navegacion/hook/ament_prefix_path.dsv'
[1.391s] INFO:colcon.colcon_core.shell:Creating environment hook '/home/fbr/Lab2/src/install/Lab2_Navegacion/share/Lab2_Navegacion/hook/ament_prefix_path.sh'
[1.405s] INFO:colcon.colcon_core.shell:Skip shell extension 'powershell' for command environment: Not usable outside of PowerShell
[1.405s] DEBUG:colcon.colcon_core.shell:Skip shell extension 'dsv' for command environment
[1.469s] INFO:colcon.colcon_ros.task.ament_cmake.build:Building ROS package in '/home/fbr/Lab2/src/cmd_vel_mux' with build type 'ament_cmake'
[1.469s] INFO:colcon.colcon_cmake.task.cmake.build:Building CMake package in '/home/fbr/Lab2/src/cmd_vel_mux'
[1.471s] INFO:colcon.colcon_core.shell:Skip shell extension 'powershell' for command environment: Not usable outside of PowerShell
[1.472s] DEBUG:colcon.colcon_core.shell:Skip shell extension 'dsv' for command environment
[1.509s] INFO:colcon.colcon_ros.task.ament_cmake.build:Building ROS package in '/home/fbr/Lab2/src/very_simple_robot_simulator' with build type 'ament_cmake'
[1.522s] INFO:colcon.colcon_cmake.task.cmake.build:Building CMake package in '/home/fbr/Lab2/src/very_simple_robot_simulator'
[1.524s] INFO:colcon.colcon_core.shell:Skip shell extension 'powershell' for command environment: Not usable outside of PowerShell
[1.524s] DEBUG:colcon.colcon_core.shell:Skip shell extension 'dsv' for command environment
[2.278s] INFO:colcon.colcon_core.task.python.build:Building Python package in '/home/fbr/Lab2/src/Lab2_Navegacion'
[2.278s] INFO:colcon.colcon_core.shell:Skip shell extension 'powershell' for command environment: Not usable outside of PowerShell
[2.279s] DEBUG:colcon.colcon_core.shell:Skip shell extension 'dsv' for command environment
[2.307s] DEBUG:colcon.colcon_core.event_handler.log_command:Invoking command in '/home/fbr/Lab2/src/build/cmd_vel_mux': CMAKE_PREFIX_PATH=${CMAKE_PREFIX_PATH}:/home/fbr/work1_ws/install/laboratorio:/home/fbr/ros2_ws/install/my_first_package:/opt/ros/humble /usr/bin/cmake /home/fbr/Lab2/src/cmd_vel_mux -DCMAKE_INSTALL_PREFIX=/home/fbr/Lab2/src/install/cmd_vel_mux
[2.332s] DEBUG:colcon.colcon_core.event_handler.log_command:Invoking command in '/home/fbr/Lab2/src/build/very_simple_robot_simulator': CMAKE_PREFIX_PATH=${CMAKE_PREFIX_PATH}:/home/fbr/work1_ws/install/laboratorio:/home/fbr/ros2_ws/install/my_first_package:/opt/ros/humble /usr/bin/cmake /home/fbr/Lab2/src/very_simple_robot_simulator -DCMAKE_INSTALL_PREFIX=/home/fbr/Lab2/src/install/very_simple_robot_simulator
[5.220s] DEBUG:colcon.colcon_core.event_handler.log_command:Invoking command in '/home/fbr/Lab2/src/build/Lab2_Navegacion': PYTHONPATH=/home/fbr/Lab2/src/build/Lab2_Navegacion/prefix_override:/home/fbr/Lab2/src/install/Lab2_Navegacion/lib/python3.10/site-packages:${PYTHONPATH} /usr/bin/python3 -W ignore:setup.py install is deprecated setup.py develop --uninstall --editable --build-directory /home/fbr/Lab2/src/build/Lab2_Navegacion/build
[9.292s] DEBUG:colcon.colcon_core.event_handler.log_command:Invoked command in '/home/fbr/Lab2/src/build/Lab2_Navegacion' returned '0': PYTHONPATH=/home/fbr/Lab2/src/build/Lab2_Navegacion/prefix_override:/home/fbr/Lab2/src/install/Lab2_Navegacion/lib/python3.10/site-packages:${PYTHONPATH} /usr/bin/python3 -W ignore:setup.py install is deprecated setup.py develop --uninstall --editable --build-directory /home/fbr/Lab2/src/build/Lab2_Navegacion/build
[9.296s] DEBUG:colcon.colcon_core.event_handler.log_command:Invoking command in '/home/fbr/Lab2/src/Lab2_Navegacion': PYTHONPATH=/home/fbr/Lab2/src/build/Lab2_Navegacion/prefix_override:/home/fbr/Lab2/src/install/Lab2_Navegacion/lib/python3.10/site-packages:${PYTHONPATH} /usr/bin/python3 -W ignore:setup.py install is deprecated setup.py egg_info --egg-base ../build/Lab2_Navegacion build --build-base /home/fbr/Lab2/src/build/Lab2_Navegacion/build install --record /home/fbr/Lab2/src/build/Lab2_Navegacion/install.log --single-version-externally-managed install_data --force
[11.267s] DEBUG:colcon.colcon_core.event_handler.log_command:Invoked command in '/home/fbr/Lab2/src/Lab2_Navegacion' returned '0': PYTHONPATH=/home/fbr/Lab2/src/build/Lab2_Navegacion/prefix_override:/home/fbr/Lab2/src/install/Lab2_Navegacion/lib/python3.10/site-packages:${PYTHONPATH} /usr/bin/python3 -W ignore:setup.py install is deprecated setup.py egg_info --egg-base ../build/Lab2_Navegacion build --build-base /home/fbr/Lab2/src/build/Lab2_Navegacion/build install --record /home/fbr/Lab2/src/build/Lab2_Navegacion/install.log --single-version-externally-managed install_data --force
[11.284s] Level 1:colcon.colcon_core.environment:checking '/home/fbr/Lab2/src/install/Lab2_Navegacion' for CMake module files
[11.288s] Level 1:colcon.colcon_core.environment:checking '/home/fbr/Lab2/src/install/Lab2_Navegacion' for CMake config files
[11.293s] Level 1:colcon.colcon_core.environment:checking '/home/fbr/Lab2/src/install/Lab2_Navegacion/lib'
[11.294s] Level 1:colcon.colcon_core.environment:checking '/home/fbr/Lab2/src/install/Lab2_Navegacion/bin'
[11.295s] Level 1:colcon.colcon_core.environment:checking '/home/fbr/Lab2/src/install/Lab2_Navegacion/lib/pkgconfig/Lab2_Navegacion.pc'
[11.296s] Level 1:colcon.colcon_core.environment:checking '/home/fbr/Lab2/src/install/Lab2_Navegacion/lib/python3.10/site-packages'
[11.297s] Level 1:colcon.colcon_core.shell:create_environment_hook('Lab2_Navegacion', 'pythonpath')
[11.298s] INFO:colcon.colcon_core.shell:Creating environment hook '/home/fbr/Lab2/src/install/Lab2_Navegacion/share/Lab2_Navegacion/hook/pythonpath.ps1'
[11.300s] INFO:colcon.colcon_core.shell:Creating environment descriptor '/home/fbr/Lab2/src/install/Lab2_Navegacion/share/Lab2_Navegacion/hook/pythonpath.dsv'
[11.301s] INFO:colcon.colcon_core.shell:Creating environment hook '/home/fbr/Lab2/src/install/Lab2_Navegacion/share/Lab2_Navegacion/hook/pythonpath.sh'
[11.310s] Level 1:colcon.colcon_core.environment:checking '/home/fbr/Lab2/src/install/Lab2_Navegacion/bin'
[11.310s] Level 1:colcon.colcon_core.environment:create_environment_scripts_only(Lab2_Navegacion)
[11.312s] INFO:colcon.colcon_core.shell:Creating package script '/home/fbr/Lab2/src/install/Lab2_Navegacion/share/Lab2_Navegacion/package.ps1'
[11.317s] INFO:colcon.colcon_core.shell:Creating package descriptor '/home/fbr/Lab2/src/install/Lab2_Navegacion/share/Lab2_Navegacion/package.dsv'
[11.322s] INFO:colcon.colcon_core.shell:Creating package script '/home/fbr/Lab2/src/install/Lab2_Navegacion/share/Lab2_Navegacion/package.sh'
[11.329s] INFO:colcon.colcon_core.shell:Creating package script '/home/fbr/Lab2/src/install/Lab2_Navegacion/share/Lab2_Navegacion/package.bash'
[11.333s] INFO:colcon.colcon_core.shell:Creating package script '/home/fbr/Lab2/src/install/Lab2_Navegacion/share/Lab2_Navegacion/package.zsh'
[11.339s] Level 1:colcon.colcon_core.environment:create_file_with_runtime_dependencies(/home/fbr/Lab2/src/install/Lab2_Navegacion/share/colcon-core/packages/Lab2_Navegacion)
[29.160s] DEBUG:colcon.colcon_core.event_handler.log_command:Invoked command in '/home/fbr/Lab2/src/build/cmd_vel_mux' returned '0': CMAKE_PREFIX_PATH=${CMAKE_PREFIX_PATH}:/home/fbr/work1_ws/install/laboratorio:/home/fbr/ros2_ws/install/my_first_package:/opt/ros/humble /usr/bin/cmake /home/fbr/Lab2/src/cmd_vel_mux -DCMAKE_INSTALL_PREFIX=/home/fbr/Lab2/src/install/cmd_vel_mux
[29.171s] DEBUG:colcon.colcon_core.event_handler.log_command:Invoking command in '/home/fbr/Lab2/src/build/cmd_vel_mux': CMAKE_PREFIX_PATH=${CMAKE_PREFIX_PATH}:/home/fbr/work1_ws/install/laboratorio:/home/fbr/ros2_ws/install/my_first_package:/opt/ros/humble /usr/bin/cmake --build /home/fbr/Lab2/src/build/cmd_vel_mux -- -j4 -l4
[29.526s] DEBUG:colcon.colcon_core.event_handler.log_command:Invoked command in '/home/fbr/Lab2/src/build/cmd_vel_mux' returned '0': CMAKE_PREFIX_PATH=${CMAKE_PREFIX_PATH}:/home/fbr/work1_ws/install/laboratorio:/home/fbr/ros2_ws/install/my_first_package:/opt/ros/humble /usr/bin/cmake --build /home/fbr/Lab2/src/build/cmd_vel_mux -- -j4 -l4
[29.747s] DEBUG:colcon.colcon_core.event_handler.log_command:Invoking command in '/home/fbr/Lab2/src/build/cmd_vel_mux': CMAKE_PREFIX_PATH=${CMAKE_PREFIX_PATH}:/home/fbr/work1_ws/install/laboratorio:/home/fbr/ros2_ws/install/my_first_package:/opt/ros/humble /usr/bin/cmake --install /home/fbr/Lab2/src/build/cmd_vel_mux
[29.874s] Level 1:colcon.colcon_core.environment:create_environment_scripts_only(cmd_vel_mux)
[29.875s] DEBUG:colcon.colcon_core.event_handler.log_command:Invoked command in '/home/fbr/Lab2/src/build/cmd_vel_mux' returned '0': CMAKE_PREFIX_PATH=${CMAKE_PREFIX_PATH}:/home/fbr/work1_ws/install/laboratorio:/home/fbr/ros2_ws/install/my_first_package:/opt/ros/humble /usr/bin/cmake --install /home/fbr/Lab2/src/build/cmd_vel_mux
[29.876s] Level 1:colcon.colcon_core.environment:checking '/home/fbr/Lab2/src/install/cmd_vel_mux' for CMake module files
[29.879s] Level 1:colcon.colcon_core.environment:checking '/home/fbr/Lab2/src/install/cmd_vel_mux' for CMake config files
[29.891s] Level 1:colcon.colcon_core.shell:create_environment_hook('cmd_vel_mux', 'cmake_prefix_path')
[29.893s] INFO:colcon.colcon_core.shell:Creating environment hook '/home/fbr/Lab2/src/install/cmd_vel_mux/share/cmd_vel_mux/hook/cmake_prefix_path.ps1'
[29.895s] INFO:colcon.colcon_core.shell:Creating environment descriptor '/home/fbr/Lab2/src/install/cmd_vel_mux/share/cmd_vel_mux/hook/cmake_prefix_path.dsv'
[29.896s] INFO:colcon.colcon_core.shell:Creating environment hook '/home/fbr/Lab2/src/install/cmd_vel_mux/share/cmd_vel_mux/hook/cmake_prefix_path.sh'
[29.913s] Level 1:colcon.colcon_core.environment:checking '/home/fbr/Lab2/src/install/cmd_vel_mux/lib'
[29.913s] Level 1:colcon.colcon_core.shell:create_environment_hook('cmd_vel_mux', 'ld_library_path_lib')
[29.914s] INFO:colcon.colcon_core.shell:Creating environment hook '/home/fbr/Lab2/src/install/cmd_vel_mux/share/cmd_vel_mux/hook/ld_library_path_lib.ps1'
[29.919s] INFO:colcon.colcon_core.shell:Creating environment descriptor '/home/fbr/Lab2/src/install/cmd_vel_mux/share/cmd_vel_mux/hook/ld_library_path_lib.dsv'
[29.921s] INFO:colcon.colcon_core.shell:Creating environment hook '/home/fbr/Lab2/src/install/cmd_vel_mux/share/cmd_vel_mux/hook/ld_library_path_lib.sh'
[29.923s] Level 1:colcon.colcon_core.environment:checking '/home/fbr/Lab2/src/install/cmd_vel_mux/bin'
[29.923s] Level 1:colcon.colcon_core.environment:checking '/home/fbr/Lab2/src/install/cmd_vel_mux/lib/pkgconfig/cmd_vel_mux.pc'
[29.924s] Level 1:colcon.colcon_core.environment:checking '/home/fbr/Lab2/src/install/cmd_vel_mux/lib/python3.10/site-packages'
[29.925s] Level 1:colcon.colcon_core.environment:checking '/home/fbr/Lab2/src/install/cmd_vel_mux/bin'
[29.926s] INFO:colcon.colcon_core.shell:Creating package script '/home/fbr/Lab2/src/install/cmd_vel_mux/share/cmd_vel_mux/package.ps1'
[29.928s] INFO:colcon.colcon_core.shell:Creating package descriptor '/home/fbr/Lab2/src/install/cmd_vel_mux/share/cmd_vel_mux/package.dsv'
[29.931s] INFO:colcon.colcon_core.shell:Creating package script '/home/fbr/Lab2/src/install/cmd_vel_mux/share/cmd_vel_mux/package.sh'
[29.934s] INFO:colcon.colcon_core.shell:Creating package script '/home/fbr/Lab2/src/install/cmd_vel_mux/share/cmd_vel_mux/package.bash'
[29.939s] INFO:colcon.colcon_core.shell:Creating package script '/home/fbr/Lab2/src/install/cmd_vel_mux/share/cmd_vel_mux/package.zsh'
[29.941s] Level 1:colcon.colcon_core.environment:create_file_with_runtime_dependencies(/home/fbr/Lab2/src/install/cmd_vel_mux/share/colcon-core/packages/cmd_vel_mux)
[30.094s] Level 1:colcon.colcon_core.environment:create_environment_scripts_only(cmd_vel_mux)
[30.096s] Level 1:colcon.colcon_core.environment:checking '/home/fbr/Lab2/src/install/cmd_vel_mux' for CMake module files
[30.101s] Level 1:colcon.colcon_core.environment:checking '/home/fbr/Lab2/src/install/cmd_vel_mux' for CMake config files
[30.105s] Level 1:colcon.colcon_core.shell:create_environment_hook('cmd_vel_mux', 'cmake_prefix_path')
[30.106s] INFO:colcon.colcon_core.shell:Creating environment hook '/home/fbr/Lab2/src/install/cmd_vel_mux/share/cmd_vel_mux/hook/cmake_prefix_path.ps1'
[30.109s] INFO:colcon.colcon_core.shell:Creating environment descriptor '/home/fbr/Lab2/src/install/cmd_vel_mux/share/cmd_vel_mux/hook/cmake_prefix_path.dsv'
[30.111s] INFO:colcon.colcon_core.shell:Creating environment hook '/home/fbr/Lab2/src/install/cmd_vel_mux/share/cmd_vel_mux/hook/cmake_prefix_path.sh'
[30.113s] Level 1:colcon.colcon_core.environment:checking '/home/fbr/Lab2/src/install/cmd_vel_mux/lib'
[30.116s] Level 1:colcon.colcon_core.shell:create_environment_hook('cmd_vel_mux', 'ld_library_path_lib')
[30.119s] INFO:colcon.colcon_core.shell:Creating environment hook '/home/fbr/Lab2/src/install/cmd_vel_mux/share/cmd_vel_mux/hook/ld_library_path_lib.ps1'
[30.123s] INFO:colcon.colcon_core.shell:Creating environment descriptor '/home/fbr/Lab2/src/install/cmd_vel_mux/share/cmd_vel_mux/hook/ld_library_path_lib.dsv'
[30.127s] INFO:colcon.colcon_core.shell:Creating environment hook '/home/fbr/Lab2/src/install/cmd_vel_mux/share/cmd_vel_mux/hook/ld_library_path_lib.sh'
[30.128s] Level 1:colcon.colcon_core.environment:checking '/home/fbr/Lab2/src/install/cmd_vel_mux/bin'
[30.129s] Level 1:colcon.colcon_core.environment:checking '/home/fbr/Lab2/src/install/cmd_vel_mux/lib/pkgconfig/cmd_vel_mux.pc'
[30.130s] Level 1:colcon.colcon_core.environment:checking '/home/fbr/Lab2/src/install/cmd_vel_mux/lib/python3.10/site-packages'
[30.131s] Level 1:colcon.colcon_core.environment:checking '/home/fbr/Lab2/src/install/cmd_vel_mux/bin'
[30.133s] INFO:colcon.colcon_core.shell:Creating package script '/home/fbr/Lab2/src/install/cmd_vel_mux/share/cmd_vel_mux/package.ps1'
[30.144s] INFO:colcon.colcon_core.shell:Creating package descriptor '/home/fbr/Lab2/src/install/cmd_vel_mux/share/cmd_vel_mux/package.dsv'
[30.147s] INFO:colcon.colcon_core.shell:Creating package script '/home/fbr/Lab2/src/install/cmd_vel_mux/share/cmd_vel_mux/package.sh'
[30.150s] INFO:colcon.colcon_core.shell:Creating package script '/home/fbr/Lab2/src/install/cmd_vel_mux/share/cmd_vel_mux/package.bash'
[30.156s] INFO:colcon.colcon_core.shell:Creating package script '/home/fbr/Lab2/src/install/cmd_vel_mux/share/cmd_vel_mux/package.zsh'
[30.158s] Level 1:colcon.colcon_core.environment:create_file_with_runtime_dependencies(/home/fbr/Lab2/src/install/cmd_vel_mux/share/colcon-core/packages/cmd_vel_mux)
[36.451s] DEBUG:colcon.colcon_core.event_handler.log_command:Invoked command in '/home/fbr/Lab2/src/build/very_simple_robot_simulator' returned '0': CMAKE_PREFIX_PATH=${CMAKE_PREFIX_PATH}:/home/fbr/work1_ws/install/laboratorio:/home/fbr/ros2_ws/install/my_first_package:/opt/ros/humble /usr/bin/cmake /home/fbr/Lab2/src/very_simple_robot_simulator -DCMAKE_INSTALL_PREFIX=/home/fbr/Lab2/src/install/very_simple_robot_simulator
[36.459s] DEBUG:colcon.colcon_core.event_handler.log_command:Invoking command in '/home/fbr/Lab2/src/build/very_simple_robot_simulator': CMAKE_PREFIX_PATH=${CMAKE_PREFIX_PATH}:/home/fbr/work1_ws/install/laboratorio:/home/fbr/ros2_ws/install/my_first_package:/opt/ros/humble /usr/bin/cmake --build /home/fbr/Lab2/src/build/very_simple_robot_simulator -- -j4 -l4
[37.469s] DEBUG:colcon.colcon_core.event_handler.log_command:Invoked command in '/home/fbr/Lab2/src/build/very_simple_robot_simulator' returned '0': CMAKE_PREFIX_PATH=${CMAKE_PREFIX_PATH}:/home/fbr/work1_ws/install/laboratorio:/home/fbr/ros2_ws/install/my_first_package:/opt/ros/humble /usr/bin/cmake --build /home/fbr/Lab2/src/build/very_simple_robot_simulator -- -j4 -l4
[37.540s] DEBUG:colcon.colcon_core.event_handler.log_command:Invoking command in '/home/fbr/Lab2/src/build/very_simple_robot_simulator': CMAKE_PREFIX_PATH=${CMAKE_PREFIX_PATH}:/home/fbr/work1_ws/install/laboratorio:/home/fbr/ros2_ws/install/my_first_package:/opt/ros/humble /usr/bin/cmake --install /home/fbr/Lab2/src/build/very_simple_robot_simulator
[37.793s] Level 1:colcon.colcon_core.environment:create_environment_scripts_only(very_simple_robot_simulator)
[37.795s] Level 1:colcon.colcon_core.environment:checking '/home/fbr/Lab2/src/install/very_simple_robot_simulator' for CMake module files
[37.797s] Level 1:colcon.colcon_core.environment:checking '/home/fbr/Lab2/src/install/very_simple_robot_simulator' for CMake config files
[37.794s] DEBUG:colcon.colcon_core.event_handler.log_command:Invoked command in '/home/fbr/Lab2/src/build/very_simple_robot_simulator' returned '0': CMAKE_PREFIX_PATH=${CMAKE_PREFIX_PATH}:/home/fbr/work1_ws/install/laboratorio:/home/fbr/ros2_ws/install/my_first_package:/opt/ros/humble /usr/bin/cmake --install /home/fbr/Lab2/src/build/very_simple_robot_simulator
[37.798s] Level 1:colcon.colcon_core.shell:create_environment_hook('very_simple_robot_simulator', 'cmake_prefix_path')
[37.799s] INFO:colcon.colcon_core.shell:Creating environment hook '/home/fbr/Lab2/src/install/very_simple_robot_simulator/share/very_simple_robot_simulator/hook/cmake_prefix_path.ps1'
[37.801s] INFO:colcon.colcon_core.shell:Creating environment descriptor '/home/fbr/Lab2/src/install/very_simple_robot_simulator/share/very_simple_robot_simulator/hook/cmake_prefix_path.dsv'
[37.802s] INFO:colcon.colcon_core.shell:Creating environment hook '/home/fbr/Lab2/src/install/very_simple_robot_simulator/share/very_simple_robot_simulator/hook/cmake_prefix_path.sh'
[37.804s] Level 1:colcon.colcon_core.environment:checking '/home/fbr/Lab2/src/install/very_simple_robot_simulator/lib'
[37.804s] Level 1:colcon.colcon_core.environment:checking '/home/fbr/Lab2/src/install/very_simple_robot_simulator/bin'
[37.804s] Level 1:colcon.colcon_core.environment:checking '/home/fbr/Lab2/src/install/very_simple_robot_simulator/lib/pkgconfig/very_simple_robot_simulator.pc'
[37.805s] Level 1:colcon.colcon_core.environment:checking '/home/fbr/Lab2/src/install/very_simple_robot_simulator/lib/python3.10/site-packages'
[37.812s] Level 1:colcon.colcon_core.environment:checking '/home/fbr/Lab2/src/install/very_simple_robot_simulator/bin'
[37.813s] INFO:colcon.colcon_core.shell:Creating package script '/home/fbr/Lab2/src/install/very_simple_robot_simulator/share/very_simple_robot_simulator/package.ps1'
[37.815s] INFO:colcon.colcon_core.shell:Creating package descriptor '/home/fbr/Lab2/src/install/very_simple_robot_simulator/share/very_simple_robot_simulator/package.dsv'
[37.817s] INFO:colcon.colcon_core.shell:Creating package script '/home/fbr/Lab2/src/install/very_simple_robot_simulator/share/very_simple_robot_simulator/package.sh'
[37.818s] INFO:colcon.colcon_core.shell:Creating package script '/home/fbr/Lab2/src/install/very_simple_robot_simulator/share/very_simple_robot_simulator/package.bash'
[37.820s] INFO:colcon.colcon_core.shell:Creating package script '/home/fbr/Lab2/src/install/very_simple_robot_simulator/share/very_simple_robot_simulator/package.zsh'
[37.821s] Level 1:colcon.colcon_core.environment:create_file_with_runtime_dependencies(/home/fbr/Lab2/src/install/very_simple_robot_simulator/share/colcon-core/packages/very_simple_robot_simulator)
[37.900s] Level 1:colcon.colcon_core.environment:create_environment_scripts_only(very_simple_robot_simulator)
[37.900s] Level 1:colcon.colcon_core.environment:checking '/home/fbr/Lab2/src/install/very_simple_robot_simulator' for CMake module files
[37.901s] Level 1:colcon.colcon_core.environment:checking '/home/fbr/Lab2/src/install/very_simple_robot_simulator' for CMake config files
[37.902s] Level 1:colcon.colcon_core.shell:create_environment_hook('very_simple_robot_simulator', 'cmake_prefix_path')
[37.903s] INFO:colcon.colcon_core.shell:Creating environment hook '/home/fbr/Lab2/src/install/very_simple_robot_simulator/share/very_simple_robot_simulator/hook/cmake_prefix_path.ps1'
[37.904s] INFO:colcon.colcon_core.shell:Creating environment descriptor '/home/fbr/Lab2/src/install/very_simple_robot_simulator/share/very_simple_robot_simulator/hook/cmake_prefix_path.dsv'
[37.905s] INFO:colcon.colcon_core.shell:Creating environment hook '/home/fbr/Lab2/src/install/very_simple_robot_simulator/share/very_simple_robot_simulator/hook/cmake_prefix_path.sh'
[37.907s] Level 1:colcon.colcon_core.environment:checking '/home/fbr/Lab2/src/install/very_simple_robot_simulator/lib'
[37.907s] Level 1:colcon.colcon_core.environment:checking '/home/fbr/Lab2/src/install/very_simple_robot_simulator/bin'
[37.907s] Level 1:colcon.colcon_core.environment:checking '/home/fbr/Lab2/src/install/very_simple_robot_simulator/lib/pkgconfig/very_simple_robot_simulator.pc'
[37.908s] Level 1:colcon.colcon_core.environment:checking '/home/fbr/Lab2/src/install/very_simple_robot_simulator/lib/python3.10/site-packages'
[37.909s] Level 1:colcon.colcon_core.environment:checking '/home/fbr/Lab2/src/install/very_simple_robot_simulator/bin'
[37.910s] INFO:colcon.colcon_core.shell:Creating package script '/home/fbr/Lab2/src/install/very_simple_robot_simulator/share/very_simple_robot_simulator/package.ps1'
[37.911s] INFO:colcon.colcon_core.shell:Creating package descriptor '/home/fbr/Lab2/src/install/very_simple_robot_simulator/share/very_simple_robot_simulator/package.dsv'
[37.913s] INFO:colcon.colcon_core.shell:Creating package script '/home/fbr/Lab2/src/install/very_simple_robot_simulator/share/very_simple_robot_simulator/package.sh'
[37.914s] INFO:colcon.colcon_core.shell:Creating package script '/home/fbr/Lab2/src/install/very_simple_robot_simulator/share/very_simple_robot_simulator/package.bash'
[37.915s] INFO:colcon.colcon_core.shell:Creating package script '/home/fbr/Lab2/src/install/very_simple_robot_simulator/share/very_simple_robot_simulator/package.zsh'
[37.917s] Level 1:colcon.colcon_core.environment:create_file_with_runtime_dependencies(/home/fbr/Lab2/src/install/very_simple_robot_simulator/share/colcon-core/packages/very_simple_robot_simulator)
[37.919s] DEBUG:colcon.colcon_parallel_executor.executor.parallel:closing loop
[37.921s] DEBUG:colcon.colcon_parallel_executor.executor.parallel:loop closed
[37.922s] DEBUG:colcon.colcon_parallel_executor.executor.parallel:run_until_complete finished with '0'
[37.923s] DEBUG:colcon.colcon_core.event_reactor:joining thread
[38.212s] INFO:colcon.colcon_core.plugin_system:Skipping extension 'colcon_notification.desktop_notification.notify_send': Could not find 'notify-send'
[38.212s] INFO:colcon.colcon_core.plugin_system:Skipping extension 'colcon_notification.desktop_notification.terminal_notifier': Not used on non-Darwin systems
[38.212s] INFO:colcon.colcon_core.plugin_system:Skipping extension 'colcon_notification.desktop_notification.win32': Not used on non-Windows systems
[38.212s] INFO:colcon.colcon_notification.desktop_notification:Sending desktop notification using 'notify2'
[38.213s] DEBUG:colcon.colcon_notification.desktop_notification.notify2:Failed to initialize notify2: org.freedesktop.DBus.Error.FileNotFound: Failed to connect to socket /run/user/1000/bus: No such file or directory
[38.213s] DEBUG:colcon.colcon_core.event_reactor:joined thread
[38.214s] INFO:colcon.colcon_core.shell:Creating prefix script '/home/fbr/Lab2/src/install/local_setup.ps1'
[38.216s] INFO:colcon.colcon_core.shell:Creating prefix util module '/home/fbr/Lab2/src/install/_local_setup_util_ps1.py'
[38.219s] INFO:colcon.colcon_core.shell:Creating prefix chain script '/home/fbr/Lab2/src/install/setup.ps1'
[38.221s] INFO:colcon.colcon_core.shell:Creating prefix script '/home/fbr/Lab2/src/install/local_setup.sh'
[38.226s] INFO:colcon.colcon_core.shell:Creating prefix util module '/home/fbr/Lab2/src/install/_local_setup_util_sh.py'
[38.229s] INFO:colcon.colcon_core.shell:Creating prefix chain script '/home/fbr/Lab2/src/install/setup.sh'
[38.232s] INFO:colcon.colcon_core.shell:Creating prefix script '/home/fbr/Lab2/src/install/local_setup.bash'
[38.233s] INFO:colcon.colcon_core.shell:Creating prefix chain script '/home/fbr/Lab2/src/install/setup.bash'
[38.236s] INFO:colcon.colcon_core.shell:Creating prefix script '/home/fbr/Lab2/src/install/local_setup.zsh'
[38.237s] INFO:colcon.colcon_core.shell:Creating prefix chain script '/home/fbr/Lab2/src/install/setup.zsh'
