[0.076s] Invoking command in '/home/fbr/Lab2/build/cmd_vel_mux': CMAKE_PREFIX_PATH=${CMAKE_PREFIX_PATH}:/home/fbr/Lab2/install/lab_navegation:/home/fbr/Lab2/install/Lab2_Navegacion:/home/fbr/work1_ws/install/laboratorio:/home/fbr/ros2_ws/install/my_first_package:/opt/ros/humble /usr/bin/cmake --build /home/fbr/Lab2/build/cmd_vel_mux -- -j4 -l4
[0.738s] [ 50%] Built target cmd_vel_mux
[0.739s] [100%] Built target cmd_vel_mux_node
[0.750s] Invoked command in '/home/fbr/Lab2/build/cmd_vel_mux' returned '0': CMAKE_PREFIX_PATH=${CMAKE_PREFIX_PATH}:/home/fbr/Lab2/install/lab_navegation:/home/fbr/Lab2/install/Lab2_Navegacion:/home/fbr/work1_ws/install/laboratorio:/home/fbr/ros2_ws/install/my_first_package:/opt/ros/humble /usr/bin/cmake --build /home/fbr/Lab2/build/cmd_vel_mux -- -j4 -l4
[0.833s] Invoking command in '/home/fbr/Lab2/build/cmd_vel_mux': CMAKE_PREFIX_PATH=${CMAKE_PREFIX_PATH}:/home/fbr/Lab2/install/lab_navegation:/home/fbr/Lab2/install/Lab2_Navegacion:/home/fbr/work1_ws/install/laboratorio:/home/fbr/ros2_ws/install/my_first_package:/opt/ros/humble /usr/bin/cmake --install /home/fbr/Lab2/build/cmd_vel_mux
[0.856s] -- Install configuration: ""
[0.856s] -- Execute custom install script
[0.857s] -- Up-to-date symlink: /home/fbr/Lab2/install/cmd_vel_mux/lib/cmd_vel_mux/cmd_vel_mux_node
[0.859s] -- Up-to-date symlink: /home/fbr/Lab2/install/cmd_vel_mux/lib/libcmd_vel_mux.so
[0.861s] -- Up-to-date symlink: /home/fbr/Lab2/install/cmd_vel_mux/include/cmd_vel_mux/cmd_vel_mux.hpp
[0.863s] -- Up-to-date symlink: /home/fbr/Lab2/install/cmd_vel_mux/share/cmd_vel_mux/config/cmd_vel_mux_params.yaml
[0.865s] -- Up-to-date symlink: /home/fbr/Lab2/install/cmd_vel_mux/share/cmd_vel_mux/launch/cmd_vel_mux-composed-launch.py
[0.866s] -- Up-to-date symlink: /home/fbr/Lab2/install/cmd_vel_mux/share/cmd_vel_mux/launch/cmd_vel_mux-launch.py
[0.867s] -- Up-to-date symlink: /home/fbr/Lab2/install/cmd_vel_mux/share/ament_index/resource_index/package_run_dependencies/cmd_vel_mux
[0.868s] -- Up-to-date symlink: /home/fbr/Lab2/install/cmd_vel_mux/share/ament_index/resource_index/parent_prefix_path/cmd_vel_mux
[0.870s] -- Up-to-date symlink: /home/fbr/Lab2/install/cmd_vel_mux/share/cmd_vel_mux/environment/ament_prefix_path.sh
[0.871s] -- Up-to-date symlink: /home/fbr/Lab2/install/cmd_vel_mux/share/cmd_vel_mux/environment/ament_prefix_path.dsv
[0.872s] -- Up-to-date symlink: /home/fbr/Lab2/install/cmd_vel_mux/share/cmd_vel_mux/environment/path.sh
[0.873s] -- Up-to-date symlink: /home/fbr/Lab2/install/cmd_vel_mux/share/cmd_vel_mux/environment/path.dsv
[0.875s] -- Up-to-date symlink: /home/fbr/Lab2/install/cmd_vel_mux/share/cmd_vel_mux/local_setup.bash
[0.876s] -- Up-to-date symlink: /home/fbr/Lab2/install/cmd_vel_mux/share/cmd_vel_mux/local_setup.sh
[0.877s] -- Up-to-date symlink: /home/fbr/Lab2/install/cmd_vel_mux/share/cmd_vel_mux/local_setup.zsh
[0.878s] -- Up-to-date symlink: /home/fbr/Lab2/install/cmd_vel_mux/share/cmd_vel_mux/local_setup.dsv
[0.879s] -- Symlinking: /home/fbr/Lab2/install/cmd_vel_mux/share/cmd_vel_mux/package.dsv
[0.926s] -- Up-to-date symlink: /home/fbr/Lab2/install/cmd_vel_mux/share/ament_index/resource_index/packages/cmd_vel_mux
[0.926s] -- Up-to-date symlink: /home/fbr/Lab2/install/cmd_vel_mux/share/ament_index/resource_index/rclcpp_components/cmd_vel_mux
[0.927s] -- Up-to-date symlink: /home/fbr/Lab2/install/cmd_vel_mux/share/cmd_vel_mux/cmake/cmd_vel_muxConfig.cmake
[0.927s] -- Up-to-date symlink: /home/fbr/Lab2/install/cmd_vel_mux/share/cmd_vel_mux/cmake/cmd_vel_muxConfig-version.cmake
[0.927s] -- Up-to-date symlink: /home/fbr/Lab2/install/cmd_vel_mux/share/cmd_vel_mux/package.xml
[0.938s] Invoked command in '/home/fbr/Lab2/build/cmd_vel_mux' returned '0': CMAKE_PREFIX_PATH=${CMAKE_PREFIX_PATH}:/home/fbr/Lab2/install/lab_navegation:/home/fbr/Lab2/install/Lab2_Navegacion:/home/fbr/work1_ws/install/laboratorio:/home/fbr/ros2_ws/install/my_first_package:/opt/ros/humble /usr/bin/cmake --install /home/fbr/Lab2/build/cmd_vel_mux
