[0.051s] Invoking command in '/home/fbr/Lab2/build/cmd_vel_mux': CMAKE_PREFIX_PATH=${CMAKE_PREFIX_PATH}:/home/fbr/work1_ws/install/laboratorio:/home/fbr/ros2_ws/install/my_first_package:/opt/ros/humble /usr/bin/cmake /home/fbr/Lab2/src/cmd_vel_mux -DAMENT_CMAKE_SYMLINK_INSTALL=1 -DCMAKE_INSTALL_PREFIX=/home/fbr/Lab2/install/cmd_vel_mux
[0.759s] -- Found ament_cmake_ros: 0.10.0 (/opt/ros/humble/share/ament_cmake_ros/cmake)
[0.763s] -- Override CMake install command with custom implementation using symlinks instead of copying resources
[0.763s] -- Found geometry_msgs: 4.2.3 (/opt/ros/humble/share/geometry_msgs/cmake)
[0.816s] -- Found rosidl_generator_c: 3.1.5 (/opt/ros/humble/share/rosidl_generator_c/cmake)
[0.827s] -- Found rosidl_adapter: 3.1.5 (/opt/ros/humble/share/rosidl_adapter/cmake)
[0.853s] -- Found rosidl_generator_cpp: 3.1.5 (/opt/ros/humble/share/rosidl_generator_cpp/cmake)
[0.896s] -- Using all available rosidl_typesupport_c: rosidl_typesupport_fastrtps_c;rosidl_typesupport_introspection_c
[0.946s] -- Using all available rosidl_typesupport_cpp: rosidl_typesupport_fastrtps_cpp;rosidl_typesupport_introspection_cpp
[1.318s] -- Found rcl_interfaces: 1.2.1 (/opt/ros/humble/share/rcl_interfaces/cmake)
[1.467s] -- Found rclcpp: 16.0.8 (/opt/ros/humble/share/rclcpp/cmake)
[1.544s] -- Found rmw_implementation_cmake: 6.1.1 (/opt/ros/humble/share/rmw_implementation_cmake/cmake)
[1.551s] -- Found rmw_fastrtps_cpp: 6.2.6 (/opt/ros/humble/share/rmw_fastrtps_cpp/cmake)
[14.577s] -- Using RMW implementation 'rmw_fastrtps_cpp' as default
[14.971s] -- Found rclcpp_components: 16.0.8 (/opt/ros/humble/share/rclcpp_components/cmake)
[15.150s] -- Found ament_lint_auto: 0.12.10 (/opt/ros/humble/share/ament_lint_auto/cmake)
[15.334s] -- Found launch_testing_ament_cmake: 1.0.5 (/opt/ros/humble/share/launch_testing_ament_cmake/cmake)
[15.335s] -- Found python_cmake_module: 0.10.0 (/opt/ros/humble/share/python_cmake_module/cmake)
[15.402s] -- Using PYTHON_EXECUTABLE: /usr/bin/python3
[15.402s] -- Using PYTHON_INCLUDE_DIRS: /usr/include/python3.10
[15.403s] -- Using PYTHON_LIBRARIES: /usr/lib/x86_64-linux-gnu/libpython3.10.so
[15.431s] -- Added test 'cppcheck' to perform static code analysis on C / C++ code
[15.432s] -- Configured cppcheck include dirs: /home/fbr/Lab2/src/cmd_vel_mux/include
[15.433s] -- Configured cppcheck exclude dirs and/or files: 
[15.441s] -- Added test 'cpplint' to check C / C++ code against the Google style
[15.441s] -- Configured cpplint exclude dirs and/or files: 
[15.443s] -- Added test 'flake8' to check Python code syntax and style conventions
[15.446s] -- Added test 'lint_cmake' to check CMake code style
[15.449s] -- Added test 'pep257' to check Python code against some of the docstring style conventions in PEP 257
[15.458s] -- Added test 'uncrustify' to check C / C++ code style
[15.459s] -- Configured uncrustify additional arguments: 
[15.460s] -- Added test 'xmllint' to check XML markup files
[15.465s] -- Configuring done
[15.509s] -- Generating done
[15.514s] -- Build files have been written to: /home/fbr/Lab2/build/cmd_vel_mux
[15.528s] Invoked command in '/home/fbr/Lab2/build/cmd_vel_mux' returned '0': CMAKE_PREFIX_PATH=${CMAKE_PREFIX_PATH}:/home/fbr/work1_ws/install/laboratorio:/home/fbr/ros2_ws/install/my_first_package:/opt/ros/humble /usr/bin/cmake /home/fbr/Lab2/src/cmd_vel_mux -DAMENT_CMAKE_SYMLINK_INSTALL=1 -DCMAKE_INSTALL_PREFIX=/home/fbr/Lab2/install/cmd_vel_mux
[15.535s] Invoking command in '/home/fbr/Lab2/build/cmd_vel_mux': CMAKE_PREFIX_PATH=${CMAKE_PREFIX_PATH}:/home/fbr/work1_ws/install/laboratorio:/home/fbr/ros2_ws/install/my_first_package:/opt/ros/humble /usr/bin/cmake --build /home/fbr/Lab2/build/cmd_vel_mux -- -j4 -l4
[15.618s] [35m[1mConsolidate compiler generated dependencies of target cmd_vel_mux[0m
[15.619s] [35m[1mConsolidate compiler generated dependencies of target cmd_vel_mux_node[0m
[15.658s] [ 25%] [32m[1mLinking CXX executable cmd_vel_mux_node[0m
[15.661s] [ 50%] [32m[1mLinking CXX shared library libcmd_vel_mux.so[0m
[16.255s] [ 75%] Built target cmd_vel_mux_node
[17.168s] [100%] Built target cmd_vel_mux
[17.190s] Invoked command in '/home/fbr/Lab2/build/cmd_vel_mux' returned '0': CMAKE_PREFIX_PATH=${CMAKE_PREFIX_PATH}:/home/fbr/work1_ws/install/laboratorio:/home/fbr/ros2_ws/install/my_first_package:/opt/ros/humble /usr/bin/cmake --build /home/fbr/Lab2/build/cmd_vel_mux -- -j4 -l4
[17.274s] Invoking command in '/home/fbr/Lab2/build/cmd_vel_mux': CMAKE_PREFIX_PATH=${CMAKE_PREFIX_PATH}:/home/fbr/work1_ws/install/laboratorio:/home/fbr/ros2_ws/install/my_first_package:/opt/ros/humble /usr/bin/cmake --install /home/fbr/Lab2/build/cmd_vel_mux
[17.295s] -- Install configuration: ""
[17.296s] -- Execute custom install script
[17.297s] -- Symlinking: /home/fbr/Lab2/install/cmd_vel_mux/lib/cmd_vel_mux/cmd_vel_mux_node
[17.314s] -- Symlinking: /home/fbr/Lab2/install/cmd_vel_mux/lib/libcmd_vel_mux.so
[17.330s] -- Symlinking: /home/fbr/Lab2/install/cmd_vel_mux/include/cmd_vel_mux/cmd_vel_mux.hpp
[17.348s] -- Symlinking: /home/fbr/Lab2/install/cmd_vel_mux/share/cmd_vel_mux/config/cmd_vel_mux_params.yaml
[17.362s] -- Symlinking: /home/fbr/Lab2/install/cmd_vel_mux/share/cmd_vel_mux/launch/cmd_vel_mux-composed-launch.py
[17.378s] -- Symlinking: /home/fbr/Lab2/install/cmd_vel_mux/share/cmd_vel_mux/launch/cmd_vel_mux-launch.py
[17.393s] -- Symlinking: /home/fbr/Lab2/install/cmd_vel_mux/share/ament_index/resource_index/package_run_dependencies/cmd_vel_mux
[17.409s] -- Symlinking: /home/fbr/Lab2/install/cmd_vel_mux/share/ament_index/resource_index/parent_prefix_path/cmd_vel_mux
[17.428s] -- Symlinking: /home/fbr/Lab2/install/cmd_vel_mux/share/cmd_vel_mux/environment/ament_prefix_path.sh
[17.449s] -- Symlinking: /home/fbr/Lab2/install/cmd_vel_mux/share/cmd_vel_mux/environment/ament_prefix_path.dsv
[17.467s] -- Symlinking: /home/fbr/Lab2/install/cmd_vel_mux/share/cmd_vel_mux/environment/path.sh
[17.487s] -- Symlinking: /home/fbr/Lab2/install/cmd_vel_mux/share/cmd_vel_mux/environment/path.dsv
[17.505s] -- Symlinking: /home/fbr/Lab2/install/cmd_vel_mux/share/cmd_vel_mux/local_setup.bash
[17.526s] -- Symlinking: /home/fbr/Lab2/install/cmd_vel_mux/share/cmd_vel_mux/local_setup.sh
[17.539s] -- Symlinking: /home/fbr/Lab2/install/cmd_vel_mux/share/cmd_vel_mux/local_setup.zsh
[17.559s] -- Symlinking: /home/fbr/Lab2/install/cmd_vel_mux/share/cmd_vel_mux/local_setup.dsv
[17.576s] -- Symlinking: /home/fbr/Lab2/install/cmd_vel_mux/share/cmd_vel_mux/package.dsv
[17.595s] -- Symlinking: /home/fbr/Lab2/install/cmd_vel_mux/share/ament_index/resource_index/packages/cmd_vel_mux
[17.610s] -- Symlinking: /home/fbr/Lab2/install/cmd_vel_mux/share/ament_index/resource_index/rclcpp_components/cmd_vel_mux
[17.630s] -- Symlinking: /home/fbr/Lab2/install/cmd_vel_mux/share/cmd_vel_mux/cmake/cmd_vel_muxConfig.cmake
[17.646s] -- Symlinking: /home/fbr/Lab2/install/cmd_vel_mux/share/cmd_vel_mux/cmake/cmd_vel_muxConfig-version.cmake
[17.666s] -- Symlinking: /home/fbr/Lab2/install/cmd_vel_mux/share/cmd_vel_mux/package.xml
[17.691s] Invoked command in '/home/fbr/Lab2/build/cmd_vel_mux' returned '0': CMAKE_PREFIX_PATH=${CMAKE_PREFIX_PATH}:/home/fbr/work1_ws/install/laboratorio:/home/fbr/ros2_ws/install/my_first_package:/opt/ros/humble /usr/bin/cmake --install /home/fbr/Lab2/build/cmd_vel_mux
