running develop
running egg_info
creating Lab2_Navegacion.egg-info
writing Lab2_Navegacion.egg-info/PKG-INFO
writing dependency_links to Lab2_Navegacion.egg-info/dependency_links.txt
writing entry points to Lab2_Navegacion.egg-info/entry_points.txt
writing requirements to Lab2_Navegacion.egg-info/requires.txt
writing top-level names to Lab2_Navegacion.egg-info/top_level.txt
writing manifest file 'Lab2_Navegacion.egg-info/SOURCES.txt'
reading manifest file 'Lab2_Navegacion.egg-info/SOURCES.txt'
writing manifest file 'Lab2_Navegacion.egg-info/SOURCES.txt'
running build_ext
Creating /home/fbr/Lab2/install/Lab2_Navegacion/lib/python3.10/site-packages/Lab2-Navegacion.egg-link (link to .)

Installed /home/fbr/Lab2/build/Lab2_Navegacion
running symlink_data
creating /home/fbr/Lab2/install/Lab2_Navegacion/share/ament_index
creating /home/fbr/Lab2/install/Lab2_Navegacion/share/ament_index/resource_index
creating /home/fbr/Lab2/install/Lab2_Navegacion/share/ament_index/resource_index/packages
symbolically linking /home/fbr/Lab2/build/Lab2_Navegacion/resource/Lab2_Navegacion -> /home/fbr/Lab2/install/Lab2_Navegacion/share/ament_index/resource_index/packages
symbolically linking /home/fbr/Lab2/build/Lab2_Navegacion/package.xml -> /home/fbr/Lab2/install/Lab2_Navegacion/share/Lab2_Navegacion
