[0.731s] Invoking command in '/home/fbr/Lab2/src/build/very_simple_robot_simulator': CMAKE_PREFIX_PATH=${CMAKE_PREFIX_PATH}:/home/fbr/work1_ws/install/laboratorio:/home/fbr/ros2_ws/install/my_first_package:/opt/ros/humble /usr/bin/cmake --build /home/fbr/Lab2/src/build/very_simple_robot_simulator -- -j4 -l4
[0.967s] [  0%] Built target ament_cmake_python_symlink_very_simple_robot_simulator
[0.969s] [100%] Built target kinect_simulator
[2.113s] running egg_info
[2.115s] writing very_simple_robot_simulator.egg-info/PKG-INFO
[2.117s] writing dependency_links to very_simple_robot_simulator.egg-info/dependency_links.txt
[2.117s] writing top-level names to very_simple_robot_simulator.egg-info/top_level.txt
[2.127s] reading manifest file 'very_simple_robot_simulator.egg-info/SOURCES.txt'
[2.129s] writing manifest file 'very_simple_robot_simulator.egg-info/SOURCES.txt'
[2.285s] [100%] Built target ament_cmake_python_build_very_simple_robot_simulator_egg
[2.329s] Invoked command in '/home/fbr/Lab2/src/build/very_simple_robot_simulator' returned '0': CMAKE_PREFIX_PATH=${CMAKE_PREFIX_PATH}:/home/fbr/work1_ws/install/laboratorio:/home/fbr/ros2_ws/install/my_first_package:/opt/ros/humble /usr/bin/cmake --build /home/fbr/Lab2/src/build/very_simple_robot_simulator -- -j4 -l4
[2.426s] Invoking command in '/home/fbr/Lab2/src/build/very_simple_robot_simulator': CMAKE_PREFIX_PATH=${CMAKE_PREFIX_PATH}:/home/fbr/work1_ws/install/laboratorio:/home/fbr/ros2_ws/install/my_first_package:/opt/ros/humble /usr/bin/cmake --install /home/fbr/Lab2/src/build/very_simple_robot_simulator
[2.447s] -- Install configuration: ""
[2.451s] -- Execute custom install script
[2.451s] -- Up-to-date symlink: /home/fbr/Lab2/src/install/very_simple_robot_simulator/lib/very_simple_robot_simulator/kinect_simulator
[2.452s] -- Up-to-date symlink: /home/fbr/Lab2/src/install/very_simple_robot_simulator/share/very_simple_robot_simulator/environment/pythonpath.sh
[2.452s] -- Up-to-date symlink: /home/fbr/Lab2/src/install/very_simple_robot_simulator/share/very_simple_robot_simulator/environment/pythonpath.dsv
[2.453s] -- Up-to-date symlink: /home/fbr/Lab2/src/install/very_simple_robot_simulator/local/lib/python3.10/dist-packages/very_simple_robot_simulator-0.0.0-py3.10.egg-info/PKG-INFO
[2.453s] -- Up-to-date symlink: /home/fbr/Lab2/src/install/very_simple_robot_simulator/local/lib/python3.10/dist-packages/very_simple_robot_simulator-0.0.0-py3.10.egg-info/SOURCES.txt
[2.453s] -- Up-to-date symlink: /home/fbr/Lab2/src/install/very_simple_robot_simulator/local/lib/python3.10/dist-packages/very_simple_robot_simulator-0.0.0-py3.10.egg-info/dependency_links.txt
[2.454s] -- Up-to-date symlink: /home/fbr/Lab2/src/install/very_simple_robot_simulator/local/lib/python3.10/dist-packages/very_simple_robot_simulator-0.0.0-py3.10.egg-info/top_level.txt
[2.458s] -- Up-to-date symlink: /home/fbr/Lab2/src/install/very_simple_robot_simulator/local/lib/python3.10/dist-packages/very_simple_robot_simulator/__init__.py
[2.460s] -- Up-to-date symlink: /home/fbr/Lab2/src/install/very_simple_robot_simulator/lib/very_simple_robot_simulator/kinect_simulator.py
[2.461s] -- Up-to-date symlink: /home/fbr/Lab2/src/install/very_simple_robot_simulator/lib/very_simple_robot_simulator/kobuki_simulator.py
[2.461s] -- Up-to-date symlink: /home/fbr/Lab2/src/install/very_simple_robot_simulator/lib/very_simple_robot_simulator/lidar_simulator.py
[2.462s] -- Up-to-date symlink: /home/fbr/Lab2/src/install/very_simple_robot_simulator/lib/very_simple_robot_simulator/rangefinder.py
[2.462s] -- Up-to-date symlink: /home/fbr/Lab2/src/install/very_simple_robot_simulator/lib/very_simple_robot_simulator/utils.py
[2.463s] -- Up-to-date symlink: /home/fbr/Lab2/src/install/very_simple_robot_simulator/lib/very_simple_robot_simulator/world_state_gui.py
[2.464s] -- Up-to-date symlink: /home/fbr/Lab2/src/install/very_simple_robot_simulator/share/very_simple_robot_simulator//launch/lidar_simulator.xml
[2.465s] -- Up-to-date symlink: /home/fbr/Lab2/src/install/very_simple_robot_simulator/share/very_simple_robot_simulator//launch/minimal_simulator.xml
[2.465s] -- Up-to-date symlink: /home/fbr/Lab2/src/install/very_simple_robot_simulator/share/very_simple_robot_simulator//launch/minimal_simulator_py.xml
[2.465s] -- Up-to-date symlink: /home/fbr/Lab2/src/install/very_simple_robot_simulator/share/very_simple_robot_simulator//launch/openni_simulator.xml
[2.466s] -- Up-to-date symlink: /home/fbr/Lab2/src/install/very_simple_robot_simulator/share/very_simple_robot_simulator//launch/openni_simulator_py.xml
[2.467s] -- Up-to-date symlink: /home/fbr/Lab2/src/install/very_simple_robot_simulator/share/very_simple_robot_simulator//launch/run_all.xml
[2.467s] -- Up-to-date symlink: /home/fbr/Lab2/src/install/very_simple_robot_simulator/share/very_simple_robot_simulator//launch/world_state.xml
[2.467s] -- Up-to-date symlink: /home/fbr/Lab2/src/install/very_simple_robot_simulator/share/ament_index/resource_index/package_run_dependencies/very_simple_robot_simulator
[2.468s] -- Up-to-date symlink: /home/fbr/Lab2/src/install/very_simple_robot_simulator/share/ament_index/resource_index/parent_prefix_path/very_simple_robot_simulator
[2.469s] -- Up-to-date symlink: /home/fbr/Lab2/src/install/very_simple_robot_simulator/share/very_simple_robot_simulator/environment/ament_prefix_path.sh
[2.470s] -- Up-to-date symlink: /home/fbr/Lab2/src/install/very_simple_robot_simulator/share/very_simple_robot_simulator/environment/ament_prefix_path.dsv
[2.471s] -- Up-to-date symlink: /home/fbr/Lab2/src/install/very_simple_robot_simulator/share/very_simple_robot_simulator/environment/path.sh
[2.472s] -- Up-to-date symlink: /home/fbr/Lab2/src/install/very_simple_robot_simulator/share/very_simple_robot_simulator/environment/path.dsv
[2.473s] -- Up-to-date symlink: /home/fbr/Lab2/src/install/very_simple_robot_simulator/share/very_simple_robot_simulator/local_setup.bash
[2.473s] -- Up-to-date symlink: /home/fbr/Lab2/src/install/very_simple_robot_simulator/share/very_simple_robot_simulator/local_setup.sh
[2.478s] -- Up-to-date symlink: /home/fbr/Lab2/src/install/very_simple_robot_simulator/share/very_simple_robot_simulator/local_setup.zsh
[2.479s] -- Up-to-date symlink: /home/fbr/Lab2/src/install/very_simple_robot_simulator/share/very_simple_robot_simulator/local_setup.dsv
[2.479s] -- Symlinking: /home/fbr/Lab2/src/install/very_simple_robot_simulator/share/very_simple_robot_simulator/package.dsv
[2.503s] -- Up-to-date symlink: /home/fbr/Lab2/src/install/very_simple_robot_simulator/share/ament_index/resource_index/packages/very_simple_robot_simulator
[2.504s] -- Up-to-date symlink: /home/fbr/Lab2/src/install/very_simple_robot_simulator/share/very_simple_robot_simulator/cmake/very_simple_robot_simulatorConfig.cmake
[2.504s] -- Up-to-date symlink: /home/fbr/Lab2/src/install/very_simple_robot_simulator/share/very_simple_robot_simulator/cmake/very_simple_robot_simulatorConfig-version.cmake
[2.506s] -- Up-to-date symlink: /home/fbr/Lab2/src/install/very_simple_robot_simulator/share/very_simple_robot_simulator/package.xml
[2.603s] Listing '/home/fbr/Lab2/src/install/very_simple_robot_simulator/local/lib/python3.10/dist-packages/very_simple_robot_simulator'...
[2.627s] Invoked command in '/home/fbr/Lab2/src/build/very_simple_robot_simulator' returned '0': CMAKE_PREFIX_PATH=${CMAKE_PREFIX_PATH}:/home/fbr/work1_ws/install/laboratorio:/home/fbr/ros2_ws/install/my_first_package:/opt/ros/humble /usr/bin/cmake --install /home/fbr/Lab2/src/build/very_simple_robot_simulator
