[1.985s] Invoking command in '/home/fbr/Lab2/src/build/Lab2_Navegacion': PYTHONPATH=/home/fbr/Lab2/src/build/Lab2_Navegacion/prefix_override:/home/fbr/Lab2/src/install/Lab2_Navegacion/lib/python3.10/site-packages:${PYTHONPATH} /usr/bin/python3 -W ignore:setup.py install is deprecated setup.py develop --editable --build-directory /home/fbr/Lab2/src/build/Lab2_Navegacion/build --no-deps symlink_data
[2.985s] running develop
[2.988s] /usr/lib/python3/dist-packages/setuptools/command/easy_install.py:158: EasyInstallDeprecationWarning: easy_install command is deprecated. Use build and pip and other standards-based tools.
[2.988s]   warnings.warn(
[3.647s] running egg_info
[3.648s] creating Lab2_Navegacion.egg-info
[3.653s] writing Lab2_Navegacion.egg-info/PKG-INFO
[3.653s] writing dependency_links to Lab2_Navegacion.egg-info/dependency_links.txt
[3.656s] writing entry points to Lab2_Navegacion.egg-info/entry_points.txt
[3.657s] writing requirements to Lab2_Navegacion.egg-info/requires.txt
[3.657s] writing top-level names to Lab2_Navegacion.egg-info/top_level.txt
[3.658s] writing manifest file 'Lab2_Navegacion.egg-info/SOURCES.txt'
[3.662s] reading manifest file 'Lab2_Navegacion.egg-info/SOURCES.txt'
[3.665s] writing manifest file 'Lab2_Navegacion.egg-info/SOURCES.txt'
[3.672s] running build_ext
[3.673s] Creating /home/fbr/Lab2/src/install/Lab2_Navegacion/lib/python3.10/site-packages/Lab2-Navegacion.egg-link (link to .)
[3.678s] Installing dead_reckoning script to /home/fbr/Lab2/src/install/Lab2_Navegacion/lib/Lab2_Navegacion
[3.684s] 
[3.685s] Installed /home/fbr/Lab2/src/build/Lab2_Navegacion
[3.689s] running symlink_data
[3.692s] creating /home/fbr/Lab2/src/install/Lab2_Navegacion/share/ament_index
[3.692s] creating /home/fbr/Lab2/src/install/Lab2_Navegacion/share/ament_index/resource_index
[3.693s] creating /home/fbr/Lab2/src/install/Lab2_Navegacion/share/ament_index/resource_index/packages
[3.693s] symbolically linking /home/fbr/Lab2/src/build/Lab2_Navegacion/resource/Lab2_Navegacion -> /home/fbr/Lab2/src/install/Lab2_Navegacion/share/ament_index/resource_index/packages
[3.694s] symbolically linking /home/fbr/Lab2/src/build/Lab2_Navegacion/package.xml -> /home/fbr/Lab2/src/install/Lab2_Navegacion/share/Lab2_Navegacion
[3.943s] Invoked command in '/home/fbr/Lab2/src/build/Lab2_Navegacion' returned '0': PYTHONPATH=/home/fbr/Lab2/src/build/Lab2_Navegacion/prefix_override:/home/fbr/Lab2/src/install/Lab2_Navegacion/lib/python3.10/site-packages:${PYTHONPATH} /usr/bin/python3 -W ignore:setup.py install is deprecated setup.py develop --editable --build-directory /home/fbr/Lab2/src/build/Lab2_Navegacion/build --no-deps symlink_data
