[0.530s] DEBUG:colcon:Command line arguments: ['/usr/bin/colcon', 'build']
[0.530s] DEBUG:colcon:Parsed command line arguments: Namespace(log_base=None, log_level=None, verb_name='build', build_base='build', install_base='install', merge_install=False, symlink_install=False, test_result_base=None, continue_on_error=False, executor='parallel', parallel_workers=4, event_handlers=None, ignore_user_meta=False, metas=['./colcon.meta'], base_paths=['.'], packages_ignore=None, packages_ignore_regex=None, paths=None, packages_up_to=None, packages_up_to_regex=None, packages_above=None, packages_above_and_dependencies=None, packages_above_depth=None, packages_select_by_dep=None, packages_skip_by_dep=None, packages_skip_up_to=None, packages_select_build_failed=False, packages_skip_build_finished=False, packages_select_test_failures=False, packages_skip_test_passed=False, packages_select=None, packages_skip=None, packages_select_regex=None, packages_skip_regex=None, packages_start=None, packages_end=None, allow_overriding=[], cmake_args=None, cmake_target=None, cmake_target_skip_unavailable=False, cmake_clean_cache=False, cmake_clean_first=False, cmake_force_configure=False, ament_cmake_args=None, catkin_cmake_args=None, catkin_skip_building_tests=False, verb_parser=<colcon_defaults.argument_parser.defaults.DefaultArgumentsDecorator object at 0x7fbea1b37040>, verb_extension=<colcon_core.verb.build.BuildVerb object at 0x7fbea1b36b00>, main=<bound method BuildVerb.main of <colcon_core.verb.build.BuildVerb object at 0x7fbea1b36b00>>)
[0.919s] Level 1:colcon.colcon_core.package_discovery:discover_packages(colcon_meta) check parameters
[0.920s] Level 1:colcon.colcon_core.package_discovery:discover_packages(recursive) check parameters
[0.920s] Level 1:colcon.colcon_core.package_discovery:discover_packages(ignore) check parameters
[0.920s] Level 1:colcon.colcon_core.package_discovery:discover_packages(path) check parameters
[0.920s] Level 1:colcon.colcon_core.package_discovery:discover_packages(colcon_meta) discover
[0.921s] Level 1:colcon.colcon_core.package_discovery:discover_packages(recursive) discover
[0.921s] INFO:colcon.colcon_core.package_discovery:Crawling recursively for packages in '/home/fbr/Lab2/src'
[0.921s] Level 1:colcon.colcon_core.package_identification:_identify(.) by extensions ['ignore', 'ignore_ament_install']
[0.922s] Level 1:colcon.colcon_core.package_identification:_identify(.) by extension 'ignore'
[0.922s] Level 1:colcon.colcon_core.package_identification:_identify(.) by extension 'ignore_ament_install'
[0.922s] Level 1:colcon.colcon_core.package_identification:_identify(.) by extensions ['colcon_pkg']
[0.926s] Level 1:colcon.colcon_core.package_identification:_identify(.) by extension 'colcon_pkg'
[0.926s] Level 1:colcon.colcon_core.package_identification:_identify(.) by extensions ['colcon_meta']
[0.926s] Level 1:colcon.colcon_core.package_identification:_identify(.) by extension 'colcon_meta'
[0.926s] Level 1:colcon.colcon_core.package_identification:_identify(.) by extensions ['ros']
[0.926s] Level 1:colcon.colcon_core.package_identification:_identify(.) by extension 'ros'
[0.957s] Level 1:colcon.colcon_core.package_identification:_identify(.) by extensions ['cmake', 'python']
[0.957s] Level 1:colcon.colcon_core.package_identification:_identify(.) by extension 'cmake'
[0.958s] Level 1:colcon.colcon_core.package_identification:_identify(.) by extension 'python'
[0.958s] Level 1:colcon.colcon_core.package_identification:_identify(.) by extensions ['python_setup_py']
[0.958s] Level 1:colcon.colcon_core.package_identification:_identify(.) by extension 'python_setup_py'
[0.958s] Level 1:colcon.colcon_core.package_identification:_identify(build) by extensions ['ignore', 'ignore_ament_install']
[0.958s] Level 1:colcon.colcon_core.package_identification:_identify(build) by extension 'ignore'
[0.958s] Level 1:colcon.colcon_core.package_identification:_identify(build) ignored
[0.959s] Level 1:colcon.colcon_core.package_identification:_identify(cmd_vel_mux) by extensions ['ignore', 'ignore_ament_install']
[0.959s] Level 1:colcon.colcon_core.package_identification:_identify(cmd_vel_mux) by extension 'ignore'
[0.959s] Level 1:colcon.colcon_core.package_identification:_identify(cmd_vel_mux) by extension 'ignore_ament_install'
[0.960s] Level 1:colcon.colcon_core.package_identification:_identify(cmd_vel_mux) by extensions ['colcon_pkg']
[0.960s] Level 1:colcon.colcon_core.package_identification:_identify(cmd_vel_mux) by extension 'colcon_pkg'
[0.960s] Level 1:colcon.colcon_core.package_identification:_identify(cmd_vel_mux) by extensions ['colcon_meta']
[0.960s] Level 1:colcon.colcon_core.package_identification:_identify(cmd_vel_mux) by extension 'colcon_meta'
[0.960s] Level 1:colcon.colcon_core.package_identification:_identify(cmd_vel_mux) by extensions ['ros']
[0.960s] Level 1:colcon.colcon_core.package_identification:_identify(cmd_vel_mux) by extension 'ros'
[0.966s] DEBUG:colcon.colcon_core.package_identification:Package 'cmd_vel_mux' with type 'ros.ament_cmake' and name 'cmd_vel_mux'
[0.966s] Level 1:colcon.colcon_core.package_identification:_identify(install) by extensions ['ignore', 'ignore_ament_install']
[0.966s] Level 1:colcon.colcon_core.package_identification:_identify(install) by extension 'ignore'
[0.967s] Level 1:colcon.colcon_core.package_identification:_identify(install) ignored
[0.968s] Level 1:colcon.colcon_core.package_identification:_identify(lab_navegacion) by extensions ['ignore', 'ignore_ament_install']
[0.969s] Level 1:colcon.colcon_core.package_identification:_identify(lab_navegacion) by extension 'ignore'
[0.970s] Level 1:colcon.colcon_core.package_identification:_identify(lab_navegacion) by extension 'ignore_ament_install'
[0.970s] Level 1:colcon.colcon_core.package_identification:_identify(lab_navegacion) by extensions ['colcon_pkg']
[0.971s] Level 1:colcon.colcon_core.package_identification:_identify(lab_navegacion) by extension 'colcon_pkg'
[0.971s] Level 1:colcon.colcon_core.package_identification:_identify(lab_navegacion) by extensions ['colcon_meta']
[0.971s] Level 1:colcon.colcon_core.package_identification:_identify(lab_navegacion) by extension 'colcon_meta'
[0.971s] Level 1:colcon.colcon_core.package_identification:_identify(lab_navegacion) by extensions ['ros']
[0.972s] Level 1:colcon.colcon_core.package_identification:_identify(lab_navegacion) by extension 'ros'
[0.974s] DEBUG:colcon.colcon_core.package_identification:Package 'lab_navegacion' with type 'ros.ament_python' and name 'Lab2_Navegacion'
[0.974s] Level 1:colcon.colcon_core.package_identification:_identify(log) by extensions ['ignore', 'ignore_ament_install']
[0.975s] Level 1:colcon.colcon_core.package_identification:_identify(log) by extension 'ignore'
[0.975s] Level 1:colcon.colcon_core.package_identification:_identify(log) ignored
[0.975s] Level 1:colcon.colcon_core.package_identification:_identify(very_simple_robot_simulator) by extensions ['ignore', 'ignore_ament_install']
[0.976s] Level 1:colcon.colcon_core.package_identification:_identify(very_simple_robot_simulator) by extension 'ignore'
[0.976s] Level 1:colcon.colcon_core.package_identification:_identify(very_simple_robot_simulator) by extension 'ignore_ament_install'
[0.977s] Level 1:colcon.colcon_core.package_identification:_identify(very_simple_robot_simulator) by extensions ['colcon_pkg']
[0.977s] Level 1:colcon.colcon_core.package_identification:_identify(very_simple_robot_simulator) by extension 'colcon_pkg'
[0.977s] Level 1:colcon.colcon_core.package_identification:_identify(very_simple_robot_simulator) by extensions ['colcon_meta']
[0.978s] Level 1:colcon.colcon_core.package_identification:_identify(very_simple_robot_simulator) by extension 'colcon_meta'
[0.978s] Level 1:colcon.colcon_core.package_identification:_identify(very_simple_robot_simulator) by extensions ['ros']
[0.978s] Level 1:colcon.colcon_core.package_identification:_identify(very_simple_robot_simulator) by extension 'ros'
[0.980s] DEBUG:colcon.colcon_core.package_identification:Package 'very_simple_robot_simulator' with type 'ros.ament_cmake' and name 'very_simple_robot_simulator'
[0.980s] Level 1:colcon.colcon_core.package_discovery:discover_packages(recursive) using defaults
[0.980s] Level 1:colcon.colcon_core.package_discovery:discover_packages(ignore) discover
[0.980s] Level 1:colcon.colcon_core.package_discovery:discover_packages(ignore) using defaults
[0.980s] Level 1:colcon.colcon_core.package_discovery:discover_packages(path) discover
[0.980s] Level 1:colcon.colcon_core.package_discovery:discover_packages(path) using defaults
[1.038s] Level 1:colcon.colcon_core.package_discovery:discover_packages(prefix_path) check parameters
[1.038s] Level 1:colcon.colcon_core.package_discovery:discover_packages(prefix_path) discover
[1.043s] DEBUG:colcon.colcon_installed_package_information.package_discovery:Found 1 installed packages in /home/fbr/ros2_ws/install
[1.044s] DEBUG:colcon.colcon_installed_package_information.package_discovery:Found 3 installed packages in /home/fbr/work1_ws/install
[1.047s] DEBUG:colcon.colcon_installed_package_information.package_discovery:Found 273 installed packages in /opt/ros/humble
[1.050s] Level 1:colcon.colcon_core.package_discovery:discover_packages(prefix_path) using defaults
[1.298s] Level 5:colcon.colcon_core.verb:set package 'Lab2_Navegacion' build argument 'cmake_args' from command line to 'None'
[1.298s] Level 5:colcon.colcon_core.verb:set package 'Lab2_Navegacion' build argument 'cmake_target' from command line to 'None'
[1.299s] Level 5:colcon.colcon_core.verb:set package 'Lab2_Navegacion' build argument 'cmake_target_skip_unavailable' from command line to 'False'
[1.299s] Level 5:colcon.colcon_core.verb:set package 'Lab2_Navegacion' build argument 'cmake_clean_cache' from command line to 'False'
[1.299s] Level 5:colcon.colcon_core.verb:set package 'Lab2_Navegacion' build argument 'cmake_clean_first' from command line to 'False'
[1.299s] Level 5:colcon.colcon_core.verb:set package 'Lab2_Navegacion' build argument 'cmake_force_configure' from command line to 'False'
[1.299s] Level 5:colcon.colcon_core.verb:set package 'Lab2_Navegacion' build argument 'ament_cmake_args' from command line to 'None'
[1.299s] Level 5:colcon.colcon_core.verb:set package 'Lab2_Navegacion' build argument 'catkin_cmake_args' from command line to 'None'
[1.299s] Level 5:colcon.colcon_core.verb:set package 'Lab2_Navegacion' build argument 'catkin_skip_building_tests' from command line to 'False'
[1.299s] DEBUG:colcon.colcon_core.verb:Building package 'Lab2_Navegacion' with the following arguments: {'ament_cmake_args': None, 'build_base': '/home/fbr/Lab2/src/build/Lab2_Navegacion', 'catkin_cmake_args': None, 'catkin_skip_building_tests': False, 'cmake_args': None, 'cmake_clean_cache': False, 'cmake_clean_first': False, 'cmake_force_configure': False, 'cmake_target': None, 'cmake_target_skip_unavailable': False, 'install_base': '/home/fbr/Lab2/src/install/Lab2_Navegacion', 'merge_install': False, 'path': '/home/fbr/Lab2/src/lab_navegacion', 'symlink_install': False, 'test_result_base': None}
[1.300s] Level 5:colcon.colcon_core.verb:set package 'cmd_vel_mux' build argument 'cmake_args' from command line to 'None'
[1.301s] Level 5:colcon.colcon_core.verb:set package 'cmd_vel_mux' build argument 'cmake_target' from command line to 'None'
[1.301s] Level 5:colcon.colcon_core.verb:set package 'cmd_vel_mux' build argument 'cmake_target_skip_unavailable' from command line to 'False'
[1.301s] Level 5:colcon.colcon_core.verb:set package 'cmd_vel_mux' build argument 'cmake_clean_cache' from command line to 'False'
[1.301s] Level 5:colcon.colcon_core.verb:set package 'cmd_vel_mux' build argument 'cmake_clean_first' from command line to 'False'
[1.302s] Level 5:colcon.colcon_core.verb:set package 'cmd_vel_mux' build argument 'cmake_force_configure' from command line to 'False'
[1.302s] Level 5:colcon.colcon_core.verb:set package 'cmd_vel_mux' build argument 'ament_cmake_args' from command line to 'None'
[1.302s] Level 5:colcon.colcon_core.verb:set package 'cmd_vel_mux' build argument 'catkin_cmake_args' from command line to 'None'
[1.302s] Level 5:colcon.colcon_core.verb:set package 'cmd_vel_mux' build argument 'catkin_skip_building_tests' from command line to 'False'
[1.302s] DEBUG:colcon.colcon_core.verb:Building package 'cmd_vel_mux' with the following arguments: {'ament_cmake_args': None, 'build_base': '/home/fbr/Lab2/src/build/cmd_vel_mux', 'catkin_cmake_args': None, 'catkin_skip_building_tests': False, 'cmake_args': None, 'cmake_clean_cache': False, 'cmake_clean_first': False, 'cmake_force_configure': False, 'cmake_target': None, 'cmake_target_skip_unavailable': False, 'install_base': '/home/fbr/Lab2/src/install/cmd_vel_mux', 'merge_install': False, 'path': '/home/fbr/Lab2/src/cmd_vel_mux', 'symlink_install': False, 'test_result_base': None}
[1.310s] Level 5:colcon.colcon_core.verb:set package 'very_simple_robot_simulator' build argument 'cmake_args' from command line to 'None'
[1.311s] Level 5:colcon.colcon_core.verb:set package 'very_simple_robot_simulator' build argument 'cmake_target' from command line to 'None'
[1.311s] Level 5:colcon.colcon_core.verb:set package 'very_simple_robot_simulator' build argument 'cmake_target_skip_unavailable' from command line to 'False'
[1.311s] Level 5:colcon.colcon_core.verb:set package 'very_simple_robot_simulator' build argument 'cmake_clean_cache' from command line to 'False'
[1.311s] Level 5:colcon.colcon_core.verb:set package 'very_simple_robot_simulator' build argument 'cmake_clean_first' from command line to 'False'
[1.311s] Level 5:colcon.colcon_core.verb:set package 'very_simple_robot_simulator' build argument 'cmake_force_configure' from command line to 'False'
[1.311s] Level 5:colcon.colcon_core.verb:set package 'very_simple_robot_simulator' build argument 'ament_cmake_args' from command line to 'None'
[1.312s] Level 5:colcon.colcon_core.verb:set package 'very_simple_robot_simulator' build argument 'catkin_cmake_args' from command line to 'None'
[1.312s] Level 5:colcon.colcon_core.verb:set package 'very_simple_robot_simulator' build argument 'catkin_skip_building_tests' from command line to 'False'
[1.312s] DEBUG:colcon.colcon_core.verb:Building package 'very_simple_robot_simulator' with the following arguments: {'ament_cmake_args': None, 'build_base': '/home/fbr/Lab2/src/build/very_simple_robot_simulator', 'catkin_cmake_args': None, 'catkin_skip_building_tests': False, 'cmake_args': None, 'cmake_clean_cache': False, 'cmake_clean_first': False, 'cmake_force_configure': False, 'cmake_target': None, 'cmake_target_skip_unavailable': False, 'install_base': '/home/fbr/Lab2/src/install/very_simple_robot_simulator', 'merge_install': False, 'path': '/home/fbr/Lab2/src/very_simple_robot_simulator', 'symlink_install': False, 'test_result_base': None}
[1.312s] INFO:colcon.colcon_core.executor:Executing jobs using 'parallel' executor
[1.315s] DEBUG:colcon.colcon_parallel_executor.executor.parallel:run_until_complete
[1.316s] INFO:colcon.colcon_ros.task.ament_python.build:Building ROS package in '/home/fbr/Lab2/src/lab_navegacion' with build type 'ament_python'
[1.316s] Level 1:colcon.colcon_core.shell:create_environment_hook('Lab2_Navegacion', 'ament_prefix_path')
[1.332s] INFO:colcon.colcon_core.plugin_system:Skipping extension 'colcon_core.shell.bat': Not used on non-Windows systems
[1.334s] INFO:colcon.colcon_core.shell:Creating environment hook '/home/fbr/Lab2/src/install/Lab2_Navegacion/share/Lab2_Navegacion/hook/ament_prefix_path.ps1'
[1.340s] INFO:colcon.colcon_core.shell:Creating environment descriptor '/home/fbr/Lab2/src/install/Lab2_Navegacion/share/Lab2_Navegacion/hook/ament_prefix_path.dsv'
[1.342s] INFO:colcon.colcon_core.shell:Creating environment hook '/home/fbr/Lab2/src/install/Lab2_Navegacion/share/Lab2_Navegacion/hook/ament_prefix_path.sh'
[1.345s] INFO:colcon.colcon_core.shell:Skip shell extension 'powershell' for command environment: Not usable outside of PowerShell
[1.346s] DEBUG:colcon.colcon_core.shell:Skip shell extension 'dsv' for command environment
[1.359s] INFO:colcon.colcon_ros.task.ament_cmake.build:Building ROS package in '/home/fbr/Lab2/src/cmd_vel_mux' with build type 'ament_cmake'
[1.360s] INFO:colcon.colcon_cmake.task.cmake.build:Building CMake package in '/home/fbr/Lab2/src/cmd_vel_mux'
[1.363s] INFO:colcon.colcon_core.shell:Skip shell extension 'powershell' for command environment: Not usable outside of PowerShell
[1.365s] DEBUG:colcon.colcon_core.shell:Skip shell extension 'dsv' for command environment
[1.375s] INFO:colcon.colcon_ros.task.ament_cmake.build:Building ROS package in '/home/fbr/Lab2/src/very_simple_robot_simulator' with build type 'ament_cmake'
[1.376s] INFO:colcon.colcon_cmake.task.cmake.build:Building CMake package in '/home/fbr/Lab2/src/very_simple_robot_simulator'
[1.377s] INFO:colcon.colcon_core.shell:Skip shell extension 'powershell' for command environment: Not usable outside of PowerShell
[1.378s] DEBUG:colcon.colcon_core.shell:Skip shell extension 'dsv' for command environment
[2.049s] WARNING:colcon.colcon_ros.task.ament_python.build:Package 'Lab2_Navegacion' doesn't explicitly install a marker in the package index (colcon-ros currently does it implicitly but that fallback will be removed in the future)
[2.050s] WARNING:colcon.colcon_ros.task.ament_python.build:Package 'Lab2_Navegacion' doesn't explicitly install the 'package.xml' file (colcon-ros currently does it implicitly but that fallback will be removed in the future)
[2.051s] INFO:colcon.colcon_core.task.python.build:Building Python package in '/home/fbr/Lab2/src/lab_navegacion'
[2.053s] INFO:colcon.colcon_core.shell:Skip shell extension 'powershell' for command environment: Not usable outside of PowerShell
[2.053s] DEBUG:colcon.colcon_core.shell:Skip shell extension 'dsv' for command environment
[2.094s] DEBUG:colcon.colcon_core.event_handler.log_command:Invoking command in '/home/fbr/Lab2/src/build/cmd_vel_mux': CMAKE_PREFIX_PATH=${CMAKE_PREFIX_PATH}:/home/fbr/work1_ws/install/laboratorio:/home/fbr/ros2_ws/install/my_first_package:/opt/ros/humble /usr/bin/cmake --build /home/fbr/Lab2/src/build/cmd_vel_mux -- -j4 -l4
[2.107s] DEBUG:colcon.colcon_core.event_handler.log_command:Invoking command in '/home/fbr/Lab2/src/build/very_simple_robot_simulator': CMAKE_PREFIX_PATH=${CMAKE_PREFIX_PATH}:/home/fbr/work1_ws/install/laboratorio:/home/fbr/ros2_ws/install/my_first_package:/opt/ros/humble /usr/bin/cmake --build /home/fbr/Lab2/src/build/very_simple_robot_simulator -- -j4 -l4
[2.332s] DEBUG:colcon.colcon_core.event_handler.log_command:Invoked command in '/home/fbr/Lab2/src/build/cmd_vel_mux' returned '0': CMAKE_PREFIX_PATH=${CMAKE_PREFIX_PATH}:/home/fbr/work1_ws/install/laboratorio:/home/fbr/ros2_ws/install/my_first_package:/opt/ros/humble /usr/bin/cmake --build /home/fbr/Lab2/src/build/cmd_vel_mux -- -j4 -l4
[2.473s] DEBUG:colcon.colcon_core.event_handler.log_command:Invoking command in '/home/fbr/Lab2/src/build/cmd_vel_mux': CMAKE_PREFIX_PATH=${CMAKE_PREFIX_PATH}:/home/fbr/work1_ws/install/laboratorio:/home/fbr/ros2_ws/install/my_first_package:/opt/ros/humble /usr/bin/cmake --install /home/fbr/Lab2/src/build/cmd_vel_mux
[2.613s] Level 1:colcon.colcon_core.environment:create_environment_scripts_only(cmd_vel_mux)
[2.645s] Level 1:colcon.colcon_core.environment:checking '/home/fbr/Lab2/src/install/cmd_vel_mux' for CMake module files
[2.648s] DEBUG:colcon.colcon_core.event_handler.log_command:Invoked command in '/home/fbr/Lab2/src/build/cmd_vel_mux' returned '0': CMAKE_PREFIX_PATH=${CMAKE_PREFIX_PATH}:/home/fbr/work1_ws/install/laboratorio:/home/fbr/ros2_ws/install/my_first_package:/opt/ros/humble /usr/bin/cmake --install /home/fbr/Lab2/src/build/cmd_vel_mux
[2.656s] Level 1:colcon.colcon_core.environment:checking '/home/fbr/Lab2/src/install/cmd_vel_mux' for CMake config files
[2.659s] Level 1:colcon.colcon_core.shell:create_environment_hook('cmd_vel_mux', 'cmake_prefix_path')
[2.661s] INFO:colcon.colcon_core.shell:Creating environment hook '/home/fbr/Lab2/src/install/cmd_vel_mux/share/cmd_vel_mux/hook/cmake_prefix_path.ps1'
[2.672s] INFO:colcon.colcon_core.shell:Creating environment descriptor '/home/fbr/Lab2/src/install/cmd_vel_mux/share/cmd_vel_mux/hook/cmake_prefix_path.dsv'
[2.673s] INFO:colcon.colcon_core.shell:Creating environment hook '/home/fbr/Lab2/src/install/cmd_vel_mux/share/cmd_vel_mux/hook/cmake_prefix_path.sh'
[2.675s] Level 1:colcon.colcon_core.environment:checking '/home/fbr/Lab2/src/install/cmd_vel_mux/lib'
[2.676s] Level 1:colcon.colcon_core.shell:create_environment_hook('cmd_vel_mux', 'ld_library_path_lib')
[2.677s] INFO:colcon.colcon_core.shell:Creating environment hook '/home/fbr/Lab2/src/install/cmd_vel_mux/share/cmd_vel_mux/hook/ld_library_path_lib.ps1'
[2.684s] INFO:colcon.colcon_core.shell:Creating environment descriptor '/home/fbr/Lab2/src/install/cmd_vel_mux/share/cmd_vel_mux/hook/ld_library_path_lib.dsv'
[2.687s] INFO:colcon.colcon_core.shell:Creating environment hook '/home/fbr/Lab2/src/install/cmd_vel_mux/share/cmd_vel_mux/hook/ld_library_path_lib.sh'
[2.690s] Level 1:colcon.colcon_core.environment:checking '/home/fbr/Lab2/src/install/cmd_vel_mux/bin'
[2.691s] Level 1:colcon.colcon_core.environment:checking '/home/fbr/Lab2/src/install/cmd_vel_mux/lib/pkgconfig/cmd_vel_mux.pc'
[2.692s] Level 1:colcon.colcon_core.environment:checking '/home/fbr/Lab2/src/install/cmd_vel_mux/lib/python3.10/site-packages'
[2.694s] Level 1:colcon.colcon_core.environment:checking '/home/fbr/Lab2/src/install/cmd_vel_mux/bin'
[2.696s] INFO:colcon.colcon_core.shell:Creating package script '/home/fbr/Lab2/src/install/cmd_vel_mux/share/cmd_vel_mux/package.ps1'
[2.724s] INFO:colcon.colcon_core.shell:Creating package descriptor '/home/fbr/Lab2/src/install/cmd_vel_mux/share/cmd_vel_mux/package.dsv'
[2.740s] INFO:colcon.colcon_core.shell:Creating package script '/home/fbr/Lab2/src/install/cmd_vel_mux/share/cmd_vel_mux/package.sh'
[2.743s] INFO:colcon.colcon_core.shell:Creating package script '/home/fbr/Lab2/src/install/cmd_vel_mux/share/cmd_vel_mux/package.bash'
[2.758s] INFO:colcon.colcon_core.shell:Creating package script '/home/fbr/Lab2/src/install/cmd_vel_mux/share/cmd_vel_mux/package.zsh'
[2.762s] Level 1:colcon.colcon_core.environment:create_file_with_runtime_dependencies(/home/fbr/Lab2/src/install/cmd_vel_mux/share/colcon-core/packages/cmd_vel_mux)
[3.014s] Level 1:colcon.colcon_core.environment:create_environment_scripts_only(cmd_vel_mux)
[3.015s] Level 1:colcon.colcon_core.environment:checking '/home/fbr/Lab2/src/install/cmd_vel_mux' for CMake module files
[3.018s] Level 1:colcon.colcon_core.environment:checking '/home/fbr/Lab2/src/install/cmd_vel_mux' for CMake config files
[3.020s] Level 1:colcon.colcon_core.shell:create_environment_hook('cmd_vel_mux', 'cmake_prefix_path')
[3.022s] INFO:colcon.colcon_core.shell:Creating environment hook '/home/fbr/Lab2/src/install/cmd_vel_mux/share/cmd_vel_mux/hook/cmake_prefix_path.ps1'
[3.024s] INFO:colcon.colcon_core.shell:Creating environment descriptor '/home/fbr/Lab2/src/install/cmd_vel_mux/share/cmd_vel_mux/hook/cmake_prefix_path.dsv'
[3.025s] INFO:colcon.colcon_core.shell:Creating environment hook '/home/fbr/Lab2/src/install/cmd_vel_mux/share/cmd_vel_mux/hook/cmake_prefix_path.sh'
[3.027s] Level 1:colcon.colcon_core.environment:checking '/home/fbr/Lab2/src/install/cmd_vel_mux/lib'
[3.028s] Level 1:colcon.colcon_core.shell:create_environment_hook('cmd_vel_mux', 'ld_library_path_lib')
[3.029s] INFO:colcon.colcon_core.shell:Creating environment hook '/home/fbr/Lab2/src/install/cmd_vel_mux/share/cmd_vel_mux/hook/ld_library_path_lib.ps1'
[3.030s] INFO:colcon.colcon_core.shell:Creating environment descriptor '/home/fbr/Lab2/src/install/cmd_vel_mux/share/cmd_vel_mux/hook/ld_library_path_lib.dsv'
[3.032s] INFO:colcon.colcon_core.shell:Creating environment hook '/home/fbr/Lab2/src/install/cmd_vel_mux/share/cmd_vel_mux/hook/ld_library_path_lib.sh'
[3.034s] Level 1:colcon.colcon_core.environment:checking '/home/fbr/Lab2/src/install/cmd_vel_mux/bin'
[3.035s] Level 1:colcon.colcon_core.environment:checking '/home/fbr/Lab2/src/install/cmd_vel_mux/lib/pkgconfig/cmd_vel_mux.pc'
[3.036s] Level 1:colcon.colcon_core.environment:checking '/home/fbr/Lab2/src/install/cmd_vel_mux/lib/python3.10/site-packages'
[3.038s] Level 1:colcon.colcon_core.environment:checking '/home/fbr/Lab2/src/install/cmd_vel_mux/bin'
[3.040s] INFO:colcon.colcon_core.shell:Creating package script '/home/fbr/Lab2/src/install/cmd_vel_mux/share/cmd_vel_mux/package.ps1'
[3.043s] INFO:colcon.colcon_core.shell:Creating package descriptor '/home/fbr/Lab2/src/install/cmd_vel_mux/share/cmd_vel_mux/package.dsv'
[3.045s] INFO:colcon.colcon_core.shell:Creating package script '/home/fbr/Lab2/src/install/cmd_vel_mux/share/cmd_vel_mux/package.sh'
[3.047s] INFO:colcon.colcon_core.shell:Creating package script '/home/fbr/Lab2/src/install/cmd_vel_mux/share/cmd_vel_mux/package.bash'
[3.051s] INFO:colcon.colcon_core.shell:Creating package script '/home/fbr/Lab2/src/install/cmd_vel_mux/share/cmd_vel_mux/package.zsh'
[3.053s] Level 1:colcon.colcon_core.environment:create_file_with_runtime_dependencies(/home/fbr/Lab2/src/install/cmd_vel_mux/share/colcon-core/packages/cmd_vel_mux)
[3.705s] DEBUG:colcon.colcon_core.event_handler.log_command:Invoked command in '/home/fbr/Lab2/src/build/very_simple_robot_simulator' returned '0': CMAKE_PREFIX_PATH=${CMAKE_PREFIX_PATH}:/home/fbr/work1_ws/install/laboratorio:/home/fbr/ros2_ws/install/my_first_package:/opt/ros/humble /usr/bin/cmake --build /home/fbr/Lab2/src/build/very_simple_robot_simulator -- -j4 -l4
[3.742s] DEBUG:colcon.colcon_core.event_handler.log_command:Invoking command in '/home/fbr/Lab2/src/lab_navegacion': PYTHONPATH=/home/fbr/Lab2/src/build/Lab2_Navegacion/prefix_override:/home/fbr/Lab2/src/install/Lab2_Navegacion/lib/python3.10/site-packages:${PYTHONPATH} /usr/bin/python3 -W ignore:setup.py install is deprecated setup.py egg_info --egg-base ../build/Lab2_Navegacion build --build-base /home/fbr/Lab2/src/build/Lab2_Navegacion/build install --record /home/fbr/Lab2/src/build/Lab2_Navegacion/install.log --single-version-externally-managed install_data
[3.802s] DEBUG:colcon.colcon_core.event_handler.log_command:Invoking command in '/home/fbr/Lab2/src/build/very_simple_robot_simulator': CMAKE_PREFIX_PATH=${CMAKE_PREFIX_PATH}:/home/fbr/work1_ws/install/laboratorio:/home/fbr/ros2_ws/install/my_first_package:/opt/ros/humble /usr/bin/cmake --install /home/fbr/Lab2/src/build/very_simple_robot_simulator
[4.001s] Level 1:colcon.colcon_core.environment:create_environment_scripts_only(very_simple_robot_simulator)
[4.002s] Level 1:colcon.colcon_core.environment:checking '/home/fbr/Lab2/src/install/very_simple_robot_simulator' for CMake module files
[4.004s] DEBUG:colcon.colcon_core.event_handler.log_command:Invoked command in '/home/fbr/Lab2/src/build/very_simple_robot_simulator' returned '0': CMAKE_PREFIX_PATH=${CMAKE_PREFIX_PATH}:/home/fbr/work1_ws/install/laboratorio:/home/fbr/ros2_ws/install/my_first_package:/opt/ros/humble /usr/bin/cmake --install /home/fbr/Lab2/src/build/very_simple_robot_simulator
[4.006s] Level 1:colcon.colcon_core.environment:checking '/home/fbr/Lab2/src/install/very_simple_robot_simulator' for CMake config files
[4.007s] Level 1:colcon.colcon_core.shell:create_environment_hook('very_simple_robot_simulator', 'cmake_prefix_path')
[4.007s] INFO:colcon.colcon_core.shell:Creating environment hook '/home/fbr/Lab2/src/install/very_simple_robot_simulator/share/very_simple_robot_simulator/hook/cmake_prefix_path.ps1'
[4.008s] INFO:colcon.colcon_core.shell:Creating environment descriptor '/home/fbr/Lab2/src/install/very_simple_robot_simulator/share/very_simple_robot_simulator/hook/cmake_prefix_path.dsv'
[4.009s] INFO:colcon.colcon_core.shell:Creating environment hook '/home/fbr/Lab2/src/install/very_simple_robot_simulator/share/very_simple_robot_simulator/hook/cmake_prefix_path.sh'
[4.011s] Level 1:colcon.colcon_core.environment:checking '/home/fbr/Lab2/src/install/very_simple_robot_simulator/lib'
[4.012s] Level 1:colcon.colcon_core.environment:checking '/home/fbr/Lab2/src/install/very_simple_robot_simulator/bin'
[4.012s] Level 1:colcon.colcon_core.environment:checking '/home/fbr/Lab2/src/install/very_simple_robot_simulator/lib/pkgconfig/very_simple_robot_simulator.pc'
[4.013s] Level 1:colcon.colcon_core.environment:checking '/home/fbr/Lab2/src/install/very_simple_robot_simulator/lib/python3.10/site-packages'
[4.014s] Level 1:colcon.colcon_core.environment:checking '/home/fbr/Lab2/src/install/very_simple_robot_simulator/bin'
[4.015s] INFO:colcon.colcon_core.shell:Creating package script '/home/fbr/Lab2/src/install/very_simple_robot_simulator/share/very_simple_robot_simulator/package.ps1'
[4.017s] INFO:colcon.colcon_core.shell:Creating package descriptor '/home/fbr/Lab2/src/install/very_simple_robot_simulator/share/very_simple_robot_simulator/package.dsv'
[4.019s] INFO:colcon.colcon_core.shell:Creating package script '/home/fbr/Lab2/src/install/very_simple_robot_simulator/share/very_simple_robot_simulator/package.sh'
[4.021s] INFO:colcon.colcon_core.shell:Creating package script '/home/fbr/Lab2/src/install/very_simple_robot_simulator/share/very_simple_robot_simulator/package.bash'
[4.022s] INFO:colcon.colcon_core.shell:Creating package script '/home/fbr/Lab2/src/install/very_simple_robot_simulator/share/very_simple_robot_simulator/package.zsh'
[4.023s] Level 1:colcon.colcon_core.environment:create_file_with_runtime_dependencies(/home/fbr/Lab2/src/install/very_simple_robot_simulator/share/colcon-core/packages/very_simple_robot_simulator)
[4.100s] Level 1:colcon.colcon_core.environment:create_environment_scripts_only(very_simple_robot_simulator)
[4.102s] Level 1:colcon.colcon_core.environment:checking '/home/fbr/Lab2/src/install/very_simple_robot_simulator' for CMake module files
[4.104s] Level 1:colcon.colcon_core.environment:checking '/home/fbr/Lab2/src/install/very_simple_robot_simulator' for CMake config files
[4.105s] Level 1:colcon.colcon_core.shell:create_environment_hook('very_simple_robot_simulator', 'cmake_prefix_path')
[4.107s] INFO:colcon.colcon_core.shell:Creating environment hook '/home/fbr/Lab2/src/install/very_simple_robot_simulator/share/very_simple_robot_simulator/hook/cmake_prefix_path.ps1'
[4.108s] INFO:colcon.colcon_core.shell:Creating environment descriptor '/home/fbr/Lab2/src/install/very_simple_robot_simulator/share/very_simple_robot_simulator/hook/cmake_prefix_path.dsv'
[4.109s] INFO:colcon.colcon_core.shell:Creating environment hook '/home/fbr/Lab2/src/install/very_simple_robot_simulator/share/very_simple_robot_simulator/hook/cmake_prefix_path.sh'
[4.111s] Level 1:colcon.colcon_core.environment:checking '/home/fbr/Lab2/src/install/very_simple_robot_simulator/lib'
[4.112s] Level 1:colcon.colcon_core.environment:checking '/home/fbr/Lab2/src/install/very_simple_robot_simulator/bin'
[4.113s] Level 1:colcon.colcon_core.environment:checking '/home/fbr/Lab2/src/install/very_simple_robot_simulator/lib/pkgconfig/very_simple_robot_simulator.pc'
[4.116s] Level 1:colcon.colcon_core.environment:checking '/home/fbr/Lab2/src/install/very_simple_robot_simulator/lib/python3.10/site-packages'
[4.118s] Level 1:colcon.colcon_core.environment:checking '/home/fbr/Lab2/src/install/very_simple_robot_simulator/bin'
[4.120s] INFO:colcon.colcon_core.shell:Creating package script '/home/fbr/Lab2/src/install/very_simple_robot_simulator/share/very_simple_robot_simulator/package.ps1'
[4.122s] INFO:colcon.colcon_core.shell:Creating package descriptor '/home/fbr/Lab2/src/install/very_simple_robot_simulator/share/very_simple_robot_simulator/package.dsv'
[4.123s] INFO:colcon.colcon_core.shell:Creating package script '/home/fbr/Lab2/src/install/very_simple_robot_simulator/share/very_simple_robot_simulator/package.sh'
[4.124s] INFO:colcon.colcon_core.shell:Creating package script '/home/fbr/Lab2/src/install/very_simple_robot_simulator/share/very_simple_robot_simulator/package.bash'
[4.125s] INFO:colcon.colcon_core.shell:Creating package script '/home/fbr/Lab2/src/install/very_simple_robot_simulator/share/very_simple_robot_simulator/package.zsh'
[4.126s] Level 1:colcon.colcon_core.environment:create_file_with_runtime_dependencies(/home/fbr/Lab2/src/install/very_simple_robot_simulator/share/colcon-core/packages/very_simple_robot_simulator)
[4.604s] DEBUG:colcon.colcon_core.event_handler.log_command:Invoked command in '/home/fbr/Lab2/src/lab_navegacion' returned '1': PYTHONPATH=/home/fbr/Lab2/src/build/Lab2_Navegacion/prefix_override:/home/fbr/Lab2/src/install/Lab2_Navegacion/lib/python3.10/site-packages:${PYTHONPATH} /usr/bin/python3 -W ignore:setup.py install is deprecated setup.py egg_info --egg-base ../build/Lab2_Navegacion build --build-base /home/fbr/Lab2/src/build/Lab2_Navegacion/build install --record /home/fbr/Lab2/src/build/Lab2_Navegacion/install.log --single-version-externally-managed install_data
[4.614s] DEBUG:colcon.colcon_parallel_executor.executor.parallel:closing loop
[4.615s] DEBUG:colcon.colcon_parallel_executor.executor.parallel:loop closed
[4.616s] DEBUG:colcon.colcon_parallel_executor.executor.parallel:run_until_complete finished with '1'
[4.616s] DEBUG:colcon.colcon_core.event_reactor:joining thread
[4.734s] INFO:colcon.colcon_core.plugin_system:Skipping extension 'colcon_notification.desktop_notification.notify_send': Could not find 'notify-send'
[4.735s] INFO:colcon.colcon_core.plugin_system:Skipping extension 'colcon_notification.desktop_notification.terminal_notifier': Not used on non-Darwin systems
[4.735s] INFO:colcon.colcon_core.plugin_system:Skipping extension 'colcon_notification.desktop_notification.win32': Not used on non-Windows systems
[4.735s] INFO:colcon.colcon_notification.desktop_notification:Sending desktop notification using 'notify2'
[4.735s] DEBUG:colcon.colcon_notification.desktop_notification.notify2:Failed to initialize notify2: org.freedesktop.DBus.Error.FileNotFound: Failed to connect to socket /run/user/1000/bus: No such file or directory
[4.736s] DEBUG:colcon.colcon_core.event_reactor:joined thread
[4.736s] INFO:colcon.colcon_core.shell:Creating prefix script '/home/fbr/Lab2/src/install/local_setup.ps1'
[4.738s] INFO:colcon.colcon_core.shell:Creating prefix util module '/home/fbr/Lab2/src/install/_local_setup_util_ps1.py'
[4.741s] INFO:colcon.colcon_core.shell:Creating prefix chain script '/home/fbr/Lab2/src/install/setup.ps1'
[4.744s] INFO:colcon.colcon_core.shell:Creating prefix script '/home/fbr/Lab2/src/install/local_setup.sh'
[4.745s] INFO:colcon.colcon_core.shell:Creating prefix util module '/home/fbr/Lab2/src/install/_local_setup_util_sh.py'
[4.749s] INFO:colcon.colcon_core.shell:Creating prefix chain script '/home/fbr/Lab2/src/install/setup.sh'
[4.756s] INFO:colcon.colcon_core.shell:Creating prefix script '/home/fbr/Lab2/src/install/local_setup.bash'
[4.757s] INFO:colcon.colcon_core.shell:Creating prefix chain script '/home/fbr/Lab2/src/install/setup.bash'
[4.760s] INFO:colcon.colcon_core.shell:Creating prefix script '/home/fbr/Lab2/src/install/local_setup.zsh'
[4.761s] INFO:colcon.colcon_core.shell:Creating prefix chain script '/home/fbr/Lab2/src/install/setup.zsh'
