[0.837s] Invoking command in '/home/fbr/Lab2/src/build/cmd_vel_mux': CMAKE_PREFIX_PATH=${CMAKE_PREFIX_PATH}:/home/fbr/work1_ws/install/laboratorio:/home/fbr/ros2_ws/install/my_first_package:/opt/ros/humble /usr/bin/cmake /home/fbr/Lab2/src/cmd_vel_mux -DCMAKE_INSTALL_PREFIX=/home/fbr/Lab2/src/install/cmd_vel_mux
[0.884s] -- Found ament_cmake_ros: 0.10.0 (/opt/ros/humble/share/ament_cmake_ros/cmake)
[1.556s] -- Override CMake install command with custom implementation using symlinks instead of copying resources
[1.658s] -- Found geometry_msgs: 4.2.3 (/opt/ros/humble/share/geometry_msgs/cmake)
[2.554s] -- Found rosidl_generator_c: 3.1.5 (/opt/ros/humble/share/rosidl_generator_c/cmake)
[2.590s] -- Found rosidl_adapter: 3.1.5 (/opt/ros/humble/share/rosidl_adapter/cmake)
[2.657s] -- Found rosidl_generator_cpp: 3.1.5 (/opt/ros/humble/share/rosidl_generator_cpp/cmake)
[2.776s] -- Using all available rosidl_typesupport_c: rosidl_typesupport_fastrtps_c;rosidl_typesupport_introspection_c
[2.997s] -- Using all available rosidl_typesupport_cpp: rosidl_typesupport_fastrtps_cpp;rosidl_typesupport_introspection_cpp
[4.163s] -- Found rcl_interfaces: 1.2.1 (/opt/ros/humble/share/rcl_interfaces/cmake)
[4.527s] -- Found rclcpp: 16.0.8 (/opt/ros/humble/share/rclcpp/cmake)
[4.709s] -- Found rmw_implementation_cmake: 6.1.1 (/opt/ros/humble/share/rmw_implementation_cmake/cmake)
[4.734s] -- Found rmw_fastrtps_cpp: 6.2.6 (/opt/ros/humble/share/rmw_fastrtps_cpp/cmake)
[26.093s] -- Using RMW implementation 'rmw_fastrtps_cpp' as default
[26.718s] -- Found rclcpp_components: 16.0.8 (/opt/ros/humble/share/rclcpp_components/cmake)
[27.061s] -- Found ament_lint_auto: 0.12.10 (/opt/ros/humble/share/ament_lint_auto/cmake)
[27.377s] -- Found launch_testing_ament_cmake: 1.0.5 (/opt/ros/humble/share/launch_testing_ament_cmake/cmake)
[27.380s] -- Found python_cmake_module: 0.10.0 (/opt/ros/humble/share/python_cmake_module/cmake)
[27.491s] -- Using PYTHON_EXECUTABLE: /usr/bin/python3
[27.491s] -- Using PYTHON_INCLUDE_DIRS: /usr/include/python3.10
[27.492s] -- Using PYTHON_LIBRARIES: /usr/lib/x86_64-linux-gnu/libpython3.10.so
[27.531s] -- Added test 'cppcheck' to perform static code analysis on C / C++ code
[27.533s] -- Configured cppcheck include dirs: /home/fbr/Lab2/src/cmd_vel_mux/include
[27.534s] -- Configured cppcheck exclude dirs and/or files: 
[27.545s] -- Added test 'cpplint' to check C / C++ code against the Google style
[27.545s] -- Configured cpplint exclude dirs and/or files: 
[27.551s] -- Added test 'flake8' to check Python code syntax and style conventions
[27.555s] -- Added test 'lint_cmake' to check CMake code style
[27.557s] -- Added test 'pep257' to check Python code against some of the docstring style conventions in PEP 257
[27.572s] -- Added test 'uncrustify' to check C / C++ code style
[27.573s] -- Configured uncrustify additional arguments: 
[27.575s] -- Added test 'xmllint' to check XML markup files
[27.579s] -- Configuring done
[27.647s] -- Generating done
[27.656s] -- Build files have been written to: /home/fbr/Lab2/src/build/cmd_vel_mux
[27.690s] Invoked command in '/home/fbr/Lab2/src/build/cmd_vel_mux' returned '0': CMAKE_PREFIX_PATH=${CMAKE_PREFIX_PATH}:/home/fbr/work1_ws/install/laboratorio:/home/fbr/ros2_ws/install/my_first_package:/opt/ros/humble /usr/bin/cmake /home/fbr/Lab2/src/cmd_vel_mux -DCMAKE_INSTALL_PREFIX=/home/fbr/Lab2/src/install/cmd_vel_mux
[27.701s] Invoking command in '/home/fbr/Lab2/src/build/cmd_vel_mux': CMAKE_PREFIX_PATH=${CMAKE_PREFIX_PATH}:/home/fbr/work1_ws/install/laboratorio:/home/fbr/ros2_ws/install/my_first_package:/opt/ros/humble /usr/bin/cmake --build /home/fbr/Lab2/src/build/cmd_vel_mux -- -j4 -l4
[27.849s] [35m[1mConsolidate compiler generated dependencies of target cmd_vel_mux[0m
[27.853s] [35m[1mConsolidate compiler generated dependencies of target cmd_vel_mux_node[0m
[27.954s] [ 50%] Built target cmd_vel_mux
[28.003s] [100%] Built target cmd_vel_mux_node
[28.057s] Invoked command in '/home/fbr/Lab2/src/build/cmd_vel_mux' returned '0': CMAKE_PREFIX_PATH=${CMAKE_PREFIX_PATH}:/home/fbr/work1_ws/install/laboratorio:/home/fbr/ros2_ws/install/my_first_package:/opt/ros/humble /usr/bin/cmake --build /home/fbr/Lab2/src/build/cmd_vel_mux -- -j4 -l4
[28.277s] Invoking command in '/home/fbr/Lab2/src/build/cmd_vel_mux': CMAKE_PREFIX_PATH=${CMAKE_PREFIX_PATH}:/home/fbr/work1_ws/install/laboratorio:/home/fbr/ros2_ws/install/my_first_package:/opt/ros/humble /usr/bin/cmake --install /home/fbr/Lab2/src/build/cmd_vel_mux
[28.314s] -- Install configuration: ""
[28.319s] -- Execute custom install script
[28.320s] -- Up-to-date symlink: /home/fbr/Lab2/src/install/cmd_vel_mux/lib/cmd_vel_mux/cmd_vel_mux_node
[28.320s] -- Up-to-date symlink: /home/fbr/Lab2/src/install/cmd_vel_mux/lib/libcmd_vel_mux.so
[28.325s] -- Up-to-date symlink: /home/fbr/Lab2/src/install/cmd_vel_mux/include/cmd_vel_mux/cmd_vel_mux.hpp
[28.331s] -- Up-to-date symlink: /home/fbr/Lab2/src/install/cmd_vel_mux/share/cmd_vel_mux/config/cmd_vel_mux_params.yaml
[28.331s] -- Up-to-date symlink: /home/fbr/Lab2/src/install/cmd_vel_mux/share/cmd_vel_mux/launch/cmd_vel_mux-composed-launch.py
[28.331s] -- Up-to-date symlink: /home/fbr/Lab2/src/install/cmd_vel_mux/share/cmd_vel_mux/launch/cmd_vel_mux-launch.py
[28.332s] -- Up-to-date symlink: /home/fbr/Lab2/src/install/cmd_vel_mux/share/ament_index/resource_index/package_run_dependencies/cmd_vel_mux
[28.332s] -- Up-to-date symlink: /home/fbr/Lab2/src/install/cmd_vel_mux/share/ament_index/resource_index/parent_prefix_path/cmd_vel_mux
[28.333s] -- Up-to-date symlink: /home/fbr/Lab2/src/install/cmd_vel_mux/share/cmd_vel_mux/environment/ament_prefix_path.sh
[28.333s] -- Up-to-date symlink: /home/fbr/Lab2/src/install/cmd_vel_mux/share/cmd_vel_mux/environment/ament_prefix_path.dsv
[28.334s] -- Up-to-date symlink: /home/fbr/Lab2/src/install/cmd_vel_mux/share/cmd_vel_mux/environment/path.sh
[28.335s] -- Up-to-date symlink: /home/fbr/Lab2/src/install/cmd_vel_mux/share/cmd_vel_mux/environment/path.dsv
[28.336s] -- Up-to-date symlink: /home/fbr/Lab2/src/install/cmd_vel_mux/share/cmd_vel_mux/local_setup.bash
[28.339s] -- Up-to-date symlink: /home/fbr/Lab2/src/install/cmd_vel_mux/share/cmd_vel_mux/local_setup.sh
[28.339s] -- Up-to-date symlink: /home/fbr/Lab2/src/install/cmd_vel_mux/share/cmd_vel_mux/local_setup.zsh
[28.340s] -- Up-to-date symlink: /home/fbr/Lab2/src/install/cmd_vel_mux/share/cmd_vel_mux/local_setup.dsv
[28.344s] -- Symlinking: /home/fbr/Lab2/src/install/cmd_vel_mux/share/cmd_vel_mux/package.dsv
[28.389s] -- Up-to-date symlink: /home/fbr/Lab2/src/install/cmd_vel_mux/share/ament_index/resource_index/packages/cmd_vel_mux
[28.389s] -- Up-to-date symlink: /home/fbr/Lab2/src/install/cmd_vel_mux/share/ament_index/resource_index/rclcpp_components/cmd_vel_mux
[28.390s] -- Up-to-date symlink: /home/fbr/Lab2/src/install/cmd_vel_mux/share/cmd_vel_mux/cmake/cmd_vel_muxConfig.cmake
[28.391s] -- Up-to-date symlink: /home/fbr/Lab2/src/install/cmd_vel_mux/share/cmd_vel_mux/cmake/cmd_vel_muxConfig-version.cmake
[28.391s] -- Up-to-date symlink: /home/fbr/Lab2/src/install/cmd_vel_mux/share/cmd_vel_mux/package.xml
[28.405s] Invoked command in '/home/fbr/Lab2/src/build/cmd_vel_mux' returned '0': CMAKE_PREFIX_PATH=${CMAKE_PREFIX_PATH}:/home/fbr/work1_ws/install/laboratorio:/home/fbr/ros2_ws/install/my_first_package:/opt/ros/humble /usr/bin/cmake --install /home/fbr/Lab2/src/build/cmd_vel_mux
