[0.798s] Invoking command in '/home/fbr/Lab2/src/build/very_simple_robot_simulator': CMAKE_PREFIX_PATH=${CMAKE_PREFIX_PATH}:/home/fbr/work1_ws/install/laboratorio:/home/fbr/ros2_ws/install/my_first_package:/opt/ros/humble /usr/bin/cmake /home/fbr/Lab2/src/very_simple_robot_simulator -DCMAKE_INSTALL_PREFIX=/home/fbr/Lab2/src/install/very_simple_robot_simulator
[0.836s] -- Found ament_cmake: 1.3.8 (/opt/ros/humble/share/ament_cmake/cmake)
[1.491s] -- Override CMake install command with custom implementation using symlinks instead of copying resources
[1.562s] -- Found rclcpp: 16.0.8 (/opt/ros/humble/share/rclcpp/cmake)
[2.463s] -- Found rosidl_generator_c: 3.1.5 (/opt/ros/humble/share/rosidl_generator_c/cmake)
[2.484s] -- Found rosidl_adapter: 3.1.5 (/opt/ros/humble/share/rosidl_adapter/cmake)
[2.566s] -- Found rosidl_generator_cpp: 3.1.5 (/opt/ros/humble/share/rosidl_generator_cpp/cmake)
[2.675s] -- Using all available rosidl_typesupport_c: rosidl_typesupport_fastrtps_c;rosidl_typesupport_introspection_c
[2.912s] -- Using all available rosidl_typesupport_cpp: rosidl_typesupport_fastrtps_cpp;rosidl_typesupport_introspection_cpp
[3.477s] -- Found rmw_implementation_cmake: 6.1.1 (/opt/ros/humble/share/rmw_implementation_cmake/cmake)
[3.491s] -- Found rmw_fastrtps_cpp: 6.2.6 (/opt/ros/humble/share/rmw_fastrtps_cpp/cmake)
[24.503s] -- Using RMW implementation 'rmw_fastrtps_cpp' as default
[25.440s] -- Found rclpy: 3.3.12 (/opt/ros/humble/share/rclpy/cmake)
[25.441s] -- Found image_transport: 3.1.9 (/opt/ros/humble/share/image_transport/cmake)
[32.323s] -- Found nav_msgs: 4.2.3 (/opt/ros/humble/share/nav_msgs/cmake)
[32.733s] -- Found tf2: 0.25.6 (/opt/ros/humble/share/tf2/cmake)
[32.778s] -- Found tf2_geometry_msgs: 0.25.6 (/opt/ros/humble/share/tf2_geometry_msgs/cmake)
[32.798s] -- Found eigen3_cmake_module: 0.1.1 (/opt/ros/humble/share/eigen3_cmake_module/cmake)
[32.810s] -- Ensuring Eigen3 include directory is part of orocos-kdl CMake target
[34.250s] -- Found cv_bridge: 3.2.1 (/opt/ros/humble/share/cv_bridge/cmake)
[34.541s] -- Found ament_lint_auto: 0.12.10 (/opt/ros/humble/share/ament_lint_auto/cmake)
[34.796s] -- Added test 'cppcheck' to perform static code analysis on C / C++ code
[34.800s] -- Configured cppcheck include dirs: /home/fbr/Lab2/src/very_simple_robot_simulator/include/very_simple_robot_simulator
[34.800s] -- Configured cppcheck exclude dirs and/or files: 
[34.807s] -- Added test 'flake8' to check Python code syntax and style conventions
[34.809s] -- Added test 'lint_cmake' to check CMake code style
[34.811s] -- Added test 'pep257' to check Python code against some of the docstring style conventions in PEP 257
[34.821s] -- Added test 'uncrustify' to check C / C++ code style
[34.821s] -- Configured uncrustify additional arguments: 
[34.824s] -- Added test 'xmllint' to check XML markup files
[34.827s] -- Configuring done
[34.889s] -- Generating done
[34.896s] -- Build files have been written to: /home/fbr/Lab2/src/build/very_simple_robot_simulator
[34.924s] Invoked command in '/home/fbr/Lab2/src/build/very_simple_robot_simulator' returned '0': CMAKE_PREFIX_PATH=${CMAKE_PREFIX_PATH}:/home/fbr/work1_ws/install/laboratorio:/home/fbr/ros2_ws/install/my_first_package:/opt/ros/humble /usr/bin/cmake /home/fbr/Lab2/src/very_simple_robot_simulator -DCMAKE_INSTALL_PREFIX=/home/fbr/Lab2/src/install/very_simple_robot_simulator
[34.932s] Invoking command in '/home/fbr/Lab2/src/build/very_simple_robot_simulator': CMAKE_PREFIX_PATH=${CMAKE_PREFIX_PATH}:/home/fbr/work1_ws/install/laboratorio:/home/fbr/ros2_ws/install/my_first_package:/opt/ros/humble /usr/bin/cmake --build /home/fbr/Lab2/src/build/very_simple_robot_simulator -- -j4 -l4
[35.046s] [35m[1mConsolidate compiler generated dependencies of target kinect_simulator[0m
[35.091s] [  0%] Built target ament_cmake_python_symlink_very_simple_robot_simulator
[35.125s] [100%] Built target kinect_simulator
[35.840s] running egg_info
[35.842s] writing very_simple_robot_simulator.egg-info/PKG-INFO
[35.843s] writing dependency_links to very_simple_robot_simulator.egg-info/dependency_links.txt
[35.843s] writing top-level names to very_simple_robot_simulator.egg-info/top_level.txt
[35.849s] reading manifest file 'very_simple_robot_simulator.egg-info/SOURCES.txt'
[35.853s] writing manifest file 'very_simple_robot_simulator.egg-info/SOURCES.txt'
[35.920s] [100%] Built target ament_cmake_python_build_very_simple_robot_simulator_egg
[35.941s] Invoked command in '/home/fbr/Lab2/src/build/very_simple_robot_simulator' returned '0': CMAKE_PREFIX_PATH=${CMAKE_PREFIX_PATH}:/home/fbr/work1_ws/install/laboratorio:/home/fbr/ros2_ws/install/my_first_package:/opt/ros/humble /usr/bin/cmake --build /home/fbr/Lab2/src/build/very_simple_robot_simulator -- -j4 -l4
[36.013s] Invoking command in '/home/fbr/Lab2/src/build/very_simple_robot_simulator': CMAKE_PREFIX_PATH=${CMAKE_PREFIX_PATH}:/home/fbr/work1_ws/install/laboratorio:/home/fbr/ros2_ws/install/my_first_package:/opt/ros/humble /usr/bin/cmake --install /home/fbr/Lab2/src/build/very_simple_robot_simulator
[36.029s] -- Install configuration: ""
[36.034s] -- Execute custom install script
[36.035s] -- Up-to-date symlink: /home/fbr/Lab2/src/install/very_simple_robot_simulator/lib/very_simple_robot_simulator/kinect_simulator
[36.036s] -- Up-to-date symlink: /home/fbr/Lab2/src/install/very_simple_robot_simulator/share/very_simple_robot_simulator/environment/pythonpath.sh
[36.037s] -- Up-to-date symlink: /home/fbr/Lab2/src/install/very_simple_robot_simulator/share/very_simple_robot_simulator/environment/pythonpath.dsv
[36.038s] -- Up-to-date symlink: /home/fbr/Lab2/src/install/very_simple_robot_simulator/local/lib/python3.10/dist-packages/very_simple_robot_simulator-0.0.0-py3.10.egg-info/PKG-INFO
[36.039s] -- Up-to-date symlink: /home/fbr/Lab2/src/install/very_simple_robot_simulator/local/lib/python3.10/dist-packages/very_simple_robot_simulator-0.0.0-py3.10.egg-info/SOURCES.txt
[36.039s] -- Up-to-date symlink: /home/fbr/Lab2/src/install/very_simple_robot_simulator/local/lib/python3.10/dist-packages/very_simple_robot_simulator-0.0.0-py3.10.egg-info/dependency_links.txt
[36.039s] -- Up-to-date symlink: /home/fbr/Lab2/src/install/very_simple_robot_simulator/local/lib/python3.10/dist-packages/very_simple_robot_simulator-0.0.0-py3.10.egg-info/top_level.txt
[36.040s] -- Up-to-date symlink: /home/fbr/Lab2/src/install/very_simple_robot_simulator/local/lib/python3.10/dist-packages/very_simple_robot_simulator/__init__.py
[36.041s] -- Up-to-date symlink: /home/fbr/Lab2/src/install/very_simple_robot_simulator/lib/very_simple_robot_simulator/kinect_simulator.py
[36.041s] -- Up-to-date symlink: /home/fbr/Lab2/src/install/very_simple_robot_simulator/lib/very_simple_robot_simulator/kobuki_simulator.py
[36.042s] -- Up-to-date symlink: /home/fbr/Lab2/src/install/very_simple_robot_simulator/lib/very_simple_robot_simulator/lidar_simulator.py
[36.042s] -- Up-to-date symlink: /home/fbr/Lab2/src/install/very_simple_robot_simulator/lib/very_simple_robot_simulator/rangefinder.py
[36.043s] -- Up-to-date symlink: /home/fbr/Lab2/src/install/very_simple_robot_simulator/lib/very_simple_robot_simulator/utils.py
[36.043s] -- Up-to-date symlink: /home/fbr/Lab2/src/install/very_simple_robot_simulator/lib/very_simple_robot_simulator/world_state_gui.py
[36.044s] -- Up-to-date symlink: /home/fbr/Lab2/src/install/very_simple_robot_simulator/share/very_simple_robot_simulator//launch/lidar_simulator.xml
[36.045s] -- Up-to-date symlink: /home/fbr/Lab2/src/install/very_simple_robot_simulator/share/very_simple_robot_simulator//launch/minimal_simulator.xml
[36.046s] -- Up-to-date symlink: /home/fbr/Lab2/src/install/very_simple_robot_simulator/share/very_simple_robot_simulator//launch/minimal_simulator_py.xml
[36.046s] -- Up-to-date symlink: /home/fbr/Lab2/src/install/very_simple_robot_simulator/share/very_simple_robot_simulator//launch/openni_simulator.xml
[36.048s] -- Up-to-date symlink: /home/fbr/Lab2/src/install/very_simple_robot_simulator/share/very_simple_robot_simulator//launch/openni_simulator_py.xml
[36.050s] -- Up-to-date symlink: /home/fbr/Lab2/src/install/very_simple_robot_simulator/share/very_simple_robot_simulator//launch/run_all.xml
[36.051s] -- Up-to-date symlink: /home/fbr/Lab2/src/install/very_simple_robot_simulator/share/very_simple_robot_simulator//launch/world_state.xml
[36.053s] -- Up-to-date symlink: /home/fbr/Lab2/src/install/very_simple_robot_simulator/share/ament_index/resource_index/package_run_dependencies/very_simple_robot_simulator
[36.053s] -- Up-to-date symlink: /home/fbr/Lab2/src/install/very_simple_robot_simulator/share/ament_index/resource_index/parent_prefix_path/very_simple_robot_simulator
[36.054s] -- Up-to-date symlink: /home/fbr/Lab2/src/install/very_simple_robot_simulator/share/very_simple_robot_simulator/environment/ament_prefix_path.sh
[36.055s] -- Up-to-date symlink: /home/fbr/Lab2/src/install/very_simple_robot_simulator/share/very_simple_robot_simulator/environment/ament_prefix_path.dsv
[36.055s] -- Up-to-date symlink: /home/fbr/Lab2/src/install/very_simple_robot_simulator/share/very_simple_robot_simulator/environment/path.sh
[36.057s] -- Up-to-date symlink: /home/fbr/Lab2/src/install/very_simple_robot_simulator/share/very_simple_robot_simulator/environment/path.dsv
[36.057s] -- Up-to-date symlink: /home/fbr/Lab2/src/install/very_simple_robot_simulator/share/very_simple_robot_simulator/local_setup.bash
[36.058s] -- Up-to-date symlink: /home/fbr/Lab2/src/install/very_simple_robot_simulator/share/very_simple_robot_simulator/local_setup.sh
[36.058s] -- Up-to-date symlink: /home/fbr/Lab2/src/install/very_simple_robot_simulator/share/very_simple_robot_simulator/local_setup.zsh
[36.059s] -- Up-to-date symlink: /home/fbr/Lab2/src/install/very_simple_robot_simulator/share/very_simple_robot_simulator/local_setup.dsv
[36.059s] -- Symlinking: /home/fbr/Lab2/src/install/very_simple_robot_simulator/share/very_simple_robot_simulator/package.dsv
[36.075s] -- Up-to-date symlink: /home/fbr/Lab2/src/install/very_simple_robot_simulator/share/ament_index/resource_index/packages/very_simple_robot_simulator
[36.076s] -- Up-to-date symlink: /home/fbr/Lab2/src/install/very_simple_robot_simulator/share/very_simple_robot_simulator/cmake/very_simple_robot_simulatorConfig.cmake
[36.076s] -- Up-to-date symlink: /home/fbr/Lab2/src/install/very_simple_robot_simulator/share/very_simple_robot_simulator/cmake/very_simple_robot_simulatorConfig-version.cmake
[36.077s] -- Up-to-date symlink: /home/fbr/Lab2/src/install/very_simple_robot_simulator/share/very_simple_robot_simulator/package.xml
[36.242s] Listing '/home/fbr/Lab2/src/install/very_simple_robot_simulator/local/lib/python3.10/dist-packages/very_simple_robot_simulator'...
[36.268s] Invoked command in '/home/fbr/Lab2/src/build/very_simple_robot_simulator' returned '0': CMAKE_PREFIX_PATH=${CMAKE_PREFIX_PATH}:/home/fbr/work1_ws/install/laboratorio:/home/fbr/ros2_ws/install/my_first_package:/opt/ros/humble /usr/bin/cmake --install /home/fbr/Lab2/src/build/very_simple_robot_simulator
