[0.096s] Invoking command in '/home/fbr/Lab2/build/cmd_vel_mux': CMAKE_PREFIX_PATH=${CMAKE_PREFIX_PATH}:/home/fbr/Lab2/install/lab_navegation:/home/fbr/Lab2/install/Lab2_Navegacion:/home/fbr/work1_ws/install/laboratorio:/home/fbr/ros2_ws/install/my_first_package:/opt/ros/humble /usr/bin/cmake --build /home/fbr/Lab2/build/cmd_vel_mux -- -j4 -l4
[0.689s] [ 50%] Built target cmd_vel_mux
[0.690s] [100%] Built target cmd_vel_mux_node
[0.691s] Invoked command in '/home/fbr/Lab2/build/cmd_vel_mux' returned '0': CMAKE_PREFIX_PATH=${CMAKE_PREFIX_PATH}:/home/fbr/Lab2/install/lab_navegation:/home/fbr/Lab2/install/Lab2_Navegacion:/home/fbr/work1_ws/install/laboratorio:/home/fbr/ros2_ws/install/my_first_package:/opt/ros/humble /usr/bin/cmake --build /home/fbr/Lab2/build/cmd_vel_mux -- -j4 -l4
[0.781s] Invoking command in '/home/fbr/Lab2/build/cmd_vel_mux': CMAKE_PREFIX_PATH=${CMAKE_PREFIX_PATH}:/home/fbr/Lab2/install/lab_navegation:/home/fbr/Lab2/install/Lab2_Navegacion:/home/fbr/work1_ws/install/laboratorio:/home/fbr/ros2_ws/install/my_first_package:/opt/ros/humble /usr/bin/cmake --install /home/fbr/Lab2/build/cmd_vel_mux
[0.813s] -- Install configuration: ""
[0.817s] -- Execute custom install script
[0.820s] -- Up-to-date symlink: /home/fbr/Lab2/install/cmd_vel_mux/lib/cmd_vel_mux/cmd_vel_mux_node
[0.821s] -- Up-to-date symlink: /home/fbr/Lab2/install/cmd_vel_mux/lib/libcmd_vel_mux.so
[0.822s] -- Up-to-date symlink: /home/fbr/Lab2/install/cmd_vel_mux/include/cmd_vel_mux/cmd_vel_mux.hpp
[0.823s] -- Up-to-date symlink: /home/fbr/Lab2/install/cmd_vel_mux/share/cmd_vel_mux/config/cmd_vel_mux_params.yaml
[0.823s] -- Up-to-date symlink: /home/fbr/Lab2/install/cmd_vel_mux/share/cmd_vel_mux/launch/cmd_vel_mux-composed-launch.py
[0.824s] -- Up-to-date symlink: /home/fbr/Lab2/install/cmd_vel_mux/share/cmd_vel_mux/launch/cmd_vel_mux-launch.py
[0.825s] -- Up-to-date symlink: /home/fbr/Lab2/install/cmd_vel_mux/share/ament_index/resource_index/package_run_dependencies/cmd_vel_mux
[0.826s] -- Up-to-date symlink: /home/fbr/Lab2/install/cmd_vel_mux/share/ament_index/resource_index/parent_prefix_path/cmd_vel_mux
[0.839s] -- Up-to-date symlink: /home/fbr/Lab2/install/cmd_vel_mux/share/cmd_vel_mux/environment/ament_prefix_path.sh
[0.839s] -- Up-to-date symlink: /home/fbr/Lab2/install/cmd_vel_mux/share/cmd_vel_mux/environment/ament_prefix_path.dsv
[0.840s] -- Up-to-date symlink: /home/fbr/Lab2/install/cmd_vel_mux/share/cmd_vel_mux/environment/path.sh
[0.840s] -- Up-to-date symlink: /home/fbr/Lab2/install/cmd_vel_mux/share/cmd_vel_mux/environment/path.dsv
[0.840s] -- Up-to-date symlink: /home/fbr/Lab2/install/cmd_vel_mux/share/cmd_vel_mux/local_setup.bash
[0.841s] -- Up-to-date symlink: /home/fbr/Lab2/install/cmd_vel_mux/share/cmd_vel_mux/local_setup.sh
[0.841s] -- Up-to-date symlink: /home/fbr/Lab2/install/cmd_vel_mux/share/cmd_vel_mux/local_setup.zsh
[0.841s] -- Up-to-date symlink: /home/fbr/Lab2/install/cmd_vel_mux/share/cmd_vel_mux/local_setup.dsv
[0.842s] -- Symlinking: /home/fbr/Lab2/install/cmd_vel_mux/share/cmd_vel_mux/package.dsv
[0.860s] -- Up-to-date symlink: /home/fbr/Lab2/install/cmd_vel_mux/share/ament_index/resource_index/packages/cmd_vel_mux
[0.861s] -- Up-to-date symlink: /home/fbr/Lab2/install/cmd_vel_mux/share/ament_index/resource_index/rclcpp_components/cmd_vel_mux
[0.861s] -- Up-to-date symlink: /home/fbr/Lab2/install/cmd_vel_mux/share/cmd_vel_mux/cmake/cmd_vel_muxConfig.cmake
[0.862s] -- Up-to-date symlink: /home/fbr/Lab2/install/cmd_vel_mux/share/cmd_vel_mux/cmake/cmd_vel_muxConfig-version.cmake
[0.862s] -- Up-to-date symlink: /home/fbr/Lab2/install/cmd_vel_mux/share/cmd_vel_mux/package.xml
[0.871s] Invoked command in '/home/fbr/Lab2/build/cmd_vel_mux' returned '0': CMAKE_PREFIX_PATH=${CMAKE_PREFIX_PATH}:/home/fbr/Lab2/install/lab_navegation:/home/fbr/Lab2/install/Lab2_Navegacion:/home/fbr/work1_ws/install/laboratorio:/home/fbr/ros2_ws/install/my_first_package:/opt/ros/humble /usr/bin/cmake --install /home/fbr/Lab2/build/cmd_vel_mux
