[0.393s] DEBUG:colcon:Command line arguments: ['/usr/bin/colcon', 'build', '--symlink-install']
[0.393s] DEBUG:colcon:Parsed command line arguments: Namespace(log_base=None, log_level=None, verb_name='build', build_base='build', install_base='install', merge_install=False, symlink_install=True, test_result_base=None, continue_on_error=False, executor='parallel', parallel_workers=4, event_handlers=None, ignore_user_meta=False, metas=['./colcon.meta'], base_paths=['.'], packages_ignore=None, packages_ignore_regex=None, paths=None, packages_up_to=None, packages_up_to_regex=None, packages_above=None, packages_above_and_dependencies=None, packages_above_depth=None, packages_select_by_dep=None, packages_skip_by_dep=None, packages_skip_up_to=None, packages_select_build_failed=False, packages_skip_build_finished=False, packages_select_test_failures=False, packages_skip_test_passed=False, packages_select=None, packages_skip=None, packages_select_regex=None, packages_skip_regex=None, packages_start=None, packages_end=None, allow_overriding=[], cmake_args=None, cmake_target=None, cmake_target_skip_unavailable=False, cmake_clean_cache=False, cmake_clean_first=False, cmake_force_configure=False, ament_cmake_args=None, catkin_cmake_args=None, catkin_skip_building_tests=False, verb_parser=<colcon_defaults.argument_parser.defaults.DefaultArgumentsDecorator object at 0x7f19823ab070>, verb_extension=<colcon_core.verb.build.BuildVerb object at 0x7f19823aab30>, main=<bound method BuildVerb.main of <colcon_core.verb.build.BuildVerb object at 0x7f19823aab30>>)
[0.693s] Level 1:colcon.colcon_core.package_discovery:discover_packages(colcon_meta) check parameters
[0.694s] Level 1:colcon.colcon_core.package_discovery:discover_packages(recursive) check parameters
[0.694s] Level 1:colcon.colcon_core.package_discovery:discover_packages(ignore) check parameters
[0.694s] Level 1:colcon.colcon_core.package_discovery:discover_packages(path) check parameters
[0.694s] Level 1:colcon.colcon_core.package_discovery:discover_packages(colcon_meta) discover
[0.694s] Level 1:colcon.colcon_core.package_discovery:discover_packages(recursive) discover
[0.694s] INFO:colcon.colcon_core.package_discovery:Crawling recursively for packages in '/home/fbr/Lab2'
[0.694s] Level 1:colcon.colcon_core.package_identification:_identify(.) by extensions ['ignore', 'ignore_ament_install']
[0.695s] Level 1:colcon.colcon_core.package_identification:_identify(.) by extension 'ignore'
[0.695s] Level 1:colcon.colcon_core.package_identification:_identify(.) by extension 'ignore_ament_install'
[0.695s] Level 1:colcon.colcon_core.package_identification:_identify(.) by extensions ['colcon_pkg']
[0.695s] Level 1:colcon.colcon_core.package_identification:_identify(.) by extension 'colcon_pkg'
[0.695s] Level 1:colcon.colcon_core.package_identification:_identify(.) by extensions ['colcon_meta']
[0.695s] Level 1:colcon.colcon_core.package_identification:_identify(.) by extension 'colcon_meta'
[0.695s] Level 1:colcon.colcon_core.package_identification:_identify(.) by extensions ['ros']
[0.695s] Level 1:colcon.colcon_core.package_identification:_identify(.) by extension 'ros'
[0.721s] Level 1:colcon.colcon_core.package_identification:_identify(.) by extensions ['cmake', 'python']
[0.722s] Level 1:colcon.colcon_core.package_identification:_identify(.) by extension 'cmake'
[0.722s] Level 1:colcon.colcon_core.package_identification:_identify(.) by extension 'python'
[0.722s] Level 1:colcon.colcon_core.package_identification:_identify(.) by extensions ['python_setup_py']
[0.722s] Level 1:colcon.colcon_core.package_identification:_identify(.) by extension 'python_setup_py'
[0.722s] Level 1:colcon.colcon_core.package_identification:_identify(build) by extensions ['ignore', 'ignore_ament_install']
[0.722s] Level 1:colcon.colcon_core.package_identification:_identify(build) by extension 'ignore'
[0.722s] Level 1:colcon.colcon_core.package_identification:_identify(build) ignored
[0.723s] Level 1:colcon.colcon_core.package_identification:_identify(install) by extensions ['ignore', 'ignore_ament_install']
[0.723s] Level 1:colcon.colcon_core.package_identification:_identify(install) by extension 'ignore'
[0.723s] Level 1:colcon.colcon_core.package_identification:_identify(install) ignored
[0.723s] Level 1:colcon.colcon_core.package_identification:_identify(log) by extensions ['ignore', 'ignore_ament_install']
[0.724s] Level 1:colcon.colcon_core.package_identification:_identify(log) by extension 'ignore'
[0.724s] Level 1:colcon.colcon_core.package_identification:_identify(log) ignored
[0.724s] Level 1:colcon.colcon_core.package_identification:_identify(src) by extensions ['ignore', 'ignore_ament_install']
[0.724s] Level 1:colcon.colcon_core.package_identification:_identify(src) by extension 'ignore'
[0.724s] Level 1:colcon.colcon_core.package_identification:_identify(src) by extension 'ignore_ament_install'
[0.724s] Level 1:colcon.colcon_core.package_identification:_identify(src) by extensions ['colcon_pkg']
[0.724s] Level 1:colcon.colcon_core.package_identification:_identify(src) by extension 'colcon_pkg'
[0.725s] Level 1:colcon.colcon_core.package_identification:_identify(src) by extensions ['colcon_meta']
[0.725s] Level 1:colcon.colcon_core.package_identification:_identify(src) by extension 'colcon_meta'
[0.725s] Level 1:colcon.colcon_core.package_identification:_identify(src) by extensions ['ros']
[0.725s] Level 1:colcon.colcon_core.package_identification:_identify(src) by extension 'ros'
[0.725s] Level 1:colcon.colcon_core.package_identification:_identify(src) by extensions ['cmake', 'python']
[0.725s] Level 1:colcon.colcon_core.package_identification:_identify(src) by extension 'cmake'
[0.725s] Level 1:colcon.colcon_core.package_identification:_identify(src) by extension 'python'
[0.725s] Level 1:colcon.colcon_core.package_identification:_identify(src) by extensions ['python_setup_py']
[0.725s] Level 1:colcon.colcon_core.package_identification:_identify(src) by extension 'python_setup_py'
[0.726s] Level 1:colcon.colcon_core.package_identification:_identify(src/build) by extensions ['ignore', 'ignore_ament_install']
[0.726s] Level 1:colcon.colcon_core.package_identification:_identify(src/build) by extension 'ignore'
[0.726s] Level 1:colcon.colcon_core.package_identification:_identify(src/build) ignored
[0.726s] Level 1:colcon.colcon_core.package_identification:_identify(src/cmd_vel_mux) by extensions ['ignore', 'ignore_ament_install']
[0.726s] Level 1:colcon.colcon_core.package_identification:_identify(src/cmd_vel_mux) by extension 'ignore'
[0.727s] Level 1:colcon.colcon_core.package_identification:_identify(src/cmd_vel_mux) by extension 'ignore_ament_install'
[0.727s] Level 1:colcon.colcon_core.package_identification:_identify(src/cmd_vel_mux) by extensions ['colcon_pkg']
[0.727s] Level 1:colcon.colcon_core.package_identification:_identify(src/cmd_vel_mux) by extension 'colcon_pkg'
[0.727s] Level 1:colcon.colcon_core.package_identification:_identify(src/cmd_vel_mux) by extensions ['colcon_meta']
[0.727s] Level 1:colcon.colcon_core.package_identification:_identify(src/cmd_vel_mux) by extension 'colcon_meta'
[0.727s] Level 1:colcon.colcon_core.package_identification:_identify(src/cmd_vel_mux) by extensions ['ros']
[0.727s] Level 1:colcon.colcon_core.package_identification:_identify(src/cmd_vel_mux) by extension 'ros'
[0.732s] DEBUG:colcon.colcon_core.package_identification:Package 'src/cmd_vel_mux' with type 'ros.ament_cmake' and name 'cmd_vel_mux'
[0.733s] Level 1:colcon.colcon_core.package_identification:_identify(src/install) by extensions ['ignore', 'ignore_ament_install']
[0.733s] Level 1:colcon.colcon_core.package_identification:_identify(src/install) by extension 'ignore'
[0.733s] Level 1:colcon.colcon_core.package_identification:_identify(src/install) ignored
[0.733s] Level 1:colcon.colcon_core.package_identification:_identify(src/lab_navegation) by extensions ['ignore', 'ignore_ament_install']
[0.734s] Level 1:colcon.colcon_core.package_identification:_identify(src/lab_navegation) by extension 'ignore'
[0.734s] Level 1:colcon.colcon_core.package_identification:_identify(src/lab_navegation) by extension 'ignore_ament_install'
[0.734s] Level 1:colcon.colcon_core.package_identification:_identify(src/lab_navegation) by extensions ['colcon_pkg']
[0.734s] Level 1:colcon.colcon_core.package_identification:_identify(src/lab_navegation) by extension 'colcon_pkg'
[0.734s] Level 1:colcon.colcon_core.package_identification:_identify(src/lab_navegation) by extensions ['colcon_meta']
[0.734s] Level 1:colcon.colcon_core.package_identification:_identify(src/lab_navegation) by extension 'colcon_meta'
[0.734s] Level 1:colcon.colcon_core.package_identification:_identify(src/lab_navegation) by extensions ['ros']
[0.734s] Level 1:colcon.colcon_core.package_identification:_identify(src/lab_navegation) by extension 'ros'
[0.735s] DEBUG:colcon.colcon_core.package_identification:Package 'src/lab_navegation' with type 'ros.ament_python' and name 'lab_navegation'
[0.735s] Level 1:colcon.colcon_core.package_identification:_identify(src/log) by extensions ['ignore', 'ignore_ament_install']
[0.736s] Level 1:colcon.colcon_core.package_identification:_identify(src/log) by extension 'ignore'
[0.736s] Level 1:colcon.colcon_core.package_identification:_identify(src/log) ignored
[0.736s] Level 1:colcon.colcon_core.package_identification:_identify(src/very_simple_robot_simulator) by extensions ['ignore', 'ignore_ament_install']
[0.736s] Level 1:colcon.colcon_core.package_identification:_identify(src/very_simple_robot_simulator) by extension 'ignore'
[0.736s] Level 1:colcon.colcon_core.package_identification:_identify(src/very_simple_robot_simulator) by extension 'ignore_ament_install'
[0.736s] Level 1:colcon.colcon_core.package_identification:_identify(src/very_simple_robot_simulator) by extensions ['colcon_pkg']
[0.736s] Level 1:colcon.colcon_core.package_identification:_identify(src/very_simple_robot_simulator) by extension 'colcon_pkg'
[0.737s] Level 1:colcon.colcon_core.package_identification:_identify(src/very_simple_robot_simulator) by extensions ['colcon_meta']
[0.737s] Level 1:colcon.colcon_core.package_identification:_identify(src/very_simple_robot_simulator) by extension 'colcon_meta'
[0.737s] Level 1:colcon.colcon_core.package_identification:_identify(src/very_simple_robot_simulator) by extensions ['ros']
[0.737s] Level 1:colcon.colcon_core.package_identification:_identify(src/very_simple_robot_simulator) by extension 'ros'
[0.738s] DEBUG:colcon.colcon_core.package_identification:Package 'src/very_simple_robot_simulator' with type 'ros.ament_cmake' and name 'very_simple_robot_simulator'
[0.738s] Level 1:colcon.colcon_core.package_discovery:discover_packages(recursive) using defaults
[0.738s] Level 1:colcon.colcon_core.package_discovery:discover_packages(ignore) discover
[0.739s] Level 1:colcon.colcon_core.package_discovery:discover_packages(ignore) using defaults
[0.739s] Level 1:colcon.colcon_core.package_discovery:discover_packages(path) discover
[0.739s] Level 1:colcon.colcon_core.package_discovery:discover_packages(path) using defaults
[0.779s] Level 1:colcon.colcon_core.package_discovery:discover_packages(prefix_path) check parameters
[0.779s] Level 1:colcon.colcon_core.package_discovery:discover_packages(prefix_path) discover
[0.783s] DEBUG:colcon.colcon_installed_package_information.package_discovery:Found 3 installed packages in /home/fbr/work1_ws/install
[0.784s] DEBUG:colcon.colcon_installed_package_information.package_discovery:Found 1 installed packages in /home/fbr/ros2_ws/install
[0.786s] DEBUG:colcon.colcon_installed_package_information.package_discovery:Found 273 installed packages in /opt/ros/humble
[0.789s] Level 1:colcon.colcon_core.package_discovery:discover_packages(prefix_path) using defaults
[0.890s] Level 5:colcon.colcon_core.verb:set package 'cmd_vel_mux' build argument 'cmake_args' from command line to 'None'
[0.890s] Level 5:colcon.colcon_core.verb:set package 'cmd_vel_mux' build argument 'cmake_target' from command line to 'None'
[0.890s] Level 5:colcon.colcon_core.verb:set package 'cmd_vel_mux' build argument 'cmake_target_skip_unavailable' from command line to 'False'
[0.890s] Level 5:colcon.colcon_core.verb:set package 'cmd_vel_mux' build argument 'cmake_clean_cache' from command line to 'False'
[0.891s] Level 5:colcon.colcon_core.verb:set package 'cmd_vel_mux' build argument 'cmake_clean_first' from command line to 'False'
[0.891s] Level 5:colcon.colcon_core.verb:set package 'cmd_vel_mux' build argument 'cmake_force_configure' from command line to 'False'
[0.891s] Level 5:colcon.colcon_core.verb:set package 'cmd_vel_mux' build argument 'ament_cmake_args' from command line to 'None'
[0.891s] Level 5:colcon.colcon_core.verb:set package 'cmd_vel_mux' build argument 'catkin_cmake_args' from command line to 'None'
[0.891s] Level 5:colcon.colcon_core.verb:set package 'cmd_vel_mux' build argument 'catkin_skip_building_tests' from command line to 'False'
[0.891s] DEBUG:colcon.colcon_core.verb:Building package 'cmd_vel_mux' with the following arguments: {'ament_cmake_args': None, 'build_base': '/home/fbr/Lab2/build/cmd_vel_mux', 'catkin_cmake_args': None, 'catkin_skip_building_tests': False, 'cmake_args': None, 'cmake_clean_cache': False, 'cmake_clean_first': False, 'cmake_force_configure': False, 'cmake_target': None, 'cmake_target_skip_unavailable': False, 'install_base': '/home/fbr/Lab2/install/cmd_vel_mux', 'merge_install': False, 'path': '/home/fbr/Lab2/src/cmd_vel_mux', 'symlink_install': True, 'test_result_base': None}
[0.892s] Level 5:colcon.colcon_core.verb:set package 'lab_navegation' build argument 'cmake_args' from command line to 'None'
[0.892s] Level 5:colcon.colcon_core.verb:set package 'lab_navegation' build argument 'cmake_target' from command line to 'None'
[0.892s] Level 5:colcon.colcon_core.verb:set package 'lab_navegation' build argument 'cmake_target_skip_unavailable' from command line to 'False'
[0.892s] Level 5:colcon.colcon_core.verb:set package 'lab_navegation' build argument 'cmake_clean_cache' from command line to 'False'
[0.892s] Level 5:colcon.colcon_core.verb:set package 'lab_navegation' build argument 'cmake_clean_first' from command line to 'False'
[0.892s] Level 5:colcon.colcon_core.verb:set package 'lab_navegation' build argument 'cmake_force_configure' from command line to 'False'
[0.892s] Level 5:colcon.colcon_core.verb:set package 'lab_navegation' build argument 'ament_cmake_args' from command line to 'None'
[0.892s] Level 5:colcon.colcon_core.verb:set package 'lab_navegation' build argument 'catkin_cmake_args' from command line to 'None'
[0.892s] Level 5:colcon.colcon_core.verb:set package 'lab_navegation' build argument 'catkin_skip_building_tests' from command line to 'False'
[0.892s] DEBUG:colcon.colcon_core.verb:Building package 'lab_navegation' with the following arguments: {'ament_cmake_args': None, 'build_base': '/home/fbr/Lab2/build/lab_navegation', 'catkin_cmake_args': None, 'catkin_skip_building_tests': False, 'cmake_args': None, 'cmake_clean_cache': False, 'cmake_clean_first': False, 'cmake_force_configure': False, 'cmake_target': None, 'cmake_target_skip_unavailable': False, 'install_base': '/home/fbr/Lab2/install/lab_navegation', 'merge_install': False, 'path': '/home/fbr/Lab2/src/lab_navegation', 'symlink_install': True, 'test_result_base': None}
[0.893s] Level 5:colcon.colcon_core.verb:set package 'very_simple_robot_simulator' build argument 'cmake_args' from command line to 'None'
[0.893s] Level 5:colcon.colcon_core.verb:set package 'very_simple_robot_simulator' build argument 'cmake_target' from command line to 'None'
[0.893s] Level 5:colcon.colcon_core.verb:set package 'very_simple_robot_simulator' build argument 'cmake_target_skip_unavailable' from command line to 'False'
[0.893s] Level 5:colcon.colcon_core.verb:set package 'very_simple_robot_simulator' build argument 'cmake_clean_cache' from command line to 'False'
[0.893s] Level 5:colcon.colcon_core.verb:set package 'very_simple_robot_simulator' build argument 'cmake_clean_first' from command line to 'False'
[0.893s] Level 5:colcon.colcon_core.verb:set package 'very_simple_robot_simulator' build argument 'cmake_force_configure' from command line to 'False'
[0.893s] Level 5:colcon.colcon_core.verb:set package 'very_simple_robot_simulator' build argument 'ament_cmake_args' from command line to 'None'
[0.893s] Level 5:colcon.colcon_core.verb:set package 'very_simple_robot_simulator' build argument 'catkin_cmake_args' from command line to 'None'
[0.893s] Level 5:colcon.colcon_core.verb:set package 'very_simple_robot_simulator' build argument 'catkin_skip_building_tests' from command line to 'False'
[0.893s] DEBUG:colcon.colcon_core.verb:Building package 'very_simple_robot_simulator' with the following arguments: {'ament_cmake_args': None, 'build_base': '/home/fbr/Lab2/build/very_simple_robot_simulator', 'catkin_cmake_args': None, 'catkin_skip_building_tests': False, 'cmake_args': None, 'cmake_clean_cache': False, 'cmake_clean_first': False, 'cmake_force_configure': False, 'cmake_target': None, 'cmake_target_skip_unavailable': False, 'install_base': '/home/fbr/Lab2/install/very_simple_robot_simulator', 'merge_install': False, 'path': '/home/fbr/Lab2/src/very_simple_robot_simulator', 'symlink_install': True, 'test_result_base': None}
[0.894s] INFO:colcon.colcon_core.executor:Executing jobs using 'parallel' executor
[0.895s] DEBUG:colcon.colcon_parallel_executor.executor.parallel:run_until_complete
[0.896s] INFO:colcon.colcon_ros.task.ament_cmake.build:Building ROS package in '/home/fbr/Lab2/src/cmd_vel_mux' with build type 'ament_cmake'
[0.896s] INFO:colcon.colcon_cmake.task.cmake.build:Building CMake package in '/home/fbr/Lab2/src/cmd_vel_mux'
[0.902s] INFO:colcon.colcon_core.plugin_system:Skipping extension 'colcon_core.shell.bat': Not used on non-Windows systems
[0.903s] INFO:colcon.colcon_core.shell:Skip shell extension 'powershell' for command environment: Not usable outside of PowerShell
[0.903s] DEBUG:colcon.colcon_core.shell:Skip shell extension 'dsv' for command environment
[0.912s] INFO:colcon.colcon_ros.task.ament_python.build:Building ROS package in '/home/fbr/Lab2/src/lab_navegation' with build type 'ament_python'
[0.912s] Level 1:colcon.colcon_core.shell:create_environment_hook('lab_navegation', 'ament_prefix_path')
[0.913s] INFO:colcon.colcon_core.shell:Creating environment hook '/home/fbr/Lab2/install/lab_navegation/share/lab_navegation/hook/ament_prefix_path.ps1'
[0.916s] INFO:colcon.colcon_core.shell:Creating environment descriptor '/home/fbr/Lab2/install/lab_navegation/share/lab_navegation/hook/ament_prefix_path.dsv'
[0.917s] INFO:colcon.colcon_core.shell:Creating environment hook '/home/fbr/Lab2/install/lab_navegation/share/lab_navegation/hook/ament_prefix_path.sh'
[0.919s] INFO:colcon.colcon_core.shell:Skip shell extension 'powershell' for command environment: Not usable outside of PowerShell
[0.919s] DEBUG:colcon.colcon_core.shell:Skip shell extension 'dsv' for command environment
[0.928s] INFO:colcon.colcon_ros.task.ament_cmake.build:Building ROS package in '/home/fbr/Lab2/src/very_simple_robot_simulator' with build type 'ament_cmake'
[0.929s] INFO:colcon.colcon_cmake.task.cmake.build:Building CMake package in '/home/fbr/Lab2/src/very_simple_robot_simulator'
[0.929s] INFO:colcon.colcon_core.shell:Skip shell extension 'powershell' for command environment: Not usable outside of PowerShell
[0.929s] DEBUG:colcon.colcon_core.shell:Skip shell extension 'dsv' for command environment
[0.953s] DEBUG:colcon.colcon_core.event_handler.log_command:Invoking command in '/home/fbr/Lab2/build/cmd_vel_mux': CMAKE_PREFIX_PATH=${CMAKE_PREFIX_PATH}:/home/fbr/work1_ws/install/laboratorio:/home/fbr/ros2_ws/install/my_first_package:/opt/ros/humble /usr/bin/cmake --build /home/fbr/Lab2/build/cmd_vel_mux -- -j4 -l4
[1.501s] INFO:colcon.colcon_core.task.python.build:Building Python package in '/home/fbr/Lab2/src/lab_navegation'
[1.501s] INFO:colcon.colcon_core.shell:Skip shell extension 'powershell' for command environment: Not usable outside of PowerShell
[1.502s] DEBUG:colcon.colcon_core.shell:Skip shell extension 'dsv' for command environment
[1.530s] DEBUG:colcon.colcon_core.event_handler.log_command:Invoking command in '/home/fbr/Lab2/build/very_simple_robot_simulator': CMAKE_PREFIX_PATH=${CMAKE_PREFIX_PATH}:/home/fbr/work1_ws/install/laboratorio:/home/fbr/ros2_ws/install/my_first_package:/opt/ros/humble /usr/bin/cmake --build /home/fbr/Lab2/build/very_simple_robot_simulator -- -j4 -l4
[1.533s] DEBUG:colcon.colcon_core.event_handler.log_command:Invoked command in '/home/fbr/Lab2/build/cmd_vel_mux' returned '0': CMAKE_PREFIX_PATH=${CMAKE_PREFIX_PATH}:/home/fbr/work1_ws/install/laboratorio:/home/fbr/ros2_ws/install/my_first_package:/opt/ros/humble /usr/bin/cmake --build /home/fbr/Lab2/build/cmd_vel_mux -- -j4 -l4
[1.617s] DEBUG:colcon.colcon_core.event_handler.log_command:Invoking command in '/home/fbr/Lab2/build/cmd_vel_mux': CMAKE_PREFIX_PATH=${CMAKE_PREFIX_PATH}:/home/fbr/work1_ws/install/laboratorio:/home/fbr/ros2_ws/install/my_first_package:/opt/ros/humble /usr/bin/cmake --install /home/fbr/Lab2/build/cmd_vel_mux
[1.679s] Level 1:colcon.colcon_core.environment:create_environment_scripts_only(cmd_vel_mux)
[1.683s] DEBUG:colcon.colcon_core.event_handler.log_command:Invoked command in '/home/fbr/Lab2/build/cmd_vel_mux' returned '0': CMAKE_PREFIX_PATH=${CMAKE_PREFIX_PATH}:/home/fbr/work1_ws/install/laboratorio:/home/fbr/ros2_ws/install/my_first_package:/opt/ros/humble /usr/bin/cmake --install /home/fbr/Lab2/build/cmd_vel_mux
[1.687s] Level 1:colcon.colcon_core.environment:checking '/home/fbr/Lab2/install/cmd_vel_mux' for CMake module files
[1.689s] Level 1:colcon.colcon_core.environment:checking '/home/fbr/Lab2/install/cmd_vel_mux' for CMake config files
[1.691s] Level 1:colcon.colcon_core.shell:create_environment_hook('cmd_vel_mux', 'cmake_prefix_path')
[1.692s] INFO:colcon.colcon_core.shell:Creating environment hook '/home/fbr/Lab2/install/cmd_vel_mux/share/cmd_vel_mux/hook/cmake_prefix_path.ps1'
[1.694s] INFO:colcon.colcon_core.shell:Creating environment descriptor '/home/fbr/Lab2/install/cmd_vel_mux/share/cmd_vel_mux/hook/cmake_prefix_path.dsv'
[1.695s] INFO:colcon.colcon_core.shell:Creating environment hook '/home/fbr/Lab2/install/cmd_vel_mux/share/cmd_vel_mux/hook/cmake_prefix_path.sh'
[1.697s] Level 1:colcon.colcon_core.environment:checking '/home/fbr/Lab2/install/cmd_vel_mux/lib'
[1.698s] Level 1:colcon.colcon_core.shell:create_environment_hook('cmd_vel_mux', 'ld_library_path_lib')
[1.699s] INFO:colcon.colcon_core.shell:Creating environment hook '/home/fbr/Lab2/install/cmd_vel_mux/share/cmd_vel_mux/hook/ld_library_path_lib.ps1'
[1.701s] INFO:colcon.colcon_core.shell:Creating environment descriptor '/home/fbr/Lab2/install/cmd_vel_mux/share/cmd_vel_mux/hook/ld_library_path_lib.dsv'
[1.701s] INFO:colcon.colcon_core.shell:Creating environment hook '/home/fbr/Lab2/install/cmd_vel_mux/share/cmd_vel_mux/hook/ld_library_path_lib.sh'
[1.702s] Level 1:colcon.colcon_core.environment:checking '/home/fbr/Lab2/install/cmd_vel_mux/bin'
[1.702s] Level 1:colcon.colcon_core.environment:checking '/home/fbr/Lab2/install/cmd_vel_mux/lib/pkgconfig/cmd_vel_mux.pc'
[1.703s] Level 1:colcon.colcon_core.environment:checking '/home/fbr/Lab2/install/cmd_vel_mux/lib/python3.10/site-packages'
[1.703s] Level 1:colcon.colcon_core.environment:checking '/home/fbr/Lab2/install/cmd_vel_mux/bin'
[1.704s] INFO:colcon.colcon_core.shell:Creating package script '/home/fbr/Lab2/install/cmd_vel_mux/share/cmd_vel_mux/package.ps1'
[1.706s] INFO:colcon.colcon_core.shell:Creating package descriptor '/home/fbr/Lab2/install/cmd_vel_mux/share/cmd_vel_mux/package.dsv'
[1.707s] INFO:colcon.colcon_core.shell:Creating package script '/home/fbr/Lab2/install/cmd_vel_mux/share/cmd_vel_mux/package.sh'
[1.709s] INFO:colcon.colcon_core.shell:Creating package script '/home/fbr/Lab2/install/cmd_vel_mux/share/cmd_vel_mux/package.bash'
[1.711s] INFO:colcon.colcon_core.shell:Creating package script '/home/fbr/Lab2/install/cmd_vel_mux/share/cmd_vel_mux/package.zsh'
[1.712s] Level 1:colcon.colcon_core.environment:create_file_with_runtime_dependencies(/home/fbr/Lab2/install/cmd_vel_mux/share/colcon-core/packages/cmd_vel_mux)
[1.719s] DEBUG:colcon.colcon_core.event_handler.log_command:Invoked command in '/home/fbr/Lab2/build/very_simple_robot_simulator' returned '2': CMAKE_PREFIX_PATH=${CMAKE_PREFIX_PATH}:/home/fbr/work1_ws/install/laboratorio:/home/fbr/ros2_ws/install/my_first_package:/opt/ros/humble /usr/bin/cmake --build /home/fbr/Lab2/build/very_simple_robot_simulator -- -j4 -l4
[1.777s] Level 1:colcon.colcon_core.environment:create_environment_scripts_only(cmd_vel_mux)
[1.778s] Level 1:colcon.colcon_core.environment:checking '/home/fbr/Lab2/install/cmd_vel_mux' for CMake module files
[1.780s] Level 1:colcon.colcon_core.environment:checking '/home/fbr/Lab2/install/cmd_vel_mux' for CMake config files
[1.782s] Level 1:colcon.colcon_core.shell:create_environment_hook('cmd_vel_mux', 'cmake_prefix_path')
[1.783s] INFO:colcon.colcon_core.shell:Creating environment hook '/home/fbr/Lab2/install/cmd_vel_mux/share/cmd_vel_mux/hook/cmake_prefix_path.ps1'
[1.784s] INFO:colcon.colcon_core.shell:Creating environment descriptor '/home/fbr/Lab2/install/cmd_vel_mux/share/cmd_vel_mux/hook/cmake_prefix_path.dsv'
[1.786s] INFO:colcon.colcon_core.shell:Creating environment hook '/home/fbr/Lab2/install/cmd_vel_mux/share/cmd_vel_mux/hook/cmake_prefix_path.sh'
[1.787s] Level 1:colcon.colcon_core.environment:checking '/home/fbr/Lab2/install/cmd_vel_mux/lib'
[1.788s] Level 1:colcon.colcon_core.shell:create_environment_hook('cmd_vel_mux', 'ld_library_path_lib')
[1.789s] INFO:colcon.colcon_core.shell:Creating environment hook '/home/fbr/Lab2/install/cmd_vel_mux/share/cmd_vel_mux/hook/ld_library_path_lib.ps1'
[1.790s] INFO:colcon.colcon_core.shell:Creating environment descriptor '/home/fbr/Lab2/install/cmd_vel_mux/share/cmd_vel_mux/hook/ld_library_path_lib.dsv'
[1.791s] INFO:colcon.colcon_core.shell:Creating environment hook '/home/fbr/Lab2/install/cmd_vel_mux/share/cmd_vel_mux/hook/ld_library_path_lib.sh'
[1.793s] Level 1:colcon.colcon_core.environment:checking '/home/fbr/Lab2/install/cmd_vel_mux/bin'
[1.793s] Level 1:colcon.colcon_core.environment:checking '/home/fbr/Lab2/install/cmd_vel_mux/lib/pkgconfig/cmd_vel_mux.pc'
[1.795s] Level 1:colcon.colcon_core.environment:checking '/home/fbr/Lab2/install/cmd_vel_mux/lib/python3.10/site-packages'
[1.795s] Level 1:colcon.colcon_core.environment:checking '/home/fbr/Lab2/install/cmd_vel_mux/bin'
[1.796s] INFO:colcon.colcon_core.shell:Creating package script '/home/fbr/Lab2/install/cmd_vel_mux/share/cmd_vel_mux/package.ps1'
[1.798s] INFO:colcon.colcon_core.shell:Creating package descriptor '/home/fbr/Lab2/install/cmd_vel_mux/share/cmd_vel_mux/package.dsv'
[1.800s] INFO:colcon.colcon_core.shell:Creating package script '/home/fbr/Lab2/install/cmd_vel_mux/share/cmd_vel_mux/package.sh'
[1.801s] INFO:colcon.colcon_core.shell:Creating package script '/home/fbr/Lab2/install/cmd_vel_mux/share/cmd_vel_mux/package.bash'
[1.802s] INFO:colcon.colcon_core.shell:Creating package script '/home/fbr/Lab2/install/cmd_vel_mux/share/cmd_vel_mux/package.zsh'
[1.803s] Level 1:colcon.colcon_core.environment:create_file_with_runtime_dependencies(/home/fbr/Lab2/install/cmd_vel_mux/share/colcon-core/packages/cmd_vel_mux)
[1.806s] Level 1:colcon.colcon_core.environment:create_environment_scripts_only(very_simple_robot_simulator)
[1.807s] Level 1:colcon.colcon_core.environment:checking '/home/fbr/Lab2/install/very_simple_robot_simulator' for CMake module files
[1.812s] Level 1:colcon.colcon_core.environment:checking '/home/fbr/Lab2/install/very_simple_robot_simulator' for CMake config files
[1.813s] Level 1:colcon.colcon_core.shell:create_environment_hook('very_simple_robot_simulator', 'cmake_prefix_path')
[1.813s] INFO:colcon.colcon_core.shell:Creating environment hook '/home/fbr/Lab2/install/very_simple_robot_simulator/share/very_simple_robot_simulator/hook/cmake_prefix_path.ps1'
[1.814s] INFO:colcon.colcon_core.shell:Creating environment descriptor '/home/fbr/Lab2/install/very_simple_robot_simulator/share/very_simple_robot_simulator/hook/cmake_prefix_path.dsv'
[1.815s] INFO:colcon.colcon_core.shell:Creating environment hook '/home/fbr/Lab2/install/very_simple_robot_simulator/share/very_simple_robot_simulator/hook/cmake_prefix_path.sh'
[1.817s] Level 1:colcon.colcon_core.environment:checking '/home/fbr/Lab2/install/very_simple_robot_simulator/lib'
[1.817s] Level 1:colcon.colcon_core.environment:checking '/home/fbr/Lab2/install/very_simple_robot_simulator/bin'
[1.817s] Level 1:colcon.colcon_core.environment:checking '/home/fbr/Lab2/install/very_simple_robot_simulator/lib/pkgconfig/very_simple_robot_simulator.pc'
[1.818s] Level 1:colcon.colcon_core.environment:checking '/home/fbr/Lab2/install/very_simple_robot_simulator/lib/python3.10/site-packages'
[1.818s] Level 1:colcon.colcon_core.environment:checking '/home/fbr/Lab2/install/very_simple_robot_simulator/bin'
[1.819s] INFO:colcon.colcon_core.shell:Creating package script '/home/fbr/Lab2/install/very_simple_robot_simulator/share/very_simple_robot_simulator/package.ps1'
[1.821s] INFO:colcon.colcon_core.shell:Creating package descriptor '/home/fbr/Lab2/install/very_simple_robot_simulator/share/very_simple_robot_simulator/package.dsv'
[1.822s] INFO:colcon.colcon_core.shell:Creating package script '/home/fbr/Lab2/install/very_simple_robot_simulator/share/very_simple_robot_simulator/package.sh'
[1.824s] INFO:colcon.colcon_core.shell:Creating package script '/home/fbr/Lab2/install/very_simple_robot_simulator/share/very_simple_robot_simulator/package.bash'
[1.826s] INFO:colcon.colcon_core.shell:Creating package script '/home/fbr/Lab2/install/very_simple_robot_simulator/share/very_simple_robot_simulator/package.zsh'
[1.827s] Level 1:colcon.colcon_core.environment:create_file_with_runtime_dependencies(/home/fbr/Lab2/install/very_simple_robot_simulator/share/colcon-core/packages/very_simple_robot_simulator)
[2.334s] DEBUG:colcon.colcon_parallel_executor.executor.parallel:closing loop
[2.334s] DEBUG:colcon.colcon_parallel_executor.executor.parallel:loop closed
[2.335s] DEBUG:colcon.colcon_parallel_executor.executor.parallel:run_until_complete finished with '2'
[2.335s] DEBUG:colcon.colcon_core.event_reactor:joining thread
[2.453s] INFO:colcon.colcon_core.plugin_system:Skipping extension 'colcon_notification.desktop_notification.notify_send': Could not find 'notify-send'
[2.453s] INFO:colcon.colcon_core.plugin_system:Skipping extension 'colcon_notification.desktop_notification.terminal_notifier': Not used on non-Darwin systems
[2.454s] INFO:colcon.colcon_core.plugin_system:Skipping extension 'colcon_notification.desktop_notification.win32': Not used on non-Windows systems
[2.454s] INFO:colcon.colcon_notification.desktop_notification:Sending desktop notification using 'notify2'
[2.454s] DEBUG:colcon.colcon_notification.desktop_notification.notify2:Failed to initialize notify2: org.freedesktop.DBus.Error.FileNotFound: Failed to connect to socket /run/user/1000/bus: No such file or directory
[2.454s] DEBUG:colcon.colcon_core.event_reactor:joined thread
[2.455s] INFO:colcon.colcon_core.shell:Creating prefix script '/home/fbr/Lab2/install/local_setup.ps1'
[2.456s] INFO:colcon.colcon_core.shell:Creating prefix util module '/home/fbr/Lab2/install/_local_setup_util_ps1.py'
[2.459s] INFO:colcon.colcon_core.shell:Creating prefix chain script '/home/fbr/Lab2/install/setup.ps1'
[2.462s] INFO:colcon.colcon_core.shell:Creating prefix script '/home/fbr/Lab2/install/local_setup.sh'
[2.463s] INFO:colcon.colcon_core.shell:Creating prefix util module '/home/fbr/Lab2/install/_local_setup_util_sh.py'
[2.464s] INFO:colcon.colcon_core.shell:Creating prefix chain script '/home/fbr/Lab2/install/setup.sh'
[2.467s] INFO:colcon.colcon_core.shell:Creating prefix script '/home/fbr/Lab2/install/local_setup.bash'
[2.469s] INFO:colcon.colcon_core.shell:Creating prefix chain script '/home/fbr/Lab2/install/setup.bash'
[2.472s] INFO:colcon.colcon_core.shell:Creating prefix script '/home/fbr/Lab2/install/local_setup.zsh'
[2.473s] INFO:colcon.colcon_core.shell:Creating prefix chain script '/home/fbr/Lab2/install/setup.zsh'
