[0.433s] DEBUG:colcon:Command line arguments: ['/usr/bin/colcon', 'build']
[0.433s] DEBUG:colcon:Parsed command line arguments: Namespace(log_base=None, log_level=None, verb_name='build', build_base='build', install_base='install', merge_install=False, symlink_install=False, test_result_base=None, continue_on_error=False, executor='parallel', parallel_workers=4, event_handlers=None, ignore_user_meta=False, metas=['./colcon.meta'], base_paths=['.'], packages_ignore=None, packages_ignore_regex=None, paths=None, packages_up_to=None, packages_up_to_regex=None, packages_above=None, packages_above_and_dependencies=None, packages_above_depth=None, packages_select_by_dep=None, packages_skip_by_dep=None, packages_skip_up_to=None, packages_select_build_failed=False, packages_skip_build_finished=False, packages_select_test_failures=False, packages_skip_test_passed=False, packages_select=None, packages_skip=None, packages_select_regex=None, packages_skip_regex=None, packages_start=None, packages_end=None, allow_overriding=[], cmake_args=None, cmake_target=None, cmake_target_skip_unavailable=False, cmake_clean_cache=False, cmake_clean_first=False, cmake_force_configure=False, ament_cmake_args=None, catkin_cmake_args=None, catkin_skip_building_tests=False, verb_parser=<colcon_defaults.argument_parser.defaults.DefaultArgumentsDecorator object at 0x7f32e74df880>, verb_extension=<colcon_core.verb.build.BuildVerb object at 0x7f32e74df340>, main=<bound method BuildVerb.main of <colcon_core.verb.build.BuildVerb object at 0x7f32e74df340>>)
[0.758s] Level 1:colcon.colcon_core.package_discovery:discover_packages(colcon_meta) check parameters
[0.758s] Level 1:colcon.colcon_core.package_discovery:discover_packages(recursive) check parameters
[0.759s] Level 1:colcon.colcon_core.package_discovery:discover_packages(ignore) check parameters
[0.759s] Level 1:colcon.colcon_core.package_discovery:discover_packages(path) check parameters
[0.759s] Level 1:colcon.colcon_core.package_discovery:discover_packages(colcon_meta) discover
[0.759s] Level 1:colcon.colcon_core.package_discovery:discover_packages(recursive) discover
[0.759s] INFO:colcon.colcon_core.package_discovery:Crawling recursively for packages in '/home/fbr/Lab2'
[0.759s] Level 1:colcon.colcon_core.package_identification:_identify(.) by extensions ['ignore', 'ignore_ament_install']
[0.760s] Level 1:colcon.colcon_core.package_identification:_identify(.) by extension 'ignore'
[0.760s] Level 1:colcon.colcon_core.package_identification:_identify(.) by extension 'ignore_ament_install'
[0.760s] Level 1:colcon.colcon_core.package_identification:_identify(.) by extensions ['colcon_pkg']
[0.760s] Level 1:colcon.colcon_core.package_identification:_identify(.) by extension 'colcon_pkg'
[0.761s] Level 1:colcon.colcon_core.package_identification:_identify(.) by extensions ['colcon_meta']
[0.761s] Level 1:colcon.colcon_core.package_identification:_identify(.) by extension 'colcon_meta'
[0.761s] Level 1:colcon.colcon_core.package_identification:_identify(.) by extensions ['ros']
[0.761s] Level 1:colcon.colcon_core.package_identification:_identify(.) by extension 'ros'
[0.787s] Level 1:colcon.colcon_core.package_identification:_identify(.) by extensions ['cmake', 'python']
[0.787s] Level 1:colcon.colcon_core.package_identification:_identify(.) by extension 'cmake'
[0.788s] Level 1:colcon.colcon_core.package_identification:_identify(.) by extension 'python'
[0.788s] Level 1:colcon.colcon_core.package_identification:_identify(.) by extensions ['python_setup_py']
[0.788s] Level 1:colcon.colcon_core.package_identification:_identify(.) by extension 'python_setup_py'
[0.788s] Level 1:colcon.colcon_core.package_identification:_identify(build) by extensions ['ignore', 'ignore_ament_install']
[0.788s] Level 1:colcon.colcon_core.package_identification:_identify(build) by extension 'ignore'
[0.788s] Level 1:colcon.colcon_core.package_identification:_identify(build) ignored
[0.789s] Level 1:colcon.colcon_core.package_identification:_identify(install) by extensions ['ignore', 'ignore_ament_install']
[0.789s] Level 1:colcon.colcon_core.package_identification:_identify(install) by extension 'ignore'
[0.789s] Level 1:colcon.colcon_core.package_identification:_identify(install) ignored
[0.789s] Level 1:colcon.colcon_core.package_identification:_identify(log) by extensions ['ignore', 'ignore_ament_install']
[0.790s] Level 1:colcon.colcon_core.package_identification:_identify(log) by extension 'ignore'
[0.790s] Level 1:colcon.colcon_core.package_identification:_identify(log) ignored
[0.790s] Level 1:colcon.colcon_core.package_identification:_identify(src) by extensions ['ignore', 'ignore_ament_install']
[0.790s] Level 1:colcon.colcon_core.package_identification:_identify(src) by extension 'ignore'
[0.790s] Level 1:colcon.colcon_core.package_identification:_identify(src) by extension 'ignore_ament_install'
[0.791s] Level 1:colcon.colcon_core.package_identification:_identify(src) by extensions ['colcon_pkg']
[0.791s] Level 1:colcon.colcon_core.package_identification:_identify(src) by extension 'colcon_pkg'
[0.791s] Level 1:colcon.colcon_core.package_identification:_identify(src) by extensions ['colcon_meta']
[0.791s] Level 1:colcon.colcon_core.package_identification:_identify(src) by extension 'colcon_meta'
[0.791s] Level 1:colcon.colcon_core.package_identification:_identify(src) by extensions ['ros']
[0.791s] Level 1:colcon.colcon_core.package_identification:_identify(src) by extension 'ros'
[0.791s] Level 1:colcon.colcon_core.package_identification:_identify(src) by extensions ['cmake', 'python']
[0.792s] Level 1:colcon.colcon_core.package_identification:_identify(src) by extension 'cmake'
[0.792s] Level 1:colcon.colcon_core.package_identification:_identify(src) by extension 'python'
[0.792s] Level 1:colcon.colcon_core.package_identification:_identify(src) by extensions ['python_setup_py']
[0.792s] Level 1:colcon.colcon_core.package_identification:_identify(src) by extension 'python_setup_py'
[0.792s] Level 1:colcon.colcon_core.package_identification:_identify(src/build) by extensions ['ignore', 'ignore_ament_install']
[0.793s] Level 1:colcon.colcon_core.package_identification:_identify(src/build) by extension 'ignore'
[0.793s] Level 1:colcon.colcon_core.package_identification:_identify(src/build) ignored
[0.793s] Level 1:colcon.colcon_core.package_identification:_identify(src/cmd_vel_mux) by extensions ['ignore', 'ignore_ament_install']
[0.793s] Level 1:colcon.colcon_core.package_identification:_identify(src/cmd_vel_mux) by extension 'ignore'
[0.794s] Level 1:colcon.colcon_core.package_identification:_identify(src/cmd_vel_mux) by extension 'ignore_ament_install'
[0.794s] Level 1:colcon.colcon_core.package_identification:_identify(src/cmd_vel_mux) by extensions ['colcon_pkg']
[0.794s] Level 1:colcon.colcon_core.package_identification:_identify(src/cmd_vel_mux) by extension 'colcon_pkg'
[0.794s] Level 1:colcon.colcon_core.package_identification:_identify(src/cmd_vel_mux) by extensions ['colcon_meta']
[0.794s] Level 1:colcon.colcon_core.package_identification:_identify(src/cmd_vel_mux) by extension 'colcon_meta'
[0.794s] Level 1:colcon.colcon_core.package_identification:_identify(src/cmd_vel_mux) by extensions ['ros']
[0.794s] Level 1:colcon.colcon_core.package_identification:_identify(src/cmd_vel_mux) by extension 'ros'
[0.800s] DEBUG:colcon.colcon_core.package_identification:Package 'src/cmd_vel_mux' with type 'ros.ament_cmake' and name 'cmd_vel_mux'
[0.800s] Level 1:colcon.colcon_core.package_identification:_identify(src/install) by extensions ['ignore', 'ignore_ament_install']
[0.801s] Level 1:colcon.colcon_core.package_identification:_identify(src/install) by extension 'ignore'
[0.801s] Level 1:colcon.colcon_core.package_identification:_identify(src/install) ignored
[0.801s] Level 1:colcon.colcon_core.package_identification:_identify(src/lab_navegation) by extensions ['ignore', 'ignore_ament_install']
[0.801s] Level 1:colcon.colcon_core.package_identification:_identify(src/lab_navegation) by extension 'ignore'
[0.801s] Level 1:colcon.colcon_core.package_identification:_identify(src/lab_navegation) by extension 'ignore_ament_install'
[0.802s] Level 1:colcon.colcon_core.package_identification:_identify(src/lab_navegation) by extensions ['colcon_pkg']
[0.802s] Level 1:colcon.colcon_core.package_identification:_identify(src/lab_navegation) by extension 'colcon_pkg'
[0.802s] Level 1:colcon.colcon_core.package_identification:_identify(src/lab_navegation) by extensions ['colcon_meta']
[0.802s] Level 1:colcon.colcon_core.package_identification:_identify(src/lab_navegation) by extension 'colcon_meta'
[0.802s] Level 1:colcon.colcon_core.package_identification:_identify(src/lab_navegation) by extensions ['ros']
[0.802s] Level 1:colcon.colcon_core.package_identification:_identify(src/lab_navegation) by extension 'ros'
[0.803s] DEBUG:colcon.colcon_core.package_identification:Package 'src/lab_navegation' with type 'ros.ament_python' and name 'lab_navegation'
[0.804s] Level 1:colcon.colcon_core.package_identification:_identify(src/log) by extensions ['ignore', 'ignore_ament_install']
[0.804s] Level 1:colcon.colcon_core.package_identification:_identify(src/log) by extension 'ignore'
[0.804s] Level 1:colcon.colcon_core.package_identification:_identify(src/log) ignored
[0.804s] Level 1:colcon.colcon_core.package_identification:_identify(src/very_simple_robot_simulator) by extensions ['ignore', 'ignore_ament_install']
[0.805s] Level 1:colcon.colcon_core.package_identification:_identify(src/very_simple_robot_simulator) by extension 'ignore'
[0.805s] Level 1:colcon.colcon_core.package_identification:_identify(src/very_simple_robot_simulator) by extension 'ignore_ament_install'
[0.805s] Level 1:colcon.colcon_core.package_identification:_identify(src/very_simple_robot_simulator) by extensions ['colcon_pkg']
[0.805s] Level 1:colcon.colcon_core.package_identification:_identify(src/very_simple_robot_simulator) by extension 'colcon_pkg'
[0.805s] Level 1:colcon.colcon_core.package_identification:_identify(src/very_simple_robot_simulator) by extensions ['colcon_meta']
[0.805s] Level 1:colcon.colcon_core.package_identification:_identify(src/very_simple_robot_simulator) by extension 'colcon_meta'
[0.806s] Level 1:colcon.colcon_core.package_identification:_identify(src/very_simple_robot_simulator) by extensions ['ros']
[0.806s] Level 1:colcon.colcon_core.package_identification:_identify(src/very_simple_robot_simulator) by extension 'ros'
[0.807s] DEBUG:colcon.colcon_core.package_identification:Package 'src/very_simple_robot_simulator' with type 'ros.ament_cmake' and name 'very_simple_robot_simulator'
[0.808s] Level 1:colcon.colcon_core.package_discovery:discover_packages(recursive) using defaults
[0.808s] Level 1:colcon.colcon_core.package_discovery:discover_packages(ignore) discover
[0.808s] Level 1:colcon.colcon_core.package_discovery:discover_packages(ignore) using defaults
[0.808s] Level 1:colcon.colcon_core.package_discovery:discover_packages(path) discover
[0.808s] Level 1:colcon.colcon_core.package_discovery:discover_packages(path) using defaults
[0.850s] Level 1:colcon.colcon_core.package_discovery:discover_packages(prefix_path) check parameters
[0.851s] Level 1:colcon.colcon_core.package_discovery:discover_packages(prefix_path) discover
[0.855s] DEBUG:colcon.colcon_installed_package_information.package_discovery:Found 4 installed packages in /home/fbr/Lab2/install
[0.857s] DEBUG:colcon.colcon_installed_package_information.package_discovery:Found 3 installed packages in /home/fbr/work1_ws/install
[0.858s] DEBUG:colcon.colcon_installed_package_information.package_discovery:Found 1 installed packages in /home/fbr/ros2_ws/install
[0.861s] DEBUG:colcon.colcon_installed_package_information.package_discovery:Found 273 installed packages in /opt/ros/humble
[0.864s] Level 1:colcon.colcon_core.package_discovery:discover_packages(prefix_path) using defaults
[0.998s] Level 5:colcon.colcon_core.verb:set package 'cmd_vel_mux' build argument 'cmake_args' from command line to 'None'
[0.998s] Level 5:colcon.colcon_core.verb:set package 'cmd_vel_mux' build argument 'cmake_target' from command line to 'None'
[0.998s] Level 5:colcon.colcon_core.verb:set package 'cmd_vel_mux' build argument 'cmake_target_skip_unavailable' from command line to 'False'
[0.999s] Level 5:colcon.colcon_core.verb:set package 'cmd_vel_mux' build argument 'cmake_clean_cache' from command line to 'False'
[0.999s] Level 5:colcon.colcon_core.verb:set package 'cmd_vel_mux' build argument 'cmake_clean_first' from command line to 'False'
[0.999s] Level 5:colcon.colcon_core.verb:set package 'cmd_vel_mux' build argument 'cmake_force_configure' from command line to 'False'
[0.999s] Level 5:colcon.colcon_core.verb:set package 'cmd_vel_mux' build argument 'ament_cmake_args' from command line to 'None'
[0.999s] Level 5:colcon.colcon_core.verb:set package 'cmd_vel_mux' build argument 'catkin_cmake_args' from command line to 'None'
[0.999s] Level 5:colcon.colcon_core.verb:set package 'cmd_vel_mux' build argument 'catkin_skip_building_tests' from command line to 'False'
[0.999s] DEBUG:colcon.colcon_core.verb:Building package 'cmd_vel_mux' with the following arguments: {'ament_cmake_args': None, 'build_base': '/home/fbr/Lab2/build/cmd_vel_mux', 'catkin_cmake_args': None, 'catkin_skip_building_tests': False, 'cmake_args': None, 'cmake_clean_cache': False, 'cmake_clean_first': False, 'cmake_force_configure': False, 'cmake_target': None, 'cmake_target_skip_unavailable': False, 'install_base': '/home/fbr/Lab2/install/cmd_vel_mux', 'merge_install': False, 'path': '/home/fbr/Lab2/src/cmd_vel_mux', 'symlink_install': False, 'test_result_base': None}
[1.001s] Level 5:colcon.colcon_core.verb:set package 'lab_navegation' build argument 'cmake_args' from command line to 'None'
[1.001s] Level 5:colcon.colcon_core.verb:set package 'lab_navegation' build argument 'cmake_target' from command line to 'None'
[1.001s] Level 5:colcon.colcon_core.verb:set package 'lab_navegation' build argument 'cmake_target_skip_unavailable' from command line to 'False'
[1.001s] Level 5:colcon.colcon_core.verb:set package 'lab_navegation' build argument 'cmake_clean_cache' from command line to 'False'
[1.001s] Level 5:colcon.colcon_core.verb:set package 'lab_navegation' build argument 'cmake_clean_first' from command line to 'False'
[1.001s] Level 5:colcon.colcon_core.verb:set package 'lab_navegation' build argument 'cmake_force_configure' from command line to 'False'
[1.001s] Level 5:colcon.colcon_core.verb:set package 'lab_navegation' build argument 'ament_cmake_args' from command line to 'None'
[1.001s] Level 5:colcon.colcon_core.verb:set package 'lab_navegation' build argument 'catkin_cmake_args' from command line to 'None'
[1.001s] Level 5:colcon.colcon_core.verb:set package 'lab_navegation' build argument 'catkin_skip_building_tests' from command line to 'False'
[1.001s] DEBUG:colcon.colcon_core.verb:Building package 'lab_navegation' with the following arguments: {'ament_cmake_args': None, 'build_base': '/home/fbr/Lab2/build/lab_navegation', 'catkin_cmake_args': None, 'catkin_skip_building_tests': False, 'cmake_args': None, 'cmake_clean_cache': False, 'cmake_clean_first': False, 'cmake_force_configure': False, 'cmake_target': None, 'cmake_target_skip_unavailable': False, 'install_base': '/home/fbr/Lab2/install/lab_navegation', 'merge_install': False, 'path': '/home/fbr/Lab2/src/lab_navegation', 'symlink_install': False, 'test_result_base': None}
[1.003s] Level 5:colcon.colcon_core.verb:set package 'very_simple_robot_simulator' build argument 'cmake_args' from command line to 'None'
[1.003s] Level 5:colcon.colcon_core.verb:set package 'very_simple_robot_simulator' build argument 'cmake_target' from command line to 'None'
[1.003s] Level 5:colcon.colcon_core.verb:set package 'very_simple_robot_simulator' build argument 'cmake_target_skip_unavailable' from command line to 'False'
[1.003s] Level 5:colcon.colcon_core.verb:set package 'very_simple_robot_simulator' build argument 'cmake_clean_cache' from command line to 'False'
[1.003s] Level 5:colcon.colcon_core.verb:set package 'very_simple_robot_simulator' build argument 'cmake_clean_first' from command line to 'False'
[1.003s] Level 5:colcon.colcon_core.verb:set package 'very_simple_robot_simulator' build argument 'cmake_force_configure' from command line to 'False'
[1.003s] Level 5:colcon.colcon_core.verb:set package 'very_simple_robot_simulator' build argument 'ament_cmake_args' from command line to 'None'
[1.004s] Level 5:colcon.colcon_core.verb:set package 'very_simple_robot_simulator' build argument 'catkin_cmake_args' from command line to 'None'
[1.004s] Level 5:colcon.colcon_core.verb:set package 'very_simple_robot_simulator' build argument 'catkin_skip_building_tests' from command line to 'False'
[1.004s] DEBUG:colcon.colcon_core.verb:Building package 'very_simple_robot_simulator' with the following arguments: {'ament_cmake_args': None, 'build_base': '/home/fbr/Lab2/build/very_simple_robot_simulator', 'catkin_cmake_args': None, 'catkin_skip_building_tests': False, 'cmake_args': None, 'cmake_clean_cache': False, 'cmake_clean_first': False, 'cmake_force_configure': False, 'cmake_target': None, 'cmake_target_skip_unavailable': False, 'install_base': '/home/fbr/Lab2/install/very_simple_robot_simulator', 'merge_install': False, 'path': '/home/fbr/Lab2/src/very_simple_robot_simulator', 'symlink_install': False, 'test_result_base': None}
[1.004s] INFO:colcon.colcon_core.executor:Executing jobs using 'parallel' executor
[1.007s] DEBUG:colcon.colcon_parallel_executor.executor.parallel:run_until_complete
[1.008s] INFO:colcon.colcon_ros.task.ament_cmake.build:Building ROS package in '/home/fbr/Lab2/src/cmd_vel_mux' with build type 'ament_cmake'
[1.009s] INFO:colcon.colcon_cmake.task.cmake.build:Building CMake package in '/home/fbr/Lab2/src/cmd_vel_mux'
[1.027s] INFO:colcon.colcon_core.plugin_system:Skipping extension 'colcon_core.shell.bat': Not used on non-Windows systems
[1.029s] INFO:colcon.colcon_core.shell:Skip shell extension 'powershell' for command environment: Not usable outside of PowerShell
[1.029s] DEBUG:colcon.colcon_core.shell:Skip shell extension 'dsv' for command environment
[1.063s] INFO:colcon.colcon_ros.task.ament_python.build:Building ROS package in '/home/fbr/Lab2/src/lab_navegation' with build type 'ament_python'
[1.064s] Level 1:colcon.colcon_core.shell:create_environment_hook('lab_navegation', 'ament_prefix_path')
[1.067s] INFO:colcon.colcon_core.shell:Creating environment hook '/home/fbr/Lab2/install/lab_navegation/share/lab_navegation/hook/ament_prefix_path.ps1'
[1.074s] INFO:colcon.colcon_core.shell:Creating environment descriptor '/home/fbr/Lab2/install/lab_navegation/share/lab_navegation/hook/ament_prefix_path.dsv'
[1.077s] INFO:colcon.colcon_core.shell:Creating environment hook '/home/fbr/Lab2/install/lab_navegation/share/lab_navegation/hook/ament_prefix_path.sh'
[1.081s] INFO:colcon.colcon_core.shell:Skip shell extension 'powershell' for command environment: Not usable outside of PowerShell
[1.081s] DEBUG:colcon.colcon_core.shell:Skip shell extension 'dsv' for command environment
[1.092s] INFO:colcon.colcon_ros.task.ament_cmake.build:Building ROS package in '/home/fbr/Lab2/src/very_simple_robot_simulator' with build type 'ament_cmake'
[1.094s] INFO:colcon.colcon_cmake.task.cmake.build:Building CMake package in '/home/fbr/Lab2/src/very_simple_robot_simulator'
[1.095s] INFO:colcon.colcon_core.shell:Skip shell extension 'powershell' for command environment: Not usable outside of PowerShell
[1.096s] DEBUG:colcon.colcon_core.shell:Skip shell extension 'dsv' for command environment
[1.143s] DEBUG:colcon.colcon_core.event_handler.log_command:Invoking command in '/home/fbr/Lab2/build/cmd_vel_mux': CMAKE_PREFIX_PATH=${CMAKE_PREFIX_PATH}:/home/fbr/Lab2/install/lab_navegation:/home/fbr/Lab2/install/Lab2_Navegacion:/home/fbr/work1_ws/install/laboratorio:/home/fbr/ros2_ws/install/my_first_package:/opt/ros/humble /usr/bin/cmake --build /home/fbr/Lab2/build/cmd_vel_mux -- -j4 -l4
[1.767s] INFO:colcon.colcon_core.task.python.build:Building Python package in '/home/fbr/Lab2/src/lab_navegation'
[1.768s] INFO:colcon.colcon_core.shell:Skip shell extension 'powershell' for command environment: Not usable outside of PowerShell
[1.768s] DEBUG:colcon.colcon_core.shell:Skip shell extension 'dsv' for command environment
[1.785s] DEBUG:colcon.colcon_core.event_handler.log_command:Invoked command in '/home/fbr/Lab2/build/cmd_vel_mux' returned '0': CMAKE_PREFIX_PATH=${CMAKE_PREFIX_PATH}:/home/fbr/Lab2/install/lab_navegation:/home/fbr/Lab2/install/Lab2_Navegacion:/home/fbr/work1_ws/install/laboratorio:/home/fbr/ros2_ws/install/my_first_package:/opt/ros/humble /usr/bin/cmake --build /home/fbr/Lab2/build/cmd_vel_mux -- -j4 -l4
[1.804s] DEBUG:colcon.colcon_core.event_handler.log_command:Invoking command in '/home/fbr/Lab2/build/very_simple_robot_simulator': CMAKE_PREFIX_PATH=${CMAKE_PREFIX_PATH}:/home/fbr/Lab2/install/lab_navegation:/home/fbr/Lab2/install/Lab2_Navegacion:/home/fbr/work1_ws/install/laboratorio:/home/fbr/ros2_ws/install/my_first_package:/opt/ros/humble /usr/bin/cmake --build /home/fbr/Lab2/build/very_simple_robot_simulator -- -j4 -l4
[1.889s] DEBUG:colcon.colcon_core.event_handler.log_command:Invoking command in '/home/fbr/Lab2/build/cmd_vel_mux': CMAKE_PREFIX_PATH=${CMAKE_PREFIX_PATH}:/home/fbr/Lab2/install/lab_navegation:/home/fbr/Lab2/install/Lab2_Navegacion:/home/fbr/work1_ws/install/laboratorio:/home/fbr/ros2_ws/install/my_first_package:/opt/ros/humble /usr/bin/cmake --install /home/fbr/Lab2/build/cmd_vel_mux
[1.957s] Level 1:colcon.colcon_core.environment:create_environment_scripts_only(cmd_vel_mux)
[1.962s] DEBUG:colcon.colcon_core.event_handler.log_command:Invoked command in '/home/fbr/Lab2/build/cmd_vel_mux' returned '0': CMAKE_PREFIX_PATH=${CMAKE_PREFIX_PATH}:/home/fbr/Lab2/install/lab_navegation:/home/fbr/Lab2/install/Lab2_Navegacion:/home/fbr/work1_ws/install/laboratorio:/home/fbr/ros2_ws/install/my_first_package:/opt/ros/humble /usr/bin/cmake --install /home/fbr/Lab2/build/cmd_vel_mux
[1.972s] Level 1:colcon.colcon_core.environment:checking '/home/fbr/Lab2/install/cmd_vel_mux' for CMake module files
[1.974s] Level 1:colcon.colcon_core.environment:checking '/home/fbr/Lab2/install/cmd_vel_mux' for CMake config files
[1.976s] Level 1:colcon.colcon_core.shell:create_environment_hook('cmd_vel_mux', 'cmake_prefix_path')
[1.976s] INFO:colcon.colcon_core.shell:Creating environment hook '/home/fbr/Lab2/install/cmd_vel_mux/share/cmd_vel_mux/hook/cmake_prefix_path.ps1'
[1.978s] INFO:colcon.colcon_core.shell:Creating environment descriptor '/home/fbr/Lab2/install/cmd_vel_mux/share/cmd_vel_mux/hook/cmake_prefix_path.dsv'
[1.979s] INFO:colcon.colcon_core.shell:Creating environment hook '/home/fbr/Lab2/install/cmd_vel_mux/share/cmd_vel_mux/hook/cmake_prefix_path.sh'
[1.981s] Level 1:colcon.colcon_core.environment:checking '/home/fbr/Lab2/install/cmd_vel_mux/lib'
[1.982s] Level 1:colcon.colcon_core.shell:create_environment_hook('cmd_vel_mux', 'ld_library_path_lib')
[1.983s] INFO:colcon.colcon_core.shell:Creating environment hook '/home/fbr/Lab2/install/cmd_vel_mux/share/cmd_vel_mux/hook/ld_library_path_lib.ps1'
[1.984s] INFO:colcon.colcon_core.shell:Creating environment descriptor '/home/fbr/Lab2/install/cmd_vel_mux/share/cmd_vel_mux/hook/ld_library_path_lib.dsv'
[1.985s] INFO:colcon.colcon_core.shell:Creating environment hook '/home/fbr/Lab2/install/cmd_vel_mux/share/cmd_vel_mux/hook/ld_library_path_lib.sh'
[1.987s] Level 1:colcon.colcon_core.environment:checking '/home/fbr/Lab2/install/cmd_vel_mux/bin'
[1.987s] Level 1:colcon.colcon_core.environment:checking '/home/fbr/Lab2/install/cmd_vel_mux/lib/pkgconfig/cmd_vel_mux.pc'
[1.988s] Level 1:colcon.colcon_core.environment:checking '/home/fbr/Lab2/install/cmd_vel_mux/lib/python3.10/site-packages'
[1.988s] Level 1:colcon.colcon_core.environment:checking '/home/fbr/Lab2/install/cmd_vel_mux/bin'
[1.989s] INFO:colcon.colcon_core.shell:Creating package script '/home/fbr/Lab2/install/cmd_vel_mux/share/cmd_vel_mux/package.ps1'
[1.991s] INFO:colcon.colcon_core.shell:Creating package descriptor '/home/fbr/Lab2/install/cmd_vel_mux/share/cmd_vel_mux/package.dsv'
[1.993s] INFO:colcon.colcon_core.shell:Creating package script '/home/fbr/Lab2/install/cmd_vel_mux/share/cmd_vel_mux/package.sh'
[1.996s] INFO:colcon.colcon_core.shell:Creating package script '/home/fbr/Lab2/install/cmd_vel_mux/share/cmd_vel_mux/package.bash'
[1.998s] INFO:colcon.colcon_core.shell:Creating package script '/home/fbr/Lab2/install/cmd_vel_mux/share/cmd_vel_mux/package.zsh'
[2.000s] Level 1:colcon.colcon_core.environment:create_file_with_runtime_dependencies(/home/fbr/Lab2/install/cmd_vel_mux/share/colcon-core/packages/cmd_vel_mux)
[2.006s] DEBUG:colcon.colcon_core.event_handler.log_command:Invoked command in '/home/fbr/Lab2/build/very_simple_robot_simulator' returned '2': CMAKE_PREFIX_PATH=${CMAKE_PREFIX_PATH}:/home/fbr/Lab2/install/lab_navegation:/home/fbr/Lab2/install/Lab2_Navegacion:/home/fbr/work1_ws/install/laboratorio:/home/fbr/ros2_ws/install/my_first_package:/opt/ros/humble /usr/bin/cmake --build /home/fbr/Lab2/build/very_simple_robot_simulator -- -j4 -l4
[2.068s] Level 1:colcon.colcon_core.environment:create_environment_scripts_only(cmd_vel_mux)
[2.069s] Level 1:colcon.colcon_core.environment:checking '/home/fbr/Lab2/install/cmd_vel_mux' for CMake module files
[2.071s] Level 1:colcon.colcon_core.environment:checking '/home/fbr/Lab2/install/cmd_vel_mux' for CMake config files
[2.072s] Level 1:colcon.colcon_core.shell:create_environment_hook('cmd_vel_mux', 'cmake_prefix_path')
[2.073s] INFO:colcon.colcon_core.shell:Creating environment hook '/home/fbr/Lab2/install/cmd_vel_mux/share/cmd_vel_mux/hook/cmake_prefix_path.ps1'
[2.076s] INFO:colcon.colcon_core.shell:Creating environment descriptor '/home/fbr/Lab2/install/cmd_vel_mux/share/cmd_vel_mux/hook/cmake_prefix_path.dsv'
[2.079s] INFO:colcon.colcon_core.shell:Creating environment hook '/home/fbr/Lab2/install/cmd_vel_mux/share/cmd_vel_mux/hook/cmake_prefix_path.sh'
[2.081s] Level 1:colcon.colcon_core.environment:checking '/home/fbr/Lab2/install/cmd_vel_mux/lib'
[2.082s] Level 1:colcon.colcon_core.shell:create_environment_hook('cmd_vel_mux', 'ld_library_path_lib')
[2.083s] INFO:colcon.colcon_core.shell:Creating environment hook '/home/fbr/Lab2/install/cmd_vel_mux/share/cmd_vel_mux/hook/ld_library_path_lib.ps1'
[2.084s] INFO:colcon.colcon_core.shell:Creating environment descriptor '/home/fbr/Lab2/install/cmd_vel_mux/share/cmd_vel_mux/hook/ld_library_path_lib.dsv'
[2.088s] INFO:colcon.colcon_core.shell:Creating environment hook '/home/fbr/Lab2/install/cmd_vel_mux/share/cmd_vel_mux/hook/ld_library_path_lib.sh'
[2.089s] Level 1:colcon.colcon_core.environment:checking '/home/fbr/Lab2/install/cmd_vel_mux/bin'
[2.089s] Level 1:colcon.colcon_core.environment:checking '/home/fbr/Lab2/install/cmd_vel_mux/lib/pkgconfig/cmd_vel_mux.pc'
[2.090s] Level 1:colcon.colcon_core.environment:checking '/home/fbr/Lab2/install/cmd_vel_mux/lib/python3.10/site-packages'
[2.091s] Level 1:colcon.colcon_core.environment:checking '/home/fbr/Lab2/install/cmd_vel_mux/bin'
[2.092s] INFO:colcon.colcon_core.shell:Creating package script '/home/fbr/Lab2/install/cmd_vel_mux/share/cmd_vel_mux/package.ps1'
[2.095s] INFO:colcon.colcon_core.shell:Creating package descriptor '/home/fbr/Lab2/install/cmd_vel_mux/share/cmd_vel_mux/package.dsv'
[2.097s] INFO:colcon.colcon_core.shell:Creating package script '/home/fbr/Lab2/install/cmd_vel_mux/share/cmd_vel_mux/package.sh'
[2.098s] INFO:colcon.colcon_core.shell:Creating package script '/home/fbr/Lab2/install/cmd_vel_mux/share/cmd_vel_mux/package.bash'
[2.100s] INFO:colcon.colcon_core.shell:Creating package script '/home/fbr/Lab2/install/cmd_vel_mux/share/cmd_vel_mux/package.zsh'
[2.101s] Level 1:colcon.colcon_core.environment:create_file_with_runtime_dependencies(/home/fbr/Lab2/install/cmd_vel_mux/share/colcon-core/packages/cmd_vel_mux)
[2.104s] Level 1:colcon.colcon_core.environment:create_environment_scripts_only(very_simple_robot_simulator)
[2.105s] Level 1:colcon.colcon_core.environment:checking '/home/fbr/Lab2/install/very_simple_robot_simulator' for CMake module files
[2.110s] Level 1:colcon.colcon_core.environment:checking '/home/fbr/Lab2/install/very_simple_robot_simulator' for CMake config files
[2.112s] Level 1:colcon.colcon_core.shell:create_environment_hook('very_simple_robot_simulator', 'cmake_prefix_path')
[2.112s] INFO:colcon.colcon_core.shell:Creating environment hook '/home/fbr/Lab2/install/very_simple_robot_simulator/share/very_simple_robot_simulator/hook/cmake_prefix_path.ps1'
[2.114s] INFO:colcon.colcon_core.shell:Creating environment descriptor '/home/fbr/Lab2/install/very_simple_robot_simulator/share/very_simple_robot_simulator/hook/cmake_prefix_path.dsv'
[2.115s] INFO:colcon.colcon_core.shell:Creating environment hook '/home/fbr/Lab2/install/very_simple_robot_simulator/share/very_simple_robot_simulator/hook/cmake_prefix_path.sh'
[2.117s] Level 1:colcon.colcon_core.environment:checking '/home/fbr/Lab2/install/very_simple_robot_simulator/lib'
[2.118s] Level 1:colcon.colcon_core.environment:checking '/home/fbr/Lab2/install/very_simple_robot_simulator/bin'
[2.118s] Level 1:colcon.colcon_core.environment:checking '/home/fbr/Lab2/install/very_simple_robot_simulator/lib/pkgconfig/very_simple_robot_simulator.pc'
[2.119s] Level 1:colcon.colcon_core.environment:checking '/home/fbr/Lab2/install/very_simple_robot_simulator/lib/python3.10/site-packages'
[2.120s] Level 1:colcon.colcon_core.environment:checking '/home/fbr/Lab2/install/very_simple_robot_simulator/bin'
[2.121s] INFO:colcon.colcon_core.shell:Creating package script '/home/fbr/Lab2/install/very_simple_robot_simulator/share/very_simple_robot_simulator/package.ps1'
[2.125s] INFO:colcon.colcon_core.shell:Creating package descriptor '/home/fbr/Lab2/install/very_simple_robot_simulator/share/very_simple_robot_simulator/package.dsv'
[2.128s] INFO:colcon.colcon_core.shell:Creating package script '/home/fbr/Lab2/install/very_simple_robot_simulator/share/very_simple_robot_simulator/package.sh'
[2.130s] INFO:colcon.colcon_core.shell:Creating package script '/home/fbr/Lab2/install/very_simple_robot_simulator/share/very_simple_robot_simulator/package.bash'
[2.131s] INFO:colcon.colcon_core.shell:Creating package script '/home/fbr/Lab2/install/very_simple_robot_simulator/share/very_simple_robot_simulator/package.zsh'
[2.133s] Level 1:colcon.colcon_core.environment:create_file_with_runtime_dependencies(/home/fbr/Lab2/install/very_simple_robot_simulator/share/colcon-core/packages/very_simple_robot_simulator)
[2.619s] DEBUG:colcon.colcon_parallel_executor.executor.parallel:closing loop
[2.620s] DEBUG:colcon.colcon_parallel_executor.executor.parallel:loop closed
[2.620s] DEBUG:colcon.colcon_parallel_executor.executor.parallel:run_until_complete finished with '2'
[2.620s] DEBUG:colcon.colcon_core.event_reactor:joining thread
[2.727s] INFO:colcon.colcon_core.plugin_system:Skipping extension 'colcon_notification.desktop_notification.notify_send': Could not find 'notify-send'
[2.728s] INFO:colcon.colcon_core.plugin_system:Skipping extension 'colcon_notification.desktop_notification.terminal_notifier': Not used on non-Darwin systems
[2.728s] INFO:colcon.colcon_core.plugin_system:Skipping extension 'colcon_notification.desktop_notification.win32': Not used on non-Windows systems
[2.728s] INFO:colcon.colcon_notification.desktop_notification:Sending desktop notification using 'notify2'
[2.728s] DEBUG:colcon.colcon_notification.desktop_notification.notify2:Failed to initialize notify2: org.freedesktop.DBus.Error.FileNotFound: Failed to connect to socket /run/user/1000/bus: No such file or directory
[2.729s] DEBUG:colcon.colcon_core.event_reactor:joined thread
[2.730s] INFO:colcon.colcon_core.shell:Creating prefix script '/home/fbr/Lab2/install/local_setup.ps1'
[2.732s] INFO:colcon.colcon_core.shell:Creating prefix util module '/home/fbr/Lab2/install/_local_setup_util_ps1.py'
[2.734s] INFO:colcon.colcon_core.shell:Creating prefix chain script '/home/fbr/Lab2/install/setup.ps1'
[2.738s] INFO:colcon.colcon_core.shell:Creating prefix script '/home/fbr/Lab2/install/local_setup.sh'
[2.739s] INFO:colcon.colcon_core.shell:Creating prefix util module '/home/fbr/Lab2/install/_local_setup_util_sh.py'
[2.741s] INFO:colcon.colcon_core.shell:Creating prefix chain script '/home/fbr/Lab2/install/setup.sh'
[2.746s] INFO:colcon.colcon_core.shell:Creating prefix script '/home/fbr/Lab2/install/local_setup.bash'
[2.752s] INFO:colcon.colcon_core.shell:Creating prefix chain script '/home/fbr/Lab2/install/setup.bash'
[2.756s] INFO:colcon.colcon_core.shell:Creating prefix script '/home/fbr/Lab2/install/local_setup.zsh'
[2.758s] INFO:colcon.colcon_core.shell:Creating prefix chain script '/home/fbr/Lab2/install/setup.zsh'
