[0.734s] Invoking command in '/home/fbr/Lab2/src/build/cmd_vel_mux': CMAKE_PREFIX_PATH=${CMAKE_PREFIX_PATH}:/home/fbr/work1_ws/install/laboratorio:/home/fbr/ros2_ws/install/my_first_package:/opt/ros/humble /usr/bin/cmake --build /home/fbr/Lab2/src/build/cmd_vel_mux -- -j4 -l4
[0.919s] [ 50%] Built target cmd_vel_mux
[0.932s] [100%] Built target cmd_vel_mux_node
[0.972s] Invoked command in '/home/fbr/Lab2/src/build/cmd_vel_mux' returned '0': CMAKE_PREFIX_PATH=${CMAKE_PREFIX_PATH}:/home/fbr/work1_ws/install/laboratorio:/home/fbr/ros2_ws/install/my_first_package:/opt/ros/humble /usr/bin/cmake --build /home/fbr/Lab2/src/build/cmd_vel_mux -- -j4 -l4
[1.113s] Invoking command in '/home/fbr/Lab2/src/build/cmd_vel_mux': CMAKE_PREFIX_PATH=${CMAKE_PREFIX_PATH}:/home/fbr/work1_ws/install/laboratorio:/home/fbr/ros2_ws/install/my_first_package:/opt/ros/humble /usr/bin/cmake --install /home/fbr/Lab2/src/build/cmd_vel_mux
[1.148s] -- Install configuration: ""
[1.164s] -- Execute custom install script
[1.164s] -- Up-to-date symlink: /home/fbr/Lab2/src/install/cmd_vel_mux/lib/cmd_vel_mux/cmd_vel_mux_node
[1.165s] -- Up-to-date symlink: /home/fbr/Lab2/src/install/cmd_vel_mux/lib/libcmd_vel_mux.so
[1.165s] -- Up-to-date symlink: /home/fbr/Lab2/src/install/cmd_vel_mux/include/cmd_vel_mux/cmd_vel_mux.hpp
[1.178s] -- Up-to-date symlink: /home/fbr/Lab2/src/install/cmd_vel_mux/share/cmd_vel_mux/config/cmd_vel_mux_params.yaml
[1.178s] -- Up-to-date symlink: /home/fbr/Lab2/src/install/cmd_vel_mux/share/cmd_vel_mux/launch/cmd_vel_mux-composed-launch.py
[1.188s] -- Up-to-date symlink: /home/fbr/Lab2/src/install/cmd_vel_mux/share/cmd_vel_mux/launch/cmd_vel_mux-launch.py
[1.188s] -- Up-to-date symlink: /home/fbr/Lab2/src/install/cmd_vel_mux/share/ament_index/resource_index/package_run_dependencies/cmd_vel_mux
[1.188s] -- Up-to-date symlink: /home/fbr/Lab2/src/install/cmd_vel_mux/share/ament_index/resource_index/parent_prefix_path/cmd_vel_mux
[1.194s] -- Up-to-date symlink: /home/fbr/Lab2/src/install/cmd_vel_mux/share/cmd_vel_mux/environment/ament_prefix_path.sh
[1.196s] -- Up-to-date symlink: /home/fbr/Lab2/src/install/cmd_vel_mux/share/cmd_vel_mux/environment/ament_prefix_path.dsv
[1.197s] -- Up-to-date symlink: /home/fbr/Lab2/src/install/cmd_vel_mux/share/cmd_vel_mux/environment/path.sh
[1.197s] -- Up-to-date symlink: /home/fbr/Lab2/src/install/cmd_vel_mux/share/cmd_vel_mux/environment/path.dsv
[1.197s] -- Up-to-date symlink: /home/fbr/Lab2/src/install/cmd_vel_mux/share/cmd_vel_mux/local_setup.bash
[1.197s] -- Up-to-date symlink: /home/fbr/Lab2/src/install/cmd_vel_mux/share/cmd_vel_mux/local_setup.sh
[1.198s] -- Up-to-date symlink: /home/fbr/Lab2/src/install/cmd_vel_mux/share/cmd_vel_mux/local_setup.zsh
[1.198s] -- Up-to-date symlink: /home/fbr/Lab2/src/install/cmd_vel_mux/share/cmd_vel_mux/local_setup.dsv
[1.198s] -- Symlinking: /home/fbr/Lab2/src/install/cmd_vel_mux/share/cmd_vel_mux/package.dsv
[1.252s] -- Up-to-date symlink: /home/fbr/Lab2/src/install/cmd_vel_mux/share/ament_index/resource_index/packages/cmd_vel_mux
[1.268s] -- Up-to-date symlink: /home/fbr/Lab2/src/install/cmd_vel_mux/share/ament_index/resource_index/rclcpp_components/cmd_vel_mux
[1.272s] -- Up-to-date symlink: /home/fbr/Lab2/src/install/cmd_vel_mux/share/cmd_vel_mux/cmake/cmd_vel_muxConfig.cmake
[1.275s] -- Up-to-date symlink: /home/fbr/Lab2/src/install/cmd_vel_mux/share/cmd_vel_mux/cmake/cmd_vel_muxConfig-version.cmake
[1.287s] -- Up-to-date symlink: /home/fbr/Lab2/src/install/cmd_vel_mux/share/cmd_vel_mux/package.xml
[1.288s] Invoked command in '/home/fbr/Lab2/src/build/cmd_vel_mux' returned '0': CMAKE_PREFIX_PATH=${CMAKE_PREFIX_PATH}:/home/fbr/work1_ws/install/laboratorio:/home/fbr/ros2_ws/install/my_first_package:/opt/ros/humble /usr/bin/cmake --install /home/fbr/Lab2/src/build/cmd_vel_mux
