running develop
Removing /home/fbr/Lab2/src/install/Lab2_Navegacion/lib/python3.10/site-packages/Lab2-Navegacion.egg-link (link to .)
running egg_info
writing ../build/Lab2_Navegacion/Lab2_Navegacion.egg-info/PKG-INFO
writing dependency_links to ../build/Lab2_Navegacion/Lab2_Navegacion.egg-info/dependency_links.txt
writing entry points to ../build/Lab2_Navegacion/Lab2_Navegacion.egg-info/entry_points.txt
writing requirements to ../build/Lab2_Navegacion/Lab2_Navegacion.egg-info/requires.txt
writing top-level names to ../build/Lab2_Navegacion/Lab2_Navegacion.egg-info/top_level.txt
reading manifest file '../build/Lab2_Navegacion/Lab2_Navegacion.egg-info/SOURCES.txt'
writing manifest file '../build/Lab2_Navegacion/Lab2_Navegacion.egg-info/SOURCES.txt'
running build
running build_py
creating /home/fbr/Lab2/src/build/Lab2_Navegacion/build
creating /home/fbr/Lab2/src/build/Lab2_Navegacion/build/lib
creating /home/fbr/Lab2/src/build/Lab2_Navegacion/build/lib/Lab2_Navegacion
copying Lab2_Navegacion/ros2_pose_loader.py -> /home/fbr/Lab2/src/build/Lab2_Navegacion/build/lib/Lab2_Navegacion
copying Lab2_Navegacion/__init__.py -> /home/fbr/Lab2/src/build/Lab2_Navegacion/build/lib/Lab2_Navegacion
copying Lab2_Navegacion/Grafo.py -> /home/fbr/Lab2/src/build/Lab2_Navegacion/build/lib/Lab2_Navegacion
copying Lab2_Navegacion/ros2_dead_reckoning.py -> /home/fbr/Lab2/src/build/Lab2_Navegacion/build/lib/Lab2_Navegacion
running install
running install_lib
creating /home/fbr/Lab2/src/install/Lab2_Navegacion/lib/python3.10/site-packages/Lab2_Navegacion
copying /home/fbr/Lab2/src/build/Lab2_Navegacion/build/lib/Lab2_Navegacion/ros2_pose_loader.py -> /home/fbr/Lab2/src/install/Lab2_Navegacion/lib/python3.10/site-packages/Lab2_Navegacion
copying /home/fbr/Lab2/src/build/Lab2_Navegacion/build/lib/Lab2_Navegacion/__init__.py -> /home/fbr/Lab2/src/install/Lab2_Navegacion/lib/python3.10/site-packages/Lab2_Navegacion
copying /home/fbr/Lab2/src/build/Lab2_Navegacion/build/lib/Lab2_Navegacion/Grafo.py -> /home/fbr/Lab2/src/install/Lab2_Navegacion/lib/python3.10/site-packages/Lab2_Navegacion
copying /home/fbr/Lab2/src/build/Lab2_Navegacion/build/lib/Lab2_Navegacion/ros2_dead_reckoning.py -> /home/fbr/Lab2/src/install/Lab2_Navegacion/lib/python3.10/site-packages/Lab2_Navegacion
byte-compiling /home/fbr/Lab2/src/install/Lab2_Navegacion/lib/python3.10/site-packages/Lab2_Navegacion/ros2_pose_loader.py to ros2_pose_loader.cpython-310.pyc
byte-compiling /home/fbr/Lab2/src/install/Lab2_Navegacion/lib/python3.10/site-packages/Lab2_Navegacion/__init__.py to __init__.cpython-310.pyc
byte-compiling /home/fbr/Lab2/src/install/Lab2_Navegacion/lib/python3.10/site-packages/Lab2_Navegacion/Grafo.py to Grafo.cpython-310.pyc
byte-compiling /home/fbr/Lab2/src/install/Lab2_Navegacion/lib/python3.10/site-packages/Lab2_Navegacion/ros2_dead_reckoning.py to ros2_dead_reckoning.cpython-310.pyc
running install_data
copying resource/Lab2_Navegacion -> /home/fbr/Lab2/src/install/Lab2_Navegacion/share/ament_index/resource_index/packages
copying package.xml -> /home/fbr/Lab2/src/install/Lab2_Navegacion/share/Lab2_Navegacion
running install_egg_info
Copying ../build/Lab2_Navegacion/Lab2_Navegacion.egg-info to /home/fbr/Lab2/src/install/Lab2_Navegacion/lib/python3.10/site-packages/Lab2_Navegacion-0.0.0-py3.10.egg-info
running install_scripts
Installing dead_reckoning script to /home/fbr/Lab2/src/install/Lab2_Navegacion/lib/Lab2_Navegacion
writing list of installed files to '/home/fbr/Lab2/src/build/Lab2_Navegacion/install.log'
