[3.861s] Invoking command in '/home/fbr/Lab2/src/build/Lab2_Navegacion': PYTHONPATH=/home/fbr/Lab2/src/build/Lab2_Navegacion/prefix_override:/home/fbr/Lab2/src/install/Lab2_Navegacion/lib/python3.10/site-packages:${PYTHONPATH} /usr/bin/python3 -W ignore:setup.py install is deprecated setup.py develop --uninstall --editable --build-directory /home/fbr/Lab2/src/build/Lab2_Navegacion/build
[6.524s] running develop
[6.525s] /usr/lib/python3/dist-packages/setuptools/command/easy_install.py:158: EasyInstallDeprecationWarning: easy_install command is deprecated. Use build and pip and other standards-based tools.
[6.525s]   warnings.warn(
[7.787s] Removing /home/fbr/Lab2/src/install/Lab2_Navegacion/lib/python3.10/site-packages/Lab2-Navegacion.egg-link (link to .)
[7.932s] Invoked command in '/home/fbr/Lab2/src/build/Lab2_Navegacion' returned '0': PYTHONPATH=/home/fbr/Lab2/src/build/Lab2_Navegacion/prefix_override:/home/fbr/Lab2/src/install/Lab2_Navegacion/lib/python3.10/site-packages:${PYTHONPATH} /usr/bin/python3 -W ignore:setup.py install is deprecated setup.py develop --uninstall --editable --build-directory /home/fbr/Lab2/src/build/Lab2_Navegacion/build
[7.937s] Invoking command in '/home/fbr/Lab2/src/Lab2_Navegacion': PYTHONPATH=/home/fbr/Lab2/src/build/Lab2_Navegacion/prefix_override:/home/fbr/Lab2/src/install/Lab2_Navegacion/lib/python3.10/site-packages:${PYTHONPATH} /usr/bin/python3 -W ignore:setup.py install is deprecated setup.py egg_info --egg-base ../build/Lab2_Navegacion build --build-base /home/fbr/Lab2/src/build/Lab2_Navegacion/build install --record /home/fbr/Lab2/src/build/Lab2_Navegacion/install.log --single-version-externally-managed install_data --force
[9.526s] running egg_info
[9.534s] writing ../build/Lab2_Navegacion/Lab2_Navegacion.egg-info/PKG-INFO
[9.536s] writing dependency_links to ../build/Lab2_Navegacion/Lab2_Navegacion.egg-info/dependency_links.txt
[9.538s] writing entry points to ../build/Lab2_Navegacion/Lab2_Navegacion.egg-info/entry_points.txt
[9.539s] writing requirements to ../build/Lab2_Navegacion/Lab2_Navegacion.egg-info/requires.txt
[9.540s] writing top-level names to ../build/Lab2_Navegacion/Lab2_Navegacion.egg-info/top_level.txt
[9.548s] reading manifest file '../build/Lab2_Navegacion/Lab2_Navegacion.egg-info/SOURCES.txt'
[9.554s] writing manifest file '../build/Lab2_Navegacion/Lab2_Navegacion.egg-info/SOURCES.txt'
[9.555s] running build
[9.555s] running build_py
[9.556s] creating /home/fbr/Lab2/src/build/Lab2_Navegacion/build
[9.557s] creating /home/fbr/Lab2/src/build/Lab2_Navegacion/build/lib
[9.558s] creating /home/fbr/Lab2/src/build/Lab2_Navegacion/build/lib/Lab2_Navegacion
[9.558s] copying Lab2_Navegacion/ros2_pose_loader.py -> /home/fbr/Lab2/src/build/Lab2_Navegacion/build/lib/Lab2_Navegacion
[9.560s] copying Lab2_Navegacion/__init__.py -> /home/fbr/Lab2/src/build/Lab2_Navegacion/build/lib/Lab2_Navegacion
[9.565s] copying Lab2_Navegacion/Grafo.py -> /home/fbr/Lab2/src/build/Lab2_Navegacion/build/lib/Lab2_Navegacion
[9.566s] copying Lab2_Navegacion/ros2_dead_reckoning.py -> /home/fbr/Lab2/src/build/Lab2_Navegacion/build/lib/Lab2_Navegacion
[9.566s] running install
[9.566s] running install_lib
[9.568s] creating /home/fbr/Lab2/src/install/Lab2_Navegacion/lib/python3.10/site-packages/Lab2_Navegacion
[9.568s] copying /home/fbr/Lab2/src/build/Lab2_Navegacion/build/lib/Lab2_Navegacion/ros2_pose_loader.py -> /home/fbr/Lab2/src/install/Lab2_Navegacion/lib/python3.10/site-packages/Lab2_Navegacion
[9.573s] copying /home/fbr/Lab2/src/build/Lab2_Navegacion/build/lib/Lab2_Navegacion/__init__.py -> /home/fbr/Lab2/src/install/Lab2_Navegacion/lib/python3.10/site-packages/Lab2_Navegacion
[9.574s] copying /home/fbr/Lab2/src/build/Lab2_Navegacion/build/lib/Lab2_Navegacion/Grafo.py -> /home/fbr/Lab2/src/install/Lab2_Navegacion/lib/python3.10/site-packages/Lab2_Navegacion
[9.575s] copying /home/fbr/Lab2/src/build/Lab2_Navegacion/build/lib/Lab2_Navegacion/ros2_dead_reckoning.py -> /home/fbr/Lab2/src/install/Lab2_Navegacion/lib/python3.10/site-packages/Lab2_Navegacion
[9.576s] byte-compiling /home/fbr/Lab2/src/install/Lab2_Navegacion/lib/python3.10/site-packages/Lab2_Navegacion/ros2_pose_loader.py to ros2_pose_loader.cpython-310.pyc
[9.586s] byte-compiling /home/fbr/Lab2/src/install/Lab2_Navegacion/lib/python3.10/site-packages/Lab2_Navegacion/__init__.py to __init__.cpython-310.pyc
[9.592s] byte-compiling /home/fbr/Lab2/src/install/Lab2_Navegacion/lib/python3.10/site-packages/Lab2_Navegacion/Grafo.py to Grafo.cpython-310.pyc
[9.594s] byte-compiling /home/fbr/Lab2/src/install/Lab2_Navegacion/lib/python3.10/site-packages/Lab2_Navegacion/ros2_dead_reckoning.py to ros2_dead_reckoning.cpython-310.pyc
[9.601s] running install_data
[9.603s] copying resource/Lab2_Navegacion -> /home/fbr/Lab2/src/install/Lab2_Navegacion/share/ament_index/resource_index/packages
[9.603s] copying package.xml -> /home/fbr/Lab2/src/install/Lab2_Navegacion/share/Lab2_Navegacion
[9.604s] running install_egg_info
[9.612s] Copying ../build/Lab2_Navegacion/Lab2_Navegacion.egg-info to /home/fbr/Lab2/src/install/Lab2_Navegacion/lib/python3.10/site-packages/Lab2_Navegacion-0.0.0-py3.10.egg-info
[9.622s] running install_scripts
[9.768s] Installing dead_reckoning script to /home/fbr/Lab2/src/install/Lab2_Navegacion/lib/Lab2_Navegacion
[9.770s] writing list of installed files to '/home/fbr/Lab2/src/build/Lab2_Navegacion/install.log'
[9.908s] Invoked command in '/home/fbr/Lab2/src/Lab2_Navegacion' returned '0': PYTHONPATH=/home/fbr/Lab2/src/build/Lab2_Navegacion/prefix_override:/home/fbr/Lab2/src/install/Lab2_Navegacion/lib/python3.10/site-packages:${PYTHONPATH} /usr/bin/python3 -W ignore:setup.py install is deprecated setup.py egg_info --egg-base ../build/Lab2_Navegacion build --build-base /home/fbr/Lab2/src/build/Lab2_Navegacion/build install --record /home/fbr/Lab2/src/build/Lab2_Navegacion/install.log --single-version-externally-managed install_data --force
