running develop
Removing /home/fbr/Lab2/install/lab_navegation/lib/python3.10/site-packages/lab-navegation.egg-link (link to .)
running egg_info
writing ../../build/lab_navegation/lab_navegation.egg-info/PKG-INFO
writing dependency_links to ../../build/lab_navegation/lab_navegation.egg-info/dependency_links.txt
writing entry points to ../../build/lab_navegation/lab_navegation.egg-info/entry_points.txt
writing requirements to ../../build/lab_navegation/lab_navegation.egg-info/requires.txt
writing top-level names to ../../build/lab_navegation/lab_navegation.egg-info/top_level.txt
reading manifest file '../../build/lab_navegation/lab_navegation.egg-info/SOURCES.txt'
writing manifest file '../../build/lab_navegation/lab_navegation.egg-info/SOURCES.txt'
running build
running build_py
running install
running install_lib
creating /home/fbr/Lab2/install/lab_navegation/lib/python3.10/site-packages/lab_navegation
copying /home/fbr/Lab2/build/lab_navegation/build/lib/lab_navegation/ros2_pose_loader.py -> /home/fbr/Lab2/install/lab_navegation/lib/python3.10/site-packages/lab_navegation
copying /home/fbr/Lab2/build/lab_navegation/build/lib/lab_navegation/__init__.py -> /home/fbr/Lab2/install/lab_navegation/lib/python3.10/site-packages/lab_navegation
copying /home/fbr/Lab2/build/lab_navegation/build/lib/lab_navegation/Grafo.py -> /home/fbr/Lab2/install/lab_navegation/lib/python3.10/site-packages/lab_navegation
copying /home/fbr/Lab2/build/lab_navegation/build/lib/lab_navegation/ros2_dead_reckoning.py -> /home/fbr/Lab2/install/lab_navegation/lib/python3.10/site-packages/lab_navegation
byte-compiling /home/fbr/Lab2/install/lab_navegation/lib/python3.10/site-packages/lab_navegation/ros2_pose_loader.py to ros2_pose_loader.cpython-310.pyc
byte-compiling /home/fbr/Lab2/install/lab_navegation/lib/python3.10/site-packages/lab_navegation/__init__.py to __init__.cpython-310.pyc
byte-compiling /home/fbr/Lab2/install/lab_navegation/lib/python3.10/site-packages/lab_navegation/Grafo.py to Grafo.cpython-310.pyc
byte-compiling /home/fbr/Lab2/install/lab_navegation/lib/python3.10/site-packages/lab_navegation/ros2_dead_reckoning.py to ros2_dead_reckoning.cpython-310.pyc
running install_data
copying resource/lab_navegation -> /home/fbr/Lab2/install/lab_navegation/share/ament_index/resource_index/packages
copying package.xml -> /home/fbr/Lab2/install/lab_navegation/share/lab_navegation
running install_egg_info
Copying ../../build/lab_navegation/lab_navegation.egg-info to /home/fbr/Lab2/install/lab_navegation/lib/python3.10/site-packages/lab_navegation-0.0.0-py3.10.egg-info
running install_scripts
Installing dead_reckoning script to /home/fbr/Lab2/install/lab_navegation/lib/lab_navegation
writing list of installed files to '/home/fbr/Lab2/build/lab_navegation/install.log'
