[0.665s] Invoking command in '/home/fbr/Lab2/build/cmd_vel_mux': CMAKE_PREFIX_PATH=${CMAKE_PREFIX_PATH}:/home/fbr/work1_ws/install/laboratorio:/home/fbr/ros2_ws/install/my_first_package:/opt/ros/humble /usr/bin/cmake /home/fbr/Lab2/src/cmd_vel_mux -DAMENT_CMAKE_SYMLINK_INSTALL=1 -DCMAKE_INSTALL_PREFIX=/home/fbr/Lab2/install/cmd_vel_mux
[1.371s] -- The C compiler identification is GNU 11.4.0
[2.463s] -- The CXX compiler identification is GNU 11.4.0
[3.346s] -- Detecting C compiler ABI info
[3.840s] -- Detecting C compiler ABI info - done
[3.863s] -- Check for working C compiler: /usr/bin/cc - skipped
[3.865s] -- Detecting C compile features
[3.868s] -- Detecting C compile features - done
[3.884s] -- Detecting CXX compiler ABI info
[4.254s] -- Detecting CXX compiler ABI info - done
[4.276s] -- Check for working CXX compiler: /usr/bin/c++ - skipped
[4.277s] -- Detecting CXX compile features
[4.278s] -- Detecting CXX compile features - done
[4.289s] -- Found ament_cmake_ros: 0.10.0 (/opt/ros/humble/share/ament_cmake_ros/cmake)
[4.708s] -- Found Python3: /usr/bin/python3 (found version "3.10.12") found components: Interpreter 
[4.889s] -- Override CMake install command with custom implementation using symlinks instead of copying resources
[4.977s] -- Found geometry_msgs: 4.2.3 (/opt/ros/humble/share/geometry_msgs/cmake)
[5.288s] -- Found rosidl_generator_c: 3.1.5 (/opt/ros/humble/share/rosidl_generator_c/cmake)
[5.310s] -- Found rosidl_adapter: 3.1.5 (/opt/ros/humble/share/rosidl_adapter/cmake)
[5.343s] -- Found rosidl_generator_cpp: 3.1.5 (/opt/ros/humble/share/rosidl_generator_cpp/cmake)
[5.394s] -- Using all available rosidl_typesupport_c: rosidl_typesupport_fastrtps_c;rosidl_typesupport_introspection_c
[5.455s] -- Using all available rosidl_typesupport_cpp: rosidl_typesupport_fastrtps_cpp;rosidl_typesupport_introspection_cpp
[5.800s] -- Found rcl_interfaces: 1.2.1 (/opt/ros/humble/share/rcl_interfaces/cmake)
[5.885s] -- Found rclcpp: 16.0.8 (/opt/ros/humble/share/rclcpp/cmake)
[5.961s] -- Found rmw_implementation_cmake: 6.1.1 (/opt/ros/humble/share/rmw_implementation_cmake/cmake)
[5.967s] -- Found rmw_fastrtps_cpp: 6.2.6 (/opt/ros/humble/share/rmw_fastrtps_cpp/cmake)
[8.700s] -- Found OpenSSL: /usr/lib/x86_64-linux-gnu/libcrypto.so (found version "3.0.2")  
[11.593s] -- Found FastRTPS: /opt/ros/humble/include  
[17.442s] -- Using RMW implementation 'rmw_fastrtps_cpp' as default
[17.466s] -- Looking for pthread.h
[17.854s] -- Looking for pthread.h - found
[17.855s] -- Performing Test CMAKE_HAVE_LIBC_PTHREAD
[18.179s] -- Performing Test CMAKE_HAVE_LIBC_PTHREAD - Success
[18.182s] -- Found Threads: TRUE  
[18.513s] -- Found rclcpp_components: 16.0.8 (/opt/ros/humble/share/rclcpp_components/cmake)
[18.746s] -- Found ament_lint_auto: 0.12.10 (/opt/ros/humble/share/ament_lint_auto/cmake)
[19.021s] -- Found launch_testing_ament_cmake: 1.0.5 (/opt/ros/humble/share/launch_testing_ament_cmake/cmake)
[19.029s] -- Found python_cmake_module: 0.10.0 (/opt/ros/humble/share/python_cmake_module/cmake)
[19.372s] -- Found PythonInterp: /usr/bin/python3 (found suitable version "3.10.12", minimum required is "3.6") 
[21.983s] -- Found PythonLibs: /usr/lib/x86_64-linux-gnu/libpython3.10.so (found suitable version "3.10.12", minimum required is "3.5") 
[21.983s] -- Using PYTHON_EXECUTABLE: /usr/bin/python3
[21.984s] -- Using PYTHON_INCLUDE_DIRS: /usr/include/python3.10
[21.984s] -- Using PYTHON_LIBRARIES: /usr/lib/x86_64-linux-gnu/libpython3.10.so
[22.070s] -- Found PythonExtra: .so  
[22.109s] -- Added test 'cppcheck' to perform static code analysis on C / C++ code
[22.110s] -- Configured cppcheck include dirs: /home/fbr/Lab2/src/cmd_vel_mux/include
[22.110s] -- Configured cppcheck exclude dirs and/or files: 
[22.120s] -- Added test 'cpplint' to check C / C++ code against the Google style
[22.121s] -- Configured cpplint exclude dirs and/or files: 
[22.124s] -- Added test 'flake8' to check Python code syntax and style conventions
[22.129s] -- Added test 'lint_cmake' to check CMake code style
[22.133s] -- Added test 'pep257' to check Python code against some of the docstring style conventions in PEP 257
[22.142s] -- Added test 'uncrustify' to check C / C++ code style
[22.142s] -- Configured uncrustify additional arguments: 
[22.146s] -- Added test 'xmllint' to check XML markup files
[22.154s] -- Configuring done
[22.203s] -- Generating done
[22.211s] -- Build files have been written to: /home/fbr/Lab2/build/cmd_vel_mux
[22.241s] Invoked command in '/home/fbr/Lab2/build/cmd_vel_mux' returned '0': CMAKE_PREFIX_PATH=${CMAKE_PREFIX_PATH}:/home/fbr/work1_ws/install/laboratorio:/home/fbr/ros2_ws/install/my_first_package:/opt/ros/humble /usr/bin/cmake /home/fbr/Lab2/src/cmd_vel_mux -DAMENT_CMAKE_SYMLINK_INSTALL=1 -DCMAKE_INSTALL_PREFIX=/home/fbr/Lab2/install/cmd_vel_mux
[22.248s] Invoking command in '/home/fbr/Lab2/build/cmd_vel_mux': CMAKE_PREFIX_PATH=${CMAKE_PREFIX_PATH}:/home/fbr/work1_ws/install/laboratorio:/home/fbr/ros2_ws/install/my_first_package:/opt/ros/humble /usr/bin/cmake --build /home/fbr/Lab2/build/cmd_vel_mux -- -j4 -l4
[22.362s] [ 25%] [32mBuilding CXX object CMakeFiles/cmd_vel_mux_node.dir/rclcpp_components/node_main_cmd_vel_mux_node.cpp.o[0m
[22.375s] [ 50%] [32mBuilding CXX object CMakeFiles/cmd_vel_mux.dir/src/cmd_vel_mux.cpp.o[0m
[36.755s] [ 75%] [32m[1mLinking CXX executable cmd_vel_mux_node[0m
[37.670s] [ 75%] Built target cmd_vel_mux_node
[65.284s] [100%] [32m[1mLinking CXX shared library libcmd_vel_mux.so[0m
[67.425s] [100%] Built target cmd_vel_mux
[67.450s] Invoked command in '/home/fbr/Lab2/build/cmd_vel_mux' returned '0': CMAKE_PREFIX_PATH=${CMAKE_PREFIX_PATH}:/home/fbr/work1_ws/install/laboratorio:/home/fbr/ros2_ws/install/my_first_package:/opt/ros/humble /usr/bin/cmake --build /home/fbr/Lab2/build/cmd_vel_mux -- -j4 -l4
[67.533s] Invoking command in '/home/fbr/Lab2/build/cmd_vel_mux': CMAKE_PREFIX_PATH=${CMAKE_PREFIX_PATH}:/home/fbr/work1_ws/install/laboratorio:/home/fbr/ros2_ws/install/my_first_package:/opt/ros/humble /usr/bin/cmake --install /home/fbr/Lab2/build/cmd_vel_mux
[67.545s] -- Install configuration: ""
[67.546s] -- Execute custom install script
[67.548s] -- Symlinking: /home/fbr/Lab2/install/cmd_vel_mux/lib/cmd_vel_mux/cmd_vel_mux_node
[67.566s] -- Symlinking: /home/fbr/Lab2/install/cmd_vel_mux/lib/libcmd_vel_mux.so
[67.582s] -- Symlinking: /home/fbr/Lab2/install/cmd_vel_mux/include/cmd_vel_mux/cmd_vel_mux.hpp
[67.634s] -- Symlinking: /home/fbr/Lab2/install/cmd_vel_mux/share/cmd_vel_mux/config/cmd_vel_mux_params.yaml
[67.654s] -- Symlinking: /home/fbr/Lab2/install/cmd_vel_mux/share/cmd_vel_mux/launch/cmd_vel_mux-composed-launch.py
[67.672s] -- Symlinking: /home/fbr/Lab2/install/cmd_vel_mux/share/cmd_vel_mux/launch/cmd_vel_mux-launch.py
[67.714s] -- Symlinking: /home/fbr/Lab2/install/cmd_vel_mux/share/ament_index/resource_index/package_run_dependencies/cmd_vel_mux
[67.732s] -- Symlinking: /home/fbr/Lab2/install/cmd_vel_mux/share/ament_index/resource_index/parent_prefix_path/cmd_vel_mux
[67.753s] -- Symlinking: /home/fbr/Lab2/install/cmd_vel_mux/share/cmd_vel_mux/environment/ament_prefix_path.sh
[67.769s] -- Symlinking: /home/fbr/Lab2/install/cmd_vel_mux/share/cmd_vel_mux/environment/ament_prefix_path.dsv
[67.791s] -- Symlinking: /home/fbr/Lab2/install/cmd_vel_mux/share/cmd_vel_mux/environment/path.sh
[67.813s] -- Symlinking: /home/fbr/Lab2/install/cmd_vel_mux/share/cmd_vel_mux/environment/path.dsv
[67.831s] -- Symlinking: /home/fbr/Lab2/install/cmd_vel_mux/share/cmd_vel_mux/local_setup.bash
[67.849s] -- Symlinking: /home/fbr/Lab2/install/cmd_vel_mux/share/cmd_vel_mux/local_setup.sh
[67.870s] -- Symlinking: /home/fbr/Lab2/install/cmd_vel_mux/share/cmd_vel_mux/local_setup.zsh
[67.889s] -- Symlinking: /home/fbr/Lab2/install/cmd_vel_mux/share/cmd_vel_mux/local_setup.dsv
[67.905s] -- Symlinking: /home/fbr/Lab2/install/cmd_vel_mux/share/cmd_vel_mux/package.dsv
[67.925s] -- Symlinking: /home/fbr/Lab2/install/cmd_vel_mux/share/ament_index/resource_index/packages/cmd_vel_mux
[67.949s] -- Symlinking: /home/fbr/Lab2/install/cmd_vel_mux/share/ament_index/resource_index/rclcpp_components/cmd_vel_mux
[67.968s] -- Symlinking: /home/fbr/Lab2/install/cmd_vel_mux/share/cmd_vel_mux/cmake/cmd_vel_muxConfig.cmake
[67.989s] -- Symlinking: /home/fbr/Lab2/install/cmd_vel_mux/share/cmd_vel_mux/cmake/cmd_vel_muxConfig-version.cmake
[68.011s] -- Symlinking: /home/fbr/Lab2/install/cmd_vel_mux/share/cmd_vel_mux/package.xml
[68.034s] Invoked command in '/home/fbr/Lab2/build/cmd_vel_mux' returned '0': CMAKE_PREFIX_PATH=${CMAKE_PREFIX_PATH}:/home/fbr/work1_ws/install/laboratorio:/home/fbr/ros2_ws/install/my_first_package:/opt/ros/humble /usr/bin/cmake --install /home/fbr/Lab2/build/cmd_vel_mux
