[0.826s] DEBUG:colcon:Command line arguments: ['/usr/bin/colcon', 'build', '--symlink-install']
[0.826s] DEBUG:colcon:Parsed command line arguments: Namespace(log_base=None, log_level=None, verb_name='build', build_base='build', install_base='install', merge_install=False, symlink_install=True, test_result_base=None, continue_on_error=False, executor='parallel', parallel_workers=4, event_handlers=None, ignore_user_meta=False, metas=['./colcon.meta'], base_paths=['.'], packages_ignore=None, packages_ignore_regex=None, paths=None, packages_up_to=None, packages_up_to_regex=None, packages_above=None, packages_above_and_dependencies=None, packages_above_depth=None, packages_select_by_dep=None, packages_skip_by_dep=None, packages_skip_up_to=None, packages_select_build_failed=False, packages_skip_build_finished=False, packages_select_test_failures=False, packages_skip_test_passed=False, packages_select=None, packages_skip=None, packages_select_regex=None, packages_skip_regex=None, packages_start=None, packages_end=None, allow_overriding=[], cmake_args=None, cmake_target=None, cmake_target_skip_unavailable=False, cmake_clean_cache=False, cmake_clean_first=False, cmake_force_configure=False, ament_cmake_args=None, catkin_cmake_args=None, catkin_skip_building_tests=False, verb_parser=<colcon_defaults.argument_parser.defaults.DefaultArgumentsDecorator object at 0x7fdf7621b010>, verb_extension=<colcon_core.verb.build.BuildVerb object at 0x7fdf7621aad0>, main=<bound method BuildVerb.main of <colcon_core.verb.build.BuildVerb object at 0x7fdf7621aad0>>)
[1.502s] Level 1:colcon.colcon_core.package_discovery:discover_packages(colcon_meta) check parameters
[1.503s] Level 1:colcon.colcon_core.package_discovery:discover_packages(recursive) check parameters
[1.503s] Level 1:colcon.colcon_core.package_discovery:discover_packages(ignore) check parameters
[1.503s] Level 1:colcon.colcon_core.package_discovery:discover_packages(path) check parameters
[1.503s] Level 1:colcon.colcon_core.package_discovery:discover_packages(colcon_meta) discover
[1.503s] Level 1:colcon.colcon_core.package_discovery:discover_packages(recursive) discover
[1.503s] INFO:colcon.colcon_core.package_discovery:Crawling recursively for packages in '/home/fbr/Lab2/src'
[1.504s] Level 1:colcon.colcon_core.package_identification:_identify(.) by extensions ['ignore', 'ignore_ament_install']
[1.504s] Level 1:colcon.colcon_core.package_identification:_identify(.) by extension 'ignore'
[1.504s] Level 1:colcon.colcon_core.package_identification:_identify(.) by extension 'ignore_ament_install'
[1.505s] Level 1:colcon.colcon_core.package_identification:_identify(.) by extensions ['colcon_pkg']
[1.505s] Level 1:colcon.colcon_core.package_identification:_identify(.) by extension 'colcon_pkg'
[1.506s] Level 1:colcon.colcon_core.package_identification:_identify(.) by extensions ['colcon_meta']
[1.506s] Level 1:colcon.colcon_core.package_identification:_identify(.) by extension 'colcon_meta'
[1.507s] Level 1:colcon.colcon_core.package_identification:_identify(.) by extensions ['ros']
[1.507s] Level 1:colcon.colcon_core.package_identification:_identify(.) by extension 'ros'
[1.577s] Level 1:colcon.colcon_core.package_identification:_identify(.) by extensions ['cmake', 'python']
[1.579s] Level 1:colcon.colcon_core.package_identification:_identify(.) by extension 'cmake'
[1.583s] Level 1:colcon.colcon_core.package_identification:_identify(.) by extension 'python'
[1.583s] Level 1:colcon.colcon_core.package_identification:_identify(.) by extensions ['python_setup_py']
[1.584s] Level 1:colcon.colcon_core.package_identification:_identify(.) by extension 'python_setup_py'
[1.584s] Level 1:colcon.colcon_core.package_identification:_identify(Lab2_Navegacion) by extensions ['ignore', 'ignore_ament_install']
[1.585s] Level 1:colcon.colcon_core.package_identification:_identify(Lab2_Navegacion) by extension 'ignore'
[1.585s] Level 1:colcon.colcon_core.package_identification:_identify(Lab2_Navegacion) by extension 'ignore_ament_install'
[1.586s] Level 1:colcon.colcon_core.package_identification:_identify(Lab2_Navegacion) by extensions ['colcon_pkg']
[1.586s] Level 1:colcon.colcon_core.package_identification:_identify(Lab2_Navegacion) by extension 'colcon_pkg'
[1.586s] Level 1:colcon.colcon_core.package_identification:_identify(Lab2_Navegacion) by extensions ['colcon_meta']
[1.586s] Level 1:colcon.colcon_core.package_identification:_identify(Lab2_Navegacion) by extension 'colcon_meta'
[1.586s] Level 1:colcon.colcon_core.package_identification:_identify(Lab2_Navegacion) by extensions ['ros']
[1.587s] Level 1:colcon.colcon_core.package_identification:_identify(Lab2_Navegacion) by extension 'ros'
[1.598s] DEBUG:colcon.colcon_core.package_identification:Package 'Lab2_Navegacion' with type 'ros.ament_python' and name 'Lab2_Navegacion'
[1.598s] Level 1:colcon.colcon_core.package_identification:_identify(build) by extensions ['ignore', 'ignore_ament_install']
[1.599s] Level 1:colcon.colcon_core.package_identification:_identify(build) by extension 'ignore'
[1.599s] Level 1:colcon.colcon_core.package_identification:_identify(build) ignored
[1.599s] Level 1:colcon.colcon_core.package_identification:_identify(cmd_vel_mux) by extensions ['ignore', 'ignore_ament_install']
[1.600s] Level 1:colcon.colcon_core.package_identification:_identify(cmd_vel_mux) by extension 'ignore'
[1.600s] Level 1:colcon.colcon_core.package_identification:_identify(cmd_vel_mux) by extension 'ignore_ament_install'
[1.600s] Level 1:colcon.colcon_core.package_identification:_identify(cmd_vel_mux) by extensions ['colcon_pkg']
[1.600s] Level 1:colcon.colcon_core.package_identification:_identify(cmd_vel_mux) by extension 'colcon_pkg'
[1.600s] Level 1:colcon.colcon_core.package_identification:_identify(cmd_vel_mux) by extensions ['colcon_meta']
[1.600s] Level 1:colcon.colcon_core.package_identification:_identify(cmd_vel_mux) by extension 'colcon_meta'
[1.601s] Level 1:colcon.colcon_core.package_identification:_identify(cmd_vel_mux) by extensions ['ros']
[1.601s] Level 1:colcon.colcon_core.package_identification:_identify(cmd_vel_mux) by extension 'ros'
[1.603s] DEBUG:colcon.colcon_core.package_identification:Package 'cmd_vel_mux' with type 'ros.ament_cmake' and name 'cmd_vel_mux'
[1.604s] Level 1:colcon.colcon_core.package_identification:_identify(install) by extensions ['ignore', 'ignore_ament_install']
[1.604s] Level 1:colcon.colcon_core.package_identification:_identify(install) by extension 'ignore'
[1.604s] Level 1:colcon.colcon_core.package_identification:_identify(install) ignored
[1.604s] Level 1:colcon.colcon_core.package_identification:_identify(log) by extensions ['ignore', 'ignore_ament_install']
[1.605s] Level 1:colcon.colcon_core.package_identification:_identify(log) by extension 'ignore'
[1.605s] Level 1:colcon.colcon_core.package_identification:_identify(log) ignored
[1.605s] Level 1:colcon.colcon_core.package_identification:_identify(very_simple_robot_simulator) by extensions ['ignore', 'ignore_ament_install']
[1.605s] Level 1:colcon.colcon_core.package_identification:_identify(very_simple_robot_simulator) by extension 'ignore'
[1.606s] Level 1:colcon.colcon_core.package_identification:_identify(very_simple_robot_simulator) by extension 'ignore_ament_install'
[1.606s] Level 1:colcon.colcon_core.package_identification:_identify(very_simple_robot_simulator) by extensions ['colcon_pkg']
[1.606s] Level 1:colcon.colcon_core.package_identification:_identify(very_simple_robot_simulator) by extension 'colcon_pkg'
[1.606s] Level 1:colcon.colcon_core.package_identification:_identify(very_simple_robot_simulator) by extensions ['colcon_meta']
[1.606s] Level 1:colcon.colcon_core.package_identification:_identify(very_simple_robot_simulator) by extension 'colcon_meta'
[1.606s] Level 1:colcon.colcon_core.package_identification:_identify(very_simple_robot_simulator) by extensions ['ros']
[1.606s] Level 1:colcon.colcon_core.package_identification:_identify(very_simple_robot_simulator) by extension 'ros'
[1.612s] DEBUG:colcon.colcon_core.package_identification:Package 'very_simple_robot_simulator' with type 'ros.ament_cmake' and name 'very_simple_robot_simulator'
[1.612s] Level 1:colcon.colcon_core.package_discovery:discover_packages(recursive) using defaults
[1.613s] Level 1:colcon.colcon_core.package_discovery:discover_packages(ignore) discover
[1.614s] Level 1:colcon.colcon_core.package_discovery:discover_packages(ignore) using defaults
[1.616s] Level 1:colcon.colcon_core.package_discovery:discover_packages(path) discover
[1.616s] Level 1:colcon.colcon_core.package_discovery:discover_packages(path) using defaults
[1.698s] Level 1:colcon.colcon_core.package_discovery:discover_packages(prefix_path) check parameters
[1.699s] Level 1:colcon.colcon_core.package_discovery:discover_packages(prefix_path) discover
[1.708s] DEBUG:colcon.colcon_installed_package_information.package_discovery:Found 3 installed packages in /home/fbr/work1_ws/install
[1.709s] DEBUG:colcon.colcon_installed_package_information.package_discovery:Found 1 installed packages in /home/fbr/ros2_ws/install
[1.711s] DEBUG:colcon.colcon_installed_package_information.package_discovery:Found 273 installed packages in /opt/ros/humble
[1.714s] Level 1:colcon.colcon_core.package_discovery:discover_packages(prefix_path) using defaults
[1.830s] Level 5:colcon.colcon_core.verb:set package 'Lab2_Navegacion' build argument 'cmake_args' from command line to 'None'
[1.830s] Level 5:colcon.colcon_core.verb:set package 'Lab2_Navegacion' build argument 'cmake_target' from command line to 'None'
[1.830s] Level 5:colcon.colcon_core.verb:set package 'Lab2_Navegacion' build argument 'cmake_target_skip_unavailable' from command line to 'False'
[1.830s] Level 5:colcon.colcon_core.verb:set package 'Lab2_Navegacion' build argument 'cmake_clean_cache' from command line to 'False'
[1.830s] Level 5:colcon.colcon_core.verb:set package 'Lab2_Navegacion' build argument 'cmake_clean_first' from command line to 'False'
[1.830s] Level 5:colcon.colcon_core.verb:set package 'Lab2_Navegacion' build argument 'cmake_force_configure' from command line to 'False'
[1.830s] Level 5:colcon.colcon_core.verb:set package 'Lab2_Navegacion' build argument 'ament_cmake_args' from command line to 'None'
[1.831s] Level 5:colcon.colcon_core.verb:set package 'Lab2_Navegacion' build argument 'catkin_cmake_args' from command line to 'None'
[1.831s] Level 5:colcon.colcon_core.verb:set package 'Lab2_Navegacion' build argument 'catkin_skip_building_tests' from command line to 'False'
[1.831s] DEBUG:colcon.colcon_core.verb:Building package 'Lab2_Navegacion' with the following arguments: {'ament_cmake_args': None, 'build_base': '/home/fbr/Lab2/src/build/Lab2_Navegacion', 'catkin_cmake_args': None, 'catkin_skip_building_tests': False, 'cmake_args': None, 'cmake_clean_cache': False, 'cmake_clean_first': False, 'cmake_force_configure': False, 'cmake_target': None, 'cmake_target_skip_unavailable': False, 'install_base': '/home/fbr/Lab2/src/install/Lab2_Navegacion', 'merge_install': False, 'path': '/home/fbr/Lab2/src/Lab2_Navegacion', 'symlink_install': True, 'test_result_base': None}
[1.832s] Level 5:colcon.colcon_core.verb:set package 'cmd_vel_mux' build argument 'cmake_args' from command line to 'None'
[1.832s] Level 5:colcon.colcon_core.verb:set package 'cmd_vel_mux' build argument 'cmake_target' from command line to 'None'
[1.832s] Level 5:colcon.colcon_core.verb:set package 'cmd_vel_mux' build argument 'cmake_target_skip_unavailable' from command line to 'False'
[1.832s] Level 5:colcon.colcon_core.verb:set package 'cmd_vel_mux' build argument 'cmake_clean_cache' from command line to 'False'
[1.832s] Level 5:colcon.colcon_core.verb:set package 'cmd_vel_mux' build argument 'cmake_clean_first' from command line to 'False'
[1.832s] Level 5:colcon.colcon_core.verb:set package 'cmd_vel_mux' build argument 'cmake_force_configure' from command line to 'False'
[1.832s] Level 5:colcon.colcon_core.verb:set package 'cmd_vel_mux' build argument 'ament_cmake_args' from command line to 'None'
[1.832s] Level 5:colcon.colcon_core.verb:set package 'cmd_vel_mux' build argument 'catkin_cmake_args' from command line to 'None'
[1.832s] Level 5:colcon.colcon_core.verb:set package 'cmd_vel_mux' build argument 'catkin_skip_building_tests' from command line to 'False'
[1.832s] DEBUG:colcon.colcon_core.verb:Building package 'cmd_vel_mux' with the following arguments: {'ament_cmake_args': None, 'build_base': '/home/fbr/Lab2/src/build/cmd_vel_mux', 'catkin_cmake_args': None, 'catkin_skip_building_tests': False, 'cmake_args': None, 'cmake_clean_cache': False, 'cmake_clean_first': False, 'cmake_force_configure': False, 'cmake_target': None, 'cmake_target_skip_unavailable': False, 'install_base': '/home/fbr/Lab2/src/install/cmd_vel_mux', 'merge_install': False, 'path': '/home/fbr/Lab2/src/cmd_vel_mux', 'symlink_install': True, 'test_result_base': None}
[1.833s] Level 5:colcon.colcon_core.verb:set package 'very_simple_robot_simulator' build argument 'cmake_args' from command line to 'None'
[1.833s] Level 5:colcon.colcon_core.verb:set package 'very_simple_robot_simulator' build argument 'cmake_target' from command line to 'None'
[1.833s] Level 5:colcon.colcon_core.verb:set package 'very_simple_robot_simulator' build argument 'cmake_target_skip_unavailable' from command line to 'False'
[1.834s] Level 5:colcon.colcon_core.verb:set package 'very_simple_robot_simulator' build argument 'cmake_clean_cache' from command line to 'False'
[1.834s] Level 5:colcon.colcon_core.verb:set package 'very_simple_robot_simulator' build argument 'cmake_clean_first' from command line to 'False'
[1.834s] Level 5:colcon.colcon_core.verb:set package 'very_simple_robot_simulator' build argument 'cmake_force_configure' from command line to 'False'
[1.834s] Level 5:colcon.colcon_core.verb:set package 'very_simple_robot_simulator' build argument 'ament_cmake_args' from command line to 'None'
[1.834s] Level 5:colcon.colcon_core.verb:set package 'very_simple_robot_simulator' build argument 'catkin_cmake_args' from command line to 'None'
[1.834s] Level 5:colcon.colcon_core.verb:set package 'very_simple_robot_simulator' build argument 'catkin_skip_building_tests' from command line to 'False'
[1.834s] DEBUG:colcon.colcon_core.verb:Building package 'very_simple_robot_simulator' with the following arguments: {'ament_cmake_args': None, 'build_base': '/home/fbr/Lab2/src/build/very_simple_robot_simulator', 'catkin_cmake_args': None, 'catkin_skip_building_tests': False, 'cmake_args': None, 'cmake_clean_cache': False, 'cmake_clean_first': False, 'cmake_force_configure': False, 'cmake_target': None, 'cmake_target_skip_unavailable': False, 'install_base': '/home/fbr/Lab2/src/install/very_simple_robot_simulator', 'merge_install': False, 'path': '/home/fbr/Lab2/src/very_simple_robot_simulator', 'symlink_install': True, 'test_result_base': None}
[1.835s] INFO:colcon.colcon_core.executor:Executing jobs using 'parallel' executor
[1.837s] DEBUG:colcon.colcon_parallel_executor.executor.parallel:run_until_complete
[1.838s] INFO:colcon.colcon_ros.task.ament_python.build:Building ROS package in '/home/fbr/Lab2/src/Lab2_Navegacion' with build type 'ament_python'
[1.838s] Level 1:colcon.colcon_core.shell:create_environment_hook('Lab2_Navegacion', 'ament_prefix_path')
[1.859s] INFO:colcon.colcon_core.plugin_system:Skipping extension 'colcon_core.shell.bat': Not used on non-Windows systems
[1.860s] INFO:colcon.colcon_core.shell:Creating environment hook '/home/fbr/Lab2/src/install/Lab2_Navegacion/share/Lab2_Navegacion/hook/ament_prefix_path.ps1'
[1.866s] INFO:colcon.colcon_core.shell:Creating environment descriptor '/home/fbr/Lab2/src/install/Lab2_Navegacion/share/Lab2_Navegacion/hook/ament_prefix_path.dsv'
[1.868s] INFO:colcon.colcon_core.shell:Creating environment hook '/home/fbr/Lab2/src/install/Lab2_Navegacion/share/Lab2_Navegacion/hook/ament_prefix_path.sh'
[1.871s] INFO:colcon.colcon_core.shell:Skip shell extension 'powershell' for command environment: Not usable outside of PowerShell
[1.871s] DEBUG:colcon.colcon_core.shell:Skip shell extension 'dsv' for command environment
[1.882s] INFO:colcon.colcon_ros.task.ament_cmake.build:Building ROS package in '/home/fbr/Lab2/src/cmd_vel_mux' with build type 'ament_cmake'
[1.882s] INFO:colcon.colcon_cmake.task.cmake.build:Building CMake package in '/home/fbr/Lab2/src/cmd_vel_mux'
[1.884s] INFO:colcon.colcon_core.shell:Skip shell extension 'powershell' for command environment: Not usable outside of PowerShell
[1.884s] DEBUG:colcon.colcon_core.shell:Skip shell extension 'dsv' for command environment
[1.897s] INFO:colcon.colcon_ros.task.ament_cmake.build:Building ROS package in '/home/fbr/Lab2/src/very_simple_robot_simulator' with build type 'ament_cmake'
[1.898s] INFO:colcon.colcon_cmake.task.cmake.build:Building CMake package in '/home/fbr/Lab2/src/very_simple_robot_simulator'
[1.899s] INFO:colcon.colcon_core.shell:Skip shell extension 'powershell' for command environment: Not usable outside of PowerShell
[1.899s] DEBUG:colcon.colcon_core.shell:Skip shell extension 'dsv' for command environment
[2.552s] INFO:colcon.colcon_core.task.python.build:Building Python package in '/home/fbr/Lab2/src/Lab2_Navegacion'
[2.552s] INFO:colcon.colcon_core.shell:Skip shell extension 'powershell' for command environment: Not usable outside of PowerShell
[2.553s] DEBUG:colcon.colcon_core.shell:Skip shell extension 'dsv' for command environment
[2.567s] DEBUG:colcon.colcon_core.event_handler.log_command:Invoking command in '/home/fbr/Lab2/src/build/cmd_vel_mux': CMAKE_PREFIX_PATH=${CMAKE_PREFIX_PATH}:/home/fbr/work1_ws/install/laboratorio:/home/fbr/ros2_ws/install/my_first_package:/opt/ros/humble /usr/bin/cmake /home/fbr/Lab2/src/cmd_vel_mux -DAMENT_CMAKE_SYMLINK_INSTALL=1 -DCMAKE_INSTALL_PREFIX=/home/fbr/Lab2/src/install/cmd_vel_mux
[2.586s] DEBUG:colcon.colcon_core.event_handler.log_command:Invoking command in '/home/fbr/Lab2/src/build/very_simple_robot_simulator': CMAKE_PREFIX_PATH=${CMAKE_PREFIX_PATH}:/home/fbr/work1_ws/install/laboratorio:/home/fbr/ros2_ws/install/my_first_package:/opt/ros/humble /usr/bin/cmake /home/fbr/Lab2/src/very_simple_robot_simulator -DAMENT_CMAKE_SYMLINK_INSTALL=1 -DCMAKE_INSTALL_PREFIX=/home/fbr/Lab2/src/install/very_simple_robot_simulator
[3.827s] DEBUG:colcon.colcon_core.event_handler.log_command:Invoking command in '/home/fbr/Lab2/src/build/Lab2_Navegacion': PYTHONPATH=/home/fbr/Lab2/src/build/Lab2_Navegacion/prefix_override:/home/fbr/Lab2/src/install/Lab2_Navegacion/lib/python3.10/site-packages:${PYTHONPATH} /usr/bin/python3 -W ignore:setup.py install is deprecated setup.py develop --editable --build-directory /home/fbr/Lab2/src/build/Lab2_Navegacion/build --no-deps symlink_data
[5.782s] Level 1:colcon.colcon_core.shell:create_environment_hook('Lab2_Navegacion', 'pythonpath_develop')
[5.784s] INFO:colcon.colcon_core.shell:Creating environment hook '/home/fbr/Lab2/src/build/Lab2_Navegacion/share/Lab2_Navegacion/hook/pythonpath_develop.ps1'
[5.785s] DEBUG:colcon.colcon_core.event_handler.log_command:Invoked command in '/home/fbr/Lab2/src/build/Lab2_Navegacion' returned '0': PYTHONPATH=/home/fbr/Lab2/src/build/Lab2_Navegacion/prefix_override:/home/fbr/Lab2/src/install/Lab2_Navegacion/lib/python3.10/site-packages:${PYTHONPATH} /usr/bin/python3 -W ignore:setup.py install is deprecated setup.py develop --editable --build-directory /home/fbr/Lab2/src/build/Lab2_Navegacion/build --no-deps symlink_data
[5.789s] INFO:colcon.colcon_core.shell:Creating environment descriptor '/home/fbr/Lab2/src/build/Lab2_Navegacion/share/Lab2_Navegacion/hook/pythonpath_develop.dsv'
[5.791s] INFO:colcon.colcon_core.shell:Creating environment hook '/home/fbr/Lab2/src/build/Lab2_Navegacion/share/Lab2_Navegacion/hook/pythonpath_develop.sh'
[5.920s] Level 1:colcon.colcon_core.environment:checking '/home/fbr/Lab2/src/install/Lab2_Navegacion' for CMake module files
[5.922s] Level 1:colcon.colcon_core.environment:checking '/home/fbr/Lab2/src/install/Lab2_Navegacion' for CMake config files
[5.934s] Level 1:colcon.colcon_core.environment:checking '/home/fbr/Lab2/src/install/Lab2_Navegacion/lib'
[5.935s] Level 1:colcon.colcon_core.environment:checking '/home/fbr/Lab2/src/install/Lab2_Navegacion/bin'
[5.936s] Level 1:colcon.colcon_core.environment:checking '/home/fbr/Lab2/src/install/Lab2_Navegacion/lib/pkgconfig/Lab2_Navegacion.pc'
[5.939s] Level 1:colcon.colcon_core.environment:checking '/home/fbr/Lab2/src/install/Lab2_Navegacion/lib/python3.10/site-packages'
[5.940s] Level 1:colcon.colcon_core.shell:create_environment_hook('Lab2_Navegacion', 'pythonpath')
[5.942s] INFO:colcon.colcon_core.shell:Creating environment hook '/home/fbr/Lab2/src/install/Lab2_Navegacion/share/Lab2_Navegacion/hook/pythonpath.ps1'
[5.944s] INFO:colcon.colcon_core.shell:Creating environment descriptor '/home/fbr/Lab2/src/install/Lab2_Navegacion/share/Lab2_Navegacion/hook/pythonpath.dsv'
[5.945s] INFO:colcon.colcon_core.shell:Creating environment hook '/home/fbr/Lab2/src/install/Lab2_Navegacion/share/Lab2_Navegacion/hook/pythonpath.sh'
[5.946s] Level 1:colcon.colcon_core.environment:checking '/home/fbr/Lab2/src/install/Lab2_Navegacion/bin'
[5.947s] Level 1:colcon.colcon_core.environment:create_environment_scripts_only(Lab2_Navegacion)
[5.947s] INFO:colcon.colcon_core.shell:Creating package script '/home/fbr/Lab2/src/install/Lab2_Navegacion/share/Lab2_Navegacion/package.ps1'
[5.951s] INFO:colcon.colcon_core.shell:Creating package descriptor '/home/fbr/Lab2/src/install/Lab2_Navegacion/share/Lab2_Navegacion/package.dsv'
[5.960s] INFO:colcon.colcon_core.shell:Creating package script '/home/fbr/Lab2/src/install/Lab2_Navegacion/share/Lab2_Navegacion/package.sh'
[5.965s] INFO:colcon.colcon_core.shell:Creating package script '/home/fbr/Lab2/src/install/Lab2_Navegacion/share/Lab2_Navegacion/package.bash'
[5.970s] INFO:colcon.colcon_core.shell:Creating package script '/home/fbr/Lab2/src/install/Lab2_Navegacion/share/Lab2_Navegacion/package.zsh'
[5.975s] Level 1:colcon.colcon_core.environment:create_file_with_runtime_dependencies(/home/fbr/Lab2/src/install/Lab2_Navegacion/share/colcon-core/packages/Lab2_Navegacion)
[24.967s] DEBUG:colcon.colcon_core.event_handler.log_command:Invoked command in '/home/fbr/Lab2/src/build/cmd_vel_mux' returned '0': CMAKE_PREFIX_PATH=${CMAKE_PREFIX_PATH}:/home/fbr/work1_ws/install/laboratorio:/home/fbr/ros2_ws/install/my_first_package:/opt/ros/humble /usr/bin/cmake /home/fbr/Lab2/src/cmd_vel_mux -DAMENT_CMAKE_SYMLINK_INSTALL=1 -DCMAKE_INSTALL_PREFIX=/home/fbr/Lab2/src/install/cmd_vel_mux
[24.976s] DEBUG:colcon.colcon_core.event_handler.log_command:Invoking command in '/home/fbr/Lab2/src/build/cmd_vel_mux': CMAKE_PREFIX_PATH=${CMAKE_PREFIX_PATH}:/home/fbr/work1_ws/install/laboratorio:/home/fbr/ros2_ws/install/my_first_package:/opt/ros/humble /usr/bin/cmake --build /home/fbr/Lab2/src/build/cmd_vel_mux -- -j4 -l4
[29.428s] DEBUG:colcon.colcon_core.event_handler.log_command:Invoked command in '/home/fbr/Lab2/src/build/very_simple_robot_simulator' returned '0': CMAKE_PREFIX_PATH=${CMAKE_PREFIX_PATH}:/home/fbr/work1_ws/install/laboratorio:/home/fbr/ros2_ws/install/my_first_package:/opt/ros/humble /usr/bin/cmake /home/fbr/Lab2/src/very_simple_robot_simulator -DAMENT_CMAKE_SYMLINK_INSTALL=1 -DCMAKE_INSTALL_PREFIX=/home/fbr/Lab2/src/install/very_simple_robot_simulator
[29.430s] DEBUG:colcon.colcon_core.event_handler.log_command:Invoking command in '/home/fbr/Lab2/src/build/very_simple_robot_simulator': CMAKE_PREFIX_PATH=${CMAKE_PREFIX_PATH}:/home/fbr/work1_ws/install/laboratorio:/home/fbr/ros2_ws/install/my_first_package:/opt/ros/humble /usr/bin/cmake --build /home/fbr/Lab2/src/build/very_simple_robot_simulator -- -j4 -l4
[89.490s] DEBUG:colcon.colcon_core.event_handler.log_command:Invoked command in '/home/fbr/Lab2/src/build/cmd_vel_mux' returned '0': CMAKE_PREFIX_PATH=${CMAKE_PREFIX_PATH}:/home/fbr/work1_ws/install/laboratorio:/home/fbr/ros2_ws/install/my_first_package:/opt/ros/humble /usr/bin/cmake --build /home/fbr/Lab2/src/build/cmd_vel_mux -- -j4 -l4
[89.585s] DEBUG:colcon.colcon_core.event_handler.log_command:Invoking command in '/home/fbr/Lab2/src/build/cmd_vel_mux': CMAKE_PREFIX_PATH=${CMAKE_PREFIX_PATH}:/home/fbr/work1_ws/install/laboratorio:/home/fbr/ros2_ws/install/my_first_package:/opt/ros/humble /usr/bin/cmake --install /home/fbr/Lab2/src/build/cmd_vel_mux
[90.083s] Level 1:colcon.colcon_core.environment:create_environment_scripts_only(cmd_vel_mux)
[90.085s] Level 1:colcon.colcon_core.environment:checking '/home/fbr/Lab2/src/install/cmd_vel_mux' for CMake module files
[90.087s] DEBUG:colcon.colcon_core.event_handler.log_command:Invoked command in '/home/fbr/Lab2/src/build/cmd_vel_mux' returned '0': CMAKE_PREFIX_PATH=${CMAKE_PREFIX_PATH}:/home/fbr/work1_ws/install/laboratorio:/home/fbr/ros2_ws/install/my_first_package:/opt/ros/humble /usr/bin/cmake --install /home/fbr/Lab2/src/build/cmd_vel_mux
[90.088s] Level 1:colcon.colcon_core.environment:checking '/home/fbr/Lab2/src/install/cmd_vel_mux' for CMake config files
[90.089s] Level 1:colcon.colcon_core.shell:create_environment_hook('cmd_vel_mux', 'cmake_prefix_path')
[90.090s] INFO:colcon.colcon_core.shell:Creating environment hook '/home/fbr/Lab2/src/install/cmd_vel_mux/share/cmd_vel_mux/hook/cmake_prefix_path.ps1'
[90.092s] INFO:colcon.colcon_core.shell:Creating environment descriptor '/home/fbr/Lab2/src/install/cmd_vel_mux/share/cmd_vel_mux/hook/cmake_prefix_path.dsv'
[90.093s] INFO:colcon.colcon_core.shell:Creating environment hook '/home/fbr/Lab2/src/install/cmd_vel_mux/share/cmd_vel_mux/hook/cmake_prefix_path.sh'
[90.095s] Level 1:colcon.colcon_core.environment:checking '/home/fbr/Lab2/src/install/cmd_vel_mux/lib'
[90.095s] Level 1:colcon.colcon_core.shell:create_environment_hook('cmd_vel_mux', 'ld_library_path_lib')
[90.096s] INFO:colcon.colcon_core.shell:Creating environment hook '/home/fbr/Lab2/src/install/cmd_vel_mux/share/cmd_vel_mux/hook/ld_library_path_lib.ps1'
[90.098s] INFO:colcon.colcon_core.shell:Creating environment descriptor '/home/fbr/Lab2/src/install/cmd_vel_mux/share/cmd_vel_mux/hook/ld_library_path_lib.dsv'
[90.099s] INFO:colcon.colcon_core.shell:Creating environment hook '/home/fbr/Lab2/src/install/cmd_vel_mux/share/cmd_vel_mux/hook/ld_library_path_lib.sh'
[90.100s] Level 1:colcon.colcon_core.environment:checking '/home/fbr/Lab2/src/install/cmd_vel_mux/bin'
[90.102s] Level 1:colcon.colcon_core.environment:checking '/home/fbr/Lab2/src/install/cmd_vel_mux/lib/pkgconfig/cmd_vel_mux.pc'
[90.104s] Level 1:colcon.colcon_core.environment:checking '/home/fbr/Lab2/src/install/cmd_vel_mux/lib/python3.10/site-packages'
[90.105s] Level 1:colcon.colcon_core.environment:checking '/home/fbr/Lab2/src/install/cmd_vel_mux/bin'
[90.106s] INFO:colcon.colcon_core.shell:Creating package script '/home/fbr/Lab2/src/install/cmd_vel_mux/share/cmd_vel_mux/package.ps1'
[90.108s] INFO:colcon.colcon_core.shell:Creating package descriptor '/home/fbr/Lab2/src/install/cmd_vel_mux/share/cmd_vel_mux/package.dsv'
[90.110s] INFO:colcon.colcon_core.shell:Creating package script '/home/fbr/Lab2/src/install/cmd_vel_mux/share/cmd_vel_mux/package.sh'
[90.112s] INFO:colcon.colcon_core.shell:Creating package script '/home/fbr/Lab2/src/install/cmd_vel_mux/share/cmd_vel_mux/package.bash'
[90.113s] INFO:colcon.colcon_core.shell:Creating package script '/home/fbr/Lab2/src/install/cmd_vel_mux/share/cmd_vel_mux/package.zsh'
[90.114s] Level 1:colcon.colcon_core.environment:create_file_with_runtime_dependencies(/home/fbr/Lab2/src/install/cmd_vel_mux/share/colcon-core/packages/cmd_vel_mux)
[90.191s] Level 1:colcon.colcon_core.environment:create_environment_scripts_only(cmd_vel_mux)
[90.192s] Level 1:colcon.colcon_core.environment:checking '/home/fbr/Lab2/src/install/cmd_vel_mux' for CMake module files
[90.194s] Level 1:colcon.colcon_core.environment:checking '/home/fbr/Lab2/src/install/cmd_vel_mux' for CMake config files
[90.195s] Level 1:colcon.colcon_core.shell:create_environment_hook('cmd_vel_mux', 'cmake_prefix_path')
[90.197s] INFO:colcon.colcon_core.shell:Creating environment hook '/home/fbr/Lab2/src/install/cmd_vel_mux/share/cmd_vel_mux/hook/cmake_prefix_path.ps1'
[90.198s] INFO:colcon.colcon_core.shell:Creating environment descriptor '/home/fbr/Lab2/src/install/cmd_vel_mux/share/cmd_vel_mux/hook/cmake_prefix_path.dsv'
[90.210s] INFO:colcon.colcon_core.shell:Creating environment hook '/home/fbr/Lab2/src/install/cmd_vel_mux/share/cmd_vel_mux/hook/cmake_prefix_path.sh'
[90.212s] Level 1:colcon.colcon_core.environment:checking '/home/fbr/Lab2/src/install/cmd_vel_mux/lib'
[90.213s] Level 1:colcon.colcon_core.shell:create_environment_hook('cmd_vel_mux', 'ld_library_path_lib')
[90.214s] INFO:colcon.colcon_core.shell:Creating environment hook '/home/fbr/Lab2/src/install/cmd_vel_mux/share/cmd_vel_mux/hook/ld_library_path_lib.ps1'
[90.215s] INFO:colcon.colcon_core.shell:Creating environment descriptor '/home/fbr/Lab2/src/install/cmd_vel_mux/share/cmd_vel_mux/hook/ld_library_path_lib.dsv'
[90.217s] INFO:colcon.colcon_core.shell:Creating environment hook '/home/fbr/Lab2/src/install/cmd_vel_mux/share/cmd_vel_mux/hook/ld_library_path_lib.sh'
[90.219s] Level 1:colcon.colcon_core.environment:checking '/home/fbr/Lab2/src/install/cmd_vel_mux/bin'
[90.219s] Level 1:colcon.colcon_core.environment:checking '/home/fbr/Lab2/src/install/cmd_vel_mux/lib/pkgconfig/cmd_vel_mux.pc'
[90.221s] Level 1:colcon.colcon_core.environment:checking '/home/fbr/Lab2/src/install/cmd_vel_mux/lib/python3.10/site-packages'
[90.222s] Level 1:colcon.colcon_core.environment:checking '/home/fbr/Lab2/src/install/cmd_vel_mux/bin'
[90.224s] INFO:colcon.colcon_core.shell:Creating package script '/home/fbr/Lab2/src/install/cmd_vel_mux/share/cmd_vel_mux/package.ps1'
[90.227s] INFO:colcon.colcon_core.shell:Creating package descriptor '/home/fbr/Lab2/src/install/cmd_vel_mux/share/cmd_vel_mux/package.dsv'
[90.231s] INFO:colcon.colcon_core.shell:Creating package script '/home/fbr/Lab2/src/install/cmd_vel_mux/share/cmd_vel_mux/package.sh'
[90.236s] INFO:colcon.colcon_core.shell:Creating package script '/home/fbr/Lab2/src/install/cmd_vel_mux/share/cmd_vel_mux/package.bash'
[90.239s] INFO:colcon.colcon_core.shell:Creating package script '/home/fbr/Lab2/src/install/cmd_vel_mux/share/cmd_vel_mux/package.zsh'
[90.242s] Level 1:colcon.colcon_core.environment:create_file_with_runtime_dependencies(/home/fbr/Lab2/src/install/cmd_vel_mux/share/colcon-core/packages/cmd_vel_mux)
[109.995s] DEBUG:colcon.colcon_core.event_handler.log_command:Invoked command in '/home/fbr/Lab2/src/build/very_simple_robot_simulator' returned '0': CMAKE_PREFIX_PATH=${CMAKE_PREFIX_PATH}:/home/fbr/work1_ws/install/laboratorio:/home/fbr/ros2_ws/install/my_first_package:/opt/ros/humble /usr/bin/cmake --build /home/fbr/Lab2/src/build/very_simple_robot_simulator -- -j4 -l4
[110.169s] DEBUG:colcon.colcon_core.event_handler.log_command:Invoking command in '/home/fbr/Lab2/src/build/very_simple_robot_simulator': CMAKE_PREFIX_PATH=${CMAKE_PREFIX_PATH}:/home/fbr/work1_ws/install/laboratorio:/home/fbr/ros2_ws/install/my_first_package:/opt/ros/humble /usr/bin/cmake --install /home/fbr/Lab2/src/build/very_simple_robot_simulator
[111.513s] Level 1:colcon.colcon_core.environment:create_environment_scripts_only(very_simple_robot_simulator)
[111.514s] Level 1:colcon.colcon_core.environment:checking '/home/fbr/Lab2/src/install/very_simple_robot_simulator' for CMake module files
[111.516s] Level 1:colcon.colcon_core.environment:checking '/home/fbr/Lab2/src/install/very_simple_robot_simulator' for CMake config files
[111.529s] DEBUG:colcon.colcon_core.event_handler.log_command:Invoked command in '/home/fbr/Lab2/src/build/very_simple_robot_simulator' returned '0': CMAKE_PREFIX_PATH=${CMAKE_PREFIX_PATH}:/home/fbr/work1_ws/install/laboratorio:/home/fbr/ros2_ws/install/my_first_package:/opt/ros/humble /usr/bin/cmake --install /home/fbr/Lab2/src/build/very_simple_robot_simulator
[111.532s] Level 1:colcon.colcon_core.shell:create_environment_hook('very_simple_robot_simulator', 'cmake_prefix_path')
[111.533s] INFO:colcon.colcon_core.shell:Creating environment hook '/home/fbr/Lab2/src/install/very_simple_robot_simulator/share/very_simple_robot_simulator/hook/cmake_prefix_path.ps1'
[111.539s] INFO:colcon.colcon_core.shell:Creating environment descriptor '/home/fbr/Lab2/src/install/very_simple_robot_simulator/share/very_simple_robot_simulator/hook/cmake_prefix_path.dsv'
[111.559s] INFO:colcon.colcon_core.shell:Creating environment hook '/home/fbr/Lab2/src/install/very_simple_robot_simulator/share/very_simple_robot_simulator/hook/cmake_prefix_path.sh'
[111.563s] Level 1:colcon.colcon_core.environment:checking '/home/fbr/Lab2/src/install/very_simple_robot_simulator/lib'
[111.567s] Level 1:colcon.colcon_core.environment:checking '/home/fbr/Lab2/src/install/very_simple_robot_simulator/bin'
[111.569s] Level 1:colcon.colcon_core.environment:checking '/home/fbr/Lab2/src/install/very_simple_robot_simulator/lib/pkgconfig/very_simple_robot_simulator.pc'
[111.576s] Level 1:colcon.colcon_core.environment:checking '/home/fbr/Lab2/src/install/very_simple_robot_simulator/lib/python3.10/site-packages'
[111.577s] Level 1:colcon.colcon_core.environment:checking '/home/fbr/Lab2/src/install/very_simple_robot_simulator/bin'
[111.579s] INFO:colcon.colcon_core.shell:Creating package script '/home/fbr/Lab2/src/install/very_simple_robot_simulator/share/very_simple_robot_simulator/package.ps1'
[111.594s] INFO:colcon.colcon_core.shell:Creating package descriptor '/home/fbr/Lab2/src/install/very_simple_robot_simulator/share/very_simple_robot_simulator/package.dsv'
[111.599s] INFO:colcon.colcon_core.shell:Creating package script '/home/fbr/Lab2/src/install/very_simple_robot_simulator/share/very_simple_robot_simulator/package.sh'
[111.615s] INFO:colcon.colcon_core.shell:Creating package script '/home/fbr/Lab2/src/install/very_simple_robot_simulator/share/very_simple_robot_simulator/package.bash'
[111.626s] INFO:colcon.colcon_core.shell:Creating package script '/home/fbr/Lab2/src/install/very_simple_robot_simulator/share/very_simple_robot_simulator/package.zsh'
[111.630s] Level 1:colcon.colcon_core.environment:create_file_with_runtime_dependencies(/home/fbr/Lab2/src/install/very_simple_robot_simulator/share/colcon-core/packages/very_simple_robot_simulator)
[111.832s] Level 1:colcon.colcon_core.environment:create_environment_scripts_only(very_simple_robot_simulator)
[111.834s] Level 1:colcon.colcon_core.environment:checking '/home/fbr/Lab2/src/install/very_simple_robot_simulator' for CMake module files
[111.841s] Level 1:colcon.colcon_core.environment:checking '/home/fbr/Lab2/src/install/very_simple_robot_simulator' for CMake config files
[111.844s] Level 1:colcon.colcon_core.shell:create_environment_hook('very_simple_robot_simulator', 'cmake_prefix_path')
[111.846s] INFO:colcon.colcon_core.shell:Creating environment hook '/home/fbr/Lab2/src/install/very_simple_robot_simulator/share/very_simple_robot_simulator/hook/cmake_prefix_path.ps1'
[111.856s] INFO:colcon.colcon_core.shell:Creating environment descriptor '/home/fbr/Lab2/src/install/very_simple_robot_simulator/share/very_simple_robot_simulator/hook/cmake_prefix_path.dsv'
[111.859s] INFO:colcon.colcon_core.shell:Creating environment hook '/home/fbr/Lab2/src/install/very_simple_robot_simulator/share/very_simple_robot_simulator/hook/cmake_prefix_path.sh'
[111.867s] Level 1:colcon.colcon_core.environment:checking '/home/fbr/Lab2/src/install/very_simple_robot_simulator/lib'
[111.876s] Level 1:colcon.colcon_core.environment:checking '/home/fbr/Lab2/src/install/very_simple_robot_simulator/bin'
[111.878s] Level 1:colcon.colcon_core.environment:checking '/home/fbr/Lab2/src/install/very_simple_robot_simulator/lib/pkgconfig/very_simple_robot_simulator.pc'
[111.880s] Level 1:colcon.colcon_core.environment:checking '/home/fbr/Lab2/src/install/very_simple_robot_simulator/lib/python3.10/site-packages'
[111.882s] Level 1:colcon.colcon_core.environment:checking '/home/fbr/Lab2/src/install/very_simple_robot_simulator/bin'
[111.905s] INFO:colcon.colcon_core.shell:Creating package script '/home/fbr/Lab2/src/install/very_simple_robot_simulator/share/very_simple_robot_simulator/package.ps1'
[111.911s] INFO:colcon.colcon_core.shell:Creating package descriptor '/home/fbr/Lab2/src/install/very_simple_robot_simulator/share/very_simple_robot_simulator/package.dsv'
[111.929s] INFO:colcon.colcon_core.shell:Creating package script '/home/fbr/Lab2/src/install/very_simple_robot_simulator/share/very_simple_robot_simulator/package.sh'
[111.935s] INFO:colcon.colcon_core.shell:Creating package script '/home/fbr/Lab2/src/install/very_simple_robot_simulator/share/very_simple_robot_simulator/package.bash'
[111.936s] INFO:colcon.colcon_core.shell:Creating package script '/home/fbr/Lab2/src/install/very_simple_robot_simulator/share/very_simple_robot_simulator/package.zsh'
[111.938s] Level 1:colcon.colcon_core.environment:create_file_with_runtime_dependencies(/home/fbr/Lab2/src/install/very_simple_robot_simulator/share/colcon-core/packages/very_simple_robot_simulator)
[111.945s] DEBUG:colcon.colcon_parallel_executor.executor.parallel:closing loop
[111.951s] DEBUG:colcon.colcon_parallel_executor.executor.parallel:loop closed
[111.952s] DEBUG:colcon.colcon_parallel_executor.executor.parallel:run_until_complete finished with '0'
[111.952s] DEBUG:colcon.colcon_core.event_reactor:joining thread
[112.181s] INFO:colcon.colcon_core.plugin_system:Skipping extension 'colcon_notification.desktop_notification.notify_send': Could not find 'notify-send'
[112.182s] INFO:colcon.colcon_core.plugin_system:Skipping extension 'colcon_notification.desktop_notification.terminal_notifier': Not used on non-Darwin systems
[112.183s] INFO:colcon.colcon_core.plugin_system:Skipping extension 'colcon_notification.desktop_notification.win32': Not used on non-Windows systems
[112.183s] INFO:colcon.colcon_notification.desktop_notification:Sending desktop notification using 'notify2'
[112.184s] DEBUG:colcon.colcon_notification.desktop_notification.notify2:Failed to initialize notify2: org.freedesktop.DBus.Error.FileNotFound: Failed to connect to socket /run/user/1000/bus: No such file or directory
[112.185s] DEBUG:colcon.colcon_core.event_reactor:joined thread
[112.186s] INFO:colcon.colcon_core.shell:Creating prefix script '/home/fbr/Lab2/src/install/local_setup.ps1'
[112.191s] INFO:colcon.colcon_core.shell:Creating prefix util module '/home/fbr/Lab2/src/install/_local_setup_util_ps1.py'
[112.198s] INFO:colcon.colcon_core.shell:Creating prefix chain script '/home/fbr/Lab2/src/install/setup.ps1'
[112.204s] INFO:colcon.colcon_core.shell:Creating prefix script '/home/fbr/Lab2/src/install/local_setup.sh'
[112.208s] INFO:colcon.colcon_core.shell:Creating prefix util module '/home/fbr/Lab2/src/install/_local_setup_util_sh.py'
[112.210s] INFO:colcon.colcon_core.shell:Creating prefix chain script '/home/fbr/Lab2/src/install/setup.sh'
[112.216s] INFO:colcon.colcon_core.shell:Creating prefix script '/home/fbr/Lab2/src/install/local_setup.bash'
[112.229s] INFO:colcon.colcon_core.shell:Creating prefix chain script '/home/fbr/Lab2/src/install/setup.bash'
[112.234s] INFO:colcon.colcon_core.shell:Creating prefix script '/home/fbr/Lab2/src/install/local_setup.zsh'
[112.241s] INFO:colcon.colcon_core.shell:Creating prefix chain script '/home/fbr/Lab2/src/install/setup.zsh'
