[0.580s] Invoking command in '/home/fbr/Lab2/build/cmd_vel_mux': CMAKE_PREFIX_PATH=${CMAKE_PREFIX_PATH}:/home/fbr/work1_ws/install/laboratorio:/home/fbr/ros2_ws/install/my_first_package:/opt/ros/humble /usr/bin/cmake /home/fbr/Lab2/src/cmd_vel_mux -DCMAKE_INSTALL_PREFIX=/home/fbr/Lab2/install/cmd_vel_mux
[1.236s] -- The C compiler identification is GNU 11.4.0
[2.394s] -- The CXX compiler identification is GNU 11.4.0
[3.239s] -- Detecting C compiler ABI info
[3.554s] -- Detecting C compiler ABI info - done
[3.589s] -- Check for working C compiler: /usr/bin/cc - skipped
[3.591s] -- Detecting C compile features
[3.592s] -- Detecting C compile features - done
[3.605s] -- Detecting CXX compiler ABI info
[3.917s] -- Detecting CXX compiler ABI info - done
[3.942s] -- Check for working CXX compiler: /usr/bin/c++ - skipped
[3.943s] -- Detecting CXX compile features
[3.944s] -- Detecting CXX compile features - done
[3.957s] -- Found ament_cmake_ros: 0.10.0 (/opt/ros/humble/share/ament_cmake_ros/cmake)
[4.377s] -- Found Python3: /usr/bin/python3 (found version "3.10.12") found components: Interpreter 
[4.619s] -- Found geometry_msgs: 4.2.3 (/opt/ros/humble/share/geometry_msgs/cmake)
[4.913s] -- Found rosidl_generator_c: 3.1.5 (/opt/ros/humble/share/rosidl_generator_c/cmake)
[4.929s] -- Found rosidl_adapter: 3.1.5 (/opt/ros/humble/share/rosidl_adapter/cmake)
[4.961s] -- Found rosidl_generator_cpp: 3.1.5 (/opt/ros/humble/share/rosidl_generator_cpp/cmake)
[5.003s] -- Using all available rosidl_typesupport_c: rosidl_typesupport_fastrtps_c;rosidl_typesupport_introspection_c
[5.067s] -- Using all available rosidl_typesupport_cpp: rosidl_typesupport_fastrtps_cpp;rosidl_typesupport_introspection_cpp
[5.384s] -- Found rcl_interfaces: 1.2.1 (/opt/ros/humble/share/rcl_interfaces/cmake)
[5.480s] -- Found rclcpp: 16.0.8 (/opt/ros/humble/share/rclcpp/cmake)
[5.566s] -- Found rmw_implementation_cmake: 6.1.1 (/opt/ros/humble/share/rmw_implementation_cmake/cmake)
[5.574s] -- Found rmw_fastrtps_cpp: 6.2.6 (/opt/ros/humble/share/rmw_fastrtps_cpp/cmake)
[8.402s] -- Found OpenSSL: /usr/lib/x86_64-linux-gnu/libcrypto.so (found version "3.0.2")  
[11.654s] -- Found FastRTPS: /opt/ros/humble/include  
[19.804s] -- Using RMW implementation 'rmw_fastrtps_cpp' as default
[19.829s] -- Looking for pthread.h
[20.204s] -- Looking for pthread.h - found
[20.205s] -- Performing Test CMAKE_HAVE_LIBC_PTHREAD
[20.540s] -- Performing Test CMAKE_HAVE_LIBC_PTHREAD - Success
[20.544s] -- Found Threads: TRUE  
[20.932s] -- Found rclcpp_components: 16.0.8 (/opt/ros/humble/share/rclcpp_components/cmake)
[21.262s] -- Found ament_lint_auto: 0.12.10 (/opt/ros/humble/share/ament_lint_auto/cmake)
[21.498s] -- Found launch_testing_ament_cmake: 1.0.5 (/opt/ros/humble/share/launch_testing_ament_cmake/cmake)
[21.503s] -- Found python_cmake_module: 0.10.0 (/opt/ros/humble/share/python_cmake_module/cmake)
[21.873s] -- Found PythonInterp: /usr/bin/python3 (found suitable version "3.10.12", minimum required is "3.6") 
[22.802s] -- Found PythonLibs: /usr/lib/x86_64-linux-gnu/libpython3.10.so (found suitable version "3.10.12", minimum required is "3.5") 
[22.804s] -- Using PYTHON_EXECUTABLE: /usr/bin/python3
[22.805s] -- Using PYTHON_INCLUDE_DIRS: /usr/include/python3.10
[22.805s] -- Using PYTHON_LIBRARIES: /usr/lib/x86_64-linux-gnu/libpython3.10.so
[22.864s] -- Found PythonExtra: .so  
[22.885s] -- Added test 'cppcheck' to perform static code analysis on C / C++ code
[22.886s] -- Configured cppcheck include dirs: /home/fbr/Lab2/src/cmd_vel_mux/include
[22.887s] -- Configured cppcheck exclude dirs and/or files: 
[22.902s] -- Added test 'cpplint' to check C / C++ code against the Google style
[22.903s] -- Configured cpplint exclude dirs and/or files: 
[22.903s] -- Added test 'flake8' to check Python code syntax and style conventions
[22.905s] -- Added test 'lint_cmake' to check CMake code style
[22.908s] -- Added test 'pep257' to check Python code against some of the docstring style conventions in PEP 257
[22.918s] -- Added test 'uncrustify' to check C / C++ code style
[22.918s] -- Configured uncrustify additional arguments: 
[22.921s] -- Added test 'xmllint' to check XML markup files
[22.925s] -- Configuring done
[22.985s] -- Generating done
[22.991s] -- Build files have been written to: /home/fbr/Lab2/build/cmd_vel_mux
[23.024s] Invoked command in '/home/fbr/Lab2/build/cmd_vel_mux' returned '0': CMAKE_PREFIX_PATH=${CMAKE_PREFIX_PATH}:/home/fbr/work1_ws/install/laboratorio:/home/fbr/ros2_ws/install/my_first_package:/opt/ros/humble /usr/bin/cmake /home/fbr/Lab2/src/cmd_vel_mux -DCMAKE_INSTALL_PREFIX=/home/fbr/Lab2/install/cmd_vel_mux
[23.031s] Invoking command in '/home/fbr/Lab2/build/cmd_vel_mux': CMAKE_PREFIX_PATH=${CMAKE_PREFIX_PATH}:/home/fbr/work1_ws/install/laboratorio:/home/fbr/ros2_ws/install/my_first_package:/opt/ros/humble /usr/bin/cmake --build /home/fbr/Lab2/build/cmd_vel_mux -- -j4 -l4
[23.149s] [ 25%] [32mBuilding CXX object CMakeFiles/cmd_vel_mux.dir/src/cmd_vel_mux.cpp.o[0m
[23.162s] [ 50%] [32mBuilding CXX object CMakeFiles/cmd_vel_mux_node.dir/rclcpp_components/node_main_cmd_vel_mux_node.cpp.o[0m
[59.962s] [ 75%] [32m[1mLinking CXX executable cmd_vel_mux_node[0m
[61.390s] [ 75%] Built target cmd_vel_mux_node
[98.063s] [100%] [32m[1mLinking CXX shared library libcmd_vel_mux.so[0m
[101.030s] [100%] Built target cmd_vel_mux
[101.052s] Invoked command in '/home/fbr/Lab2/build/cmd_vel_mux' returned '0': CMAKE_PREFIX_PATH=${CMAKE_PREFIX_PATH}:/home/fbr/work1_ws/install/laboratorio:/home/fbr/ros2_ws/install/my_first_package:/opt/ros/humble /usr/bin/cmake --build /home/fbr/Lab2/build/cmd_vel_mux -- -j4 -l4
[101.165s] Invoking command in '/home/fbr/Lab2/build/cmd_vel_mux': CMAKE_PREFIX_PATH=${CMAKE_PREFIX_PATH}:/home/fbr/work1_ws/install/laboratorio:/home/fbr/ros2_ws/install/my_first_package:/opt/ros/humble /usr/bin/cmake --install /home/fbr/Lab2/build/cmd_vel_mux
[101.184s] -- Install configuration: ""
[101.196s] -- Installing: /home/fbr/Lab2/install/cmd_vel_mux/lib/cmd_vel_mux/cmd_vel_mux_node
[101.205s] -- Set runtime path of "/home/fbr/Lab2/install/cmd_vel_mux/lib/cmd_vel_mux/cmd_vel_mux_node" to ""
[101.206s] -- Installing: /home/fbr/Lab2/install/cmd_vel_mux/lib/libcmd_vel_mux.so
[101.244s] -- Set runtime path of "/home/fbr/Lab2/install/cmd_vel_mux/lib/libcmd_vel_mux.so" to ""
[101.244s] -- Installing: /home/fbr/Lab2/install/cmd_vel_mux/include/cmd_vel_mux
[101.247s] -- Installing: /home/fbr/Lab2/install/cmd_vel_mux/include/cmd_vel_mux/cmd_vel_mux.hpp
[101.247s] -- Installing: /home/fbr/Lab2/install/cmd_vel_mux/share/cmd_vel_mux/config
[101.249s] -- Installing: /home/fbr/Lab2/install/cmd_vel_mux/share/cmd_vel_mux/config/cmd_vel_mux_params.yaml
[101.251s] -- Installing: /home/fbr/Lab2/install/cmd_vel_mux/share/cmd_vel_mux/launch
[101.253s] -- Installing: /home/fbr/Lab2/install/cmd_vel_mux/share/cmd_vel_mux/launch/cmd_vel_mux-launch.py
[101.254s] -- Installing: /home/fbr/Lab2/install/cmd_vel_mux/share/cmd_vel_mux/launch/cmd_vel_mux-composed-launch.py
[101.259s] -- Installing: /home/fbr/Lab2/install/cmd_vel_mux/share/ament_index/resource_index/package_run_dependencies/cmd_vel_mux
[101.261s] -- Installing: /home/fbr/Lab2/install/cmd_vel_mux/share/ament_index/resource_index/parent_prefix_path/cmd_vel_mux
[101.263s] -- Installing: /home/fbr/Lab2/install/cmd_vel_mux/share/cmd_vel_mux/environment/ament_prefix_path.sh
[101.266s] -- Installing: /home/fbr/Lab2/install/cmd_vel_mux/share/cmd_vel_mux/environment/ament_prefix_path.dsv
[101.267s] -- Installing: /home/fbr/Lab2/install/cmd_vel_mux/share/cmd_vel_mux/environment/path.sh
[101.267s] -- Installing: /home/fbr/Lab2/install/cmd_vel_mux/share/cmd_vel_mux/environment/path.dsv
[101.268s] -- Installing: /home/fbr/Lab2/install/cmd_vel_mux/share/cmd_vel_mux/local_setup.bash
[101.269s] -- Installing: /home/fbr/Lab2/install/cmd_vel_mux/share/cmd_vel_mux/local_setup.sh
[101.269s] -- Installing: /home/fbr/Lab2/install/cmd_vel_mux/share/cmd_vel_mux/local_setup.zsh
[101.269s] -- Installing: /home/fbr/Lab2/install/cmd_vel_mux/share/cmd_vel_mux/local_setup.dsv
[101.270s] -- Installing: /home/fbr/Lab2/install/cmd_vel_mux/share/cmd_vel_mux/package.dsv
[101.270s] -- Installing: /home/fbr/Lab2/install/cmd_vel_mux/share/ament_index/resource_index/packages/cmd_vel_mux
[101.271s] -- Installing: /home/fbr/Lab2/install/cmd_vel_mux/share/ament_index/resource_index/rclcpp_components/cmd_vel_mux
[101.271s] -- Installing: /home/fbr/Lab2/install/cmd_vel_mux/share/cmd_vel_mux/cmake/cmd_vel_muxConfig.cmake
[101.272s] -- Installing: /home/fbr/Lab2/install/cmd_vel_mux/share/cmd_vel_mux/cmake/cmd_vel_muxConfig-version.cmake
[101.274s] -- Installing: /home/fbr/Lab2/install/cmd_vel_mux/share/cmd_vel_mux/package.xml
[101.278s] Invoked command in '/home/fbr/Lab2/build/cmd_vel_mux' returned '0': CMAKE_PREFIX_PATH=${CMAKE_PREFIX_PATH}:/home/fbr/work1_ws/install/laboratorio:/home/fbr/ros2_ws/install/my_first_package:/opt/ros/humble /usr/bin/cmake --install /home/fbr/Lab2/build/cmd_vel_mux
