[0.853s] DEBUG:colcon:Command line arguments: ['/usr/bin/colcon', 'build']
[0.854s] DEBUG:colcon:Parsed command line arguments: Namespace(log_base=None, log_level=None, verb_name='build', build_base='build', install_base='install', merge_install=False, symlink_install=False, test_result_base=None, continue_on_error=False, executor='parallel', parallel_workers=4, event_handlers=None, ignore_user_meta=False, metas=['./colcon.meta'], base_paths=['.'], packages_ignore=None, packages_ignore_regex=None, paths=None, packages_up_to=None, packages_up_to_regex=None, packages_above=None, packages_above_and_dependencies=None, packages_above_depth=None, packages_select_by_dep=None, packages_skip_by_dep=None, packages_skip_up_to=None, packages_select_build_failed=False, packages_skip_build_finished=False, packages_select_test_failures=False, packages_skip_test_passed=False, packages_select=None, packages_skip=None, packages_select_regex=None, packages_skip_regex=None, packages_start=None, packages_end=None, allow_overriding=[], cmake_args=None, cmake_target=None, cmake_target_skip_unavailable=False, cmake_clean_cache=False, cmake_clean_first=False, cmake_force_configure=False, ament_cmake_args=None, catkin_cmake_args=None, catkin_skip_building_tests=False, verb_parser=<colcon_defaults.argument_parser.defaults.DefaultArgumentsDecorator object at 0x7f026075b040>, verb_extension=<colcon_core.verb.build.BuildVerb object at 0x7f026075ab00>, main=<bound method BuildVerb.main of <colcon_core.verb.build.BuildVerb object at 0x7f026075ab00>>)
[1.614s] Level 1:colcon.colcon_core.package_discovery:discover_packages(colcon_meta) check parameters
[1.614s] Level 1:colcon.colcon_core.package_discovery:discover_packages(recursive) check parameters
[1.615s] Level 1:colcon.colcon_core.package_discovery:discover_packages(ignore) check parameters
[1.615s] Level 1:colcon.colcon_core.package_discovery:discover_packages(path) check parameters
[1.615s] Level 1:colcon.colcon_core.package_discovery:discover_packages(colcon_meta) discover
[1.615s] Level 1:colcon.colcon_core.package_discovery:discover_packages(recursive) discover
[1.615s] INFO:colcon.colcon_core.package_discovery:Crawling recursively for packages in '/home/fbr/Lab2'
[1.615s] Level 1:colcon.colcon_core.package_identification:_identify(.) by extensions ['ignore', 'ignore_ament_install']
[1.616s] Level 1:colcon.colcon_core.package_identification:_identify(.) by extension 'ignore'
[1.616s] Level 1:colcon.colcon_core.package_identification:_identify(.) by extension 'ignore_ament_install'
[1.616s] Level 1:colcon.colcon_core.package_identification:_identify(.) by extensions ['colcon_pkg']
[1.616s] Level 1:colcon.colcon_core.package_identification:_identify(.) by extension 'colcon_pkg'
[1.616s] Level 1:colcon.colcon_core.package_identification:_identify(.) by extensions ['colcon_meta']
[1.617s] Level 1:colcon.colcon_core.package_identification:_identify(.) by extension 'colcon_meta'
[1.617s] Level 1:colcon.colcon_core.package_identification:_identify(.) by extensions ['ros']
[1.617s] Level 1:colcon.colcon_core.package_identification:_identify(.) by extension 'ros'
[1.707s] Level 1:colcon.colcon_core.package_identification:_identify(.) by extensions ['cmake', 'python']
[1.707s] Level 1:colcon.colcon_core.package_identification:_identify(.) by extension 'cmake'
[1.708s] Level 1:colcon.colcon_core.package_identification:_identify(.) by extension 'python'
[1.708s] Level 1:colcon.colcon_core.package_identification:_identify(.) by extensions ['python_setup_py']
[1.708s] Level 1:colcon.colcon_core.package_identification:_identify(.) by extension 'python_setup_py'
[1.709s] Level 1:colcon.colcon_core.package_identification:_identify(build) by extensions ['ignore', 'ignore_ament_install']
[1.709s] Level 1:colcon.colcon_core.package_identification:_identify(build) by extension 'ignore'
[1.709s] Level 1:colcon.colcon_core.package_identification:_identify(build) ignored
[1.710s] Level 1:colcon.colcon_core.package_identification:_identify(install) by extensions ['ignore', 'ignore_ament_install']
[1.710s] Level 1:colcon.colcon_core.package_identification:_identify(install) by extension 'ignore'
[1.710s] Level 1:colcon.colcon_core.package_identification:_identify(install) ignored
[1.711s] Level 1:colcon.colcon_core.package_identification:_identify(log) by extensions ['ignore', 'ignore_ament_install']
[1.711s] Level 1:colcon.colcon_core.package_identification:_identify(log) by extension 'ignore'
[1.711s] Level 1:colcon.colcon_core.package_identification:_identify(log) ignored
[1.711s] Level 1:colcon.colcon_core.package_identification:_identify(src) by extensions ['ignore', 'ignore_ament_install']
[1.712s] Level 1:colcon.colcon_core.package_identification:_identify(src) by extension 'ignore'
[1.712s] Level 1:colcon.colcon_core.package_identification:_identify(src) by extension 'ignore_ament_install'
[1.712s] Level 1:colcon.colcon_core.package_identification:_identify(src) by extensions ['colcon_pkg']
[1.712s] Level 1:colcon.colcon_core.package_identification:_identify(src) by extension 'colcon_pkg'
[1.712s] Level 1:colcon.colcon_core.package_identification:_identify(src) by extensions ['colcon_meta']
[1.712s] Level 1:colcon.colcon_core.package_identification:_identify(src) by extension 'colcon_meta'
[1.712s] Level 1:colcon.colcon_core.package_identification:_identify(src) by extensions ['ros']
[1.712s] Level 1:colcon.colcon_core.package_identification:_identify(src) by extension 'ros'
[1.713s] Level 1:colcon.colcon_core.package_identification:_identify(src) by extensions ['cmake', 'python']
[1.713s] Level 1:colcon.colcon_core.package_identification:_identify(src) by extension 'cmake'
[1.713s] Level 1:colcon.colcon_core.package_identification:_identify(src) by extension 'python'
[1.713s] Level 1:colcon.colcon_core.package_identification:_identify(src) by extensions ['python_setup_py']
[1.713s] Level 1:colcon.colcon_core.package_identification:_identify(src) by extension 'python_setup_py'
[1.714s] Level 1:colcon.colcon_core.package_identification:_identify(src/build) by extensions ['ignore', 'ignore_ament_install']
[1.714s] Level 1:colcon.colcon_core.package_identification:_identify(src/build) by extension 'ignore'
[1.714s] Level 1:colcon.colcon_core.package_identification:_identify(src/build) ignored
[1.715s] Level 1:colcon.colcon_core.package_identification:_identify(src/cmd_vel_mux) by extensions ['ignore', 'ignore_ament_install']
[1.715s] Level 1:colcon.colcon_core.package_identification:_identify(src/cmd_vel_mux) by extension 'ignore'
[1.715s] Level 1:colcon.colcon_core.package_identification:_identify(src/cmd_vel_mux) by extension 'ignore_ament_install'
[1.715s] Level 1:colcon.colcon_core.package_identification:_identify(src/cmd_vel_mux) by extensions ['colcon_pkg']
[1.715s] Level 1:colcon.colcon_core.package_identification:_identify(src/cmd_vel_mux) by extension 'colcon_pkg'
[1.715s] Level 1:colcon.colcon_core.package_identification:_identify(src/cmd_vel_mux) by extensions ['colcon_meta']
[1.715s] Level 1:colcon.colcon_core.package_identification:_identify(src/cmd_vel_mux) by extension 'colcon_meta'
[1.716s] Level 1:colcon.colcon_core.package_identification:_identify(src/cmd_vel_mux) by extensions ['ros']
[1.716s] Level 1:colcon.colcon_core.package_identification:_identify(src/cmd_vel_mux) by extension 'ros'
[1.732s] DEBUG:colcon.colcon_core.package_identification:Package 'src/cmd_vel_mux' with type 'ros.ament_cmake' and name 'cmd_vel_mux'
[1.733s] Level 1:colcon.colcon_core.package_identification:_identify(src/install) by extensions ['ignore', 'ignore_ament_install']
[1.733s] Level 1:colcon.colcon_core.package_identification:_identify(src/install) by extension 'ignore'
[1.733s] Level 1:colcon.colcon_core.package_identification:_identify(src/install) ignored
[1.734s] Level 1:colcon.colcon_core.package_identification:_identify(src/lab_navegation) by extensions ['ignore', 'ignore_ament_install']
[1.734s] Level 1:colcon.colcon_core.package_identification:_identify(src/lab_navegation) by extension 'ignore'
[1.734s] Level 1:colcon.colcon_core.package_identification:_identify(src/lab_navegation) by extension 'ignore_ament_install'
[1.734s] Level 1:colcon.colcon_core.package_identification:_identify(src/lab_navegation) by extensions ['colcon_pkg']
[1.735s] Level 1:colcon.colcon_core.package_identification:_identify(src/lab_navegation) by extension 'colcon_pkg'
[1.735s] Level 1:colcon.colcon_core.package_identification:_identify(src/lab_navegation) by extensions ['colcon_meta']
[1.735s] Level 1:colcon.colcon_core.package_identification:_identify(src/lab_navegation) by extension 'colcon_meta'
[1.735s] Level 1:colcon.colcon_core.package_identification:_identify(src/lab_navegation) by extensions ['ros']
[1.735s] Level 1:colcon.colcon_core.package_identification:_identify(src/lab_navegation) by extension 'ros'
[1.737s] DEBUG:colcon.colcon_core.package_identification:Package 'src/lab_navegation' with type 'ros.ament_python' and name 'lab_navegation'
[1.738s] Level 1:colcon.colcon_core.package_identification:_identify(src/log) by extensions ['ignore', 'ignore_ament_install']
[1.738s] Level 1:colcon.colcon_core.package_identification:_identify(src/log) by extension 'ignore'
[1.738s] Level 1:colcon.colcon_core.package_identification:_identify(src/log) ignored
[1.739s] Level 1:colcon.colcon_core.package_identification:_identify(src/very_simple_robot_simulator) by extensions ['ignore', 'ignore_ament_install']
[1.739s] Level 1:colcon.colcon_core.package_identification:_identify(src/very_simple_robot_simulator) by extension 'ignore'
[1.739s] Level 1:colcon.colcon_core.package_identification:_identify(src/very_simple_robot_simulator) by extension 'ignore_ament_install'
[1.739s] Level 1:colcon.colcon_core.package_identification:_identify(src/very_simple_robot_simulator) by extensions ['colcon_pkg']
[1.740s] Level 1:colcon.colcon_core.package_identification:_identify(src/very_simple_robot_simulator) by extension 'colcon_pkg'
[1.740s] Level 1:colcon.colcon_core.package_identification:_identify(src/very_simple_robot_simulator) by extensions ['colcon_meta']
[1.740s] Level 1:colcon.colcon_core.package_identification:_identify(src/very_simple_robot_simulator) by extension 'colcon_meta'
[1.740s] Level 1:colcon.colcon_core.package_identification:_identify(src/very_simple_robot_simulator) by extensions ['ros']
[1.740s] Level 1:colcon.colcon_core.package_identification:_identify(src/very_simple_robot_simulator) by extension 'ros'
[1.743s] DEBUG:colcon.colcon_core.package_identification:Package 'src/very_simple_robot_simulator' with type 'ros.ament_cmake' and name 'very_simple_robot_simulator'
[1.743s] Level 1:colcon.colcon_core.package_discovery:discover_packages(recursive) using defaults
[1.743s] Level 1:colcon.colcon_core.package_discovery:discover_packages(ignore) discover
[1.743s] Level 1:colcon.colcon_core.package_discovery:discover_packages(ignore) using defaults
[1.743s] Level 1:colcon.colcon_core.package_discovery:discover_packages(path) discover
[1.743s] Level 1:colcon.colcon_core.package_discovery:discover_packages(path) using defaults
[1.863s] Level 1:colcon.colcon_core.package_discovery:discover_packages(prefix_path) check parameters
[1.863s] Level 1:colcon.colcon_core.package_discovery:discover_packages(prefix_path) discover
[1.872s] DEBUG:colcon.colcon_installed_package_information.package_discovery:Found 3 installed packages in /home/fbr/work1_ws/install
[1.873s] DEBUG:colcon.colcon_installed_package_information.package_discovery:Found 1 installed packages in /home/fbr/ros2_ws/install
[1.876s] DEBUG:colcon.colcon_installed_package_information.package_discovery:Found 273 installed packages in /opt/ros/humble
[1.884s] Level 1:colcon.colcon_core.package_discovery:discover_packages(prefix_path) using defaults
[2.041s] Level 5:colcon.colcon_core.verb:set package 'cmd_vel_mux' build argument 'cmake_args' from command line to 'None'
[2.041s] Level 5:colcon.colcon_core.verb:set package 'cmd_vel_mux' build argument 'cmake_target' from command line to 'None'
[2.041s] Level 5:colcon.colcon_core.verb:set package 'cmd_vel_mux' build argument 'cmake_target_skip_unavailable' from command line to 'False'
[2.041s] Level 5:colcon.colcon_core.verb:set package 'cmd_vel_mux' build argument 'cmake_clean_cache' from command line to 'False'
[2.041s] Level 5:colcon.colcon_core.verb:set package 'cmd_vel_mux' build argument 'cmake_clean_first' from command line to 'False'
[2.041s] Level 5:colcon.colcon_core.verb:set package 'cmd_vel_mux' build argument 'cmake_force_configure' from command line to 'False'
[2.041s] Level 5:colcon.colcon_core.verb:set package 'cmd_vel_mux' build argument 'ament_cmake_args' from command line to 'None'
[2.042s] Level 5:colcon.colcon_core.verb:set package 'cmd_vel_mux' build argument 'catkin_cmake_args' from command line to 'None'
[2.042s] Level 5:colcon.colcon_core.verb:set package 'cmd_vel_mux' build argument 'catkin_skip_building_tests' from command line to 'False'
[2.042s] DEBUG:colcon.colcon_core.verb:Building package 'cmd_vel_mux' with the following arguments: {'ament_cmake_args': None, 'build_base': '/home/fbr/Lab2/build/cmd_vel_mux', 'catkin_cmake_args': None, 'catkin_skip_building_tests': False, 'cmake_args': None, 'cmake_clean_cache': False, 'cmake_clean_first': False, 'cmake_force_configure': False, 'cmake_target': None, 'cmake_target_skip_unavailable': False, 'install_base': '/home/fbr/Lab2/install/cmd_vel_mux', 'merge_install': False, 'path': '/home/fbr/Lab2/src/cmd_vel_mux', 'symlink_install': False, 'test_result_base': None}
[2.042s] Level 5:colcon.colcon_core.verb:set package 'lab_navegation' build argument 'cmake_args' from command line to 'None'
[2.043s] Level 5:colcon.colcon_core.verb:set package 'lab_navegation' build argument 'cmake_target' from command line to 'None'
[2.043s] Level 5:colcon.colcon_core.verb:set package 'lab_navegation' build argument 'cmake_target_skip_unavailable' from command line to 'False'
[2.043s] Level 5:colcon.colcon_core.verb:set package 'lab_navegation' build argument 'cmake_clean_cache' from command line to 'False'
[2.043s] Level 5:colcon.colcon_core.verb:set package 'lab_navegation' build argument 'cmake_clean_first' from command line to 'False'
[2.043s] Level 5:colcon.colcon_core.verb:set package 'lab_navegation' build argument 'cmake_force_configure' from command line to 'False'
[2.043s] Level 5:colcon.colcon_core.verb:set package 'lab_navegation' build argument 'ament_cmake_args' from command line to 'None'
[2.043s] Level 5:colcon.colcon_core.verb:set package 'lab_navegation' build argument 'catkin_cmake_args' from command line to 'None'
[2.043s] Level 5:colcon.colcon_core.verb:set package 'lab_navegation' build argument 'catkin_skip_building_tests' from command line to 'False'
[2.043s] DEBUG:colcon.colcon_core.verb:Building package 'lab_navegation' with the following arguments: {'ament_cmake_args': None, 'build_base': '/home/fbr/Lab2/build/lab_navegation', 'catkin_cmake_args': None, 'catkin_skip_building_tests': False, 'cmake_args': None, 'cmake_clean_cache': False, 'cmake_clean_first': False, 'cmake_force_configure': False, 'cmake_target': None, 'cmake_target_skip_unavailable': False, 'install_base': '/home/fbr/Lab2/install/lab_navegation', 'merge_install': False, 'path': '/home/fbr/Lab2/src/lab_navegation', 'symlink_install': False, 'test_result_base': None}
[2.044s] Level 5:colcon.colcon_core.verb:set package 'very_simple_robot_simulator' build argument 'cmake_args' from command line to 'None'
[2.044s] Level 5:colcon.colcon_core.verb:set package 'very_simple_robot_simulator' build argument 'cmake_target' from command line to 'None'
[2.044s] Level 5:colcon.colcon_core.verb:set package 'very_simple_robot_simulator' build argument 'cmake_target_skip_unavailable' from command line to 'False'
[2.044s] Level 5:colcon.colcon_core.verb:set package 'very_simple_robot_simulator' build argument 'cmake_clean_cache' from command line to 'False'
[2.044s] Level 5:colcon.colcon_core.verb:set package 'very_simple_robot_simulator' build argument 'cmake_clean_first' from command line to 'False'
[2.044s] Level 5:colcon.colcon_core.verb:set package 'very_simple_robot_simulator' build argument 'cmake_force_configure' from command line to 'False'
[2.044s] Level 5:colcon.colcon_core.verb:set package 'very_simple_robot_simulator' build argument 'ament_cmake_args' from command line to 'None'
[2.044s] Level 5:colcon.colcon_core.verb:set package 'very_simple_robot_simulator' build argument 'catkin_cmake_args' from command line to 'None'
[2.044s] Level 5:colcon.colcon_core.verb:set package 'very_simple_robot_simulator' build argument 'catkin_skip_building_tests' from command line to 'False'
[2.044s] DEBUG:colcon.colcon_core.verb:Building package 'very_simple_robot_simulator' with the following arguments: {'ament_cmake_args': None, 'build_base': '/home/fbr/Lab2/build/very_simple_robot_simulator', 'catkin_cmake_args': None, 'catkin_skip_building_tests': False, 'cmake_args': None, 'cmake_clean_cache': False, 'cmake_clean_first': False, 'cmake_force_configure': False, 'cmake_target': None, 'cmake_target_skip_unavailable': False, 'install_base': '/home/fbr/Lab2/install/very_simple_robot_simulator', 'merge_install': False, 'path': '/home/fbr/Lab2/src/very_simple_robot_simulator', 'symlink_install': False, 'test_result_base': None}
[2.045s] INFO:colcon.colcon_core.executor:Executing jobs using 'parallel' executor
[2.047s] DEBUG:colcon.colcon_parallel_executor.executor.parallel:run_until_complete
[2.049s] INFO:colcon.colcon_ros.task.ament_cmake.build:Building ROS package in '/home/fbr/Lab2/src/cmd_vel_mux' with build type 'ament_cmake'
[2.049s] INFO:colcon.colcon_cmake.task.cmake.build:Building CMake package in '/home/fbr/Lab2/src/cmd_vel_mux'
[2.059s] INFO:colcon.colcon_core.plugin_system:Skipping extension 'colcon_core.shell.bat': Not used on non-Windows systems
[2.060s] INFO:colcon.colcon_core.shell:Skip shell extension 'powershell' for command environment: Not usable outside of PowerShell
[2.060s] DEBUG:colcon.colcon_core.shell:Skip shell extension 'dsv' for command environment
[2.072s] INFO:colcon.colcon_ros.task.ament_python.build:Building ROS package in '/home/fbr/Lab2/src/lab_navegation' with build type 'ament_python'
[2.072s] Level 1:colcon.colcon_core.shell:create_environment_hook('lab_navegation', 'ament_prefix_path')
[2.073s] INFO:colcon.colcon_core.shell:Creating environment hook '/home/fbr/Lab2/install/lab_navegation/share/lab_navegation/hook/ament_prefix_path.ps1'
[2.077s] INFO:colcon.colcon_core.shell:Creating environment descriptor '/home/fbr/Lab2/install/lab_navegation/share/lab_navegation/hook/ament_prefix_path.dsv'
[2.079s] INFO:colcon.colcon_core.shell:Creating environment hook '/home/fbr/Lab2/install/lab_navegation/share/lab_navegation/hook/ament_prefix_path.sh'
[2.083s] INFO:colcon.colcon_core.shell:Skip shell extension 'powershell' for command environment: Not usable outside of PowerShell
[2.083s] DEBUG:colcon.colcon_core.shell:Skip shell extension 'dsv' for command environment
[2.092s] INFO:colcon.colcon_ros.task.ament_cmake.build:Building ROS package in '/home/fbr/Lab2/src/very_simple_robot_simulator' with build type 'ament_cmake'
[2.093s] INFO:colcon.colcon_cmake.task.cmake.build:Building CMake package in '/home/fbr/Lab2/src/very_simple_robot_simulator'
[2.093s] INFO:colcon.colcon_core.shell:Skip shell extension 'powershell' for command environment: Not usable outside of PowerShell
[2.094s] DEBUG:colcon.colcon_core.shell:Skip shell extension 'dsv' for command environment
[2.130s] DEBUG:colcon.colcon_core.event_handler.log_command:Invoking command in '/home/fbr/Lab2/build/cmd_vel_mux': CMAKE_PREFIX_PATH=${CMAKE_PREFIX_PATH}:/home/fbr/work1_ws/install/laboratorio:/home/fbr/ros2_ws/install/my_first_package:/opt/ros/humble /usr/bin/cmake /home/fbr/Lab2/src/cmd_vel_mux -DCMAKE_INSTALL_PREFIX=/home/fbr/Lab2/install/cmd_vel_mux
[3.097s] INFO:colcon.colcon_core.task.python.build:Building Python package in '/home/fbr/Lab2/src/lab_navegation'
[3.098s] INFO:colcon.colcon_core.shell:Skip shell extension 'powershell' for command environment: Not usable outside of PowerShell
[3.098s] DEBUG:colcon.colcon_core.shell:Skip shell extension 'dsv' for command environment
[3.131s] DEBUG:colcon.colcon_core.event_handler.log_command:Invoking command in '/home/fbr/Lab2/build/very_simple_robot_simulator': CMAKE_PREFIX_PATH=${CMAKE_PREFIX_PATH}:/home/fbr/work1_ws/install/laboratorio:/home/fbr/ros2_ws/install/my_first_package:/opt/ros/humble /usr/bin/cmake /home/fbr/Lab2/src/very_simple_robot_simulator -DCMAKE_INSTALL_PREFIX=/home/fbr/Lab2/install/very_simple_robot_simulator
[4.612s] DEBUG:colcon.colcon_core.event_handler.log_command:Invoking command in '/home/fbr/Lab2/build/lab_navegation': PYTHONPATH=/home/fbr/Lab2/build/lab_navegation/prefix_override:/home/fbr/Lab2/install/lab_navegation/lib/python3.10/site-packages:${PYTHONPATH} /usr/bin/python3 -W ignore:setup.py install is deprecated setup.py develop --uninstall --editable --build-directory /home/fbr/Lab2/build/lab_navegation/build
[6.819s] DEBUG:colcon.colcon_core.event_handler.log_command:Invoked command in '/home/fbr/Lab2/build/lab_navegation' returned '0': PYTHONPATH=/home/fbr/Lab2/build/lab_navegation/prefix_override:/home/fbr/Lab2/install/lab_navegation/lib/python3.10/site-packages:${PYTHONPATH} /usr/bin/python3 -W ignore:setup.py install is deprecated setup.py develop --uninstall --editable --build-directory /home/fbr/Lab2/build/lab_navegation/build
[6.828s] DEBUG:colcon.colcon_core.event_handler.log_command:Invoking command in '/home/fbr/Lab2/src/lab_navegation': PYTHONPATH=/home/fbr/Lab2/build/lab_navegation/prefix_override:/home/fbr/Lab2/install/lab_navegation/lib/python3.10/site-packages:${PYTHONPATH} /usr/bin/python3 -W ignore:setup.py install is deprecated setup.py egg_info --egg-base ../../build/lab_navegation build --build-base /home/fbr/Lab2/build/lab_navegation/build install --record /home/fbr/Lab2/build/lab_navegation/install.log --single-version-externally-managed install_data --force
[8.436s] DEBUG:colcon.colcon_core.event_handler.log_command:Invoked command in '/home/fbr/Lab2/src/lab_navegation' returned '0': PYTHONPATH=/home/fbr/Lab2/build/lab_navegation/prefix_override:/home/fbr/Lab2/install/lab_navegation/lib/python3.10/site-packages:${PYTHONPATH} /usr/bin/python3 -W ignore:setup.py install is deprecated setup.py egg_info --egg-base ../../build/lab_navegation build --build-base /home/fbr/Lab2/build/lab_navegation/build install --record /home/fbr/Lab2/build/lab_navegation/install.log --single-version-externally-managed install_data --force
[8.454s] Level 1:colcon.colcon_core.environment:checking '/home/fbr/Lab2/install/lab_navegation' for CMake module files
[8.456s] Level 1:colcon.colcon_core.environment:checking '/home/fbr/Lab2/install/lab_navegation' for CMake config files
[8.464s] Level 1:colcon.colcon_core.environment:checking '/home/fbr/Lab2/install/lab_navegation/lib'
[8.465s] Level 1:colcon.colcon_core.environment:checking '/home/fbr/Lab2/install/lab_navegation/bin'
[8.465s] Level 1:colcon.colcon_core.environment:checking '/home/fbr/Lab2/install/lab_navegation/lib/pkgconfig/lab_navegation.pc'
[8.467s] Level 1:colcon.colcon_core.environment:checking '/home/fbr/Lab2/install/lab_navegation/lib/python3.10/site-packages'
[8.467s] Level 1:colcon.colcon_core.shell:create_environment_hook('lab_navegation', 'pythonpath')
[8.468s] INFO:colcon.colcon_core.shell:Creating environment hook '/home/fbr/Lab2/install/lab_navegation/share/lab_navegation/hook/pythonpath.ps1'
[8.471s] INFO:colcon.colcon_core.shell:Creating environment descriptor '/home/fbr/Lab2/install/lab_navegation/share/lab_navegation/hook/pythonpath.dsv'
[8.473s] INFO:colcon.colcon_core.shell:Creating environment hook '/home/fbr/Lab2/install/lab_navegation/share/lab_navegation/hook/pythonpath.sh'
[8.476s] Level 1:colcon.colcon_core.environment:checking '/home/fbr/Lab2/install/lab_navegation/bin'
[8.477s] Level 1:colcon.colcon_core.environment:create_environment_scripts_only(lab_navegation)
[8.478s] INFO:colcon.colcon_core.shell:Creating package script '/home/fbr/Lab2/install/lab_navegation/share/lab_navegation/package.ps1'
[8.483s] INFO:colcon.colcon_core.shell:Creating package descriptor '/home/fbr/Lab2/install/lab_navegation/share/lab_navegation/package.dsv'
[8.488s] INFO:colcon.colcon_core.shell:Creating package script '/home/fbr/Lab2/install/lab_navegation/share/lab_navegation/package.sh'
[8.493s] INFO:colcon.colcon_core.shell:Creating package script '/home/fbr/Lab2/install/lab_navegation/share/lab_navegation/package.bash'
[8.496s] INFO:colcon.colcon_core.shell:Creating package script '/home/fbr/Lab2/install/lab_navegation/share/lab_navegation/package.zsh'
[8.500s] Level 1:colcon.colcon_core.environment:create_file_with_runtime_dependencies(/home/fbr/Lab2/install/lab_navegation/share/colcon-core/packages/lab_navegation)
[18.491s] DEBUG:colcon.colcon_core.event_handler.log_command:Invoked command in '/home/fbr/Lab2/build/cmd_vel_mux' returned '0': CMAKE_PREFIX_PATH=${CMAKE_PREFIX_PATH}:/home/fbr/work1_ws/install/laboratorio:/home/fbr/ros2_ws/install/my_first_package:/opt/ros/humble /usr/bin/cmake /home/fbr/Lab2/src/cmd_vel_mux -DCMAKE_INSTALL_PREFIX=/home/fbr/Lab2/install/cmd_vel_mux
[18.498s] DEBUG:colcon.colcon_core.event_handler.log_command:Invoking command in '/home/fbr/Lab2/build/cmd_vel_mux': CMAKE_PREFIX_PATH=${CMAKE_PREFIX_PATH}:/home/fbr/work1_ws/install/laboratorio:/home/fbr/ros2_ws/install/my_first_package:/opt/ros/humble /usr/bin/cmake --build /home/fbr/Lab2/build/cmd_vel_mux -- -j4 -l4
[18.706s] DEBUG:colcon.colcon_core.event_handler.log_command:Invoked command in '/home/fbr/Lab2/build/cmd_vel_mux' returned '0': CMAKE_PREFIX_PATH=${CMAKE_PREFIX_PATH}:/home/fbr/work1_ws/install/laboratorio:/home/fbr/ros2_ws/install/my_first_package:/opt/ros/humble /usr/bin/cmake --build /home/fbr/Lab2/build/cmd_vel_mux -- -j4 -l4
[18.781s] DEBUG:colcon.colcon_core.event_handler.log_command:Invoking command in '/home/fbr/Lab2/build/cmd_vel_mux': CMAKE_PREFIX_PATH=${CMAKE_PREFIX_PATH}:/home/fbr/work1_ws/install/laboratorio:/home/fbr/ros2_ws/install/my_first_package:/opt/ros/humble /usr/bin/cmake --install /home/fbr/Lab2/build/cmd_vel_mux
[18.833s] Level 1:colcon.colcon_core.environment:create_environment_scripts_only(cmd_vel_mux)
[18.834s] Level 1:colcon.colcon_core.environment:checking '/home/fbr/Lab2/install/cmd_vel_mux' for CMake module files
[18.835s] DEBUG:colcon.colcon_core.event_handler.log_command:Invoked command in '/home/fbr/Lab2/build/cmd_vel_mux' returned '0': CMAKE_PREFIX_PATH=${CMAKE_PREFIX_PATH}:/home/fbr/work1_ws/install/laboratorio:/home/fbr/ros2_ws/install/my_first_package:/opt/ros/humble /usr/bin/cmake --install /home/fbr/Lab2/build/cmd_vel_mux
[18.836s] Level 1:colcon.colcon_core.environment:checking '/home/fbr/Lab2/install/cmd_vel_mux' for CMake config files
[18.839s] Level 1:colcon.colcon_core.shell:create_environment_hook('cmd_vel_mux', 'cmake_prefix_path')
[18.840s] INFO:colcon.colcon_core.shell:Creating environment hook '/home/fbr/Lab2/install/cmd_vel_mux/share/cmd_vel_mux/hook/cmake_prefix_path.ps1'
[18.841s] INFO:colcon.colcon_core.shell:Creating environment descriptor '/home/fbr/Lab2/install/cmd_vel_mux/share/cmd_vel_mux/hook/cmake_prefix_path.dsv'
[18.842s] INFO:colcon.colcon_core.shell:Creating environment hook '/home/fbr/Lab2/install/cmd_vel_mux/share/cmd_vel_mux/hook/cmake_prefix_path.sh'
[18.844s] Level 1:colcon.colcon_core.environment:checking '/home/fbr/Lab2/install/cmd_vel_mux/lib'
[18.844s] Level 1:colcon.colcon_core.shell:create_environment_hook('cmd_vel_mux', 'ld_library_path_lib')
[18.845s] INFO:colcon.colcon_core.shell:Creating environment hook '/home/fbr/Lab2/install/cmd_vel_mux/share/cmd_vel_mux/hook/ld_library_path_lib.ps1'
[18.846s] INFO:colcon.colcon_core.shell:Creating environment descriptor '/home/fbr/Lab2/install/cmd_vel_mux/share/cmd_vel_mux/hook/ld_library_path_lib.dsv'
[18.847s] INFO:colcon.colcon_core.shell:Creating environment hook '/home/fbr/Lab2/install/cmd_vel_mux/share/cmd_vel_mux/hook/ld_library_path_lib.sh'
[18.848s] Level 1:colcon.colcon_core.environment:checking '/home/fbr/Lab2/install/cmd_vel_mux/bin'
[18.849s] Level 1:colcon.colcon_core.environment:checking '/home/fbr/Lab2/install/cmd_vel_mux/lib/pkgconfig/cmd_vel_mux.pc'
[18.849s] Level 1:colcon.colcon_core.environment:checking '/home/fbr/Lab2/install/cmd_vel_mux/lib/python3.10/site-packages'
[18.850s] Level 1:colcon.colcon_core.environment:checking '/home/fbr/Lab2/install/cmd_vel_mux/bin'
[18.851s] INFO:colcon.colcon_core.shell:Creating package script '/home/fbr/Lab2/install/cmd_vel_mux/share/cmd_vel_mux/package.ps1'
[18.852s] INFO:colcon.colcon_core.shell:Creating package descriptor '/home/fbr/Lab2/install/cmd_vel_mux/share/cmd_vel_mux/package.dsv'
[18.854s] INFO:colcon.colcon_core.shell:Creating package script '/home/fbr/Lab2/install/cmd_vel_mux/share/cmd_vel_mux/package.sh'
[18.855s] INFO:colcon.colcon_core.shell:Creating package script '/home/fbr/Lab2/install/cmd_vel_mux/share/cmd_vel_mux/package.bash'
[18.856s] INFO:colcon.colcon_core.shell:Creating package script '/home/fbr/Lab2/install/cmd_vel_mux/share/cmd_vel_mux/package.zsh'
[18.858s] Level 1:colcon.colcon_core.environment:create_file_with_runtime_dependencies(/home/fbr/Lab2/install/cmd_vel_mux/share/colcon-core/packages/cmd_vel_mux)
[18.915s] Level 1:colcon.colcon_core.environment:create_environment_scripts_only(cmd_vel_mux)
[18.915s] Level 1:colcon.colcon_core.environment:checking '/home/fbr/Lab2/install/cmd_vel_mux' for CMake module files
[18.917s] Level 1:colcon.colcon_core.environment:checking '/home/fbr/Lab2/install/cmd_vel_mux' for CMake config files
[18.919s] Level 1:colcon.colcon_core.shell:create_environment_hook('cmd_vel_mux', 'cmake_prefix_path')
[18.919s] INFO:colcon.colcon_core.shell:Creating environment hook '/home/fbr/Lab2/install/cmd_vel_mux/share/cmd_vel_mux/hook/cmake_prefix_path.ps1'
[18.920s] INFO:colcon.colcon_core.shell:Creating environment descriptor '/home/fbr/Lab2/install/cmd_vel_mux/share/cmd_vel_mux/hook/cmake_prefix_path.dsv'
[18.921s] INFO:colcon.colcon_core.shell:Creating environment hook '/home/fbr/Lab2/install/cmd_vel_mux/share/cmd_vel_mux/hook/cmake_prefix_path.sh'
[18.923s] Level 1:colcon.colcon_core.environment:checking '/home/fbr/Lab2/install/cmd_vel_mux/lib'
[18.923s] Level 1:colcon.colcon_core.shell:create_environment_hook('cmd_vel_mux', 'ld_library_path_lib')
[18.924s] INFO:colcon.colcon_core.shell:Creating environment hook '/home/fbr/Lab2/install/cmd_vel_mux/share/cmd_vel_mux/hook/ld_library_path_lib.ps1'
[18.925s] INFO:colcon.colcon_core.shell:Creating environment descriptor '/home/fbr/Lab2/install/cmd_vel_mux/share/cmd_vel_mux/hook/ld_library_path_lib.dsv'
[18.926s] INFO:colcon.colcon_core.shell:Creating environment hook '/home/fbr/Lab2/install/cmd_vel_mux/share/cmd_vel_mux/hook/ld_library_path_lib.sh'
[18.927s] Level 1:colcon.colcon_core.environment:checking '/home/fbr/Lab2/install/cmd_vel_mux/bin'
[18.927s] Level 1:colcon.colcon_core.environment:checking '/home/fbr/Lab2/install/cmd_vel_mux/lib/pkgconfig/cmd_vel_mux.pc'
[18.928s] Level 1:colcon.colcon_core.environment:checking '/home/fbr/Lab2/install/cmd_vel_mux/lib/python3.10/site-packages'
[18.928s] Level 1:colcon.colcon_core.environment:checking '/home/fbr/Lab2/install/cmd_vel_mux/bin'
[18.929s] INFO:colcon.colcon_core.shell:Creating package script '/home/fbr/Lab2/install/cmd_vel_mux/share/cmd_vel_mux/package.ps1'
[18.930s] INFO:colcon.colcon_core.shell:Creating package descriptor '/home/fbr/Lab2/install/cmd_vel_mux/share/cmd_vel_mux/package.dsv'
[18.931s] INFO:colcon.colcon_core.shell:Creating package script '/home/fbr/Lab2/install/cmd_vel_mux/share/cmd_vel_mux/package.sh'
[18.933s] INFO:colcon.colcon_core.shell:Creating package script '/home/fbr/Lab2/install/cmd_vel_mux/share/cmd_vel_mux/package.bash'
[18.934s] INFO:colcon.colcon_core.shell:Creating package script '/home/fbr/Lab2/install/cmd_vel_mux/share/cmd_vel_mux/package.zsh'
[18.935s] Level 1:colcon.colcon_core.environment:create_file_with_runtime_dependencies(/home/fbr/Lab2/install/cmd_vel_mux/share/colcon-core/packages/cmd_vel_mux)
[23.530s] DEBUG:colcon.colcon_core.event_handler.log_command:Invoked command in '/home/fbr/Lab2/build/very_simple_robot_simulator' returned '0': CMAKE_PREFIX_PATH=${CMAKE_PREFIX_PATH}:/home/fbr/work1_ws/install/laboratorio:/home/fbr/ros2_ws/install/my_first_package:/opt/ros/humble /usr/bin/cmake /home/fbr/Lab2/src/very_simple_robot_simulator -DCMAKE_INSTALL_PREFIX=/home/fbr/Lab2/install/very_simple_robot_simulator
[23.534s] DEBUG:colcon.colcon_core.event_handler.log_command:Invoking command in '/home/fbr/Lab2/build/very_simple_robot_simulator': CMAKE_PREFIX_PATH=${CMAKE_PREFIX_PATH}:/home/fbr/work1_ws/install/laboratorio:/home/fbr/ros2_ws/install/my_first_package:/opt/ros/humble /usr/bin/cmake --build /home/fbr/Lab2/build/very_simple_robot_simulator -- -j4 -l4
[23.680s] DEBUG:colcon.colcon_core.event_handler.log_command:Invoked command in '/home/fbr/Lab2/build/very_simple_robot_simulator' returned '2': CMAKE_PREFIX_PATH=${CMAKE_PREFIX_PATH}:/home/fbr/work1_ws/install/laboratorio:/home/fbr/ros2_ws/install/my_first_package:/opt/ros/humble /usr/bin/cmake --build /home/fbr/Lab2/build/very_simple_robot_simulator -- -j4 -l4
[23.739s] Level 1:colcon.colcon_core.environment:create_environment_scripts_only(very_simple_robot_simulator)
[23.740s] Level 1:colcon.colcon_core.environment:checking '/home/fbr/Lab2/install/very_simple_robot_simulator' for CMake module files
[23.741s] Level 1:colcon.colcon_core.environment:checking '/home/fbr/Lab2/install/very_simple_robot_simulator' for CMake config files
[23.742s] Level 1:colcon.colcon_core.shell:create_environment_hook('very_simple_robot_simulator', 'cmake_prefix_path')
[23.743s] INFO:colcon.colcon_core.shell:Creating environment hook '/home/fbr/Lab2/install/very_simple_robot_simulator/share/very_simple_robot_simulator/hook/cmake_prefix_path.ps1'
[23.745s] INFO:colcon.colcon_core.shell:Creating environment descriptor '/home/fbr/Lab2/install/very_simple_robot_simulator/share/very_simple_robot_simulator/hook/cmake_prefix_path.dsv'
[23.746s] INFO:colcon.colcon_core.shell:Creating environment hook '/home/fbr/Lab2/install/very_simple_robot_simulator/share/very_simple_robot_simulator/hook/cmake_prefix_path.sh'
[23.747s] Level 1:colcon.colcon_core.environment:checking '/home/fbr/Lab2/install/very_simple_robot_simulator/lib'
[23.748s] Level 1:colcon.colcon_core.environment:checking '/home/fbr/Lab2/install/very_simple_robot_simulator/bin'
[23.748s] Level 1:colcon.colcon_core.environment:checking '/home/fbr/Lab2/install/very_simple_robot_simulator/lib/pkgconfig/very_simple_robot_simulator.pc'
[23.748s] Level 1:colcon.colcon_core.environment:checking '/home/fbr/Lab2/install/very_simple_robot_simulator/lib/python3.10/site-packages'
[23.749s] Level 1:colcon.colcon_core.environment:checking '/home/fbr/Lab2/install/very_simple_robot_simulator/bin'
[23.749s] INFO:colcon.colcon_core.shell:Creating package script '/home/fbr/Lab2/install/very_simple_robot_simulator/share/very_simple_robot_simulator/package.ps1'
[23.751s] INFO:colcon.colcon_core.shell:Creating package descriptor '/home/fbr/Lab2/install/very_simple_robot_simulator/share/very_simple_robot_simulator/package.dsv'
[23.752s] INFO:colcon.colcon_core.shell:Creating package script '/home/fbr/Lab2/install/very_simple_robot_simulator/share/very_simple_robot_simulator/package.sh'
[23.753s] INFO:colcon.colcon_core.shell:Creating package script '/home/fbr/Lab2/install/very_simple_robot_simulator/share/very_simple_robot_simulator/package.bash'
[23.755s] INFO:colcon.colcon_core.shell:Creating package script '/home/fbr/Lab2/install/very_simple_robot_simulator/share/very_simple_robot_simulator/package.zsh'
[23.756s] Level 1:colcon.colcon_core.environment:create_file_with_runtime_dependencies(/home/fbr/Lab2/install/very_simple_robot_simulator/share/colcon-core/packages/very_simple_robot_simulator)
[23.768s] DEBUG:colcon.colcon_parallel_executor.executor.parallel:closing loop
[23.768s] DEBUG:colcon.colcon_parallel_executor.executor.parallel:loop closed
[23.769s] DEBUG:colcon.colcon_parallel_executor.executor.parallel:run_until_complete finished with '2'
[23.769s] DEBUG:colcon.colcon_core.event_reactor:joining thread
[23.891s] INFO:colcon.colcon_core.plugin_system:Skipping extension 'colcon_notification.desktop_notification.notify_send': Could not find 'notify-send'
[23.891s] INFO:colcon.colcon_core.plugin_system:Skipping extension 'colcon_notification.desktop_notification.terminal_notifier': Not used on non-Darwin systems
[23.892s] INFO:colcon.colcon_core.plugin_system:Skipping extension 'colcon_notification.desktop_notification.win32': Not used on non-Windows systems
[23.892s] INFO:colcon.colcon_notification.desktop_notification:Sending desktop notification using 'notify2'
[23.895s] DEBUG:colcon.colcon_notification.desktop_notification.notify2:Failed to initialize notify2: org.freedesktop.DBus.Error.FileNotFound: Failed to connect to socket /run/user/1000/bus: No such file or directory
[23.895s] DEBUG:colcon.colcon_core.event_reactor:joined thread
[23.895s] INFO:colcon.colcon_core.shell:Creating prefix script '/home/fbr/Lab2/install/local_setup.ps1'
[23.897s] INFO:colcon.colcon_core.shell:Creating prefix util module '/home/fbr/Lab2/install/_local_setup_util_ps1.py'
[23.902s] INFO:colcon.colcon_core.shell:Creating prefix chain script '/home/fbr/Lab2/install/setup.ps1'
[23.907s] INFO:colcon.colcon_core.shell:Creating prefix script '/home/fbr/Lab2/install/local_setup.sh'
[23.910s] INFO:colcon.colcon_core.shell:Creating prefix util module '/home/fbr/Lab2/install/_local_setup_util_sh.py'
[23.912s] INFO:colcon.colcon_core.shell:Creating prefix chain script '/home/fbr/Lab2/install/setup.sh'
[23.916s] INFO:colcon.colcon_core.shell:Creating prefix script '/home/fbr/Lab2/install/local_setup.bash'
[23.918s] INFO:colcon.colcon_core.shell:Creating prefix chain script '/home/fbr/Lab2/install/setup.bash'
[23.921s] INFO:colcon.colcon_core.shell:Creating prefix script '/home/fbr/Lab2/install/local_setup.zsh'
[23.924s] INFO:colcon.colcon_core.shell:Creating prefix chain script '/home/fbr/Lab2/install/setup.zsh'
