[0.393s] DEBUG:colcon:Command line arguments: ['/usr/bin/colcon', 'build', '--symlink-install']
[0.393s] DEBUG:colcon:Parsed command line arguments: Namespace(log_base=None, log_level=None, verb_name='build', build_base='build', install_base='install', merge_install=False, symlink_install=True, test_result_base=None, continue_on_error=False, executor='parallel', parallel_workers=4, event_handlers=None, ignore_user_meta=False, metas=['./colcon.meta'], base_paths=['.'], packages_ignore=None, packages_ignore_regex=None, paths=None, packages_up_to=None, packages_up_to_regex=None, packages_above=None, packages_above_and_dependencies=None, packages_above_depth=None, packages_select_by_dep=None, packages_skip_by_dep=None, packages_skip_up_to=None, packages_select_build_failed=False, packages_skip_build_finished=False, packages_select_test_failures=False, packages_skip_test_passed=False, packages_select=None, packages_skip=None, packages_select_regex=None, packages_skip_regex=None, packages_start=None, packages_end=None, allow_overriding=[], cmake_args=None, cmake_target=None, cmake_target_skip_unavailable=False, cmake_clean_cache=False, cmake_clean_first=False, cmake_force_configure=False, ament_cmake_args=None, catkin_cmake_args=None, catkin_skip_building_tests=False, verb_parser=<colcon_defaults.argument_parser.defaults.DefaultArgumentsDecorator object at 0x7fed34b67040>, verb_extension=<colcon_core.verb.build.BuildVerb object at 0x7fed34b66b00>, main=<bound method BuildVerb.main of <colcon_core.verb.build.BuildVerb object at 0x7fed34b66b00>>)
[0.709s] Level 1:colcon.colcon_core.package_discovery:discover_packages(colcon_meta) check parameters
[0.709s] Level 1:colcon.colcon_core.package_discovery:discover_packages(recursive) check parameters
[0.709s] Level 1:colcon.colcon_core.package_discovery:discover_packages(ignore) check parameters
[0.710s] Level 1:colcon.colcon_core.package_discovery:discover_packages(path) check parameters
[0.710s] Level 1:colcon.colcon_core.package_discovery:discover_packages(colcon_meta) discover
[0.710s] Level 1:colcon.colcon_core.package_discovery:discover_packages(recursive) discover
[0.710s] INFO:colcon.colcon_core.package_discovery:Crawling recursively for packages in '/home/fbr/Lab2'
[0.710s] Level 1:colcon.colcon_core.package_identification:_identify(.) by extensions ['ignore', 'ignore_ament_install']
[0.710s] Level 1:colcon.colcon_core.package_identification:_identify(.) by extension 'ignore'
[0.710s] Level 1:colcon.colcon_core.package_identification:_identify(.) by extension 'ignore_ament_install'
[0.711s] Level 1:colcon.colcon_core.package_identification:_identify(.) by extensions ['colcon_pkg']
[0.711s] Level 1:colcon.colcon_core.package_identification:_identify(.) by extension 'colcon_pkg'
[0.711s] Level 1:colcon.colcon_core.package_identification:_identify(.) by extensions ['colcon_meta']
[0.711s] Level 1:colcon.colcon_core.package_identification:_identify(.) by extension 'colcon_meta'
[0.711s] Level 1:colcon.colcon_core.package_identification:_identify(.) by extensions ['ros']
[0.711s] Level 1:colcon.colcon_core.package_identification:_identify(.) by extension 'ros'
[0.735s] Level 1:colcon.colcon_core.package_identification:_identify(.) by extensions ['cmake', 'python']
[0.735s] Level 1:colcon.colcon_core.package_identification:_identify(.) by extension 'cmake'
[0.735s] Level 1:colcon.colcon_core.package_identification:_identify(.) by extension 'python'
[0.736s] Level 1:colcon.colcon_core.package_identification:_identify(.) by extensions ['python_setup_py']
[0.736s] Level 1:colcon.colcon_core.package_identification:_identify(.) by extension 'python_setup_py'
[0.736s] Level 1:colcon.colcon_core.package_identification:_identify(build) by extensions ['ignore', 'ignore_ament_install']
[0.736s] Level 1:colcon.colcon_core.package_identification:_identify(build) by extension 'ignore'
[0.736s] Level 1:colcon.colcon_core.package_identification:_identify(build) ignored
[0.736s] Level 1:colcon.colcon_core.package_identification:_identify(install) by extensions ['ignore', 'ignore_ament_install']
[0.737s] Level 1:colcon.colcon_core.package_identification:_identify(install) by extension 'ignore'
[0.737s] Level 1:colcon.colcon_core.package_identification:_identify(install) ignored
[0.737s] Level 1:colcon.colcon_core.package_identification:_identify(log) by extensions ['ignore', 'ignore_ament_install']
[0.737s] Level 1:colcon.colcon_core.package_identification:_identify(log) by extension 'ignore'
[0.737s] Level 1:colcon.colcon_core.package_identification:_identify(log) ignored
[0.738s] Level 1:colcon.colcon_core.package_identification:_identify(src) by extensions ['ignore', 'ignore_ament_install']
[0.738s] Level 1:colcon.colcon_core.package_identification:_identify(src) by extension 'ignore'
[0.738s] Level 1:colcon.colcon_core.package_identification:_identify(src) by extension 'ignore_ament_install'
[0.738s] Level 1:colcon.colcon_core.package_identification:_identify(src) by extensions ['colcon_pkg']
[0.738s] Level 1:colcon.colcon_core.package_identification:_identify(src) by extension 'colcon_pkg'
[0.738s] Level 1:colcon.colcon_core.package_identification:_identify(src) by extensions ['colcon_meta']
[0.739s] Level 1:colcon.colcon_core.package_identification:_identify(src) by extension 'colcon_meta'
[0.739s] Level 1:colcon.colcon_core.package_identification:_identify(src) by extensions ['ros']
[0.739s] Level 1:colcon.colcon_core.package_identification:_identify(src) by extension 'ros'
[0.739s] Level 1:colcon.colcon_core.package_identification:_identify(src) by extensions ['cmake', 'python']
[0.739s] Level 1:colcon.colcon_core.package_identification:_identify(src) by extension 'cmake'
[0.739s] Level 1:colcon.colcon_core.package_identification:_identify(src) by extension 'python'
[0.739s] Level 1:colcon.colcon_core.package_identification:_identify(src) by extensions ['python_setup_py']
[0.739s] Level 1:colcon.colcon_core.package_identification:_identify(src) by extension 'python_setup_py'
[0.740s] Level 1:colcon.colcon_core.package_identification:_identify(src/build) by extensions ['ignore', 'ignore_ament_install']
[0.740s] Level 1:colcon.colcon_core.package_identification:_identify(src/build) by extension 'ignore'
[0.740s] Level 1:colcon.colcon_core.package_identification:_identify(src/build) ignored
[0.740s] Level 1:colcon.colcon_core.package_identification:_identify(src/cmd_vel_mux) by extensions ['ignore', 'ignore_ament_install']
[0.740s] Level 1:colcon.colcon_core.package_identification:_identify(src/cmd_vel_mux) by extension 'ignore'
[0.740s] Level 1:colcon.colcon_core.package_identification:_identify(src/cmd_vel_mux) by extension 'ignore_ament_install'
[0.741s] Level 1:colcon.colcon_core.package_identification:_identify(src/cmd_vel_mux) by extensions ['colcon_pkg']
[0.741s] Level 1:colcon.colcon_core.package_identification:_identify(src/cmd_vel_mux) by extension 'colcon_pkg'
[0.741s] Level 1:colcon.colcon_core.package_identification:_identify(src/cmd_vel_mux) by extensions ['colcon_meta']
[0.741s] Level 1:colcon.colcon_core.package_identification:_identify(src/cmd_vel_mux) by extension 'colcon_meta'
[0.741s] Level 1:colcon.colcon_core.package_identification:_identify(src/cmd_vel_mux) by extensions ['ros']
[0.741s] Level 1:colcon.colcon_core.package_identification:_identify(src/cmd_vel_mux) by extension 'ros'
[0.747s] DEBUG:colcon.colcon_core.package_identification:Package 'src/cmd_vel_mux' with type 'ros.ament_cmake' and name 'cmd_vel_mux'
[0.747s] Level 1:colcon.colcon_core.package_identification:_identify(src/install) by extensions ['ignore', 'ignore_ament_install']
[0.747s] Level 1:colcon.colcon_core.package_identification:_identify(src/install) by extension 'ignore'
[0.747s] Level 1:colcon.colcon_core.package_identification:_identify(src/install) ignored
[0.748s] Level 1:colcon.colcon_core.package_identification:_identify(src/lab_navegation) by extensions ['ignore', 'ignore_ament_install']
[0.748s] Level 1:colcon.colcon_core.package_identification:_identify(src/lab_navegation) by extension 'ignore'
[0.748s] Level 1:colcon.colcon_core.package_identification:_identify(src/lab_navegation) by extension 'ignore_ament_install'
[0.748s] Level 1:colcon.colcon_core.package_identification:_identify(src/lab_navegation) by extensions ['colcon_pkg']
[0.748s] Level 1:colcon.colcon_core.package_identification:_identify(src/lab_navegation) by extension 'colcon_pkg'
[0.748s] Level 1:colcon.colcon_core.package_identification:_identify(src/lab_navegation) by extensions ['colcon_meta']
[0.748s] Level 1:colcon.colcon_core.package_identification:_identify(src/lab_navegation) by extension 'colcon_meta'
[0.749s] Level 1:colcon.colcon_core.package_identification:_identify(src/lab_navegation) by extensions ['ros']
[0.749s] Level 1:colcon.colcon_core.package_identification:_identify(src/lab_navegation) by extension 'ros'
[0.750s] DEBUG:colcon.colcon_core.package_identification:Package 'src/lab_navegation' with type 'ros.ament_python' and name 'lab_navegation'
[0.750s] Level 1:colcon.colcon_core.package_identification:_identify(src/log) by extensions ['ignore', 'ignore_ament_install']
[0.750s] Level 1:colcon.colcon_core.package_identification:_identify(src/log) by extension 'ignore'
[0.750s] Level 1:colcon.colcon_core.package_identification:_identify(src/log) ignored
[0.750s] Level 1:colcon.colcon_core.package_identification:_identify(src/very_simple_robot_simulator) by extensions ['ignore', 'ignore_ament_install']
[0.751s] Level 1:colcon.colcon_core.package_identification:_identify(src/very_simple_robot_simulator) by extension 'ignore'
[0.751s] Level 1:colcon.colcon_core.package_identification:_identify(src/very_simple_robot_simulator) by extension 'ignore_ament_install'
[0.751s] Level 1:colcon.colcon_core.package_identification:_identify(src/very_simple_robot_simulator) by extensions ['colcon_pkg']
[0.751s] Level 1:colcon.colcon_core.package_identification:_identify(src/very_simple_robot_simulator) by extension 'colcon_pkg'
[0.751s] Level 1:colcon.colcon_core.package_identification:_identify(src/very_simple_robot_simulator) by extensions ['colcon_meta']
[0.751s] Level 1:colcon.colcon_core.package_identification:_identify(src/very_simple_robot_simulator) by extension 'colcon_meta'
[0.751s] Level 1:colcon.colcon_core.package_identification:_identify(src/very_simple_robot_simulator) by extensions ['ros']
[0.751s] Level 1:colcon.colcon_core.package_identification:_identify(src/very_simple_robot_simulator) by extension 'ros'
[0.752s] DEBUG:colcon.colcon_core.package_identification:Package 'src/very_simple_robot_simulator' with type 'ros.ament_cmake' and name 'very_simple_robot_simulator'
[0.753s] Level 1:colcon.colcon_core.package_discovery:discover_packages(recursive) using defaults
[0.753s] Level 1:colcon.colcon_core.package_discovery:discover_packages(ignore) discover
[0.753s] Level 1:colcon.colcon_core.package_discovery:discover_packages(ignore) using defaults
[0.753s] Level 1:colcon.colcon_core.package_discovery:discover_packages(path) discover
[0.753s] Level 1:colcon.colcon_core.package_discovery:discover_packages(path) using defaults
[0.791s] Level 1:colcon.colcon_core.package_discovery:discover_packages(prefix_path) check parameters
[0.791s] Level 1:colcon.colcon_core.package_discovery:discover_packages(prefix_path) discover
[0.795s] DEBUG:colcon.colcon_installed_package_information.package_discovery:Found 3 installed packages in /home/fbr/work1_ws/install
[0.796s] DEBUG:colcon.colcon_installed_package_information.package_discovery:Found 1 installed packages in /home/fbr/ros2_ws/install
[0.798s] DEBUG:colcon.colcon_installed_package_information.package_discovery:Found 273 installed packages in /opt/ros/humble
[0.801s] Level 1:colcon.colcon_core.package_discovery:discover_packages(prefix_path) using defaults
[0.912s] Level 5:colcon.colcon_core.verb:set package 'cmd_vel_mux' build argument 'cmake_args' from command line to 'None'
[0.912s] Level 5:colcon.colcon_core.verb:set package 'cmd_vel_mux' build argument 'cmake_target' from command line to 'None'
[0.912s] Level 5:colcon.colcon_core.verb:set package 'cmd_vel_mux' build argument 'cmake_target_skip_unavailable' from command line to 'False'
[0.912s] Level 5:colcon.colcon_core.verb:set package 'cmd_vel_mux' build argument 'cmake_clean_cache' from command line to 'False'
[0.912s] Level 5:colcon.colcon_core.verb:set package 'cmd_vel_mux' build argument 'cmake_clean_first' from command line to 'False'
[0.912s] Level 5:colcon.colcon_core.verb:set package 'cmd_vel_mux' build argument 'cmake_force_configure' from command line to 'False'
[0.912s] Level 5:colcon.colcon_core.verb:set package 'cmd_vel_mux' build argument 'ament_cmake_args' from command line to 'None'
[0.912s] Level 5:colcon.colcon_core.verb:set package 'cmd_vel_mux' build argument 'catkin_cmake_args' from command line to 'None'
[0.912s] Level 5:colcon.colcon_core.verb:set package 'cmd_vel_mux' build argument 'catkin_skip_building_tests' from command line to 'False'
[0.912s] DEBUG:colcon.colcon_core.verb:Building package 'cmd_vel_mux' with the following arguments: {'ament_cmake_args': None, 'build_base': '/home/fbr/Lab2/build/cmd_vel_mux', 'catkin_cmake_args': None, 'catkin_skip_building_tests': False, 'cmake_args': None, 'cmake_clean_cache': False, 'cmake_clean_first': False, 'cmake_force_configure': False, 'cmake_target': None, 'cmake_target_skip_unavailable': False, 'install_base': '/home/fbr/Lab2/install/cmd_vel_mux', 'merge_install': False, 'path': '/home/fbr/Lab2/src/cmd_vel_mux', 'symlink_install': True, 'test_result_base': None}
[0.913s] Level 5:colcon.colcon_core.verb:set package 'lab_navegation' build argument 'cmake_args' from command line to 'None'
[0.913s] Level 5:colcon.colcon_core.verb:set package 'lab_navegation' build argument 'cmake_target' from command line to 'None'
[0.913s] Level 5:colcon.colcon_core.verb:set package 'lab_navegation' build argument 'cmake_target_skip_unavailable' from command line to 'False'
[0.913s] Level 5:colcon.colcon_core.verb:set package 'lab_navegation' build argument 'cmake_clean_cache' from command line to 'False'
[0.913s] Level 5:colcon.colcon_core.verb:set package 'lab_navegation' build argument 'cmake_clean_first' from command line to 'False'
[0.914s] Level 5:colcon.colcon_core.verb:set package 'lab_navegation' build argument 'cmake_force_configure' from command line to 'False'
[0.914s] Level 5:colcon.colcon_core.verb:set package 'lab_navegation' build argument 'ament_cmake_args' from command line to 'None'
[0.914s] Level 5:colcon.colcon_core.verb:set package 'lab_navegation' build argument 'catkin_cmake_args' from command line to 'None'
[0.914s] Level 5:colcon.colcon_core.verb:set package 'lab_navegation' build argument 'catkin_skip_building_tests' from command line to 'False'
[0.914s] DEBUG:colcon.colcon_core.verb:Building package 'lab_navegation' with the following arguments: {'ament_cmake_args': None, 'build_base': '/home/fbr/Lab2/build/lab_navegation', 'catkin_cmake_args': None, 'catkin_skip_building_tests': False, 'cmake_args': None, 'cmake_clean_cache': False, 'cmake_clean_first': False, 'cmake_force_configure': False, 'cmake_target': None, 'cmake_target_skip_unavailable': False, 'install_base': '/home/fbr/Lab2/install/lab_navegation', 'merge_install': False, 'path': '/home/fbr/Lab2/src/lab_navegation', 'symlink_install': True, 'test_result_base': None}
[0.914s] Level 5:colcon.colcon_core.verb:set package 'very_simple_robot_simulator' build argument 'cmake_args' from command line to 'None'
[0.914s] Level 5:colcon.colcon_core.verb:set package 'very_simple_robot_simulator' build argument 'cmake_target' from command line to 'None'
[0.915s] Level 5:colcon.colcon_core.verb:set package 'very_simple_robot_simulator' build argument 'cmake_target_skip_unavailable' from command line to 'False'
[0.915s] Level 5:colcon.colcon_core.verb:set package 'very_simple_robot_simulator' build argument 'cmake_clean_cache' from command line to 'False'
[0.915s] Level 5:colcon.colcon_core.verb:set package 'very_simple_robot_simulator' build argument 'cmake_clean_first' from command line to 'False'
[0.915s] Level 5:colcon.colcon_core.verb:set package 'very_simple_robot_simulator' build argument 'cmake_force_configure' from command line to 'False'
[0.915s] Level 5:colcon.colcon_core.verb:set package 'very_simple_robot_simulator' build argument 'ament_cmake_args' from command line to 'None'
[0.915s] Level 5:colcon.colcon_core.verb:set package 'very_simple_robot_simulator' build argument 'catkin_cmake_args' from command line to 'None'
[0.915s] Level 5:colcon.colcon_core.verb:set package 'very_simple_robot_simulator' build argument 'catkin_skip_building_tests' from command line to 'False'
[0.915s] DEBUG:colcon.colcon_core.verb:Building package 'very_simple_robot_simulator' with the following arguments: {'ament_cmake_args': None, 'build_base': '/home/fbr/Lab2/build/very_simple_robot_simulator', 'catkin_cmake_args': None, 'catkin_skip_building_tests': False, 'cmake_args': None, 'cmake_clean_cache': False, 'cmake_clean_first': False, 'cmake_force_configure': False, 'cmake_target': None, 'cmake_target_skip_unavailable': False, 'install_base': '/home/fbr/Lab2/install/very_simple_robot_simulator', 'merge_install': False, 'path': '/home/fbr/Lab2/src/very_simple_robot_simulator', 'symlink_install': True, 'test_result_base': None}
[0.915s] INFO:colcon.colcon_core.executor:Executing jobs using 'parallel' executor
[0.917s] DEBUG:colcon.colcon_parallel_executor.executor.parallel:run_until_complete
[0.918s] INFO:colcon.colcon_ros.task.ament_cmake.build:Building ROS package in '/home/fbr/Lab2/src/cmd_vel_mux' with build type 'ament_cmake'
[0.918s] INFO:colcon.colcon_cmake.task.cmake.build:Building CMake package in '/home/fbr/Lab2/src/cmd_vel_mux'
[0.924s] INFO:colcon.colcon_core.plugin_system:Skipping extension 'colcon_core.shell.bat': Not used on non-Windows systems
[0.924s] INFO:colcon.colcon_core.shell:Skip shell extension 'powershell' for command environment: Not usable outside of PowerShell
[0.925s] DEBUG:colcon.colcon_core.shell:Skip shell extension 'dsv' for command environment
[0.932s] INFO:colcon.colcon_ros.task.ament_python.build:Building ROS package in '/home/fbr/Lab2/src/lab_navegation' with build type 'ament_python'
[0.934s] Level 1:colcon.colcon_core.shell:create_environment_hook('lab_navegation', 'ament_prefix_path')
[0.935s] INFO:colcon.colcon_core.shell:Creating environment hook '/home/fbr/Lab2/install/lab_navegation/share/lab_navegation/hook/ament_prefix_path.ps1'
[0.938s] INFO:colcon.colcon_core.shell:Creating environment descriptor '/home/fbr/Lab2/install/lab_navegation/share/lab_navegation/hook/ament_prefix_path.dsv'
[0.939s] INFO:colcon.colcon_core.shell:Creating environment hook '/home/fbr/Lab2/install/lab_navegation/share/lab_navegation/hook/ament_prefix_path.sh'
[0.941s] INFO:colcon.colcon_core.shell:Skip shell extension 'powershell' for command environment: Not usable outside of PowerShell
[0.941s] DEBUG:colcon.colcon_core.shell:Skip shell extension 'dsv' for command environment
[0.947s] INFO:colcon.colcon_ros.task.ament_cmake.build:Building ROS package in '/home/fbr/Lab2/src/very_simple_robot_simulator' with build type 'ament_cmake'
[0.949s] INFO:colcon.colcon_cmake.task.cmake.build:Building CMake package in '/home/fbr/Lab2/src/very_simple_robot_simulator'
[0.951s] INFO:colcon.colcon_core.shell:Skip shell extension 'powershell' for command environment: Not usable outside of PowerShell
[0.952s] DEBUG:colcon.colcon_core.shell:Skip shell extension 'dsv' for command environment
[0.971s] DEBUG:colcon.colcon_core.event_handler.log_command:Invoking command in '/home/fbr/Lab2/build/cmd_vel_mux': CMAKE_PREFIX_PATH=${CMAKE_PREFIX_PATH}:/home/fbr/work1_ws/install/laboratorio:/home/fbr/ros2_ws/install/my_first_package:/opt/ros/humble /usr/bin/cmake /home/fbr/Lab2/src/cmd_vel_mux -DAMENT_CMAKE_SYMLINK_INSTALL=1 -DCMAKE_INSTALL_PREFIX=/home/fbr/Lab2/install/cmd_vel_mux
[1.692s] INFO:colcon.colcon_core.task.python.build:Building Python package in '/home/fbr/Lab2/src/lab_navegation'
[1.693s] INFO:colcon.colcon_core.shell:Skip shell extension 'powershell' for command environment: Not usable outside of PowerShell
[1.693s] DEBUG:colcon.colcon_core.shell:Skip shell extension 'dsv' for command environment
[1.714s] DEBUG:colcon.colcon_core.event_handler.log_command:Invoking command in '/home/fbr/Lab2/build/very_simple_robot_simulator': CMAKE_PREFIX_PATH=${CMAKE_PREFIX_PATH}:/home/fbr/work1_ws/install/laboratorio:/home/fbr/ros2_ws/install/my_first_package:/opt/ros/humble /usr/bin/cmake /home/fbr/Lab2/src/very_simple_robot_simulator -DAMENT_CMAKE_SYMLINK_INSTALL=1 -DCMAKE_INSTALL_PREFIX=/home/fbr/Lab2/install/very_simple_robot_simulator
[2.832s] DEBUG:colcon.colcon_core.task.python.build:While undoing a previous installation files outside the Python library path are being ignored: /home/fbr/Lab2/install/lab_navegation/share/ament_index/resource_index/packages/lab_navegation
[2.832s] DEBUG:colcon.colcon_core.task.python.build:While undoing a previous installation files outside the Python library path are being ignored: /home/fbr/Lab2/install/lab_navegation/share/lab_navegation/package.xml
[2.833s] DEBUG:colcon.colcon_core.task.python.build:While undoing a previous installation files outside the Python library path are being ignored: /home/fbr/Lab2/install/lab_navegation/lib/lab_navegation/dead_reckoning
[2.837s] DEBUG:colcon.colcon_core.event_handler.log_command:Invoking command in '/home/fbr/Lab2/build/lab_navegation': PYTHONPATH=/home/fbr/Lab2/build/lab_navegation/prefix_override:/home/fbr/Lab2/install/lab_navegation/lib/python3.10/site-packages:${PYTHONPATH} /usr/bin/python3 -W ignore:setup.py install is deprecated setup.py develop --editable --build-directory /home/fbr/Lab2/build/lab_navegation/build --no-deps symlink_data --force
[5.047s] Level 1:colcon.colcon_core.shell:create_environment_hook('lab_navegation', 'pythonpath_develop')
[5.048s] DEBUG:colcon.colcon_core.event_handler.log_command:Invoked command in '/home/fbr/Lab2/build/lab_navegation' returned '0': PYTHONPATH=/home/fbr/Lab2/build/lab_navegation/prefix_override:/home/fbr/Lab2/install/lab_navegation/lib/python3.10/site-packages:${PYTHONPATH} /usr/bin/python3 -W ignore:setup.py install is deprecated setup.py develop --editable --build-directory /home/fbr/Lab2/build/lab_navegation/build --no-deps symlink_data --force
[5.049s] INFO:colcon.colcon_core.shell:Creating environment hook '/home/fbr/Lab2/build/lab_navegation/share/lab_navegation/hook/pythonpath_develop.ps1'
[5.050s] INFO:colcon.colcon_core.shell:Creating environment descriptor '/home/fbr/Lab2/build/lab_navegation/share/lab_navegation/hook/pythonpath_develop.dsv'
[5.051s] INFO:colcon.colcon_core.shell:Creating environment hook '/home/fbr/Lab2/build/lab_navegation/share/lab_navegation/hook/pythonpath_develop.sh'
[5.056s] Level 1:colcon.colcon_core.environment:checking '/home/fbr/Lab2/install/lab_navegation' for CMake module files
[5.057s] Level 1:colcon.colcon_core.environment:checking '/home/fbr/Lab2/install/lab_navegation' for CMake config files
[5.058s] Level 1:colcon.colcon_core.environment:checking '/home/fbr/Lab2/install/lab_navegation/lib'
[5.058s] Level 1:colcon.colcon_core.environment:checking '/home/fbr/Lab2/install/lab_navegation/bin'
[5.058s] Level 1:colcon.colcon_core.environment:checking '/home/fbr/Lab2/install/lab_navegation/lib/pkgconfig/lab_navegation.pc'
[5.059s] Level 1:colcon.colcon_core.environment:checking '/home/fbr/Lab2/install/lab_navegation/lib/python3.10/site-packages'
[5.059s] Level 1:colcon.colcon_core.shell:create_environment_hook('lab_navegation', 'pythonpath')
[5.059s] INFO:colcon.colcon_core.shell:Creating environment hook '/home/fbr/Lab2/install/lab_navegation/share/lab_navegation/hook/pythonpath.ps1'
[5.060s] INFO:colcon.colcon_core.shell:Creating environment descriptor '/home/fbr/Lab2/install/lab_navegation/share/lab_navegation/hook/pythonpath.dsv'
[5.062s] INFO:colcon.colcon_core.shell:Creating environment hook '/home/fbr/Lab2/install/lab_navegation/share/lab_navegation/hook/pythonpath.sh'
[5.063s] Level 1:colcon.colcon_core.environment:checking '/home/fbr/Lab2/install/lab_navegation/bin'
[5.063s] Level 1:colcon.colcon_core.environment:create_environment_scripts_only(lab_navegation)
[5.064s] INFO:colcon.colcon_core.shell:Creating package script '/home/fbr/Lab2/install/lab_navegation/share/lab_navegation/package.ps1'
[5.065s] INFO:colcon.colcon_core.shell:Creating package descriptor '/home/fbr/Lab2/install/lab_navegation/share/lab_navegation/package.dsv'
[5.067s] INFO:colcon.colcon_core.shell:Creating package script '/home/fbr/Lab2/install/lab_navegation/share/lab_navegation/package.sh'
[5.069s] INFO:colcon.colcon_core.shell:Creating package script '/home/fbr/Lab2/install/lab_navegation/share/lab_navegation/package.bash'
[5.072s] INFO:colcon.colcon_core.shell:Creating package script '/home/fbr/Lab2/install/lab_navegation/share/lab_navegation/package.zsh'
[5.075s] Level 1:colcon.colcon_core.environment:create_file_with_runtime_dependencies(/home/fbr/Lab2/install/lab_navegation/share/colcon-core/packages/lab_navegation)
[18.189s] DEBUG:colcon.colcon_core.event_handler.log_command:Invoked command in '/home/fbr/Lab2/build/cmd_vel_mux' returned '0': CMAKE_PREFIX_PATH=${CMAKE_PREFIX_PATH}:/home/fbr/work1_ws/install/laboratorio:/home/fbr/ros2_ws/install/my_first_package:/opt/ros/humble /usr/bin/cmake /home/fbr/Lab2/src/cmd_vel_mux -DAMENT_CMAKE_SYMLINK_INSTALL=1 -DCMAKE_INSTALL_PREFIX=/home/fbr/Lab2/install/cmd_vel_mux
[18.196s] DEBUG:colcon.colcon_core.event_handler.log_command:Invoking command in '/home/fbr/Lab2/build/cmd_vel_mux': CMAKE_PREFIX_PATH=${CMAKE_PREFIX_PATH}:/home/fbr/work1_ws/install/laboratorio:/home/fbr/ros2_ws/install/my_first_package:/opt/ros/humble /usr/bin/cmake --build /home/fbr/Lab2/build/cmd_vel_mux -- -j4 -l4
[18.369s] DEBUG:colcon.colcon_core.event_handler.log_command:Invoked command in '/home/fbr/Lab2/build/cmd_vel_mux' returned '0': CMAKE_PREFIX_PATH=${CMAKE_PREFIX_PATH}:/home/fbr/work1_ws/install/laboratorio:/home/fbr/ros2_ws/install/my_first_package:/opt/ros/humble /usr/bin/cmake --build /home/fbr/Lab2/build/cmd_vel_mux -- -j4 -l4
[18.469s] DEBUG:colcon.colcon_core.event_handler.log_command:Invoking command in '/home/fbr/Lab2/build/cmd_vel_mux': CMAKE_PREFIX_PATH=${CMAKE_PREFIX_PATH}:/home/fbr/work1_ws/install/laboratorio:/home/fbr/ros2_ws/install/my_first_package:/opt/ros/humble /usr/bin/cmake --install /home/fbr/Lab2/build/cmd_vel_mux
[18.528s] Level 1:colcon.colcon_core.environment:create_environment_scripts_only(cmd_vel_mux)
[18.529s] Level 1:colcon.colcon_core.environment:checking '/home/fbr/Lab2/install/cmd_vel_mux' for CMake module files
[18.531s] DEBUG:colcon.colcon_core.event_handler.log_command:Invoked command in '/home/fbr/Lab2/build/cmd_vel_mux' returned '0': CMAKE_PREFIX_PATH=${CMAKE_PREFIX_PATH}:/home/fbr/work1_ws/install/laboratorio:/home/fbr/ros2_ws/install/my_first_package:/opt/ros/humble /usr/bin/cmake --install /home/fbr/Lab2/build/cmd_vel_mux
[18.532s] Level 1:colcon.colcon_core.environment:checking '/home/fbr/Lab2/install/cmd_vel_mux' for CMake config files
[18.533s] Level 1:colcon.colcon_core.shell:create_environment_hook('cmd_vel_mux', 'cmake_prefix_path')
[18.534s] INFO:colcon.colcon_core.shell:Creating environment hook '/home/fbr/Lab2/install/cmd_vel_mux/share/cmd_vel_mux/hook/cmake_prefix_path.ps1'
[18.535s] INFO:colcon.colcon_core.shell:Creating environment descriptor '/home/fbr/Lab2/install/cmd_vel_mux/share/cmd_vel_mux/hook/cmake_prefix_path.dsv'
[18.536s] INFO:colcon.colcon_core.shell:Creating environment hook '/home/fbr/Lab2/install/cmd_vel_mux/share/cmd_vel_mux/hook/cmake_prefix_path.sh'
[18.538s] Level 1:colcon.colcon_core.environment:checking '/home/fbr/Lab2/install/cmd_vel_mux/lib'
[18.539s] Level 1:colcon.colcon_core.shell:create_environment_hook('cmd_vel_mux', 'ld_library_path_lib')
[18.539s] INFO:colcon.colcon_core.shell:Creating environment hook '/home/fbr/Lab2/install/cmd_vel_mux/share/cmd_vel_mux/hook/ld_library_path_lib.ps1'
[18.540s] INFO:colcon.colcon_core.shell:Creating environment descriptor '/home/fbr/Lab2/install/cmd_vel_mux/share/cmd_vel_mux/hook/ld_library_path_lib.dsv'
[18.541s] INFO:colcon.colcon_core.shell:Creating environment hook '/home/fbr/Lab2/install/cmd_vel_mux/share/cmd_vel_mux/hook/ld_library_path_lib.sh'
[18.542s] Level 1:colcon.colcon_core.environment:checking '/home/fbr/Lab2/install/cmd_vel_mux/bin'
[18.543s] Level 1:colcon.colcon_core.environment:checking '/home/fbr/Lab2/install/cmd_vel_mux/lib/pkgconfig/cmd_vel_mux.pc'
[18.543s] Level 1:colcon.colcon_core.environment:checking '/home/fbr/Lab2/install/cmd_vel_mux/lib/python3.10/site-packages'
[18.544s] Level 1:colcon.colcon_core.environment:checking '/home/fbr/Lab2/install/cmd_vel_mux/bin'
[18.544s] INFO:colcon.colcon_core.shell:Creating package script '/home/fbr/Lab2/install/cmd_vel_mux/share/cmd_vel_mux/package.ps1'
[18.545s] INFO:colcon.colcon_core.shell:Creating package descriptor '/home/fbr/Lab2/install/cmd_vel_mux/share/cmd_vel_mux/package.dsv'
[18.547s] INFO:colcon.colcon_core.shell:Creating package script '/home/fbr/Lab2/install/cmd_vel_mux/share/cmd_vel_mux/package.sh'
[18.548s] INFO:colcon.colcon_core.shell:Creating package script '/home/fbr/Lab2/install/cmd_vel_mux/share/cmd_vel_mux/package.bash'
[18.549s] INFO:colcon.colcon_core.shell:Creating package script '/home/fbr/Lab2/install/cmd_vel_mux/share/cmd_vel_mux/package.zsh'
[18.550s] Level 1:colcon.colcon_core.environment:create_file_with_runtime_dependencies(/home/fbr/Lab2/install/cmd_vel_mux/share/colcon-core/packages/cmd_vel_mux)
[18.622s] Level 1:colcon.colcon_core.environment:create_environment_scripts_only(cmd_vel_mux)
[18.623s] Level 1:colcon.colcon_core.environment:checking '/home/fbr/Lab2/install/cmd_vel_mux' for CMake module files
[18.625s] Level 1:colcon.colcon_core.environment:checking '/home/fbr/Lab2/install/cmd_vel_mux' for CMake config files
[18.627s] Level 1:colcon.colcon_core.shell:create_environment_hook('cmd_vel_mux', 'cmake_prefix_path')
[18.628s] INFO:colcon.colcon_core.shell:Creating environment hook '/home/fbr/Lab2/install/cmd_vel_mux/share/cmd_vel_mux/hook/cmake_prefix_path.ps1'
[18.629s] INFO:colcon.colcon_core.shell:Creating environment descriptor '/home/fbr/Lab2/install/cmd_vel_mux/share/cmd_vel_mux/hook/cmake_prefix_path.dsv'
[18.633s] INFO:colcon.colcon_core.shell:Creating environment hook '/home/fbr/Lab2/install/cmd_vel_mux/share/cmd_vel_mux/hook/cmake_prefix_path.sh'
[18.635s] Level 1:colcon.colcon_core.environment:checking '/home/fbr/Lab2/install/cmd_vel_mux/lib'
[18.635s] Level 1:colcon.colcon_core.shell:create_environment_hook('cmd_vel_mux', 'ld_library_path_lib')
[18.635s] INFO:colcon.colcon_core.shell:Creating environment hook '/home/fbr/Lab2/install/cmd_vel_mux/share/cmd_vel_mux/hook/ld_library_path_lib.ps1'
[18.636s] INFO:colcon.colcon_core.shell:Creating environment descriptor '/home/fbr/Lab2/install/cmd_vel_mux/share/cmd_vel_mux/hook/ld_library_path_lib.dsv'
[18.638s] INFO:colcon.colcon_core.shell:Creating environment hook '/home/fbr/Lab2/install/cmd_vel_mux/share/cmd_vel_mux/hook/ld_library_path_lib.sh'
[18.639s] Level 1:colcon.colcon_core.environment:checking '/home/fbr/Lab2/install/cmd_vel_mux/bin'
[18.639s] Level 1:colcon.colcon_core.environment:checking '/home/fbr/Lab2/install/cmd_vel_mux/lib/pkgconfig/cmd_vel_mux.pc'
[18.640s] Level 1:colcon.colcon_core.environment:checking '/home/fbr/Lab2/install/cmd_vel_mux/lib/python3.10/site-packages'
[18.641s] Level 1:colcon.colcon_core.environment:checking '/home/fbr/Lab2/install/cmd_vel_mux/bin'
[18.643s] INFO:colcon.colcon_core.shell:Creating package script '/home/fbr/Lab2/install/cmd_vel_mux/share/cmd_vel_mux/package.ps1'
[18.645s] INFO:colcon.colcon_core.shell:Creating package descriptor '/home/fbr/Lab2/install/cmd_vel_mux/share/cmd_vel_mux/package.dsv'
[18.647s] INFO:colcon.colcon_core.shell:Creating package script '/home/fbr/Lab2/install/cmd_vel_mux/share/cmd_vel_mux/package.sh'
[18.649s] INFO:colcon.colcon_core.shell:Creating package script '/home/fbr/Lab2/install/cmd_vel_mux/share/cmd_vel_mux/package.bash'
[18.651s] INFO:colcon.colcon_core.shell:Creating package script '/home/fbr/Lab2/install/cmd_vel_mux/share/cmd_vel_mux/package.zsh'
[18.652s] Level 1:colcon.colcon_core.environment:create_file_with_runtime_dependencies(/home/fbr/Lab2/install/cmd_vel_mux/share/colcon-core/packages/cmd_vel_mux)
[23.547s] DEBUG:colcon.colcon_core.event_handler.log_command:Invoked command in '/home/fbr/Lab2/build/very_simple_robot_simulator' returned '0': CMAKE_PREFIX_PATH=${CMAKE_PREFIX_PATH}:/home/fbr/work1_ws/install/laboratorio:/home/fbr/ros2_ws/install/my_first_package:/opt/ros/humble /usr/bin/cmake /home/fbr/Lab2/src/very_simple_robot_simulator -DAMENT_CMAKE_SYMLINK_INSTALL=1 -DCMAKE_INSTALL_PREFIX=/home/fbr/Lab2/install/very_simple_robot_simulator
[23.553s] DEBUG:colcon.colcon_core.event_handler.log_command:Invoking command in '/home/fbr/Lab2/build/very_simple_robot_simulator': CMAKE_PREFIX_PATH=${CMAKE_PREFIX_PATH}:/home/fbr/work1_ws/install/laboratorio:/home/fbr/ros2_ws/install/my_first_package:/opt/ros/humble /usr/bin/cmake --build /home/fbr/Lab2/build/very_simple_robot_simulator -- -j4 -l4
[23.669s] DEBUG:colcon.colcon_core.event_handler.log_command:Invoked command in '/home/fbr/Lab2/build/very_simple_robot_simulator' returned '2': CMAKE_PREFIX_PATH=${CMAKE_PREFIX_PATH}:/home/fbr/work1_ws/install/laboratorio:/home/fbr/ros2_ws/install/my_first_package:/opt/ros/humble /usr/bin/cmake --build /home/fbr/Lab2/build/very_simple_robot_simulator -- -j4 -l4
[23.723s] Level 1:colcon.colcon_core.environment:create_environment_scripts_only(very_simple_robot_simulator)
[23.724s] Level 1:colcon.colcon_core.environment:checking '/home/fbr/Lab2/install/very_simple_robot_simulator' for CMake module files
[23.725s] Level 1:colcon.colcon_core.environment:checking '/home/fbr/Lab2/install/very_simple_robot_simulator' for CMake config files
[23.726s] Level 1:colcon.colcon_core.shell:create_environment_hook('very_simple_robot_simulator', 'cmake_prefix_path')
[23.726s] INFO:colcon.colcon_core.shell:Creating environment hook '/home/fbr/Lab2/install/very_simple_robot_simulator/share/very_simple_robot_simulator/hook/cmake_prefix_path.ps1'
[23.727s] INFO:colcon.colcon_core.shell:Creating environment descriptor '/home/fbr/Lab2/install/very_simple_robot_simulator/share/very_simple_robot_simulator/hook/cmake_prefix_path.dsv'
[23.728s] INFO:colcon.colcon_core.shell:Creating environment hook '/home/fbr/Lab2/install/very_simple_robot_simulator/share/very_simple_robot_simulator/hook/cmake_prefix_path.sh'
[23.730s] Level 1:colcon.colcon_core.environment:checking '/home/fbr/Lab2/install/very_simple_robot_simulator/lib'
[23.730s] Level 1:colcon.colcon_core.environment:checking '/home/fbr/Lab2/install/very_simple_robot_simulator/bin'
[23.730s] Level 1:colcon.colcon_core.environment:checking '/home/fbr/Lab2/install/very_simple_robot_simulator/lib/pkgconfig/very_simple_robot_simulator.pc'
[23.731s] Level 1:colcon.colcon_core.environment:checking '/home/fbr/Lab2/install/very_simple_robot_simulator/lib/python3.10/site-packages'
[23.731s] Level 1:colcon.colcon_core.environment:checking '/home/fbr/Lab2/install/very_simple_robot_simulator/bin'
[23.732s] INFO:colcon.colcon_core.shell:Creating package script '/home/fbr/Lab2/install/very_simple_robot_simulator/share/very_simple_robot_simulator/package.ps1'
[23.733s] INFO:colcon.colcon_core.shell:Creating package descriptor '/home/fbr/Lab2/install/very_simple_robot_simulator/share/very_simple_robot_simulator/package.dsv'
[23.734s] INFO:colcon.colcon_core.shell:Creating package script '/home/fbr/Lab2/install/very_simple_robot_simulator/share/very_simple_robot_simulator/package.sh'
[23.735s] INFO:colcon.colcon_core.shell:Creating package script '/home/fbr/Lab2/install/very_simple_robot_simulator/share/very_simple_robot_simulator/package.bash'
[23.736s] INFO:colcon.colcon_core.shell:Creating package script '/home/fbr/Lab2/install/very_simple_robot_simulator/share/very_simple_robot_simulator/package.zsh'
[23.736s] Level 1:colcon.colcon_core.environment:create_file_with_runtime_dependencies(/home/fbr/Lab2/install/very_simple_robot_simulator/share/colcon-core/packages/very_simple_robot_simulator)
[23.738s] DEBUG:colcon.colcon_parallel_executor.executor.parallel:closing loop
[23.740s] DEBUG:colcon.colcon_parallel_executor.executor.parallel:loop closed
[23.740s] DEBUG:colcon.colcon_parallel_executor.executor.parallel:run_until_complete finished with '2'
[23.740s] DEBUG:colcon.colcon_core.event_reactor:joining thread
[23.866s] INFO:colcon.colcon_core.plugin_system:Skipping extension 'colcon_notification.desktop_notification.notify_send': Could not find 'notify-send'
[23.866s] INFO:colcon.colcon_core.plugin_system:Skipping extension 'colcon_notification.desktop_notification.terminal_notifier': Not used on non-Darwin systems
[23.867s] INFO:colcon.colcon_core.plugin_system:Skipping extension 'colcon_notification.desktop_notification.win32': Not used on non-Windows systems
[23.867s] INFO:colcon.colcon_notification.desktop_notification:Sending desktop notification using 'notify2'
[23.867s] DEBUG:colcon.colcon_notification.desktop_notification.notify2:Failed to initialize notify2: org.freedesktop.DBus.Error.FileNotFound: Failed to connect to socket /run/user/1000/bus: No such file or directory
[23.867s] DEBUG:colcon.colcon_core.event_reactor:joined thread
[23.868s] INFO:colcon.colcon_core.shell:Creating prefix script '/home/fbr/Lab2/install/local_setup.ps1'
[23.870s] INFO:colcon.colcon_core.shell:Creating prefix util module '/home/fbr/Lab2/install/_local_setup_util_ps1.py'
[23.873s] INFO:colcon.colcon_core.shell:Creating prefix chain script '/home/fbr/Lab2/install/setup.ps1'
[23.875s] INFO:colcon.colcon_core.shell:Creating prefix script '/home/fbr/Lab2/install/local_setup.sh'
[23.876s] INFO:colcon.colcon_core.shell:Creating prefix util module '/home/fbr/Lab2/install/_local_setup_util_sh.py'
[23.878s] INFO:colcon.colcon_core.shell:Creating prefix chain script '/home/fbr/Lab2/install/setup.sh'
[23.880s] INFO:colcon.colcon_core.shell:Creating prefix script '/home/fbr/Lab2/install/local_setup.bash'
[23.882s] INFO:colcon.colcon_core.shell:Creating prefix chain script '/home/fbr/Lab2/install/setup.bash'
[23.884s] INFO:colcon.colcon_core.shell:Creating prefix script '/home/fbr/Lab2/install/local_setup.zsh'
[23.885s] INFO:colcon.colcon_core.shell:Creating prefix chain script '/home/fbr/Lab2/install/setup.zsh'
