[0.684s] Invoking command in '/home/fbr/Lab2/src/build/cmd_vel_mux': CMAKE_PREFIX_PATH=${CMAKE_PREFIX_PATH}:/home/fbr/work1_ws/install/laboratorio:/home/fbr/ros2_ws/install/my_first_package:/opt/ros/humble /usr/bin/cmake /home/fbr/Lab2/src/cmd_vel_mux -DAMENT_CMAKE_SYMLINK_INSTALL=1 -DCMAKE_INSTALL_PREFIX=/home/fbr/Lab2/src/install/cmd_vel_mux
[1.301s] -- The C compiler identification is GNU 11.4.0
[2.588s] -- The CXX compiler identification is GNU 11.4.0
[3.412s] -- Detecting C compiler ABI info
[4.148s] -- Detecting C compiler ABI info - done
[4.181s] -- Check for working C compiler: /usr/bin/cc - skipped
[4.182s] -- Detecting C compile features
[4.186s] -- Detecting C compile features - done
[4.198s] -- Detecting CXX compiler ABI info
[4.660s] -- Detecting CXX compiler ABI info - done
[4.679s] -- Check for working CXX compiler: /usr/bin/c++ - skipped
[4.680s] -- Detecting CXX compile features
[4.681s] -- Detecting CXX compile features - done
[4.696s] -- Found ament_cmake_ros: 0.10.0 (/opt/ros/humble/share/ament_cmake_ros/cmake)
[5.136s] -- Found Python3: /usr/bin/python3 (found version "3.10.12") found components: Interpreter 
[5.347s] -- Override CMake install command with custom implementation using symlinks instead of copying resources
[5.430s] -- Found geometry_msgs: 4.2.3 (/opt/ros/humble/share/geometry_msgs/cmake)
[5.753s] -- Found rosidl_generator_c: 3.1.5 (/opt/ros/humble/share/rosidl_generator_c/cmake)
[5.769s] -- Found rosidl_adapter: 3.1.5 (/opt/ros/humble/share/rosidl_adapter/cmake)
[5.802s] -- Found rosidl_generator_cpp: 3.1.5 (/opt/ros/humble/share/rosidl_generator_cpp/cmake)
[5.878s] -- Using all available rosidl_typesupport_c: rosidl_typesupport_fastrtps_c;rosidl_typesupport_introspection_c
[5.984s] -- Using all available rosidl_typesupport_cpp: rosidl_typesupport_fastrtps_cpp;rosidl_typesupport_introspection_cpp
[6.515s] -- Found rcl_interfaces: 1.2.1 (/opt/ros/humble/share/rcl_interfaces/cmake)
[6.612s] -- Found rclcpp: 16.0.8 (/opt/ros/humble/share/rclcpp/cmake)
[6.703s] -- Found rmw_implementation_cmake: 6.1.1 (/opt/ros/humble/share/rmw_implementation_cmake/cmake)
[6.711s] -- Found rmw_fastrtps_cpp: 6.2.6 (/opt/ros/humble/share/rmw_fastrtps_cpp/cmake)
[10.421s] -- Found OpenSSL: /usr/lib/x86_64-linux-gnu/libcrypto.so (found version "3.0.2")  
[13.489s] -- Found FastRTPS: /opt/ros/humble/include  
[19.935s] -- Using RMW implementation 'rmw_fastrtps_cpp' as default
[19.970s] -- Looking for pthread.h
[20.326s] -- Looking for pthread.h - found
[20.326s] -- Performing Test CMAKE_HAVE_LIBC_PTHREAD
[20.684s] -- Performing Test CMAKE_HAVE_LIBC_PTHREAD - Success
[20.686s] -- Found Threads: TRUE  
[21.057s] -- Found rclcpp_components: 16.0.8 (/opt/ros/humble/share/rclcpp_components/cmake)
[21.304s] -- Found ament_lint_auto: 0.12.10 (/opt/ros/humble/share/ament_lint_auto/cmake)
[21.581s] -- Found launch_testing_ament_cmake: 1.0.5 (/opt/ros/humble/share/launch_testing_ament_cmake/cmake)
[21.587s] -- Found python_cmake_module: 0.10.0 (/opt/ros/humble/share/python_cmake_module/cmake)
[21.938s] -- Found PythonInterp: /usr/bin/python3 (found suitable version "3.10.12", minimum required is "3.6") 
[22.843s] -- Found PythonLibs: /usr/lib/x86_64-linux-gnu/libpython3.10.so (found suitable version "3.10.12", minimum required is "3.5") 
[22.844s] -- Using PYTHON_EXECUTABLE: /usr/bin/python3
[22.844s] -- Using PYTHON_INCLUDE_DIRS: /usr/include/python3.10
[22.845s] -- Using PYTHON_LIBRARIES: /usr/lib/x86_64-linux-gnu/libpython3.10.so
[22.915s] -- Found PythonExtra: .so  
[22.949s] -- Added test 'cppcheck' to perform static code analysis on C / C++ code
[22.951s] -- Configured cppcheck include dirs: /home/fbr/Lab2/src/cmd_vel_mux/include
[22.951s] -- Configured cppcheck exclude dirs and/or files: 
[22.961s] -- Added test 'cpplint' to check C / C++ code against the Google style
[22.961s] -- Configured cpplint exclude dirs and/or files: 
[22.965s] -- Added test 'flake8' to check Python code syntax and style conventions
[22.972s] -- Added test 'lint_cmake' to check CMake code style
[22.977s] -- Added test 'pep257' to check Python code against some of the docstring style conventions in PEP 257
[22.987s] -- Added test 'uncrustify' to check C / C++ code style
[22.987s] -- Configured uncrustify additional arguments: 
[22.993s] -- Added test 'xmllint' to check XML markup files
[23.000s] -- Configuring done
[23.048s] -- Generating done
[23.056s] -- Build files have been written to: /home/fbr/Lab2/src/build/cmd_vel_mux
[23.085s] Invoked command in '/home/fbr/Lab2/src/build/cmd_vel_mux' returned '0': CMAKE_PREFIX_PATH=${CMAKE_PREFIX_PATH}:/home/fbr/work1_ws/install/laboratorio:/home/fbr/ros2_ws/install/my_first_package:/opt/ros/humble /usr/bin/cmake /home/fbr/Lab2/src/cmd_vel_mux -DAMENT_CMAKE_SYMLINK_INSTALL=1 -DCMAKE_INSTALL_PREFIX=/home/fbr/Lab2/src/install/cmd_vel_mux
[23.093s] Invoking command in '/home/fbr/Lab2/src/build/cmd_vel_mux': CMAKE_PREFIX_PATH=${CMAKE_PREFIX_PATH}:/home/fbr/work1_ws/install/laboratorio:/home/fbr/ros2_ws/install/my_first_package:/opt/ros/humble /usr/bin/cmake --build /home/fbr/Lab2/src/build/cmd_vel_mux -- -j4 -l4
[23.204s] [ 25%] [32mBuilding CXX object CMakeFiles/cmd_vel_mux.dir/src/cmd_vel_mux.cpp.o[0m
[23.223s] [ 50%] [32mBuilding CXX object CMakeFiles/cmd_vel_mux_node.dir/rclcpp_components/node_main_cmd_vel_mux_node.cpp.o[0m
[38.248s] [ 75%] [32m[1mLinking CXX executable cmd_vel_mux_node[0m
[41.580s] [ 75%] Built target cmd_vel_mux_node
[85.909s] [100%] [32m[1mLinking CXX shared library libcmd_vel_mux.so[0m
[87.579s] [100%] Built target cmd_vel_mux
[87.606s] Invoked command in '/home/fbr/Lab2/src/build/cmd_vel_mux' returned '0': CMAKE_PREFIX_PATH=${CMAKE_PREFIX_PATH}:/home/fbr/work1_ws/install/laboratorio:/home/fbr/ros2_ws/install/my_first_package:/opt/ros/humble /usr/bin/cmake --build /home/fbr/Lab2/src/build/cmd_vel_mux -- -j4 -l4
[87.702s] Invoking command in '/home/fbr/Lab2/src/build/cmd_vel_mux': CMAKE_PREFIX_PATH=${CMAKE_PREFIX_PATH}:/home/fbr/work1_ws/install/laboratorio:/home/fbr/ros2_ws/install/my_first_package:/opt/ros/humble /usr/bin/cmake --install /home/fbr/Lab2/src/build/cmd_vel_mux
[87.721s] -- Install configuration: ""
[87.723s] -- Execute custom install script
[87.725s] -- Symlinking: /home/fbr/Lab2/src/install/cmd_vel_mux/lib/cmd_vel_mux/cmd_vel_mux_node
[87.748s] -- Symlinking: /home/fbr/Lab2/src/install/cmd_vel_mux/lib/libcmd_vel_mux.so
[87.768s] -- Symlinking: /home/fbr/Lab2/src/install/cmd_vel_mux/include/cmd_vel_mux/cmd_vel_mux.hpp
[87.789s] -- Symlinking: /home/fbr/Lab2/src/install/cmd_vel_mux/share/cmd_vel_mux/config/cmd_vel_mux_params.yaml
[87.812s] -- Symlinking: /home/fbr/Lab2/src/install/cmd_vel_mux/share/cmd_vel_mux/launch/cmd_vel_mux-composed-launch.py
[87.832s] -- Symlinking: /home/fbr/Lab2/src/install/cmd_vel_mux/share/cmd_vel_mux/launch/cmd_vel_mux-launch.py
[87.849s] -- Symlinking: /home/fbr/Lab2/src/install/cmd_vel_mux/share/ament_index/resource_index/package_run_dependencies/cmd_vel_mux
[87.866s] -- Symlinking: /home/fbr/Lab2/src/install/cmd_vel_mux/share/ament_index/resource_index/parent_prefix_path/cmd_vel_mux
[87.883s] -- Symlinking: /home/fbr/Lab2/src/install/cmd_vel_mux/share/cmd_vel_mux/environment/ament_prefix_path.sh
[87.903s] -- Symlinking: /home/fbr/Lab2/src/install/cmd_vel_mux/share/cmd_vel_mux/environment/ament_prefix_path.dsv
[87.925s] -- Symlinking: /home/fbr/Lab2/src/install/cmd_vel_mux/share/cmd_vel_mux/environment/path.sh
[87.951s] -- Symlinking: /home/fbr/Lab2/src/install/cmd_vel_mux/share/cmd_vel_mux/environment/path.dsv
[87.980s] -- Symlinking: /home/fbr/Lab2/src/install/cmd_vel_mux/share/cmd_vel_mux/local_setup.bash
[88.002s] -- Symlinking: /home/fbr/Lab2/src/install/cmd_vel_mux/share/cmd_vel_mux/local_setup.sh
[88.040s] -- Symlinking: /home/fbr/Lab2/src/install/cmd_vel_mux/share/cmd_vel_mux/local_setup.zsh
[88.057s] -- Symlinking: /home/fbr/Lab2/src/install/cmd_vel_mux/share/cmd_vel_mux/local_setup.dsv
[88.077s] -- Symlinking: /home/fbr/Lab2/src/install/cmd_vel_mux/share/cmd_vel_mux/package.dsv
[88.096s] -- Symlinking: /home/fbr/Lab2/src/install/cmd_vel_mux/share/ament_index/resource_index/packages/cmd_vel_mux
[88.115s] -- Symlinking: /home/fbr/Lab2/src/install/cmd_vel_mux/share/ament_index/resource_index/rclcpp_components/cmd_vel_mux
[88.134s] -- Symlinking: /home/fbr/Lab2/src/install/cmd_vel_mux/share/cmd_vel_mux/cmake/cmd_vel_muxConfig.cmake
[88.154s] -- Symlinking: /home/fbr/Lab2/src/install/cmd_vel_mux/share/cmd_vel_mux/cmake/cmd_vel_muxConfig-version.cmake
[88.172s] -- Symlinking: /home/fbr/Lab2/src/install/cmd_vel_mux/share/cmd_vel_mux/package.xml
[88.205s] Invoked command in '/home/fbr/Lab2/src/build/cmd_vel_mux' returned '0': CMAKE_PREFIX_PATH=${CMAKE_PREFIX_PATH}:/home/fbr/work1_ws/install/laboratorio:/home/fbr/ros2_ws/install/my_first_package:/opt/ros/humble /usr/bin/cmake --install /home/fbr/Lab2/src/build/cmd_vel_mux
