[0.764s] Invoking command in '/home/fbr/Lab2/build/very_simple_robot_simulator': CMAKE_PREFIX_PATH=${CMAKE_PREFIX_PATH}:/home/fbr/work1_ws/install/laboratorio:/home/fbr/ros2_ws/install/my_first_package:/opt/ros/humble /usr/bin/cmake --build /home/fbr/Lab2/build/very_simple_robot_simulator -- -j4 -l4
[0.918s] [35m[1mConsolidate compiler generated dependencies of target kinect_simulator[0m
[0.943s] [  0%] Built target ament_cmake_python_copy_very_simple_robot_simulator
[1.011s] [100%] Built target kinect_simulator
[1.772s] running egg_info
[1.775s] writing very_simple_robot_simulator.egg-info/PKG-INFO
[1.775s] writing dependency_links to very_simple_robot_simulator.egg-info/dependency_links.txt
[1.776s] writing top-level names to very_simple_robot_simulator.egg-info/top_level.txt
[1.780s] reading manifest file 'very_simple_robot_simulator.egg-info/SOURCES.txt'
[1.790s] writing manifest file 'very_simple_robot_simulator.egg-info/SOURCES.txt'
[1.891s] [100%] Built target ament_cmake_python_build_very_simple_robot_simulator_egg
[1.924s] Invoked command in '/home/fbr/Lab2/build/very_simple_robot_simulator' returned '0': CMAKE_PREFIX_PATH=${CMAKE_PREFIX_PATH}:/home/fbr/work1_ws/install/laboratorio:/home/fbr/ros2_ws/install/my_first_package:/opt/ros/humble /usr/bin/cmake --build /home/fbr/Lab2/build/very_simple_robot_simulator -- -j4 -l4
[2.017s] Invoking command in '/home/fbr/Lab2/build/very_simple_robot_simulator': CMAKE_PREFIX_PATH=${CMAKE_PREFIX_PATH}:/home/fbr/work1_ws/install/laboratorio:/home/fbr/ros2_ws/install/my_first_package:/opt/ros/humble /usr/bin/cmake --install /home/fbr/Lab2/build/very_simple_robot_simulator
[2.032s] -- Install configuration: ""
[2.038s] -- Up-to-date: /home/fbr/Lab2/install/very_simple_robot_simulator/lib/very_simple_robot_simulator/kinect_simulator
[2.039s] -- Up-to-date: /home/fbr/Lab2/install/very_simple_robot_simulator/share/very_simple_robot_simulator/environment/pythonpath.sh
[2.039s] -- Up-to-date: /home/fbr/Lab2/install/very_simple_robot_simulator/share/very_simple_robot_simulator/environment/pythonpath.dsv
[2.040s] -- Up-to-date: /home/fbr/Lab2/install/very_simple_robot_simulator/local/lib/python3.10/dist-packages/very_simple_robot_simulator-0.0.0-py3.10.egg-info
[2.040s] -- Installing: /home/fbr/Lab2/install/very_simple_robot_simulator/local/lib/python3.10/dist-packages/very_simple_robot_simulator-0.0.0-py3.10.egg-info/top_level.txt
[2.041s] -- Installing: /home/fbr/Lab2/install/very_simple_robot_simulator/local/lib/python3.10/dist-packages/very_simple_robot_simulator-0.0.0-py3.10.egg-info/dependency_links.txt
[2.041s] -- Installing: /home/fbr/Lab2/install/very_simple_robot_simulator/local/lib/python3.10/dist-packages/very_simple_robot_simulator-0.0.0-py3.10.egg-info/SOURCES.txt
[2.041s] -- Installing: /home/fbr/Lab2/install/very_simple_robot_simulator/local/lib/python3.10/dist-packages/very_simple_robot_simulator-0.0.0-py3.10.egg-info/PKG-INFO
[2.042s] -- Up-to-date: /home/fbr/Lab2/install/very_simple_robot_simulator/local/lib/python3.10/dist-packages/very_simple_robot_simulator
[2.042s] -- Up-to-date: /home/fbr/Lab2/install/very_simple_robot_simulator/local/lib/python3.10/dist-packages/very_simple_robot_simulator/__init__.py
[2.130s] Listing '/home/fbr/Lab2/install/very_simple_robot_simulator/local/lib/python3.10/dist-packages/very_simple_robot_simulator'...
[2.147s] -- Up-to-date: /home/fbr/Lab2/install/very_simple_robot_simulator/lib/very_simple_robot_simulator/kinect_simulator.py
[2.148s] -- Up-to-date: /home/fbr/Lab2/install/very_simple_robot_simulator/lib/very_simple_robot_simulator/kobuki_simulator.py
[2.148s] -- Up-to-date: /home/fbr/Lab2/install/very_simple_robot_simulator/lib/very_simple_robot_simulator/lidar_simulator.py
[2.149s] -- Up-to-date: /home/fbr/Lab2/install/very_simple_robot_simulator/lib/very_simple_robot_simulator/rangefinder.py
[2.153s] -- Up-to-date: /home/fbr/Lab2/install/very_simple_robot_simulator/lib/very_simple_robot_simulator/utils.py
[2.155s] -- Up-to-date: /home/fbr/Lab2/install/very_simple_robot_simulator/lib/very_simple_robot_simulator/world_state_gui.py
[2.156s] -- Up-to-date: /home/fbr/Lab2/install/very_simple_robot_simulator/share/very_simple_robot_simulator//launch
[2.156s] -- Up-to-date: /home/fbr/Lab2/install/very_simple_robot_simulator/share/very_simple_robot_simulator//launch/minimal_simulator_py.xml
[2.156s] -- Up-to-date: /home/fbr/Lab2/install/very_simple_robot_simulator/share/very_simple_robot_simulator//launch/openni_simulator_py.xml
[2.156s] -- Up-to-date: /home/fbr/Lab2/install/very_simple_robot_simulator/share/very_simple_robot_simulator//launch/lidar_simulator.xml
[2.156s] -- Up-to-date: /home/fbr/Lab2/install/very_simple_robot_simulator/share/very_simple_robot_simulator//launch/minimal_simulator.xml
[2.156s] -- Up-to-date: /home/fbr/Lab2/install/very_simple_robot_simulator/share/very_simple_robot_simulator//launch/world_state.xml
[2.157s] -- Up-to-date: /home/fbr/Lab2/install/very_simple_robot_simulator/share/very_simple_robot_simulator//launch/run_all.xml
[2.157s] -- Up-to-date: /home/fbr/Lab2/install/very_simple_robot_simulator/share/very_simple_robot_simulator//launch/openni_simulator.xml
[2.157s] -- Up-to-date: /home/fbr/Lab2/install/very_simple_robot_simulator/share/ament_index/resource_index/package_run_dependencies/very_simple_robot_simulator
[2.157s] -- Up-to-date: /home/fbr/Lab2/install/very_simple_robot_simulator/share/ament_index/resource_index/parent_prefix_path/very_simple_robot_simulator
[2.157s] -- Up-to-date: /home/fbr/Lab2/install/very_simple_robot_simulator/share/very_simple_robot_simulator/environment/ament_prefix_path.sh
[2.157s] -- Up-to-date: /home/fbr/Lab2/install/very_simple_robot_simulator/share/very_simple_robot_simulator/environment/ament_prefix_path.dsv
[2.158s] -- Up-to-date: /home/fbr/Lab2/install/very_simple_robot_simulator/share/very_simple_robot_simulator/environment/path.sh
[2.158s] -- Up-to-date: /home/fbr/Lab2/install/very_simple_robot_simulator/share/very_simple_robot_simulator/environment/path.dsv
[2.159s] -- Up-to-date: /home/fbr/Lab2/install/very_simple_robot_simulator/share/very_simple_robot_simulator/local_setup.bash
[2.159s] -- Up-to-date: /home/fbr/Lab2/install/very_simple_robot_simulator/share/very_simple_robot_simulator/local_setup.sh
[2.159s] -- Up-to-date: /home/fbr/Lab2/install/very_simple_robot_simulator/share/very_simple_robot_simulator/local_setup.zsh
[2.160s] -- Up-to-date: /home/fbr/Lab2/install/very_simple_robot_simulator/share/very_simple_robot_simulator/local_setup.dsv
[2.160s] -- Installing: /home/fbr/Lab2/install/very_simple_robot_simulator/share/very_simple_robot_simulator/package.dsv
[2.161s] -- Up-to-date: /home/fbr/Lab2/install/very_simple_robot_simulator/share/ament_index/resource_index/packages/very_simple_robot_simulator
[2.161s] -- Up-to-date: /home/fbr/Lab2/install/very_simple_robot_simulator/share/very_simple_robot_simulator/cmake/very_simple_robot_simulatorConfig.cmake
[2.161s] -- Up-to-date: /home/fbr/Lab2/install/very_simple_robot_simulator/share/very_simple_robot_simulator/cmake/very_simple_robot_simulatorConfig-version.cmake
[2.162s] -- Up-to-date: /home/fbr/Lab2/install/very_simple_robot_simulator/share/very_simple_robot_simulator/package.xml
[2.167s] Invoked command in '/home/fbr/Lab2/build/very_simple_robot_simulator' returned '0': CMAKE_PREFIX_PATH=${CMAKE_PREFIX_PATH}:/home/fbr/work1_ws/install/laboratorio:/home/fbr/ros2_ws/install/my_first_package:/opt/ros/humble /usr/bin/cmake --install /home/fbr/Lab2/build/very_simple_robot_simulator
