[1.888s] Invoking command in '/home/fbr/Lab2/src/Lab2_Navegacion': PYTHONPATH=/home/fbr/Lab2/build/Lab2_Navegacion/prefix_override:/home/fbr/Lab2/install/Lab2_Navegacion/lib/python3.10/site-packages:${PYTHONPATH} /usr/bin/python3 -W ignore:setup.py install is deprecated setup.py egg_info --egg-base ../../build/Lab2_Navegacion build --build-base /home/fbr/Lab2/build/Lab2_Navegacion/build install --record /home/fbr/Lab2/build/Lab2_Navegacion/install.log --single-version-externally-managed install_data
[2.833s] running egg_info
[2.835s] creating ../../build/Lab2_Navegacion/Lab2_Navegacion.egg-info
[2.836s] writing ../../build/Lab2_Navegacion/Lab2_Navegacion.egg-info/PKG-INFO
[2.836s] writing dependency_links to ../../build/Lab2_Navegacion/Lab2_Navegacion.egg-info/dependency_links.txt
[2.837s] writing entry points to ../../build/Lab2_Navegacion/Lab2_Navegacion.egg-info/entry_points.txt
[2.838s] writing requirements to ../../build/Lab2_Navegacion/Lab2_Navegacion.egg-info/requires.txt
[2.839s] writing top-level names to ../../build/Lab2_Navegacion/Lab2_Navegacion.egg-info/top_level.txt
[2.839s] writing manifest file '../../build/Lab2_Navegacion/Lab2_Navegacion.egg-info/SOURCES.txt'
[2.847s] reading manifest file '../../build/Lab2_Navegacion/Lab2_Navegacion.egg-info/SOURCES.txt'
[2.853s] writing manifest file '../../build/Lab2_Navegacion/Lab2_Navegacion.egg-info/SOURCES.txt'
[2.854s] running build
[2.854s] running build_py
[2.854s] creating /home/fbr/Lab2/build/Lab2_Navegacion/build
[2.854s] creating /home/fbr/Lab2/build/Lab2_Navegacion/build/lib
[2.855s] creating /home/fbr/Lab2/build/Lab2_Navegacion/build/lib/Lab2_Navegacion
[2.855s] copying Lab2_Navegacion/__init__.py -> /home/fbr/Lab2/build/Lab2_Navegacion/build/lib/Lab2_Navegacion
[2.855s] running install
[2.857s] running install_lib
[2.860s] creating /home/fbr/Lab2/install/Lab2_Navegacion/lib/python3.10/site-packages/Lab2_Navegacion
[2.861s] copying /home/fbr/Lab2/build/Lab2_Navegacion/build/lib/Lab2_Navegacion/__init__.py -> /home/fbr/Lab2/install/Lab2_Navegacion/lib/python3.10/site-packages/Lab2_Navegacion
[2.864s] byte-compiling /home/fbr/Lab2/install/Lab2_Navegacion/lib/python3.10/site-packages/Lab2_Navegacion/__init__.py to __init__.cpython-310.pyc
[2.865s] running install_data
[2.866s] creating /home/fbr/Lab2/install/Lab2_Navegacion/share/ament_index
[2.868s] creating /home/fbr/Lab2/install/Lab2_Navegacion/share/ament_index/resource_index
[2.869s] creating /home/fbr/Lab2/install/Lab2_Navegacion/share/ament_index/resource_index/packages
[2.870s] copying resource/Lab2_Navegacion -> /home/fbr/Lab2/install/Lab2_Navegacion/share/ament_index/resource_index/packages
[2.870s] copying package.xml -> /home/fbr/Lab2/install/Lab2_Navegacion/share/Lab2_Navegacion
[2.871s] running install_egg_info
[2.881s] Copying ../../build/Lab2_Navegacion/Lab2_Navegacion.egg-info to /home/fbr/Lab2/install/Lab2_Navegacion/lib/python3.10/site-packages/Lab2_Navegacion-0.0.0-py3.10.egg-info
[2.886s] running install_scripts
[2.988s] writing list of installed files to '/home/fbr/Lab2/build/Lab2_Navegacion/install.log'
[3.119s] Invoked command in '/home/fbr/Lab2/src/Lab2_Navegacion' returned '0': PYTHONPATH=/home/fbr/Lab2/build/Lab2_Navegacion/prefix_override:/home/fbr/Lab2/install/Lab2_Navegacion/lib/python3.10/site-packages:${PYTHONPATH} /usr/bin/python3 -W ignore:setup.py install is deprecated setup.py egg_info --egg-base ../../build/Lab2_Navegacion build --build-base /home/fbr/Lab2/build/Lab2_Navegacion/build install --record /home/fbr/Lab2/build/Lab2_Navegacion/install.log --single-version-externally-managed install_data
