[2.678s] DEBUG:colcon:Command line arguments: ['/usr/bin/colcon', 'build']
[2.678s] DEBUG:colcon:Parsed command line arguments: Namespace(log_base=None, log_level=None, verb_name='build', build_base='build', install_base='install', merge_install=False, symlink_install=False, test_result_base=None, continue_on_error=False, executor='parallel', parallel_workers=4, event_handlers=None, ignore_user_meta=False, metas=['./colcon.meta'], base_paths=['.'], packages_ignore=None, packages_ignore_regex=None, paths=None, packages_up_to=None, packages_up_to_regex=None, packages_above=None, packages_above_and_dependencies=None, packages_above_depth=None, packages_select_by_dep=None, packages_skip_by_dep=None, packages_skip_up_to=None, packages_select_build_failed=False, packages_skip_build_finished=False, packages_select_test_failures=False, packages_skip_test_passed=False, packages_select=None, packages_skip=None, packages_select_regex=None, packages_skip_regex=None, packages_start=None, packages_end=None, allow_overriding=[], cmake_args=None, cmake_target=None, cmake_target_skip_unavailable=False, cmake_clean_cache=False, cmake_clean_first=False, cmake_force_configure=False, ament_cmake_args=None, catkin_cmake_args=None, catkin_skip_building_tests=False, verb_parser=<colcon_defaults.argument_parser.defaults.DefaultArgumentsDecorator object at 0x7f2fbb0030d0>, verb_extension=<colcon_core.verb.build.BuildVerb object at 0x7f2fbb002b90>, main=<bound method BuildVerb.main of <colcon_core.verb.build.BuildVerb object at 0x7f2fbb002b90>>)
[4.751s] Level 1:colcon.colcon_core.package_discovery:discover_packages(colcon_meta) check parameters
[4.751s] Level 1:colcon.colcon_core.package_discovery:discover_packages(recursive) check parameters
[4.751s] Level 1:colcon.colcon_core.package_discovery:discover_packages(ignore) check parameters
[4.751s] Level 1:colcon.colcon_core.package_discovery:discover_packages(path) check parameters
[4.751s] Level 1:colcon.colcon_core.package_discovery:discover_packages(colcon_meta) discover
[4.752s] Level 1:colcon.colcon_core.package_discovery:discover_packages(recursive) discover
[4.752s] INFO:colcon.colcon_core.package_discovery:Crawling recursively for packages in '/home/fbr/Lab2'
[4.752s] Level 1:colcon.colcon_core.package_identification:_identify(.) by extensions ['ignore', 'ignore_ament_install']
[4.752s] Level 1:colcon.colcon_core.package_identification:_identify(.) by extension 'ignore'
[4.753s] Level 1:colcon.colcon_core.package_identification:_identify(.) by extension 'ignore_ament_install'
[4.753s] Level 1:colcon.colcon_core.package_identification:_identify(.) by extensions ['colcon_pkg']
[4.753s] Level 1:colcon.colcon_core.package_identification:_identify(.) by extension 'colcon_pkg'
[4.753s] Level 1:colcon.colcon_core.package_identification:_identify(.) by extensions ['colcon_meta']
[4.753s] Level 1:colcon.colcon_core.package_identification:_identify(.) by extension 'colcon_meta'
[4.753s] Level 1:colcon.colcon_core.package_identification:_identify(.) by extensions ['ros']
[4.753s] Level 1:colcon.colcon_core.package_identification:_identify(.) by extension 'ros'
[4.865s] Level 1:colcon.colcon_core.package_identification:_identify(.) by extensions ['cmake', 'python']
[4.865s] Level 1:colcon.colcon_core.package_identification:_identify(.) by extension 'cmake'
[4.866s] Level 1:colcon.colcon_core.package_identification:_identify(.) by extension 'python'
[4.866s] Level 1:colcon.colcon_core.package_identification:_identify(.) by extensions ['python_setup_py']
[4.866s] Level 1:colcon.colcon_core.package_identification:_identify(.) by extension 'python_setup_py'
[4.867s] Level 1:colcon.colcon_core.package_identification:_identify(build) by extensions ['ignore', 'ignore_ament_install']
[4.867s] Level 1:colcon.colcon_core.package_identification:_identify(build) by extension 'ignore'
[4.867s] Level 1:colcon.colcon_core.package_identification:_identify(build) ignored
[4.870s] Level 1:colcon.colcon_core.package_identification:_identify(install) by extensions ['ignore', 'ignore_ament_install']
[4.870s] Level 1:colcon.colcon_core.package_identification:_identify(install) by extension 'ignore'
[4.871s] Level 1:colcon.colcon_core.package_identification:_identify(install) ignored
[4.871s] Level 1:colcon.colcon_core.package_identification:_identify(log) by extensions ['ignore', 'ignore_ament_install']
[4.871s] Level 1:colcon.colcon_core.package_identification:_identify(log) by extension 'ignore'
[4.871s] Level 1:colcon.colcon_core.package_identification:_identify(log) ignored
[4.871s] Level 1:colcon.colcon_core.package_discovery:discover_packages(recursive) using defaults
[4.872s] Level 1:colcon.colcon_core.package_discovery:discover_packages(ignore) discover
[4.872s] Level 1:colcon.colcon_core.package_discovery:discover_packages(ignore) using defaults
[4.872s] Level 1:colcon.colcon_core.package_discovery:discover_packages(path) discover
[4.872s] Level 1:colcon.colcon_core.package_discovery:discover_packages(path) using defaults
[5.112s] Level 1:colcon.colcon_core.package_discovery:discover_packages(prefix_path) check parameters
[5.113s] Level 1:colcon.colcon_core.package_discovery:discover_packages(prefix_path) discover
[5.152s] DEBUG:colcon.colcon_installed_package_information.package_discovery:Found 3 installed packages in /home/fbr/work1_ws/install
[5.155s] DEBUG:colcon.colcon_installed_package_information.package_discovery:Found 1 installed packages in /home/fbr/ros2_ws/install
[5.162s] DEBUG:colcon.colcon_installed_package_information.package_discovery:Found 273 installed packages in /opt/ros/humble
[5.180s] Level 1:colcon.colcon_core.package_discovery:discover_packages(prefix_path) using defaults
[5.557s] INFO:colcon.colcon_core.executor:Executing jobs using 'parallel' executor
[5.561s] DEBUG:colcon.colcon_parallel_executor.executor.parallel:run_until_complete
[5.562s] DEBUG:colcon.colcon_parallel_executor.executor.parallel:closing loop
[5.563s] DEBUG:colcon.colcon_parallel_executor.executor.parallel:loop closed
[5.563s] DEBUG:colcon.colcon_parallel_executor.executor.parallel:run_until_complete finished with '0'
[5.563s] DEBUG:colcon.colcon_core.event_reactor:joining thread
[5.773s] INFO:colcon.colcon_core.plugin_system:Skipping extension 'colcon_notification.desktop_notification.notify_send': Could not find 'notify-send'
[5.773s] INFO:colcon.colcon_core.plugin_system:Skipping extension 'colcon_notification.desktop_notification.terminal_notifier': Not used on non-Darwin systems
[5.774s] INFO:colcon.colcon_core.plugin_system:Skipping extension 'colcon_notification.desktop_notification.win32': Not used on non-Windows systems
[5.774s] INFO:colcon.colcon_notification.desktop_notification:Sending desktop notification using 'notify2'
[5.776s] DEBUG:colcon.colcon_notification.desktop_notification.notify2:Failed to initialize notify2: org.freedesktop.DBus.Error.FileNotFound: Failed to connect to socket /run/user/1000/bus: No such file or directory
[5.777s] DEBUG:colcon.colcon_core.event_reactor:joined thread
[5.804s] INFO:colcon.colcon_core.plugin_system:Skipping extension 'colcon_core.shell.bat': Not used on non-Windows systems
[5.805s] INFO:colcon.colcon_core.shell:Creating prefix script '/home/fbr/Lab2/install/local_setup.ps1'
[5.820s] INFO:colcon.colcon_core.shell:Creating prefix util module '/home/fbr/Lab2/install/_local_setup_util_ps1.py'
[5.829s] INFO:colcon.colcon_core.shell:Creating prefix chain script '/home/fbr/Lab2/install/setup.ps1'
[5.842s] INFO:colcon.colcon_core.shell:Creating prefix script '/home/fbr/Lab2/install/local_setup.sh'
[5.847s] INFO:colcon.colcon_core.shell:Creating prefix util module '/home/fbr/Lab2/install/_local_setup_util_sh.py'
[5.851s] INFO:colcon.colcon_core.shell:Creating prefix chain script '/home/fbr/Lab2/install/setup.sh'
[5.857s] INFO:colcon.colcon_core.shell:Creating prefix script '/home/fbr/Lab2/install/local_setup.bash'
[5.861s] INFO:colcon.colcon_core.shell:Creating prefix chain script '/home/fbr/Lab2/install/setup.bash'
[5.868s] INFO:colcon.colcon_core.shell:Creating prefix script '/home/fbr/Lab2/install/local_setup.zsh'
[5.871s] INFO:colcon.colcon_core.shell:Creating prefix chain script '/home/fbr/Lab2/install/setup.zsh'
